1657800901 1097028755133 359007565554
1657800901 3118353 1723126 3118353 1723126
1657800602 3177450 1722709 3177450 1722709
1657800600 3177225 1722869 3177450 1770752
1657800300 3104899 1772031 3109997 1962742
1657800000 2344790 1962248 2345316 1962742
1657799700 2189848 1811311 2806733 1814837
1657799400 2806130 756465 2806733 757115
1657799100 2621394 563240 2626038 692343
1657798800 1932800 691921 2415397 692343
1657798500 2414948 631481 2415397 1348533
1657798200 2278248 1346570 2280710 1348533
1657797900 1543707 758757 1750426 759820
1657797600 1754609 600364 3005608 600431
1657797300 3001401 580575 3005608 609399
1657797000 2375933 609221 2761965 609399
1657796700 2762748 555652 2997094 556041
1657796400 2994048 440179 2997094 627256
1657796100 2083250 626075 2083525 627256
1657795800 2040682 449564 2042373 450183
1657795500 1534216 264514 1535220 264693
1657795200 1235081 211439 1523692 343682
1657794900 1521103 343481 1523692 343682
1657794600 1136234 314440 1371088 551209
1657794300 1370537 551156 1371088 551209
1657794000 1206234 535491 1273662 535514
1657793700 1274556 527707 1541934 528785
1657793400 1542328 205190 1601122 205588
1657793100 1594741 146359 1601122 210647
1657792800 643215 211326 643980 414425
1657792500 414844 414646 513551 480838
1657792200 515711 480370 837671 480838
1657791900 835313 408365 837671 410719
1657791600 483618 57746 484024 82292
1657791300 362465 83005 386336 296411
1657791000 386236 295731 386336 296411
1657790700 356525 92516 367677 94944
1657790400 367700 95594 374724 290059
1657790100 375971 290606 748872 454431
1657789800 750327 454246 1185394 454431
1657789500 1185534 398355 1227544 398978
1657789200 1226637 211974 1227544 212089
1657788900 955289 178159 955560 261573
1657788600 914652 260469 915013 261573
1657788300 860386 96375 860865 151102
1657788000 789710 150817 962376 151102
1657787700 962489 66583 979375 208411
1657787400 975992 208669 979375 247248
1657787100 471915 246474 471986 247248
1657786800 461402 130925 463223 131156
1657786500 463291 62064 483895 63347
1657786200 484605 63305 590457 63347
1657785900 590462 57384 592039 144063
1657785600 592151 143805 625811 144063
1657785300 624965 66646 625811 66718
1657785000 372425 45370 479459 45371
1657784700 479344 45379 479459 49645
1657784400 445526 51216 526458 285359
1657784100 526493 285483 537099 322821
1657783800 537114 322433 541860 322821
1657783500 542154 207322 630173 470504
1657783200 629860 467754 630173 470504
1657782900 582856 57939 583365 58004
1657782600 507134 48398 507140 58121
1657782300 505758 59115 528836 207284
1657782000 529319 207030 673781 207284
1657781700 673344 130882 673781 131104
1657781400 544515 65570 808166 191943
1657781100 807094 191770 808166 191943
1657780800 486643 140442 486679 215299
1657780500 476026 215348 476109 230123
1657780200 451008 230920 451404 469291
1657779900 333243 468120 475462 469291
1657779600 475001 118066 475462 118258
1657779300 337395 61077 358096 173975
1657779000 358277 175090 412570 508558
1657778700 411795 507038 412570 508558
1657778400 296883 280461 436821 280589
1657778100 436376 242715 436821 365319
1657777800 303578 366163 324183 618783
1657777500 332355 620489 1550044 874689
1657777200 1561412 872666 3255356 874689
1657776900 3254281 570951 3255356 571375
1657776600 2938819 443778 3808083 444199
1657776300 3797433 381322 3808083 454849
1657776000 612235 454807 613333 454849
1657775700 284087 442303 293027 442424
1657775400 298648 423877 1979540 424366
1657775100 1982148 278506 2370825 378122
1657774800 2369025 378004 2370825 378122
1657774500 1850829 343743 4819379 478832
1657774200 4815258 478665 4819379 478832
1657773900 3574798 428749 3583221 429379
1657773600 2316503 428532 2319796 429379
1657773300 1325318 177014 1331896 423985
1657773000 345481 424292 392169 516256
1657772700 393245 517438 715205 871148
1657772400 718733 870359 1773823 871148
1657772100 1782320 634654 4322999 636446
1657771800 4325907 635164 4759200 636446
1657771500 4746647 443797 4759200 444216
1657771200 992946 318582 993305 318668
1657770900 885449 293183 885735 372201
1657770600 799561 371881 800110 372201
1657770300 636270 276725 847984 397084
1657770000 847626 397148 847984 416453
1657769700 742083 417059 1118491 598374
1657769400 1122183 598108 1672376 598374
1657769100 1671169 559763 1672376 938158
1657768800 1306355 936483 1310367 938158
1657768500 708642 685401 708659 686970
1657768200 707433 451232 1094043 451767
1657767900 1094234 290768 1151605 291311
1657767600 1151537 129194 1151605 308119
1657767300 1131074 307966 1131406 308119
1657767000 1032112 262427 1050393 262473
1657766700 1050455 248394 1059822 248749
1657766400 1059522 195339 1059822 195501
1657766100 971119 148022 1286160 397644
1657765800 1287327 397548 1461298 397644
1657765500 1461136 383521 1461298 429876
1657765200 1413115 429960 1495332 455106
1657764900 1496231 455149 1765307 468079
1657764600 1764860 466584 1765307 468079
1657764300 1695930 243550 1698280 243841
1657764000 1345005 200259 1345797 200324
1657763700 1111309 185156 1965543 1428006
1657763400 1962165 1425283 1965543 1428006
1657763100 952189 608893 952237 611294
1657762800 948522 250554 1453667 251230
1657762500 1453116 150797 1453667 396466
1657762200 1287466 396640 1288627 448837
1657761900 942074 448121 1386010 448837
1657761600 1385980 234327 1386010 250819
1657761300 1374759 252731 1377149 537741
1657761000 1017903 536058 1018765 537741
1657760700 891303 285509 1152768 297798
1657760400 1151087 298158 1152768 351822
1657760100 899018 351237 900752 351822
1657759800 381377 177489 500417 330512
1657759500 500716 330197 590377 330512
1657759200 589987 236025 590377 236091
1657758900 472761 216751 473674 336942
1657758600 199875 337722 199894 571233
1657758300 195333 571294 458980 589714
1657758000 458814 589028 458980 589714
1657757700 410627 385637 754998 846699
1657757400 753034 845260 754998 846699
1657757100 165828 414917 165869 415192
1657756800 154085 332505 221319 332733
1657756500 221542 264546 288478 264822
1657756200 288419 266555 288478 784979
1657755900 270985 784385 286737 784979
1657755600 287856 607174 622488 712025
1657755300 622570 710909 647386 712025
1657755000 647829 378857 780320 783638
1657754700 779280 782255 780320 783638
1657754400 468791 368534 588065 369033
1657754100 587602 220317 588065 456434
1657753800 449638 454962 485870 456434
1657753500 485489 235515 485870 235754
1657753200 429494 200390 642631 304997
1657752900 642659 305858 651118 563361
1657752600 651260 562498 693835 563361
1657752300 693774 304200 693835 304660
1657752000 675489 166771 675642 179808
1657751700 630529 180098 823001 266855
1657751400 822626 266681 823001 266855
1657751100 710453 214188 710551 214876
1657750800 695629 113935 695987 444028
1657750500 643047 444982 858113 730242
1657750200 857079 729296 858113 730242
1657749900 548333 446109 585474 446551
1657749600 586609 314148 926057 373209
1657749300 927545 372616 1149400 373209
1657749000 1149534 284754 1189834 406912
1657748700 1188384 406445 1189834 406912
1657748400 755908 266879 999741 266999
1657748100 999305 231389 999741 347142
1657747800 869003 347730 886737 523821
1657747500 885820 525051 886737 708421
1657747200 750811 708510 980647 721917
1657746900 980609 720515 980647 721917
1657746600 983365 515314 2231857 1050948
1657746300 2227087 1046146 2231857 1050948
1657746000 1517959 331973 1969036 684823
1657745700 1966678 684700 1969036 684823
1657745400 1259726 646788 1261927 648196
1657745100 602207 226478 753679 403606
1657744800 753389 403314 753679 403606
1657744500 666803 316382 673738 344970
1657744200 673017 343394 673738 344970
1657743900 567353 109582 1064691 387731
1657743600 1063900 387670 1064691 387731
1657743300 832535 371071 1588217 606969
1657743000 1588377 607089 1636241 643235
1657742700 1637823 642288 2110874 643235
1657742400 2110562 359805 2110874 499947
1657742100 2016612 500689 2017285 611289
1657741800 1916265 611236 1916469 611289
1657741500 1857571 596417 2545330 834276
1657741200 2552864 840702 3675538 1798307
1657740900 3673472 1796059 3675538 1798307
1657740600 3054881 1123468 3055845 1124009
1657740300 2766784 961260 2770717 961872
1657740000 2768869 778180 2770717 778561
1657739700 2219238 665043 3054229 822715
1657739400 3058390 824412 4302567 1332096
1657739100 4302852 1330685 4345449 1332096
1657738800 4339759 1118628 4345449 1120469
1657738500 3493574 844579 3722921 878049
1657738200 3722675 878112 3722921 897134
1657737900 3649541 896638 3709111 897134
1657737600 3709150 823073 3714969 871902
1657737300 3713267 871743 3714969 871902
1657737000 3466420 848932 4463802 973543
1657736700 4459661 973877 4463802 1023723
1657736400 3841554 1023813 3842744 1050865
1657736100 3485153 1049295 3485761 1050865
1657735800 3392913 815777 3394646 896778
1657735500 2875912 897066 3210323 983241
1657735200 3212356 983316 3820225 1005968
1657734900 3822987 1004979 4648934 1005968
1657734600 4647650 709851 4648934 812907
1657734300 4263038 813087 4263914 867147
1657734000 4005105 889512 4565506 4222005
1657733700 4565506 4222005 4565506 4222005
1657733400 4565506 4222005 4565506 4222005
1657733100 4565585 4212300 4589492 4222005
1657732800 4593409 1314123 5764852 2385428
1657732500 5760636 2380836 5764852 2385428
1657732200 4498121 1009726 4500073 1499652
1657731900 3916294 1501024 4418547 1911484
1657731600 4420242 1912558 4927153 2233727
1657731300 4921831 2231153 4927153 2233727
1657731000 4130897 1847943 4431723 1874511
1657730700 4429542 1874753 4431723 1947217
1657730400 3780723 1947333 4715895 1982174
1657730100 4712006 1981666 4715895 1982174
1657729800 3548490 1830117 3549419 1864033
1657729500 3405261 1861344 3410173 1864033
1657729200 2673164 1461312 2673460 1625300
1657728900 2585441 1626143 2668576 1751843
1657728600 2665940 1750586 2668576 1751843
1657728300 2274904 1564268 2766816 1813415
1657728000 2768327 1814803 3220376 2229875
1657727700 3217258 2228815 3220376 2229875
1657727400 2285306 1911480 2335260 1912021
1657727100 2337590 1751068 2684832 1912335
1657726800 2684944 1912176 2718582 1912335
1657726500 2717832 1865016 2718582 1923454
1657726200 2493872 1924968 2563160 2377885
1657725900 2562752 2376497 2563160 2377885
1657725600 2440409 1953620 2440973 1961767
1657725300 2356680 740135 2442346 833307
1657725000 2442718 832543 2498153 833307
1657724700 2499629 719914 2719654 895667
1657724400 2723014 896437 3727820 1126716
1657724100 3726590 1131483 3727820 2557050
1657723800 3357632 2556487 3359022 2557050
1657723500 2940751 2386374 2942289 2388184
1657723200 2483574 1845836 2864489 1934802
1657722900 2863905 1934516 2864489 1934802
1657722600 2690707 1850850 2869424 2093864
1657722300 2869785 2093303 2977894 2093864
1657722000 2976456 1925385 2977894 1925639
1657721700 2547031 1849786 2667154 1917032
1657721400 2667225 1917927 2688695 2185583
1657721100 2690947 2184245 3026505 2185583
1657720800 3024933 1985158 3026505 2042439
1657720500 2554069 2042141 2555178 2042439
1657720200 2221961 1951311 2222490 1953111
1657719900 2144846 1683882 2396189 1792005
1657719600 2395223 1791958 2396189 1792005
1657719300 2253924 1785223 3031505 1860760
1657719000 3030149 1861190 3031505 1989877
1657718700 2626103 1993951 2822085 2601035
1657718400 2825134 2599357 3737068 2601035
1657718100 3735664 2097779 3737068 2097866
1657717800 3316236 2072193 3408699 2122765
1657717500 3406187 2123004 3408699 2194488
1657717200 2655106 2191785 2655313 2194488
1657716900 2624386 1789510 2624406 1904053
1657716600 2623100 1903580 4008940 1904053
1657716300 4015670 1758201 5018548 1762421
1657716000 5011798 1128605 5018548 1129557
1657715700 2987303 842056 2993750 844174
1657715400 2029280 528251 2777396 1037066
1657715100 2780898 1038043 3828028 1330426
1657714800 3827162 1329528 3828028 1330426
1657714500 3565403 1060044 3568310 1061278
1657714200 2697778 691663 3145704 866034
1657713900 3144765 865340 3145704 866034
1657713600 3003868 762798 3004906 986949
1657713300 2697030 986546 3666907 986949
1657713000 3672536 869122 4511349 1310271
1657712700 4507347 1311646 4511349 1516601
1657712400 3916919 1514944 4786213 1516601
1657712100 4783110 1268948 4786213 1401520
1657711800 4317277 1400931 4320789 1401520
1657711500 3278316 1235160 4917079 2740754
1657711200 4917949 2739544 5178108 2740754
1657710900 5188022 2375792 6665325 2377926
1657710600 6657204 2056436 6665325 2057902
1657710300 4232520 1619624 5261453 2015625
1657710000 5252239 2011029 5261453 2015625
1657709700 2497094 640862 2497502 1768191
1657709400 2367059 1763994 2375145 1768191
1657709100 1160800 1136358 1162306 1138736
1657708800 710328 425241 710661 425578
1657708500 610910 324820 610986 371260
1657708200 589034 371894 794674 561739
1657707900 794136 562361 794674 748518
1657707600 636239 748836 1439856 844152
1657707300 1442347 845465 2187177 1238052
1657707000 2181750 1235174 2187177 1238052
1657706700 558213 375624 559309 517829
1657706400 395459 516990 533159 517829
1657706100 532726 266452 533159 343609
1657705800 403567 344381 445913 459512
1657705500 447007 459286 774314 459512
1657705200 774160 391610 774314 391990
1657704900 728648 277252 792423 278119
1657704600 792905 148514 864797 214847
1657704300 876553 219295 4391882 1549314
1657704000 4390149 1551396 4391882 2174120
1657703700 3861980 2167265 3872049 2174120
1657703400 850368 117945 851538 169211
1657703100 501690 169044 774219 169211
1657702800 773641 120152 774219 379303
1657702500 602010 378883 944279 379303
1657702200 943719 255357 944279 561191
1657701900 862223 559111 1144266 561191
1657701600 1144681 249197 1268798 249281
1657701300 1270798 225514 1868904 635669
1657701000 1868193 635332 1868904 635669
1657700700 1652406 534393 1655634 534797
1657700400 691281 412843 1897532 413647
1657700100 1897725 172949 1955693 241280
1657699800 1953196 241196 1955693 241280
1657699500 1206550 216133 1206845 216213
1657699200 1116161 192315 1118407 209145
1657698900 444078 208533 444657 209145
1657698600 357558 117022 357915 117443
1657698300 304771 55054 413220 255785
1657698000 414074 255519 669428 255785
1657697700 669538 175893 702719 176000
1657697400 702795 145335 725523 534180
1657697100 725209 533636 725523 534180
1657696800 631814 371075 716054 371206
1657696500 716086 331420 725813 332001
1657696200 725908 158239 754440 301270
1657695900 756138 301332 1009248 310698
1657695600 1014287 313681 2521116 1205892
1657695300 2516305 1202925 2521116 1205892
1657695000 1076618 315503 1078072 315858
1657694700 641854 209032 642003 209499
1657694400 597202 69556 597320 72758
1657694100 561177 73001 562207 109240
1657693800 407615 109634 407799 227727
1657693500 352892 227623 397643 227727
1657693200 397625 196790 397643 196819
1657692900 391634 187667 392320 188307
1657692600 290106 92797 477323 230728
1657692300 477557 230265 547770 230728
1657692000 547300 92339 547770 213204
1657691700 407475 213836 572713 402947
1657691400 575831 402723 1508379 402947
1657691100 1514874 335476 3456947 335896
1657690800 3454797 210114 3456947 233991
1657690500 2818811 234350 3816421 287852
1657690200 3801867 288630 3816421 404687
1657689900 1629408 403612 1633399 404687
1657689600 1032398 243558 1034804 250856
1657689300 675368 250482 883099 250856
1657689000 897540 195334 3049384 262883
1657688700 3034794 262889 3049384 263845
1657688400 870967 264461 3853066 448842
1657688100 3855573 449061 4605179 514799
1657687800 4593279 513800 4605179 514799
1657687500 2817606 364605 2820225 365094
1657687200 2421198 291168 2427500 291775
1657686900 537134 110511 545779 338231
1657686600 546290 338135 699335 338231
1657686300 698983 309037 699335 309485
1657686000 651159 242909 2013731 386752
1657685700 2023859 386714 5052368 386752
1657685400 5051972 375706 5052368 418263
1657685100 4919407 417836 4933620 418263
1657684800 669762 289567 669998 290180
1657684500 634393 198417 634598 217316
1657684200 574056 217883 776623 387495
1657683900 777226 389196 957617 898062
1657683600 955851 896400 957617 898062
1657683300 692682 648401 692761 648870
1657683000 669354 509587 711308 691989
1657682700 711385 691932 734463 691989
1657682400 734503 675329 746502 748744
1657682100 746309 746883 746502 748744
1657681800 688922 190782 734525 230024
1657681500 735796 230383 925218 284020
1657681200 927641 285389 1288761 489497
1657680900 1288631 489750 1288761 565457
1657680600 1249341 564682 1249923 565457
1657680300 1075083 332715 1075395 333162
1657680000 983272 200139 1164254 324737
1657679700 1165902 324057 1411513 324737
1657679400 1410381 222639 1411513 222796
1657679100 1071111 175962 1072206 185446
1657678800 744509 186185 979224 407372
1657678500 979708 407758 1124617 523446
1657678200 1123727 522851 1124617 523446
1657677900 857839 346191 868460 529651
1657677600 868756 530175 957490 687042
1657677300 962550 688527 2475602 1132598
1657677000 2473366 1130744 2475602 1132598
1657676700 1797952 575790 1804992 576675
1657676400 748709 443843 749015 444068
1657676100 703405 411021 768176 583015
1657675800 766915 581650 768176 583015
1657675500 579223 377615 636170 378376
1657675200 638005 150381 1186833 228987
1657674900 1187293 229978 1324928 526397
1657674600 1323227 525386 1324928 526397
1657674300 815347 223282 943987 254127
1657674000 944219 254484 1013818 361335
1657673700 1013689 361492 1013818 408652
1657673400 974430 408040 975190 408652
1657673100 746724 224991 747314 225184
1657672800 659209 196242 743564 196248
1657672500 743607 194508 756693 194586
1657672200 757637 171705 1040177 289286
1657671900 1038802 289323 1040177 300649
1657671600 629646 300185 1173194 300649
1657671300 1173155 162332 1173194 422508
1657671000 1160148 420530 1161748 422508
1657670700 924054 129125 1258477 602963
1657670400 1259593 605404 1593375 1335375
1657670100 1589353 1330174 1593375 1335375
1657669800 990193 555749 1023697 710679
1657669500 1029127 712933 1838249 1048857
1657669200 1837708 1046528 1838249 1048857
1657668900 1672507 351467 1676076 544272
1657668600 1141220 543574 1210604 544272
1657668300 1210667 439114 1229801 439675
1657668000 1230475 272006 1432142 372479
1657667700 1431508 371969 1432142 372479
1657667400 1243896 221035 1797269 682369
1657667100 1795348 681448 1797269 682369
1657666800 1222142 405090 1359594 406263
1657666500 1358807 230639 1359594 320090
1657666200 1123530 319758 1123737 320090
1657665900 1063453 220935 1537335 316023
1657665600 1531236 315082 1537335 316023
1657665300 621343 174965 622555 186192
1657665000 441750 186611 571133 249101
1657664700 572718 249808 1046917 461303
1657664400 1046204 460346 1046917 461303
1657664100 834997 174580 1411416 215113
1657663800 1412415 214994 1711322 215113
1657663500 1709500 180241 1711322 386091
1657663200 1163651 385711 1164837 386091
1657662900 809088 271814 809179 272305
1657662600 782107 125657 782164 265584
1657662300 764790 265319 765141 265584
1657662000 661373 186504 1058585 275748
1657661700 1057698 275831 1058585 300677
1657661400 792333 300957 792501 384760
1657661100 742135 384597 742234 384760
1657660800 712922 335971 828236 339889
1657660500 827627 339396 828236 339889
1657660200 737004 267478 739424 476455
1657659900 739275 476024 739424 476455
1657659600 716990 412984 717103 752063
1657659300 683681 750459 737853 752063
1657659000 739463 511485 1220949 511594
1657658700 1220310 479274 1220949 578901
1657658400 1031823 580336 1384764 794230
1657658100 1382584 793587 1384764 794230
1657657800 731268 600885 815356 601557
1657657500 815432 400740 838438 616913
1657657200 840994 617459 1221935 698891
1657656900 1225040 701249 1687833 1052659
1657656600 1686863 1052115 1687833 1052659
1657656300 1398875 888622 1694747 889631
1657656000 1695884 738939 1865327 822525
1657655700 1865537 822959 1928464 952788
1657655400 1929557 953170 2256483 1067502
1657655100 2257841 1065442 2460196 1067502
1657654800 2461933 759839 2981391 1131169
1657654500 2979383 1132127 2981391 1274950
1657654200 2683194 1276784 3581096 1825233
1657653900 3584742 1826695 4674992 2264018
1657653600 4673691 2263257 4674992 2264018
1657653300 4283120 2034518 4284725 2035850
1657653000 3803477 1638014 3874165 2084585
1657652700 3871813 2082511 3874165 2084585
1657652400 3522996 1773435 3751214 1773629
1657652100 3752429 1744909 3933500 1783812
1657651800 3933499 1784897 3933500 2109416
1657651500 3930759 2107463 3933207 2109416
1657651200 3565322 1815056 3566145 1816509
1657650900 3444050 1593750 3633186 1598597
1657650600 3633729 870751 3714699 871693
1657650300 3712875 731161 3714699 945888
1657650000 3166226 946535 3167705 1140068
1657649700 2726606 1139858 3472941 1140068
1657649400 3475211 1079367 3813573 1384840
1657649100 3815124 1386146 4278916 1776853
1657648800 4271183 1773246 4278916 1776853
1657648500 3119832 1235910 3347546 1251082
1657648200 3345139 1250795 3347546 1251082
1657647900 2627147 1174027 2870198 2492020
1657647600 2871801 2488023 3351240 2492020
1657647300 3351240 1293069 3351240 1293069
1657647000 3351240 1293069 3351240 1293069
1657646700 3346718 1293217 3351240 1337595
1657646400 1995916 1336175 2315328 1337595
1657646100 2326226 911218 3950113 911773
1657645800 3959631 828743 6805528 890414
1657645500 6805522 893011 6805528 1669722
1657645200 6803822 1667064 6824476 1669722
1657644900 6824429 871860 6824476 872473
1657644600 6810664 689354 6820366 911885
1657644300 6820394 913014 6829054 1250783
1657644000 6828962 1249110 6829054 1250783
1657643700 6805738 999964 6815256 1015861
1657643400 3956576 1013907 3959979 1015861
1657643100 2938860 429881 2939309 441523
1657642800 2805184 442017 2881119 515734
1657642500 2880778 516248 2881119 670123
1657642200 2779236 669666 2842335 670123
1657641900 2841243 537261 2842335 1797630
1657641600 2514691 1794117 2515029 1797630
1657641300 2413412 743046 2413741 743984
1657641000 2318420 462511 3302417 462682
1657640700 3304299 411794 3867080 528439
1657640400 3864562 529368 3867080 807369
1657640100 3112225 808040 3187628 1008713
1657639800 3184959 1008428 3187628 1008713
1657639500 2787365 966308 2787380 1048709
1657639200 2783861 1047430 3054700 1048709
1657638900 3054608 665048 3054700 671769
1657638600 3029632 671690 3394428 671769
1657638300 3393160 660203 3394428 689958
1657638000 3203238 690220 3204355 768580
1657637700 2883812 773023 5034510 1435085
1657637400 5031571 1434943 5034510 1435085
1657637100 4149784 1391757 4153048 1392669
1657636800 3172852 1117898 3173864 1119078
1657636500 2871604 765509 3261352 848637
1657636200 3257699 847607 3261352 848637
1657635900 2713523 693905 2745537 694271
1657635600 2745434 584888 2745537 665528
1657635300 2714126 665897 2714679 776441
1657635000 2549032 776192 2615096 776441
1657634700 2612241 701725 2615096 701835
1657634400 2186238 685679 2186980 719317
1657634100 2076287 718956 2228126 719317
1657633800 2229209 611183 2553309 611286
1657633500 2551530 580451 2553309 586641
1657633200 2286531 586697 2288952 603502
1657632900 2290327 603352 2701632 603502
1657632600 2701773 558604 2744044 558718
1657632300 2745448 525109 3165497 638229
1657632000 3168509 638130 4069355 638229
1657631700 4064200 612563 4069355 1196373
1657631400 3292789 1192087 3296169 1196373
1657631100 2787893 553373 2789261 553514
1657630800 2583614 532242 2584097 532451
1657630500 2443330 470563 3019692 548480
1657630200 3021369 549289 3522985 791397
1657629900 3522446 791414 3522985 796791
1657629600 3355782 795424 3361543 796791
1657629300 2500863 592092 3010071 628508
1657629000 3008561 628779 3010071 710089
1657628700 2558074 712058 2772780 1300907
1657628400 2773209 1299756 2901685 1300907
1657628100 2901718 954800 2911616 955835
1657627800 2910661 645197 2911616 645565
1657627500 2628426 535302 3078730 551364
1657627200 3079840 551910 3411993 715259
1657626900 3410248 715334 3411993 737960
1657626600 2889386 738268 3134271 830448
1657626300 3131830 829113 3134271 830448
1657626000 2401556 430487 2402122 588150
1657625700 2246281 590093 4291055 879635
1657625400 4287746 880457 4291055 1126534
1657625100 3294146 1123864 3298584 1126534
1657624800 2631427 728581 2632914 1477768
1657624500 2181618 1475392 2186838 1477768
1657624200 1404689 1119652 1656285 1121482
1657623900 1656684 572400 1776072 572564
1657623600 1776474 523326 1896724 523394
1657623300 1891556 501485 1896724 503076
1657623000 1120917 264780 1121632 367571
1657622700 906269 368175 907183 458307
1657622400 769716 457863 770147 458307
1657622100 640787 325776 641140 511702
1657621800 536206 510959 765462 511702
1657621500 766815 289187 1171402 356267
1657621200 1170942 356823 1171402 523283
1657620900 942703 485866 1033464 537121
1657620000 1026602 342840 1540986 462004
1657618200 899264 323540 1714402 424808
1657616400 836089 270693 1586408 474609
1657614600 636672 221021 733824 288437
1657612800 435380 187266 665358 444615
1657611000 612761 207785 1276976 526276
1657609200 1324708 252985 2175213 526276
1657607400 662752 202766 888824 384088
1657605600 1549228 349298 3623695 667940
1657603800 1567553 526649 3623695 706708
1657602000 2436158 395905 4666087 484672
1657600200 2094898 461250 4694232 655519
1657598400 587936 335002 708564 456896
1657596600 567796 328643 862574 555033
1657594800 514764 209692 594141 318940
1657593000 669221 263660 910586 397469
1657591200 592870 254113 714042 378696
1657589400 728757 286904 1032859 533704
1657587600 778164 256692 835326 372285
1657585800 935755 237620 1326185 476565
1657584000 858063 400805 1003682 582814
1657582200 717523 394482 1125575 558998
1657580400 1206631 409976 2124568 1388657
1657578600 1142458 460371 1814803 1388657
1657576800 828328 349734 1010713 527892
1657575000 834791 395743 1001265 568252
1657573200 804177 427605 1046458 552358
1657571400 1385436 948219 3602524 1825218
1657569600 4999247 1540745 5967602 2948675
1657567800 4281413 1431492 5634634 2060994
1657566000 4051864 1538324 5084835 2056735
1657564200 4444158 1810523 5536788 2201735
1657562400 4579192 1427062 5555153 2196904
1657560600 3773696 935427 5470638 1222091
1657558800 3305180 899730 4928952 1522838
1657557000 3601668 1305951 4928952 2333090
1657555200 2475858 1951014 3439248 2489910
1657553400 2561583 1694782 3149843 2462783
1657551600 3269521 1276021 4124926 1834059
1657549800 3258358 1019660 4015123 1761826
1657548000 3647599 1254446 4768318 2199240
1657546200 3622021 1287535 4768318 2199240
1657544400 3556729 983354 4256552 1413657
1657542600 2265068 1070909 3252281 1391351
1657540800 2227210 1217050 3200917 2285469
1657539000 2613373 1191302 3319572 1682187
1657537200 1161425 616970 1587158 1018440
1657535400 946112 395117 1347799 704924
1657533600 817555 561567 1633544 1162178
1657531800 973920 227733 1703074 463344
1657530000 618305 319352 750510 463344
1657528200 312132 194738 632762 287635
1657526400 292178 111915 612728 248886
1657524600 533480 163291 812998 226932
1657522800 297327 143244 648049 219656
1657521000 625229 111570 917070 213850
1657519200 992972 314789 3284648 486196
1657517400 1585665 389605 3304809 509921
1657515600 2674981 215411 4338026 298572
1657513800 1788262 155127 4585053 368438
1657512000 377089 384319 576298 489803
1657510200 562971 387266 913488 638575
1657508400 571540 176248 1082803 301559
1657506600 484321 179280 613755 271567
1657504800 456295 124366 743177 260776
1657503000 536951 192918 966681 340141
1657501200 605798 150685 792057 272157
1657499400 617295 166772 866064 260280
1657497600 539410 90997 943566 175143
1657495800 376374 159001 832876 311626
1657494000 188617 128151 249698 248730
1657492200 239992 138200 542405 248730
1657490400 258978 210391 372112 518041
1657488600 812781 274278 1022930 518041
1657486800 605954 220826 1298273 327054
1657485000 1271465 266318 1543480 362772
1657483200 1425935 429040 3255778 1689470
1657481400 1283423 287162 1787127 608184
1657479600 1309393 175178 1789119 401405
1657477800 1057666 329252 1216302 488364
1657476000 579074 147748 844184 480558
1657474200 1083616 291394 1388247 480558
1657472400 777758 256065 911487 362705
1657470600 595058 300698 747081 771602
1657468800 480561 195481 955680 298737
1657467000 668921 270169 1592979 701900
1657465200 337740 140792 428438 296504
1657463400 343787 204589 524971 352039
1657461600 226479 194701 290883 352039
1657459800 662493 208969 1851027 616748
1657458000 492674 176517 841290 378769
1657456200 542699 158013 911041 273034
1657454400 456316 139444 740101 267150
1657452600 263127 172457 411370 267150
1657450800 466033 296241 1270568 853479
1657449000 253414 174869 648468 374731
1657447200 513624 254067 698419 374731
1657445400 300689 185925 458529 252290
1657443600 368076 198805 471108 217233
1657441800 294703 185111 356496 306461
1657440000 469827 128117 1053158 221102
1657438200 443840 176486 652989 637642
1657436400 457126 62811 1002862 77625
1657434600 253697 79330 319930 170082
1657432800 1362924 158805 3205083 409040
1657431000 1513684 196840 3205083 322730
1657429200 2617149 512540 4944049 725627
1657427400 1633194 454128 4482284 551354
1657425600 289958 400017 837464 626656
1657423800 419495 301702 837464 390077
1657422000 379651 211684 461539 492987
1657420200 313968 130888 369974 263759
1657418400 281909 319289 384415 426166
1657416600 521427 449502 940746 630697
1657414800 741320 172175 988817 313223
1657413000 604426 289193 762208 431230
1657411200 770187 217807 1476682 351335
1657409400 1019645 301100 1771292 691877
1657407600 993359 163383 1218590 263108
1657405800 820985 183695 1110674 332191
1657404000 801020 150724 1233713 247304
1657402200 802170 161854 904125 189228
1657400400 995045 172126 1255766 278792
1657398600 819640 153104 1038830 313193
1657396800 728549 190365 926232 244760
1657395000 608619 224449 734443 424056
1657393200 708552 235607 798130 411770
1657391400 634269 211388 783650 411770
1657389600 631285 199822 783650 305566
1657387800 672327 172908 941661 272560
1657386000 1138841 270144 1759694 645349
1657384200 913299 114563 1675014 179067
1657382400 940139 162058 1905645 374051
1657380600 2228528 421544 3321507 621109
1657378800 1403245 415751 2174456 558105
1657377000 1380516 326014 1701182 421265
1657375200 1126997 223461 1465010 360535
1657373400 1572604 274236 2328931 451837
1657371600 1280949 302865 1566214 627575
1657369800 1175182 149773 1304284 220030
1657368000 1355296 339594 1523339 576709
1657366200 1402014 478261 1657520 892387
1657364400 1300591 303801 1497570 463679
1657362600 1133832 317271 1175787 491183
1657360800 1222082 177723 1480494 295013
1657359000 1468234 116523 1834440 176641
1657357200 719146 92727 1205793 199274
1657355400 275288 109770 709243 199274
1657353600 149331 65078 304249 133286
1657351800 425980 190690 701702 286873
1657350000 325606 163043 485729 265118
1657348200 436850 144646 1314981 216099
1657346400 1938716 382648 3382624 676618
1657344600 1212695 685207 2885281 912080
1657342800 2080639 616777 4353435 783965
1657341000 2305461 642452 4742946 971744
1657339200 924889 578464 1161948 798010
1657337400 1185736 427390 1936219 828017
1657335600 659116 266884 764504 392296
1657333800 681587 247348 1085277 435402
1657332000 1042200 411877 1447487 570545
1657330200 841368 535794 1150762 817776
1657328400 493253 499179 836983 817776
1657326600 797054 537974 1126449 699757
1657324800 534146 501238 1091723 684080
1657323000 854463 266145 1513268 576129
1657321200 605334 181329 758081 276103
1657319400 589710 277107 829876 597865
1657317600 487434 427780 793971 597865
1657315800 825344 455420 948628 615367
1657314000 842523 578721 1012301 735105
1657312200 1223355 680719 5098964 906318
1657310400 4518687 815736 5881211 1036187
1657308600 2436628 988020 3105389 1559528
1657306800 2542353 868381 3170676 1081585
1657305000 3558866 1442471 6845398 2735519
1657303200 5737374 990123 6823943 1319033
1657301400 2879373 894844 3558343 1319033
1657299600 6154018 689738 6835033 848986
1657297800 6797521 697953 6807322 845520
1657296000 6809852 1001886 6831835 1250106
1657294200 6809827 981310 6836776 1206708
1657292400 3269324 783390 5106645 890439
1657290600 3383986 907467 5339214 1576370
1657288800 2723419 1438046 5086023 2639714
1657287000 4124957 770034 5090001 998993
1657285200 3014985 1050987 5121309 2156242
1657283400 4064439 847010 6063034 1064978
1657281600 3096260 1112911 3693581 1412285
1657279800 2292689 760188 2855238 1219093
1657278000 883909 412394 1334249 594670
1657276200 755845 388547 917040 454957
1657274400 662248 272760 827571 399218
1657272600 782708 274182 1231163 478454
1657270800 647843 248300 1269744 479988
1657269000 353036 171846 613228 263643
1657267200 242249 187545 275603 524645
1657265400 348444 199733 1174611 259459
1657263600 624404 123826 1174611 210165
1657261800 380592 106940 527921 209316
1657260000 363885 343939 1405032 431931
1657258200 608374 434080 1405032 694581
1657256400 339168 287133 479109 375307
1657254600 2432551 341217 3775098 484795
1657252800 321591 511406 364597 843591
1657251000 606538 661550 746008 974630
1657249200 473125 418345 631419 603715
1657247400 808533 504806 1338913 620008
1657245600 1446630 300248 1543343 441748
1657243800 1141598 246576 1408428 441748
1657242000 851305 187041 1016279 295988
1657240200 860452 452021 1004344 733382
1657238400 695992 612222 1571501 799743
1657236600 3176677 468076 3946745 631708
1657234800 535954 200390 692151 305805
1657233000 844920 601833 1221305 758749
1657231200 742229 331714 1415582 478517
1657229400 1390192 455074 2014052 677131
1657227600 969471 436350 1551931 587478
1657225800 969613 424004 2295900 996068
1657224000 2231234 903327 2774355 1086699
1657222200 2136407 1080460 2774355 1523509
1657220400 2224554 790530 2737888 1075053
1657218600 2869434 735043 3412872 870744
1657216800 2630867 1037154 2899715 1976263
1657215000 3760735 1834703 5628060 2038275
1657213200 3901425 1218780 5731878 1750160
1657211400 5271400 1832830 6787264 3136687
1657209600 3975270 1765913 6316201 2392254
1657207800 2967251 756382 3221372 970388
1657206000 2145349 754662 2653107 872031
1657204200 2870977 676155 4435589 831977
1657202400 3652294 1504492 5849253 2120703
1657200600 2681506 1024587 3463178 2120703
1657198800 2602336 915173 2846533 1132710
1657197000 2257898 860309 2615146 1132742
1657195200 2171349 904161 2597029 982100
1657193400 2624006 874201 3592502 1145881
1657191600 1579979 612086 2570686 810405
1657189800 1079395 475768 1224430 665605
1657188000 786938 367490 931766 438080
1657186200 895950 237488 1211536 523173
1657184400 810585 337998 923526 454268
1657182600 1080181 231549 1423126 355498
1657180800 954117 182144 1217825 304911
1657179000 1103666 270861 1389355 367128
1657177200 837108 131091 975410 201940
1657175400 1103946 255730 1308499 423550
1657173600 1170846 341850 1435472 594738
1657171800 1054482 227752 1261117 455481
1657170000 2053680 481749 3936847 681262
1657168200 3761911 662029 4911151 841891
1657166400 1622358 623774 2945133 772940
1657164600 2773667 576520 5596016 776958
1657162800 2882639 338239 4857117 520760
1657161000 1549669 324879 2453271 576234
1657159200 1755891 391954 2109126 596397
1657157400 1495918 311965 3279609 509314
1657155600 2894126 270587 4795798 432900
1657153800 2599804 369585 5212770 552541
1657152000 2856948 464485 3978149 619310
1657150200 3179243 561142 5814574 769349
1657148400 1479056 336979 3238882 507786
1657146600 2176429 526274 5353676 1093227
1657144800 2379260 592132 5281152 1093227
1657143000 1095005 489873 2486081 1434696
1657141200 1212105 398679 3760198 753619
1657139400 2777916 571917 4013334 875436
1657137600 3224357 840418 5678776 1265894
1657135800 2090434 995650 2904994 1298104
1657134000 3564614 1023150 4408538 1305246
1657132200 2021152 974685 5355378 1242434
1657130400 3295115 744300 5355378 1242434
1657128600 3021076 690804 3595844 814902
1657126800 3861899 2256651 6833542 5130963
1657125000 6821957 1803318 6834167 2797764
1657123200 4916553 717864 6836602 924697
1657121400 4158004 2164753 5618636 3101011
1657119600 2414791 2570572 3008368 2731095
1657117800 3376663 2700273 5875944 3271387
1657116000 3166482 2788836 5340104 2926765
1657114200 2841128 926073 4478970 1288509
1657112400 3547584 665848 5422662 788011
1657110600 1775385 572512 2754817 1051297
1657108800 2152937 948415 2754817 1156129
1657107000 2487136 818000 4117927 1192802
1657105200 1609518 640786 3970646 797861
1657103400 1144951 414337 1391754 692204
1657101600 1071788 323585 1118624 502738
1657099800 1360498 257210 1471216 434001
1657098000 1236579 277814 1402222 414395
1657096200 1051760 261258 1171014 390992
1657094400 722681 163482 999335 493938
1657092600 961827 274811 1514375 493938
1657090800 1144917 124549 1514375 251058
1657089000 1002055 115640 1172170 328413
1657087200 818137 284702 964167 352426
1657085400 704516 277869 838365 642010
1657083600 672091 580022 916169 803786
1657081800 1045823 322897 1214303 432646
1657080000 1030408 495357 1214303 700517
1657078200 703215 424416 2906527 629329
1657076400 3514031 478595 4947825 632091
1657074600 3045993 385125 6338057 556013
1657072800 2149357 363451 6338057 525995
1657071000 1000980 333661 1683670 619091
1657069200 1803957 407295 3690961 731403
1657067400 2017936 763533 3690961 907516
1657065600 2965220 628669 5082183 860542
1657063800 2997733 471701 5881716 950404
1657062000 1296259 323075 1383040 706069
1657060200 2450888 508614 6027141 706069
1657058400 2927285 462811 4844911 719517
1657056600 1727380 283376 5045939 383014
1657054800 3467972 411103 5873587 608690
1657053000 1942739 637210 3497244 1415195
1657051200 2950238 1312117 3497244 1844603
1657049400 3231257 1122478 4064306 1844603
1657047600 4203759 1059241 5296864 1730387
1657045800 3746516 950769 3964198 1157173
1657044000 4157148 1388874 4649967 6483789
1657042200 4256488 2052062 4516960 6483789
1657040400 3560376 816370 4309352 1010850
1657038600 3157863 1758062 3714065 5990899
1657036800 4256502 3510339 6829703 5990899
1657035000 6826984 924179 6830868 1030118
1657033200 6822139 980810 6846114 1196809
1657031400 6824709 962371 6846114 1101269
1657029600 6825244 777142 6840513 965732
1657027800 6825698 957053 6837195 1266034
1657026000 6823655 846816 6829303 1202983
1657024200 6824850 934774 6841731 1202983
1657022400 5840033 883465 6833907 1082933
1657020600 4776064 3173808 6214532 4037224
1657018800 3055994 1684927 6214532 3450170
1657017000 1441452 320085 1858435 686110
1657015200 1386408 473642 1507353 686110
1657013400 1363854 357743 1413133 522160
1657011600 1077529 224420 1419089 490717
1657009800 807838 354221 845220 611973
1657008000 884024 233481 1148471 464278
1657006200 1234043 244034 1365306 365931
1657004400 1203266 168310 1431921 222781
1657002600 1114219 178789 1266652 517190
1657000800 1195678 499082 3574584 735269
1656999000 2426056 647739 3794384 790165
1656997200 2591946 616385 3567802 741766
1656995400 2776722 685174 5220086 869450
1656993600 1632754 599048 4582702 740436
1656991800 3122905 565899 5236906 964263
1656990000 1769463 255806 4093328 393252
1656988200 1562540 335629 2800642 592261
1656986400 1122999 456154 2009116 524476
1656984600 1062634 393147 1410603 496480
1656982800 1213577 522347 1546260 635260
1656981000 1107181 389669 1291343 720826
1656979200 1129024 322390 1296617 648037
1656977400 1486051 319470 2421385 524910
1656975600 1321657 313920 1561229 473847
1656973800 1420374 366184 4768413 612501
1656972000 2156701 340328 4768413 425504
1656970200 1274315 425626 1632647 505331
1656968400 1693616 564946 3488254 782796
1656966600 2835197 635802 4212313 785766
1656964800 5035105 816763 6602260 940019
1656963000 5823966 994989 6741713 1449642
1656961200 6238785 1636687 6818743 2337406
1656959400 5222167 1140287 6764913 1610594
1656957600 5787208 894170 6764913 1033817
1656955800 4727505 1115770 6045000 1674940
1656954000 4142152 871388 6237959 999573
1656952200 5585850 951455 6705753 1600918
1656950400 2498643 775526 2967812 1119528
1656948600 2808109 910560 4134581 1119528
1656946800 2561102 836171 2969428 925716
1656945000 3298932 820907 5598707 954738
1656943200 2683708 824681 3437164 971454
1656941400 2775366 977730 3473659 1588656
1656939600 2140949 723569 2791955 973545
1656937800 1915794 695790 2341540 790332
1656936000 2567503 776538 3335302 1216843
1656934200 3286698 1123465 4257689 1412952
1656932400 1647921 752955 2649701 1254099
1656930600 921967 442167 1143626 583460
1656928800 1013765 417519 1185431 570901
1656927000 836481 321303 1035688 495030
1656925200 740089 299918 1125838 487406
1656923400 919773 286166 1164896 403772
1656921600 643066 241544 658167 366700
1656919800 440908 237729 655473 354870
1656918000 461650 105231 638271 258862
1656916200 619439 146072 1106794 264017
1656914400 465396 108532 1699295 232882
1656912600 1953027 155757 3432902 250691
1656910800 1095478 382917 2191420 696073
1656909000 1418692 398761 4267632 509270
1656907200 551800 298223 795465 561230
1656905400 857323 377109 1265669 434230
1656903600 501709 157804 523857 249540
1656901800 555984 106036 700440 275816
1656900000 768551 132361 1067484 236530
1656898200 579644 142362 689475 298214
1656896400 764099 79320 1213411 199674
1656894600 643120 166517 1015710 259452
1656892800 640030 107027 772119 423897
1656891000 863483 322076 1965452 474324
1656889200 747833 266001 895297 350836
1656887400 471975 202676 530766 340891
1656885600 464881 336723 546986 526081
1656883800 825749 267449 1000880 431964
1656882000 955784 192348 1041497 492840
1656880200 1005739 161426 1063975 218874
1656878400 961103 166980 1030552 341641
1656876600 1011605 164497 1597093 244452
1656874800 1383331 172242 1749624 333801
1656873000 1100614 135391 2050514 258935
1656871200 2300127 205457 3564063 386934
1656869400 1285707 266651 1502217 473786
1656867600 1616029 145105 2164854 299548
1656865800 1253025 127790 1431602 204980
1656864000 1160560 215151 1351518 402107
1656862200 1400960 184532 2430190 263166
1656860400 1892736 289379 2430190 660608
1656858600 1433665 172552 1516435 249320
1656856800 1400332 235065 1588529 271341
1656855000 975057 363405 2028853 785861
1656853200 828260 343509 1054683 578262
1656851400 824463 440055 1100785 1178116
1656849600 1199736 522339 2108149 811777
1656847800 1249422 467234 2108149 811777
1656846000 815461 392185 1373666 549530
1656844200 323219 261952 479362 521314
1656842400 497300 271269 753089 419526
1656840600 1560564 377775 2753246 661259
1656838800 655511 169326 766757 247097
1656837000 622134 145470 736040 243949
1656835200 292797 107122 369429 134376
1656833400 465813 65442 897691 127361
1656831600 663860 72682 1089829 146208
1656829800 352553 73628 549348 160057
1656828000 699824 274787 2172764 504113
1656826200 2173399 402984 3408641 611086
1656824400 1313016 322221 3060580 611086
1656822600 1309856 119093 4205461 230397
1656820800 472822 248011 793355 383604
1656819000 891282 217918 1178901 354576
1656817200 971236 209424 2044307 403304
1656815400 784096 274377 903180 393102
1656813600 604069 198535 799902 347291
1656811800 740723 222060 1050543 477120
1656810000 657345 208240 1050543 368168
1656808200 490768 323158 827636 449417
1656806400 489682 162994 693834 411383
1656804600 626549 198619 1708997 438643
1656802800 520250 291501 878447 416310
1656801000 442924 261577 593766 441562
1656799200 216673 190920 264773 736851
1656797400 282485 394986 630340 736851
1656795600 507881 435483 630340 596384
1656793800 435667 403781 526231 584191
1656792000 343941 361168 460418 517251
1656790200 467992 380623 826296 585511
1656788400 610325 535011 977706 692218
1656786600 617667 425787 735648 625506
1656784800 677469 264833 924378 411045
1656783000 660299 414546 924378 542795
1656781200 569816 344142 790953 480029
1656779400 463843 194581 660640 265555
1656777600 643522 531123 1035341 1004939
1656775800 800398 182216 1444879 312746
1656774000 1412438 234810 1574350 373767
1656772200 1096542 215802 1351806 373767
1656770400 1179342 283991 1478383 688567
1656768600 1156534 244923 1306683 442478
1656766800 387450 313949 511893 442543
1656765000 380751 302869 1336362 453523
1656763200 1644453 369782 2238548 677549
1656761400 1500840 404169 1992364 577434
1656759600 502091 389848 688893 583356
1656757800 343901 443020 482947 583356
1656756000 461344 164176 508151 268638
1656754200 432224 116655 440171 268638
1656752400 820792 211963 1136288 306978
1656750600 885033 154981 1184580 274622
1656748800 541840 123956 742733 204150
1656747000 610350 264686 1157609 320575
1656745200 641938 124195 798801 253139
1656743400 411623 255091 611810 360378
1656741600 1351893 537547 2927391 679543
1656739800 1334465 540550 3473003 769037
1656738000 1575030 561935 3473003 685981
1656736200 1270671 625723 4279066 889223
1656734400 618579 621649 742930 783255
1656732600 569942 389462 924590 679567
1656730800 681943 260634 924590 355420
1656729000 376406 320973 422061 588542
1656727200 385859 172223 462582 285268
1656725400 623366 436317 910030 767091
1656723600 967069 445312 1120975 839083
1656721800 996858 588939 1126255 783795
1656720000 643907 443465 1036235 734245
1656718200 663626 429245 1882108 523952
1656716400 561786 304974 815789 529896
1656714600 553386 421855 870182 744479
1656712800 559622 403190 1871290 561417
1656711000 2853217 346206 5107348 501433
1656709200 2315060 455535 3942999 665103
1656707400 2293656 410264 3954388 1098808
1656705600 2513376 926780 3954388 1604567
1656703800 1673048 923411 4076412 1217561
1656702000 2750047 1091744 4076412 1333888
1656700200 4275485 1467020 5745817 2152954
1656698400 2984693 848426 5206187 1151583
1656696600 2173367 783571 2857075 876724
1656694800 3613439 709710 5126001 836518
1656693000 2492279 531376 3225434 1561235
1656691200 2891121 935000 4524896 1577158
1656689400 2333961 916942 4148054 1577158
1656687600 3672378 754069 5678338 877421
1656685800 4280106 816597 5339591 989693
1656684000 4162329 905272 5707285 1160008
1656682200 2247625 591767 3113287 981851
1656680400 2181550 818584 2745095 1302951
1656678600 2045114 681726 2408318 826324
1656676800 2972132 1233630 4112301 2191075
1656675000 2997316 786666 4110213 1000898
1656673200 1398354 698035 3140524 1142747
1656671400 566003 575212 595571 726517
1656669600 599201 442776 986095 726517
1656667800 614083 312840 1003845 385829
1656666000 445980 253587 565840 447492
1656664200 861849 232093 1430563 349782
1656662400 1525438 212378 1779039 558842
1656660600 1461950 339045 1670935 628051
1656658800 1201505 104221 1670935 214738
1656657000 853779 260192 998743 473211
1656655200 1155686 409887 2783537 553064
1656653400 2015321 266381 3975017 580837
1656651600 1501560 532291 3548562 681002
1656649800 1113085 409393 3694711 596158
1656648000 569276 259135 1268102 652637
1656646200 745135 491655 1268102 653049
1656644400 958997 296387 1632342 394170
1656642600 1181344 325353 1718463 495511
1656640800 1576709 487839 1882695 647526
1656639000 1275195 406978 1450057 687078
1656637200 1110675 208378 1160316 372716
1656635400 1070898 378970 2913370 595215
1656633600 1778211 405068 2913370 551115
1656631800 1479671 313105 2685921 460824
1656630000 1360059 388276 1471371 453794
1656628200 1043106 290586 1449730 414717
1656626400 466078 391447 1121086 719147
1656624600 2954384 992735 6071414 2093810
1656622800 1014785 685410 2588301 1317590
1656621000 2355146 656523 4505972 820981
1656619200 3043283 890840 3929624 1502665
1656617400 2974227 773804 4076304 1073461
1656615600 1473291 500063 2644727 887088
1656613800 0 0 0 0
1656612000 0 0 0 0
1656610200 0 0 0 0
1656608400 0 0 0 0
1656606600 0 0 0 0
1656604800 0 0 0 0
1656603000 0 0 0 0
1656601200 0 0 0 0
1656599400 0 0 0 0
1656597600 0 0 0 0
1656595800 0 0 0 0
1656594000 0 0 0 0
1656592200 0 0 0 0
1656590400 0 0 0 0
1656588600 0 0 0 0
1656586800 0 0 0 0
1656585000 0 0 0 0
1656583200 0 0 0 0
1656581400 0 0 0 0
1656579600 0 0 0 0
1656577800 0 0 0 0
1656576000 0 0 0 0
1656574200 0 0 0 0
1656572400 0 0 0 0
1656570600 0 0 0 0
1656568800 0 0 0 0
1656567000 0 0 0 0
1656565200 0 0 0 0
1656563400 0 0 0 0
1656561600 0 0 0 0
1656559800 0 0 0 0
1656558000 0 0 0 0
1656556200 0 0 0 0
1656554400 0 0 0 0
1656552600 0 0 0 0
1656550800 0 0 0 0
1656549000 0 0 0 0
1656547200 0 0 0 0
1656545400 0 0 0 0
1656543600 0 0 0 0
1656541800 0 0 0 0
1656540000 0 0 0 0
1656532800 0 0 0 0
1656525600 0 0 0 0
1656518400 0 0 0 0
1656511200 0 0 0 0
1656504000 0 0 0 0
1656496800 0 0 0 0
1656489600 0 0 0 0
1656482400 0 0 0 0
1656475200 0 0 0 0
1656468000 0 0 0 0
1656460800 0 0 0 0
1656453600 0 0 0 0
1656446400 0 0 0 0
1656439200 0 0 0 0
1656432000 0 0 0 0
1656424800 0 0 0 0
1656417600 0 0 0 0
1656410400 0 0 0 0
1656403200 0 0 0 0
1656396000 0 0 0 0
1656388800 0 0 0 0
1656381600 0 0 0 0
1656374400 0 0 0 0
1656367200 0 0 0 0
1656360000 0 0 0 0
1656352800 0 0 0 0
1656345600 0 0 0 0
1656338400 0 0 0 0
1656331200 0 0 0 0
1656324000 0 0 0 0
1656316800 0 0 0 0
1656309600 0 0 0 0
1656302400 0 0 0 0
1656295200 0 0 0 0
1656288000 0 0 0 0
1656280800 0 0 0 0
1656273600 0 0 0 0
1656266400 0 0 0 0
1656259200 0 0 0 0
1656252000 0 0 0 0
1656244800 0 0 0 0
1656237600 0 0 0 0
1656230400 0 0 0 0
1656223200 0 0 0 0
1656216000 0 0 0 0
1656208800 0 0 0 0
1656201600 0 0 0 0
1656194400 0 0 0 0
1656187200 0 0 0 0
1656180000 0 0 0 0
1656172800 0 0 0 0
1656165600 0 0 0 0
1656158400 0 0 0 0
1656151200 0 0 0 0
1656144000 0 0 0 0
1656136800 0 0 0 0
1656129600 0 0 0 0
1656122400 0 0 0 0
1656115200 0 0 0 0
1656108000 0 0 0 0
1656100800 0 0 0 0
1656093600 0 0 0 0
1656086400 0 0 0 0
1656079200 0 0 0 0
1656072000 0 0 0 0
1656064800 0 0 0 0
1656057600 0 0 0 0
1656050400 0 0 0 0
1656043200 0 0 0 0
1656036000 0 0 0 0
1656028800 0 0 0 0
1656021600 0 0 0 0
1656014400 0 0 0 0
1656007200 0 0 0 0
1656000000 0 0 0 0
1655992800 0 0 0 0
1655985600 0 0 0 0
1655978400 0 0 0 0
1655971200 0 0 0 0
1655964000 0 0 0 0
1655956800 0 0 0 0
1655949600 0 0 0 0
1655942400 0 0 0 0
1655935200 0 0 0 0
1655928000 0 0 0 0
1655920800 0 0 0 0
1655913600 0 0 0 0
1655906400 0 0 0 0
1655899200 0 0 0 0
1655892000 0 0 0 0
1655884800 0 0 0 0
1655877600 0 0 0 0
1655870400 0 0 0 0
1655863200 0 0 0 0
1655856000 0 0 0 0
1655848800 0 0 0 0
1655841600 0 0 0 0
1655834400 0 0 0 0
1655827200 0 0 0 0
1655820000 0 0 0 0
1655812800 0 0 0 0
1655805600 0 0 0 0
1655798400 0 0 0 0
1655791200 0 0 0 0
1655784000 0 0 0 0
1655776800 0 0 0 0
1655769600 0 0 0 0
1655762400 0 0 0 0
1655755200 0 0 0 0
1655748000 0 0 0 0
1655740800 0 0 0 0
1655733600 0 0 0 0
1655726400 0 0 0 0
1655719200 0 0 0 0
1655712000 0 0 0 0
1655704800 0 0 0 0
1655697600 0 0 0 0
1655690400 0 0 0 0
1655683200 0 0 0 0
1655676000 0 0 0 0
1655668800 0 0 0 0
1655661600 0 0 0 0
1655654400 0 0 0 0
1655647200 0 0 0 0
1655640000 0 0 0 0
1655632800 0 0 0 0
1655625600 0 0 0 0
1655618400 0 0 0 0
1655611200 0 0 0 0
1655604000 0 0 0 0
1655596800 0 0 0 0
1655589600 0 0 0 0
1655582400 0 0 0 0
1655575200 0 0 0 0
1655568000 0 0 0 0
1655560800 0 0 0 0
1655553600 0 0 0 0
1655546400 0 0 0 0
1655539200 0 0 0 0
1655532000 0 0 0 0
1655524800 0 0 0 0
1655517600 0 0 0 0
1655510400 0 0 0 0
1655503200 0 0 0 0
1655496000 0 0 0 0
1655488800 0 0 0 0
1655481600 0 0 0 0
1655474400 0 0 0 0
1655467200 0 0 0 0
1655460000 0 0 0 0
1655452800 0 0 0 0
1655445600 0 0 0 0
1655438400 0 0 0 0
1655431200 0 0 0 0
1655424000 0 0 0 0
1655416800 0 0 0 0
1655409600 0 0 0 0
1655402400 0 0 0 0
1655395200 0 0 0 0
1655388000 0 0 0 0
1655380800 0 0 0 0
1655373600 0 0 0 0
1655366400 0 0 0 0
1655359200 0 0 0 0
1655352000 0 0 0 0
1655344800 0 0 0 0
1655337600 0 0 0 0
1655330400 0 0 0 0
1655323200 0 0 0 0
1655316000 0 0 0 0
1655308800 0 0 0 0
1655301600 0 0 0 0
1655294400 0 0 0 0
1655287200 0 0 0 0
1655280000 0 0 0 0
1655272800 0 0 0 0
1655265600 0 0 0 0
1655258400 0 0 0 0
1655251200 0 0 0 0
1655244000 0 0 0 0
1655236800 0 0 0 0
1655229600 0 0 0 0
1655222400 0 0 0 0
1655215200 0 0 0 0
1655208000 0 0 0 0
1655200800 0 0 0 0
1655193600 0 0 0 0
1655186400 0 0 0 0
1655179200 0 0 0 0
1655172000 0 0 0 0
1655164800 0 0 0 0
1655157600 0 0 0 0
1655150400 0 0 0 0
1655143200 0 0 0 0
1655136000 0 0 0 0
1655128800 0 0 0 0
1655121600 0 0 0 0
1655114400 0 0 0 0
1655107200 0 0 0 0
1655100000 0 0 0 0
1655092800 0 0 0 0
1655085600 0 0 0 0
1655078400 0 0 0 0
1655071200 0 0 0 0
1655064000 0 0 0 0
1655056800 0 0 0 0
1655049600 0 0 0 0
1655042400 0 0 0 0
1655035200 0 0 0 0
1655028000 0 0 0 0
1655020800 0 0 0 0
1655013600 0 0 0 0
1655006400 0 0 0 0
1654999200 0 0 0 0
1654992000 0 0 0 0
1654984800 0 0 0 0
1654977600 0 0 0 0
1654970400 0 0 0 0
1654963200 0 0 0 0
1654956000 0 0 0 0
1654948800 0 0 0 0
1654941600 0 0 0 0
1654934400 0 0 0 0
1654927200 0 0 0 0
1654920000 0 0 0 0
1654912800 0 0 0 0
1654905600 0 0 0 0
1654898400 0 0 0 0
1654891200 0 0 0 0
1654884000 0 0 0 0
1654876800 0 0 0 0
1654869600 0 0 0 0
1654862400 0 0 0 0
1654855200 0 0 0 0
1654848000 0 0 0 0
1654840800 0 0 0 0
1654833600 0 0 0 0
1654826400 0 0 0 0
1654819200 0 0 0 0
1654812000 0 0 0 0
1654804800 0 0 0 0
1654797600 0 0 0 0
1654790400 0 0 0 0
1654783200 0 0 0 0
1654776000 0 0 0 0
1654768800 0 0 0 0
1654761600 0 0 0 0
1654754400 0 0 0 0
1654747200 0 0 0 0
1654740000 0 0 0 0
1654732800 0 0 0 0
1654725600 0 0 0 0
1654718400 0 0 0 0
1654711200 0 0 0 0
1654704000 0 0 0 0
1654696800 0 0 0 0
1654689600 0 0 0 0
1654682400 0 0 0 0
1654675200 0 0 0 0
1654668000 0 0 0 0
1654660800 0 0 0 0
1654653600 0 0 0 0
1654646400 0 0 0 0
1654639200 0 0 0 0
1654632000 0 0 0 0
1654624800 0 0 0 0
1654617600 0 0 0 0
1654610400 0 0 0 0
1654603200 0 0 0 0
1654596000 0 0 0 0
1654588800 0 0 0 0
1654581600 0 0 0 0
1654574400 0 0 0 0
1654567200 0 0 0 0
1654560000 0 0 0 0
1654552800 0 0 0 0
1654545600 0 0 0 0
1654538400 0 0 0 0
1654531200 0 0 0 0
1654524000 0 0 0 0
1654516800 0 0 0 0
1654509600 0 0 0 0
1654502400 0 0 0 0
1654495200 0 0 0 0
1654488000 0 0 0 0
1654480800 0 0 0 0
1654473600 0 0 0 0
1654466400 0 0 0 0
1654459200 0 0 0 0
1654452000 0 0 0 0
1654444800 0 0 0 0
1654437600 0 0 0 0
1654430400 0 0 0 0
1654423200 0 0 0 0
1654416000 0 0 0 0
1654408800 0 0 0 0
1654401600 0 0 0 0
1654394400 0 0 0 0
1654387200 0 0 0 0
1654380000 0 0 0 0
1654372800 0 0 0 0
1654365600 0 0 0 0
1654358400 0 0 0 0
1654351200 0 0 0 0
1654344000 0 0 0 0
1654336800 0 0 0 0
1654329600 0 0 0 0
1654322400 0 0 0 0
1654315200 0 0 0 0
1654308000 0 0 0 0
1654300800 0 0 0 0
1654293600 0 0 0 0
1654286400 0 0 0 0
1654279200 0 0 0 0
1654272000 0 0 0 0
1654264800 0 0 0 0
1654257600 0 0 0 0
1654250400 0 0 0 0
1654243200 0 0 0 0
1654236000 0 0 0 0
1654228800 0 0 0 0
1654221600 0 0 0 0
1654214400 0 0 0 0
1654207200 0 0 0 0
1654200000 0 0 0 0
1654192800 0 0 0 0
1654185600 0 0 0 0
1654178400 0 0 0 0
1654171200 0 0 0 0
1654164000 0 0 0 0
1654156800 0 0 0 0
1654149600 0 0 0 0
1654142400 0 0 0 0
1654135200 0 0 0 0
1654128000 0 0 0 0
1654120800 0 0 0 0
1654113600 0 0 0 0
1654106400 0 0 0 0
1654099200 0 0 0 0
1654092000 0 0 0 0
1654084800 0 0 0 0
1654077600 0 0 0 0
1654070400 0 0 0 0
1654063200 0 0 0 0
1654056000 0 0 0 0
1654048800 0 0 0 0
1654041600 0 0 0 0
1654034400 0 0 0 0
1654027200 0 0 0 0
1654020000 0 0 0 0
1654012800 0 0 0 0
1654005600 0 0 0 0
1653998400 0 0 0 0
1653991200 0 0 0 0
1653984000 0 0 0 0
1653976800 0 0 0 0
1653969600 0 0 0 0
1653962400 0 0 0 0
1653955200 0 0 0 0
1653948000 0 0 0 0
1653940800 0 0 0 0
1653933600 0 0 0 0
1653926400 0 0 0 0
1653919200 0 0 0 0
1653912000 0 0 0 0
1653904800 0 0 0 0
1653897600 0 0 0 0
1653890400 0 0 0 0
1653883200 0 0 0 0
1653876000 0 0 0 0
1653868800 0 0 0 0
1653861600 0 0 0 0
1653854400 0 0 0 0
1653847200 0 0 0 0
1653840000 0 0 0 0
1653832800 0 0 0 0
1653825600 0 0 0 0
1653818400 0 0 0 0
1653811200 0 0 0 0
1653804000 0 0 0 0
1653796800 0 0 0 0
1653789600 0 0 0 0
1653782400 0 0 0 0
1653775200 0 0 0 0
1653768000 0 0 0 0
1653760800 0 0 0 0
1653753600 0 0 0 0
1653746400 0 0 0 0
1653739200 0 0 0 0
1653732000 0 0 0 0
1653724800 0 0 0 0
1653717600 0 0 0 0
1653710400 0 0 0 0
1653703200 0 0 0 0
1653696000 0 0 0 0
1653688800 0 0 0 0
1653681600 0 0 0 0
1653674400 0 0 0 0
1653667200 0 0 0 0
1653660000 0 0 0 0
1653652800 0 0 0 0
1653645600 0 0 0 0
1653638400 0 0 0 0
1653631200 0 0 0 0
1653624000 0 0 0 0
1653616800 0 0 0 0
1653609600 0 0 0 0
1653602400 0 0 0 0
1653595200 0 0 0 0
1653588000 0 0 0 0
1653580800 0 0 0 0
1653573600 0 0 0 0
1653566400 0 0 0 0
1653559200 0 0 0 0
1653552000 0 0 0 0
1653544800 0 0 0 0
1653537600 0 0 0 0
1653530400 0 0 0 0
1653523200 0 0 0 0
1653516000 0 0 0 0
1653508800 0 0 0 0
1653501600 0 0 0 0
1653494400 0 0 0 0
1653487200 0 0 0 0
1653480000 0 0 0 0
1653472800 0 0 0 0
1653465600 0 0 0 0
1653458400 0 0 0 0
1653451200 0 0 0 0
1653444000 0 0 0 0
1653436800 0 0 0 0
1653429600 0 0 0 0
1653422400 0 0 0 0
1653415200 0 0 0 0
1653408000 0 0 0 0
1653400800 0 0 0 0
1653393600 0 0 0 0
1653386400 0 0 0 0
1653379200 0 0 0 0
1653372000 0 0 0 0
1653364800 0 0 0 0
1653357600 0 0 0 0
1653350400 0 0 0 0
1653343200 0 0 0 0
1653336000 0 0 0 0
1653328800 0 0 0 0
1653321600 0 0 0 0
1653314400 0 0 0 0
1653307200 0 0 0 0
1653300000 0 0 0 0
1653292800 0 0 0 0
1653285600 0 0 0 0
1653278400 0 0 0 0
1653271200 0 0 0 0
1653264000 0 0 0 0
1653256800 0 0 0 0
1653249600 0 0 0 0
1653242400 0 0 0 0
1653235200 0 0 0 0
1653228000 0 0 0 0
1653220800 0 0 0 0
1653213600 0 0 0 0
1653206400 0 0 0 0
1653199200 0 0 0 0
1653192000 0 0 0 0
1653184800 0 0 0 0
1653177600 0 0 0 0
1653170400 0 0 0 0
1653163200 0 0 0 0
1653156000 0 0 0 0
1653148800 0 0 0 0
1653141600 0 0 0 0
1653134400 0 0 0 0
1653127200 0 0 0 0
1653120000 0 0 0 0
1653112800 0 0 0 0
1653105600 0 0 0 0
1653098400 0 0 0 0
1653091200 0 0 0 0
1653084000 0 0 0 0
1653076800 0 0 0 0
1653069600 0 0 0 0
1653062400 0 0 0 0
1653055200 0 0 0 0
1653048000 0 0 0 0
1653040800 0 0 0 0
1653033600 0 0 0 0
1653026400 0 0 0 0
1653019200 0 0 0 0
1653012000 0 0 0 0
1653004800 0 0 0 0
1652997600 0 0 0 0
1652990400 0 0 0 0
1652983200 0 0 0 0
1652976000 0 0 0 0
1652968800 0 0 0 0
1652961600 0 0 0 0
1652954400 0 0 0 0
1652947200 0 0 0 0
1652940000 0 0 0 0
1652932800 0 0 0 0
1652925600 0 0 0 0
1652918400 0 0 0 0
1652911200 0 0 0 0
1652904000 0 0 0 0
1652896800 0 0 0 0
1652889600 0 0 0 0
1652882400 0 0 0 0
1652875200 0 0 0 0
1652868000 0 0 0 0
1652860800 0 0 0 0
1652853600 0 0 0 0
1652846400 0 0 0 0
1652839200 0 0 0 0
1652832000 0 0 0 0
1652824800 0 0 0 0
1652817600 0 0 0 0
1652810400 0 0 0 0
1652803200 0 0 0 0
1652796000 0 0 0 0
1652788800 0 0 0 0
1652781600 0 0 0 0
1652774400 0 0 0 0
1652767200 0 0 0 0
1652760000 0 0 0 0
1652752800 0 0 0 0
1652745600 0 0 0 0
1652738400 0 0 0 0
1652731200 0 0 0 0
1652724000 0 0 0 0
1652716800 0 0 0 0
1652709600 0 0 0 0
1652702400 0 0 0 0
1652695200 0 0 0 0
1652688000 0 0 0 0
1652680800 0 0 0 0
1652673600 0 0 0 0
1652666400 0 0 0 0
1652659200 0 0 0 0
1652652000 0 0 0 0
1652644800 0 0 0 0
1652637600 0 0 0 0
1652630400 0 0 0 0
1652623200 0 0 0 0
1652616000 0 0 0 0
1652608800 0 0 0 0
1652601600 0 0 0 0
1652594400 0 0 0 0
1652587200 0 0 0 0
1652580000 0 0 0 0
1652572800 0 0 0 0
1652565600 0 0 0 0
1652558400 0 0 0 0
1652551200 0 0 0 0
1652544000 0 0 0 0
1652536800 0 0 0 0
1652529600 0 0 0 0
1652522400 0 0 0 0
1652515200 0 0 0 0
1652508000 0 0 0 0
1652500800 0 0 0 0
1652493600 0 0 0 0
1652486400 0 0 0 0
1652479200 0 0 0 0
1652472000 0 0 0 0
1652464800 0 0 0 0
1652457600 0 0 0 0
1652450400 0 0 0 0
1652443200 0 0 0 0
1652436000 0 0 0 0
1652428800 0 0 0 0
1652421600 0 0 0 0
1652414400 0 0 0 0
1652407200 0 0 0 0
1652400000 0 0 0 0
1652392800 0 0 0 0
1652385600 0 0 0 0
1652378400 0 0 0 0
1652371200 0 0 0 0
1652364000 0 0 0 0
1652356800 0 0 0 0
1652349600 0 0 0 0
1652342400 0 0 0 0
1652335200 0 0 0 0
1652328000 0 0 0 0
1652320800 0 0 0 0
1652313600 0 0 0 0
1652306400 0 0 0 0
1652299200 0 0 0 0
1652292000 0 0 0 0
1652284800 0 0 0 0
1652277600 0 0 0 0
1652270400 0 0 0 0
1652263200 0 0 0 0
1652256000 0 0 0 0
1652248800 0 0 0 0
1652241600 0 0 0 0
1652234400 0 0 0 0
1652227200 0 0 0 0
1652220000 0 0 0 0
1652140800 0 0 0 0
1652054400 0 0 0 0
1651968000 0 0 0 0
1651881600 0 0 0 0
1651795200 0 0 0 0
1651708800 0 0 0 0
1651622400 0 0 0 0
1651536000 0 0 0 0
1651449600 0 0 0 0
1651363200 0 0 0 0
1651276800 0 0 0 0
1651190400 0 0 0 0
1651104000 0 0 0 0
1651017600 0 0 0 0
1650931200 0 0 0 0
1650844800 0 0 0 0
1650758400 0 0 0 0
1650672000 0 0 0 0
1650585600 0 0 0 0
1650499200 0 0 0 0
1650412800 0 0 0 0
1650326400 0 0 0 0
1650240000 0 0 0 0
1650153600 0 0 0 0
1650067200 0 0 0 0
1649980800 0 0 0 0
1649894400 0 0 0 0
1649808000 0 0 0 0
1649721600 0 0 0 0
1649635200 0 0 0 0
1649548800 0 0 0 0
1649462400 0 0 0 0
1649376000 0 0 0 0
1649289600 0 0 0 0
1649203200 0 0 0 0
1649116800 0 0 0 0
1649030400 0 0 0 0
1648944000 0 0 0 0
1648857600 0 0 0 0
1648771200 0 0 0 0
1648684800 0 0 0 0
1648598400 0 0 0 0
1648512000 0 0 0 0
1648425600 0 0 0 0
1648339200 0 0 0 0
1648252800 0 0 0 0
1648166400 0 0 0 0
1648080000 0 0 0 0
1647993600 0 0 0 0
1647907200 0 0 0 0
1647820800 0 0 0 0
1647734400 0 0 0 0
1647648000 0 0 0 0
1647561600 0 0 0 0
1647475200 0 0 0 0
1647388800 0 0 0 0
1647302400 0 0 0 0
1647216000 0 0 0 0
1647129600 0 0 0 0
1647043200 0 0 0 0
1646956800 0 0 0 0
1646870400 0 0 0 0
1646784000 0 0 0 0
1646697600 0 0 0 0
1646611200 0 0 0 0
1646524800 0 0 0 0
1646438400 0 0 0 0
1646352000 0 0 0 0
1646265600 0 0 0 0
1646179200 0 0 0 0
1646092800 0 0 0 0
1646006400 0 0 0 0
1645920000 0 0 0 0
1645833600 0 0 0 0
1645747200 0 0 0 0
1645660800 0 0 0 0
1645574400 0 0 0 0
1645488000 0 0 0 0
1645401600 0 0 0 0
1645315200 0 0 0 0
1645228800 0 0 0 0
1645142400 0 0 0 0
1645056000 0 0 0 0
1644969600 0 0 0 0
1644883200 0 0 0 0
1644796800 0 0 0 0
1644710400 0 0 0 0
1644624000 0 0 0 0
1644537600 0 0 0 0
1644451200 0 0 0 0
1644364800 0 0 0 0
1644278400 0 0 0 0
1644192000 0 0 0 0
1644105600 0 0 0 0
1644019200 0 0 0 0
1643932800 0 0 0 0
1643846400 0 0 0 0
1643760000 0 0 0 0
1643673600 0 0 0 0
1643587200 0 0 0 0
1643500800 0 0 0 0
1643414400 0 0 0 0
1643328000 0 0 0 0
1643241600 0 0 0 0
1643155200 0 0 0 0
1643068800 0 0 0 0
1642982400 0 0 0 0
1642896000 0 0 0 0
1642809600 0 0 0 0
1642723200 0 0 0 0
1642636800 0 0 0 0
1642550400 0 0 0 0
1642464000 0 0 0 0
1642377600 0 0 0 0
1642291200 0 0 0 0
1642204800 0 0 0 0
1642118400 0 0 0 0
1642032000 0 0 0 0
1641945600 0 0 0 0
1641859200 0 0 0 0
1641772800 0 0 0 0
1641686400 0 0 0 0
1641600000 0 0 0 0
1641513600 0 0 0 0
1641427200 0 0 0 0
1641340800 0 0 0 0
1641254400 0 0 0 0
1641168000 0 0 0 0
1641081600 0 0 0 0
1640995200 0 0 0 0
1640908800 0 0 0 0
1640822400 0 0 0 0
1640736000 0 0 0 0
1640649600 0 0 0 0
1640563200 0 0 0 0
1640476800 0 0 0 0
1640390400 0 0 0 0
1640304000 0 0 0 0
1640217600 0 0 0 0
1640131200 0 0 0 0
1640044800 0 0 0 0
1639958400 0 0 0 0
1639872000 0 0 0 0
1639785600 0 0 0 0
1639699200 0 0 0 0
1639612800 0 0 0 0
1639526400 0 0 0 0
1639440000 0 0 0 0
1639353600 0 0 0 0
1639267200 0 0 0 0
1639180800 0 0 0 0
1639094400 0 0 0 0
1639008000 0 0 0 0
1638921600 0 0 0 0
1638835200 0 0 0 0
1638748800 0 0 0 0
1638662400 0 0 0 0
1638576000 0 0 0 0
1638489600 0 0 0 0
1638403200 0 0 0 0
1638316800 0 0 0 0
1638230400 0 0 0 0
1638144000 0 0 0 0
1638057600 0 0 0 0
1637971200 0 0 0 0
1637884800 0 0 0 0
1637798400 0 0 0 0
1637712000 0 0 0 0
1637625600 0 0 0 0
1637539200 0 0 0 0
1637452800 0 0 0 0
1637366400 0 0 0 0
1637280000 0 0 0 0
1637193600 0 0 0 0
1637107200 0 0 0 0
1637020800 0 0 0 0
1636934400 0 0 0 0
1636848000 0 0 0 0
1636761600 0 0 0 0
1636675200 0 0 0 0
1636588800 0 0 0 0
1636502400 0 0 0 0
1636416000 0 0 0 0
1636329600 0 0 0 0
1636243200 0 0 0 0
1636156800 0 0 0 0
1636070400 0 0 0 0
1635984000 0 0 0 0
1635897600 0 0 0 0
1635811200 0 0 0 0
1635724800 0 0 0 0
1635638400 0 0 0 0
1635552000 0 0 0 0
1635465600 0 0 0 0
1635379200 0 0 0 0
1635292800 0 0 0 0
1635206400 0 0 0 0
1635120000 0 0 0 0
1635033600 0 0 0 0
1634947200 0 0 0 0
1634860800 0 0 0 0
1634774400 0 0 0 0
1634688000 0 0 0 0
1634601600 0 0 0 0
1634515200 0 0 0 0
1634428800 0 0 0 0
1634342400 0 0 0 0
1634256000 0 0 0 0
1634169600 0 0 0 0
1634083200 0 0 0 0
1633996800 0 0 0 0
1633910400 0 0 0 0
1633824000 0 0 0 0
1633737600 0 0 0 0
1633651200 0 0 0 0
1633564800 0 0 0 0
1633478400 0 0 0 0
1633392000 0 0 0 0
1633305600 0 0 0 0
1633219200 0 0 0 0
1633132800 0 0 0 0
1633046400 0 0 0 0
1632960000 0 0 0 0
1632873600 0 0 0 0
1632787200 0 0 0 0
1632700800 0 0 0 0
1632614400 0 0 0 0
1632528000 0 0 0 0
1632441600 0 0 0 0
1632355200 0 0 0 0
1632268800 0 0 0 0
1632182400 0 0 0 0
1632096000 0 0 0 0
1632009600 0 0 0 0
1631923200 0 0 0 0
1631836800 0 0 0 0
1631750400 0 0 0 0
1631664000 0 0 0 0
1631577600 0 0 0 0
1631491200 0 0 0 0
1631404800 0 0 0 0
1631318400 0 0 0 0
1631232000 0 0 0 0
1631145600 0 0 0 0
1631059200 0 0 0 0
1630972800 0 0 0 0
1630886400 0 0 0 0
1630800000 0 0 0 0
1630713600 0 0 0 0
1630627200 0 0 0 0
1630540800 0 0 0 0
1630454400 0 0 0 0
1630368000 0 0 0 0
1630281600 0 0 0 0
1630195200 0 0 0 0
1630108800 0 0 0 0
1630022400 0 0 0 0
1629936000 0 0 0 0
1629849600 0 0 0 0
1629763200 0 0 0 0
1629676800 0 0 0 0
1629590400 0 0 0 0
1629504000 0 0 0 0
1629417600 0 0 0 0
1629331200 0 0 0 0
1629244800 0 0 0 0
1629158400 0 0 0 0
1629072000 0 0 0 0
1628985600 0 0 0 0
1628899200 0 0 0 0
1628812800 0 0 0 0
1628726400 0 0 0 0
1628640000 0 0 0 0
1628553600 0 0 0 0
1628467200 0 0 0 0
1628380800 0 0 0 0
1628294400 0 0 0 0
1628208000 0 0 0 0
1628121600 0 0 0 0
1628035200 0 0 0 0
1627948800 0 0 0 0
1627862400 0 0 0 0
1627776000 0 0 0 0
1627689600 0 0 0 0
1627603200 0 0 0 0
1627516800 0 0 0 0
1627430400 0 0 0 0
1627344000 0 0 0 0
1627257600 0 0 0 0
1627171200 0 0 0 0
1627084800 0 0 0 0
1626998400 0 0 0 0
1626912000 0 0 0 0
1626825600 0 0 0 0
1626739200 0 0 0 0
1626652800 0 0 0 0
1626566400 0 0 0 0
1626480000 0 0 0 0
1626393600 0 0 0 0
1626307200 0 0 0 0
1626220800 0 0 0 0
1626134400 0 0 0 0
1626048000 0 0 0 0
1625961600 0 0 0 0
1625875200 0 0 0 0
1625788800 0 0 0 0
1625702400 0 0 0 0
1625616000 0 0 0 0
1625529600 0 0 0 0
1625443200 0 0 0 0
1625356800 0 0 0 0
1625270400 0 0 0 0
1625184000 0 0 0 0
1625097600 0 0 0 0
1625011200 0 0 0 0
1624924800 0 0 0 0
1624838400 0 0 0 0
1624752000 0 0 0 0
1624665600 0 0 0 0
1624579200 0 0 0 0
1624492800 0 0 0 0
1624406400 0 0 0 0
1624320000 0 0 0 0
1624233600 0 0 0 0
1624147200 0 0 0 0
1624060800 0 0 0 0
1623974400 0 0 0 0
1623888000 0 0 0 0
1623801600 0 0 0 0
1623715200 0 0 0 0
1623628800 0 0 0 0
1623542400 0 0 0 0
1623456000 0 0 0 0
1623369600 0 0 0 0
1623283200 0 0 0 0
1623196800 0 0 0 0
1623110400 0 0 0 0
1623024000 0 0 0 0
1622937600 0 0 0 0
1622851200 0 0 0 0
1622764800 0 0 0 0
1622678400 0 0 0 0
1622592000 0 0 0 0
1622505600 0 0 0 0
1622419200 0 0 0 0
1622332800 0 0 0 0
1622246400 0 0 0 0
1622160000 0 0 0 0
1622073600 0 0 0 0
1621987200 0 0 0 0
1621900800 0 0 0 0
1621814400 0 0 0 0
1621728000 0 0 0 0
1621641600 0 0 0 0
1621555200 0 0 0 0
1621468800 0 0 0 0
1621382400 0 0 0 0
1621296000 0 0 0 0
1621209600 0 0 0 0
1621123200 0 0 0 0
1621036800 0 0 0 0
1620950400 0 0 0 0
1620864000 0 0 0 0
1620777600 0 0 0 0
1620691200 0 0 0 0
1620604800 0 0 0 0
1620518400 0 0 0 0
1620432000 0 0 0 0
1620345600 0 0 0 0
1620259200 0 0 0 0
1620172800 0 0 0 0
1620086400 0 0 0 0
1620000000 0 0 0 0
1619913600 0 0 0 0
1619827200 0 0 0 0
1619740800 0 0 0 0
1619654400 0 0 0 0
1619568000 0 0 0 0
1619481600 0 0 0 0
1619395200 0 0 0 0
1619308800 0 0 0 0
1619222400 0 0 0 0
1619136000 0 0 0 0
1619049600 0 0 0 0
1618963200 0 0 0 0
1618876800 0 0 0 0
1618790400 0 0 0 0
1618704000 0 0 0 0
1618617600 0 0 0 0
1618531200 0 0 0 0
1618444800 0 0 0 0
1618358400 0 0 0 0
1618272000 0 0 0 0
1618185600 0 0 0 0
1618099200 0 0 0 0
1618012800 0 0 0 0
1617926400 0 0 0 0
1617840000 0 0 0 0
1617753600 0 0 0 0
1617667200 0 0 0 0
1617580800 0 0 0 0
1617494400 0 0 0 0
1617408000 0 0 0 0
1617321600 0 0 0 0
1617235200 0 0 0 0
1617148800 0 0 0 0
1617062400 0 0 0 0
1616976000 0 0 0 0
1616889600 0 0 0 0
1616803200 0 0 0 0
1616716800 0 0 0 0
1616630400 0 0 0 0
1616544000 0 0 0 0
1616457600 0 0 0 0
1616371200 0 0 0 0
1616284800 0 0 0 0
1616198400 0 0 0 0
1616112000 0 0 0 0
1616025600 0 0 0 0
1615939200 0 0 0 0
1615852800 0 0 0 0
1615766400 0 0 0 0
1615680000 0 0 0 0
1615593600 0 0 0 0
1615507200 0 0 0 0
1615420800 0 0 0 0
1615334400 0 0 0 0
1615248000 0 0 0 0
1615161600 0 0 0 0
1615075200 0 0 0 0
1614988800 0 0 0 0
1614902400 0 0 0 0
1614816000 0 0 0 0
1614729600 0 0 0 0
1614643200 0 0 0 0
1614556800 0 0 0 0
1614470400 0 0 0 0
1614384000 0 0 0 0
1614297600 0 0 0 0
1614211200 0 0 0 0
1614124800 0 0 0 0
1614038400 0 0 0 0
1613952000 0 0 0 0
1613865600 0 0 0 0
1613779200 0 0 0 0
1613692800 0 0 0 0
1613606400 0 0 0 0
1613520000 0 0 0 0
1613433600 0 0 0 0
1613347200 0 0 0 0
1613260800 0 0 0 0
1613174400 0 0 0 0
1613088000 0 0 0 0
1613001600 0 0 0 0
1612915200 0 0 0 0
1612828800 0 0 0 0
1612742400 0 0 0 0
1612656000 0 0 0 0
1612569600 0 0 0 0
1612483200 0 0 0 0
1612396800 0 0 0 0
1612310400 0 0 0 0
1612224000 0 0 0 0
1612137600 0 0 0 0
1612051200 0 0 0 0
1611964800 0 0 0 0
1611878400 0 0 0 0
1611792000 0 0 0 0
1611705600 0 0 0 0
1611619200 0 0 0 0
1611532800 0 0 0 0
1611446400 0 0 0 0
1611360000 0 0 0 0
1611273600 0 0 0 0
1611187200 0 0 0 0
1611100800 0 0 0 0
1611014400 0 0 0 0
1610928000 0 0 0 0
1610841600 0 0 0 0
1610755200 0 0 0 0
1610668800 0 0 0 0
1610582400 0 0 0 0
1610496000 0 0 0 0
1610409600 0 0 0 0
1610323200 0 0 0 0
1610236800 0 0 0 0
1610150400 0 0 0 0
1610064000 0 0 0 0
1609977600 0 0 0 0
1609891200 0 0 0 0
1609804800 0 0 0 0
1609718400 0 0 0 0
1609632000 0 0 0 0
1609545600 0 0 0 0
1609459200 0 0 0 0
1609372800 0 0 0 0
1609286400 0 0 0 0
1609200000 0 0 0 0
1609113600 0 0 0 0
1609027200 0 0 0 0
1608940800 0 0 0 0
1608854400 0 0 0 0
1608768000 0 0 0 0
1608681600 0 0 0 0
1608595200 0 0 0 0
1608508800 0 0 0 0
1608422400 0 0 0 0
1608336000 0 0 0 0
1608249600 0 0 0 0
1608163200 0 0 0 0
1608076800 0 0 0 0
1607990400 0 0 0 0
1607904000 0 0 0 0
1607817600 0 0 0 0
1607731200 0 0 0 0
1607644800 0 0 0 0
1607558400 0 0 0 0
1607472000 0 0 0 0
1607385600 0 0 0 0
1607299200 0 0 0 0
1607212800 0 0 0 0
1607126400 0 0 0 0
1607040000 0 0 0 0
1606953600 0 0 0 0
1606867200 0 0 0 0
1606780800 0 0 0 0
1606694400 0 0 0 0
1606608000 0 0 0 0
1606521600 0 0 0 0
1606435200 0 0 0 0
1606348800 0 0 0 0
1606262400 0 0 0 0
1606176000 0 0 0 0
1606089600 0 0 0 0
1606003200 0 0 0 0
1605916800 0 0 0 0
1605830400 0 0 0 0
1605744000 0 0 0 0
1605657600 0 0 0 0
1605571200 0 0 0 0
1605484800 0 0 0 0
1605398400 0 0 0 0
1605312000 0 0 0 0
1605225600 0 0 0 0
1605139200 0 0 0 0
1605052800 0 0 0 0
1604966400 0 0 0 0
1604880000 0 0 0 0
1604793600 0 0 0 0
1604707200 0 0 0 0
1604620800 0 0 0 0
1604534400 0 0 0 0
1604448000 0 0 0 0
1604361600 0 0 0 0
1604275200 0 0 0 0
1604188800 0 0 0 0
1604102400 0 0 0 0
1604016000 0 0 0 0
1603929600 0 0 0 0
1603843200 0 0 0 0
1603756800 0 0 0 0
1603670400 0 0 0 0
1603584000 0 0 0 0
1603497600 0 0 0 0
1603411200 0 0 0 0
1603324800 0 0 0 0
1603238400 0 0 0 0
1603152000 0 0 0 0
1603065600 0 0 0 0
1602979200 0 0 0 0
1602892800 0 0 0 0
1602806400 0 0 0 0
1602720000 0 0 0 0
1602633600 0 0 0 0
1602547200 0 0 0 0
1602460800 0 0 0 0
1602374400 0 0 0 0
1602288000 0 0 0 0
1602201600 0 0 0 0
1602115200 0 0 0 0
1602028800 0 0 0 0
1601942400 0 0 0 0
1601856000 0 0 0 0
1601769600 0 0 0 0
1601683200 0 0 0 0
1601596800 0 0 0 0
1601510400 0 0 0 0
1601424000 0 0 0 0
1601337600 0 0 0 0
1601251200 0 0 0 0
1601164800 0 0 0 0
1601078400 0 0 0 0
1600992000 0 0 0 0
1600905600 0 0 0 0
1600819200 0 0 0 0
1600732800 0 0 0 0
1600646400 0 0 0 0
1600560000 0 0 0 0
1600473600 0 0 0 0
1600387200 0 0 0 0
1600300800 0 0 0 0
1600214400 0 0 0 0
1600128000 0 0 0 0
1600041600 0 0 0 0
1599955200 0 0 0 0
1599868800 0 0 0 0
1599782400 0 0 0 0
1599696000 0 0 0 0
1599609600 0 0 0 0
1599523200 0 0 0 0
1599436800 0 0 0 0
1599350400 0 0 0 0
1599264000 0 0 0 0
1599177600 0 0 0 0
1599091200 0 0 0 0
1599004800 0 0 0 0
1598918400 0 0 0 0
1598832000 0 0 0 0
1598745600 0 0 0 0
1598659200 0 0 0 0
1598572800 0 0 0 0
1598486400 0 0 0 0
1598400000 0 0 0 0
1598313600 0 0 0 0
1598227200 0 0 0 0
1598140800 0 0 0 0
1598054400 0 0 0 0
1597968000 0 0 0 0
1597881600 0 0 0 0
1597795200 0 0 0 0
1597708800 0 0 0 0
1597622400 0 0 0 0
1597536000 0 0 0 0
1597449600 0 0 0 0
1597363200 0 0 0 0
1597276800 0 0 0 0
1597190400 0 0 0 0
1597104000 0 0 0 0
1597017600 0 0 0 0
1596931200 0 0 0 0
1596844800 0 0 0 0
1596758400 0 0 0 0
1596672000 0 0 0 0
1596585600 0 0 0 0
1596499200 0 0 0 0
1596412800 0 0 0 0
1596326400 0 0 0 0
1596240000 0 0 0 0
1596153600 0 0 0 0
1596067200 0 0 0 0
1595980800 0 0 0 0
1595894400 0 0 0 0
1595808000 0 0 0 0
1595721600 0 0 0 0
1595635200 0 0 0 0
1595548800 0 0 0 0
1595462400 0 0 0 0
1595376000 0 0 0 0
1595289600 0 0 0 0
1595203200 0 0 0 0
1595116800 0 0 0 0
1595030400 0 0 0 0
1594944000 0 0 0 0
1594857600 0 0 0 0
1594771200 0 0 0 0
1594684800 0 0 0 0
1594598400 0 0 0 0
1594512000 0 0 0 0
1594425600 0 0 0 0
1594339200 0 0 0 0
1594252800 0 0 0 0
1594166400 0 0 0 0
1594080000 0 0 0 0
1593993600 0 0 0 0
1593907200 0 0 0 0
1593820800 0 0 0 0
1593734400 0 0 0 0
1593648000 0 0 0 0
1593561600 0 0 0 0
1593475200 0 0 0 0
1593388800 0 0 0 0
1593302400 0 0 0 0
1593216000 0 0 0 0
1593129600 0 0 0 0
1593043200 0 0 0 0
1592956800 0 0 0 0
1592870400 0 0 0 0
1592784000 0 0 0 0
1592697600 0 0 0 0
1592611200 0 0 0 0
1592524800 0 0 0 0
1592438400 0 0 0 0
1592352000 0 0 0 0
1592265600 0 0 0 0
1592179200 0 0 0 0
1592092800 0 0 0 0
1592006400 0 0 0 0
1591920000 0 0 0 0
1591833600 0 0 0 0
1591747200 0 0 0 0
1591660800 0 0 0 0
1591574400 0 0 0 0
1591488000 0 0 0 0
1591401600 0 0 0 0
1591315200 0 0 0 0
1591228800 0 0 0 0
1591142400 0 0 0 0
1591056000 0 0 0 0
1590969600 0 0 0 0
1590883200 0 0 0 0
1590796800 0 0 0 0
1590710400 0 0 0 0
1590624000 0 0 0 0
1590537600 0 0 0 0
1590451200 0 0 0 0
1590364800 0 0 0 0
1590278400 0 0 0 0
1590192000 0 0 0 0
1590105600 0 0 0 0
1590019200 0 0 0 0
1589932800 0 0 0 0
1589846400 0 0 0 0
1589760000 0 0 0 0
1589673600 0 0 0 0
1589587200 0 0 0 0
1589500800 0 0 0 0
1589414400 0 0 0 0
1589328000 0 0 0 0
1589241600 0 0 0 0
1589155200 0 0 0 0
1589068800 0 0 0 0
1588982400 0 0 0 0
