1657800906 15790416496917 4151540060877
1657800906 189444 102768 189444 102768
1657800643 267317 64010 267317 64010
1657800600 265137 65597 267317 85651
1657800300 274671 89083 496232 109601
1657800000 496940 108680 505893 109601
1657799700 507328 97465 525462 102749
1657799400 521865 100057 525462 102749
1657799100 471871 69039 476416 99291
1657798800 423876 98946 425916 99291
1657798500 379586 92541 408274 103986
1657798200 410675 104227 441025 107274
1657797900 438121 107548 441025 120996
1657797600 287738 114386 295847 120996
1657797300 281812 81720 441818 107452
1657797000 441255 107389 441818 107452
1657796700 342849 98838 357425 103182
1657796400 270748 102333 440095 103182
1657796100 435076 92724 440095 94093
1657795800 378690 79280 384336 88747
1657795500 225825 81532 243197 88747
1657795200 126804 44157 171530 84567
1657794900 177289 82992 225524 84567
1657794600 235675 71883 459797 117680
1657794300 455433 115168 459797 117680
1657794000 421956 95890 440787 106665
1657793700 420487 105480 440787 106665
1657793400 153796 83710 163975 90512
1657793100 103239 45993 227029 81329
1657792800 228951 80491 245052 81329
1657792500 276728 74225 471310 78809
1657792200 464638 79325 471310 85012
1657791900 348587 82981 391250 85012
1657791600 94400 70621 213011 70845
1657791300 217732 39308 331059 85972
1657791000 349032 84177 418028 85972
1657790700 363698 75535 418028 77289
1657790400 87843 155544 276681 857266
1657790100 292245 852723 665803 857266
1657789800 662278 697425 665803 743710
1657789500 616043 112309 617736 112563
1657789200 366488 72717 399347 74477
1657788900 420323 53588 672947 90950
1657788600 628578 88410 672947 90950
1657788300 366759 74011 386832 78649
1657788000 385571 78705 386832 87140
1657787700 216752 80555 330203 87140
1657787400 332363 46114 343165 70662
1657787100 333032 71091 343165 73732
1657786800 270026 73729 270791 73732
1657786500 155812 73290 156062 73304
1657786200 174858 73155 315994 76375
1657785900 332493 76564 540988 78964
1657785600 508387 77076 540988 78964
1657785300 229350 61292 235357 61647
1657785000 151929 59047 153446 61647
1657784700 181189 33981 367050 63878
1657784400 385506 65115 495818 72511
1657784100 527363 72875 721140 75113
1657783800 704090 74873 721140 75113
1657783500 478031 71623 613967 71692
1657783200 573865 52202 613967 64958
1657782900 87209 65875 90909 71359
1657782600 72097 70636 160524 71359
1657782300 168198 95060 232476 376106
1657782000 235268 382253 258653 433742
1657781700 254866 420293 258653 433742
1657781400 166701 65296 209238 66959
1657781100 209394 59145 232720 74638
1657780800 266380 74568 426916 74638
1657780500 401837 73316 426916 74239
1657780200 244207 67390 247784 67648
1657779900 204137 64824 263121 72808
1657779600 252038 71515 263121 72808
1657779300 168148 63147 210742 74880
1657779000 245349 75721 535184 82770
1657778700 500931 80054 535184 82770
1657778400 336907 67382 341302 67399
1657778100 312149 67357 432893 78380
1657777800 434275 79392 450171 91037
1657777500 488332 91045 722751 91097
1657777200 696315 90428 722751 91097
1657776900 360327 81972 377944 82378
1657776600 235100 77121 368460 78575
1657776300 367190 68582 368460 69455
1657776000 362252 69507 395765 70172
1657775700 396192 70430 459827 109000
1657775400 444455 102684 459827 109000
1657775100 374631 65988 640200 78613
1657774800 640579 78650 754142 89805
1657774500 724081 88313 754142 89805
1657774200 394398 72250 420349 81204
1657773900 427510 82296 599377 108510
1657773600 587592 106860 599377 108510
1657773300 314393 66947 511034 67275
1657773000 511342 70482 512480 108186
1657772700 518316 106707 592075 108186
1657772400 627440 87191 827843 88028
1657772100 831973 83457 881714 95565
1657771800 818985 113126 881714 176618
1657771500 592317 175554 603938 176618
1657771200 605481 70358 835501 89127
1657770900 803541 87649 835501 89127
1657770600 606226 78536 607218 78573
1657770300 467414 73434 701186 80468
1657770000 703185 80545 751175 82411
1657769700 729817 82027 751175 82411
1657769400 585699 78358 598618 79675
1657769100 432585 63009 522494 81335
1657768800 514746 81096 522494 81335
1657768500 468312 83638 708444 111343
1657768200 693564 109844 708444 111343
1657767900 332056 73615 336458 73881
1657767600 341843 73957 900622 104573
1657767300 873898 102885 900622 104573
1657767000 559083 82959 566582 83476
1657766700 495409 78164 496279 78636
1657766400 484283 72269 484421 81153
1657766100 475298 81644 621054 87853
1657765800 624260 82380 640685 87853
1657765500 642814 56945 669724 89805
1657765200 670204 89809 717746 90232
1657764900 717574 90246 717746 92388
1657764600 690198 92312 691978 92388
1657764300 427293 81014 588657 81017
1657764000 589722 80855 748501 85315
1657763700 701876 84783 748501 85315
1657763400 432709 81397 450899 81921
1657763100 213927 75308 347222 81642
1657762800 334788 80175 347222 81642
1657762500 353887 76209 627054 86385
1657762200 604890 82193 627054 86385
1657761900 425141 55134 452080 66422
1657761600 306768 68229 588319 79030
1657761300 585116 79514 588319 82961
1657761000 574472 81484 618299 82961
1657760700 616121 75501 618299 76148
1657760400 580869 63647 647526 77982
1657760100 636741 78490 647526 90682
1657759800 367252 92130 377911 103853
1657759500 271623 102953 281016 103853
1657759200 193052 92583 195634 95677
1657758900 198456 76724 342186 78489
1657758600 359370 65067 503292 91166
1657758300 522546 94269 640825 113332
1657758000 558723 105412 640825 113332
1657757700 290808 87480 650431 283758
1657757400 641623 269489 650431 283758
1657757100 499409 91624 530325 107018
1657756800 301246 105494 304113 107018
1657756500 263459 86394 265018 89997
1657756200 254965 89659 949083 89997
1657755900 913601 83953 949083 104066
1657755600 618130 103306 639390 104066
1657755300 637095 93804 639390 108364
1657755000 328250 105088 745227 108364
1657754700 731958 65764 745227 91816
1657754400 539927 92090 564294 95553
1657754100 254499 94361 844992 95553
1657753800 831795 64870 844992 77790
1657753500 660174 79592 737996 90663
1657753200 186964 92025 216694 100395
1657752900 238634 101067 515889 109568
1657752600 498385 104994 515889 109568
1657752300 253197 52382 277200 72285
1657752000 159365 72318 161059 73131
1657751700 128881 73853 257217 82982
1657751400 250468 82357 257217 82982
1657751100 163466 72528 165193 74466
1657750800 171013 55032 277169 80310
1657750500 291514 80795 472796 86931
1657750200 467678 82095 472796 86931
1657749900 435550 60032 443272 84004
1657749600 253966 84372 285204 87460
1657749300 291593 87400 329781 87460
1657749000 322696 83857 329781 87044
1657748700 230967 46114 233176 78054
1657748400 197070 76990 203060 78054
1657748100 164557 68786 218621 70455
1657747800 296846 56091 777373 107638
1657747500 803918 108406 1123614 117661
1657747200 1049596 109746 1123614 117661
1657746900 593865 63808 594920 97623
1657746600 547722 96000 580541 97623
1657746300 159066 78252 198442 88973
1657746000 221682 87149 515361 88973
1657745700 541418 66920 887606 104291
1657745400 830316 102787 887606 104291
1657745100 515024 95050 742862 107859
1657744800 650670 103818 742862 107859
1657744500 235517 85988 324200 91202
1657744200 302376 89927 324200 91202
1657743900 42545 73600 114525 74582
1657743600 128929 53774 212737 75536
1657743300 239932 77234 467695 91457
1657743000 466269 92169 467695 110884
1657742700 394184 104141 428813 110884
1657742400 106775 49545 169175 94435
1657742100 246370 97458 720572 116029
1657741800 720126 116024 720572 116029
1657741500 628497 108072 653797 115314
1657741200 469660 66739 473088 81775
1657740900 488047 83545 778935 98378
1657740600 754799 101147 778935 116844
1657740300 655188 114637 794966 116844
1657740000 785765 103564 794966 106338
1657739700 659775 73097 663535 103499
1657739400 643072 103743 653371 105791
1657739100 588917 104431 653371 105791
1657738800 328950 101908 346451 120317
1657738500 225822 113444 397899 120317
1657738200 368652 62650 397899 89231
1657737900 215877 92861 288892 123263
1657737600 295088 122369 431888 123263
1657737300 430187 96763 431888 102633
1657737000 418540 64726 420027 103165
1657736700 410579 103765 547419 111351
1657736400 537740 109811 547419 111351
1657736100 487538 102161 491579 102471
1657735800 391624 92741 398344 95338
1657735500 318031 70629 409298 142675
1657735200 417353 136507 454051 142675
1657734900 429296 109277 454051 116547
1657734600 229778 110042 295116 116547
1657734300 298497 65806 325857 148678
1657734000 382640 248092 596256 622080
1657733700 583701 608266 596256 622080
1657733400 452873 460527 456760 468593
1657733100 361967 279816 455793 541146
1657732800 488801 542024 730867 548467
1657732500 699927 551324 730867 573681
1657732200 493552 571004 680862 573681
1657731900 650837 560965 680862 592371
1657731600 443496 570191 588164 592371
1657731300 565343 423388 588164 453750
1657731000 311365 133142 324854 301522
1657730700 259462 329597 464930 564731
1657730400 432740 561656 464930 564731
1657730100 346872 558449 348581 586565
1657729800 359791 568095 421606 586565
1657729500 382423 456142 421606 518160
1657729200 139882 79771 148241 85478
1657728900 161780 56686 554276 109127
1657728600 560577 109575 1499493 176417
1657728300 1497100 176328 1499493 176417
1657728000 1038490 149426 1140646 163203
1657727700 458267 80701 474414 112003
1657727400 389620 111965 417206 112003
1657727100 413191 107334 417206 119319
1657726800 382633 109944 450902 119319
1657726500 442466 78436 450902 105202
1657726200 470658 107405 772416 115864
1657725900 771013 115893 772416 120254
1657725600 550564 121856 562069 130067
1657725300 498010 126111 578620 130067
1657725000 577257 76397 578620 116331
1657724700 395168 113784 473986 116331
1657724400 443209 104538 473986 106547
1657724100 286069 110352 510575 142225
1657723800 504213 139964 510575 142225
1657723500 323367 85191 351525 85714
1657723200 156645 84048 225362 106802
1657722900 222874 104513 225362 106802
1657722600 225971 88979 447274 90455
1657722300 438453 78021 447274 107722
1657722000 395525 107527 400021 107722
1657721700 421036 106855 653942 110401
1657721400 645950 111226 653942 116159
1657721100 600844 116175 996615 118566
1657720800 991888 117631 996615 118566
1657720500 888012 109571 962856 111894
1657720200 479952 97061 544176 99655
1657719900 529665 98934 544176 99655
1657719600 180396 82330 181411 88094
1657719300 185908 87618 238620 88094
1657719000 235081 85133 238620 85828
1657718700 209333 113914 322694 338414
1657718400 334845 437253 409487 1044410
1657718100 405856 944057 409487 1044410
1657717800 376607 492563 391921 558834
1657717500 293143 96016 395000 96484
1657717200 383621 89929 395000 90114
1657716900 268940 87856 323816 88067
1657716600 333297 63741 389966 107303
1657716300 395736 105502 426802 107303
1657716000 429604 95953 520232 100564
1657715700 522198 100057 545881 100564
1657715400 530740 94460 545881 98702
1657715100 394391 96994 403940 98702
1657714800 179168 63165 232672 90595
1657714500 241564 91015 353932 96333
1657714200 374887 96603 925440 103699
1657713900 887945 100955 925440 103699
1657713600 436614 70425 683765 115982
1657713300 663184 114378 683765 115982
1657713000 592915 111177 592967 129547
1657712700 571729 121717 592498 129547
1657712400 453206 82248 465341 92247
1657712100 265282 92774 317629 105440
1657711800 310921 104536 317629 105440
1657711500 230305 93671 238154 94161
1657711200 263149 103178 550601 206874
1657710900 547685 205795 550601 206874
1657710600 487364 181121 512578 192812
1657710300 342992 114520 351640 118194
1657710000 244079 73997 263774 88004
1657709700 268315 88019 296216 88118
1657709400 327416 90423 703178 118194
1657709100 664762 114049 703178 118194
1657708800 360393 82020 364219 91525
1657708500 272086 92672 364498 122825
1657708200 344433 119270 364498 122825
1657707900 334792 97883 734763 102707
1657707600 693281 77191 734763 91406
1657707300 419121 91398 438470 91406
1657707000 307480 90193 332062 91355
1657706700 341914 83187 460574 84778
1657706400 443115 83541 460574 84778
1657706100 224095 67807 462313 67921
1657705800 475266 53894 638952 92516
1657705500 631917 91457 638952 92516
1657705200 563661 78675 824407 86101
1657704900 789238 85564 824407 86101
1657704600 359835 77615 365690 79101
1657704300 324040 67451 324847 68739
1657704000 322612 55523 363458 75764
1657703700 347296 74630 363458 75764
1657703400 266128 68672 494937 81321
1657703100 475151 81010 494937 81321
1657702800 247847 76243 323890 77093
1657702500 323160 73245 323890 73401
1657702200 218410 55820 242396 89768
1657701900 235700 88639 242396 89768
1657701600 137396 73093 155057 75045
1657701300 32154 61921 52059 66917
1657701000 75668 158094 220700 718183
1657700700 230082 673630 354736 718183
1657700400 342073 78432 354736 81712
1657700100 174678 38758 182065 62320
1657699800 85138 64146 193784 87231
1657699500 202959 85779 318908 87231
1657699200 297555 66379 318908 67437
1657698900 166901 60704 179242 80336
1657698600 174593 77185 179242 80336
1657698300 195121 64360 357089 71500
1657698000 349934 68849 357089 71500
1657697700 261892 37998 290315 69808
1657697400 354559 72889 749204 91822
1657697100 735575 90939 749204 91822
1657696800 536590 78577 563363 79782
1657696500 237201 65357 242097 66033
1657696200 136830 66062 137200 66423
1657695900 159199 66485 454242 67177
1657695600 483908 68852 1195912 109067
1657695300 1044594 106422 1195912 109067
1657695000 321179 113739 355257 265222
1657694700 53218 271850 54574 348072
1657694400 36855 326645 37636 348072
1657694100 25159 66058 27457 68594
1657693800 31136 57152 215868 65152
1657693500 219487 65453 265228 69259
1657693200 276841 72705 374100 101574
1657692900 395920 97221 529962 101574
1657692600 563946 70608 767060 71332
1657692300 700097 70176 767060 71332
1657692000 147554 61029 251998 67690
1657691700 258041 67954 327537 71001
1657691400 330474 75217 348518 101122
1657691100 304393 95366 348518 101122
1657690800 182295 73303 431037 73717
1657690500 501104 71437 931520 74381
1657690200 891881 73972 931520 74381
1657689900 446970 69647 692856 74160
1657689600 696807 74487 791640 82355
1657689300 749436 81625 791640 82355
1657689000 213088 72078 216132 72401
1657688700 330050 69637 1045950 76388
1657688400 1023116 76051 1045950 76388
1657688100 835968 74480 867920 84208
1657687800 799815 81957 867920 84208
1657687500 390824 69478 509142 86503
1657687200 507914 86373 509142 86503
1657686900 350811 67772 677131 77239
1657686600 682309 77146 747743 77239
1657686300 751495 77934 796691 101452
1657686000 791917 100368 796691 101452
1657685700 732463 86631 860840 86678
1657685400 940675 80376 1241011 82862
1657685100 1166800 82133 1241011 82862
1657684800 511286 73531 545289 76035
1657684500 344031 61869 352820 61941
1657684200 145594 62678 303469 71999
1657683900 306641 72235 541372 89768
1657683600 529711 89945 541372 91007
1657683300 420698 86938 460019 91007
1657683000 202962 63490 410977 73977
1657682700 410508 74029 410977 81834
1657682400 344711 81661 378615 81834
1657682100 339790 83413 378615 98675
1657681800 159988 91288 180561 98675
1657681500 201594 63787 454914 74046
1657681200 451554 74599 454914 81590
1657680900 415727 82602 499356 95398
1657680600 458348 90164 499356 95398
1657680300 301747 71048 312068 83375
1657680000 297471 86924 312068 100275
1657679700 222141 117980 242563 218310
1657679400 106644 197198 108024 218310
1657679100 108771 67839 118220 71973
1657678800 151430 73282 355435 81328
1657678500 362679 81741 407180 84280
1657678200 401430 84194 407180 84280
1657677900 324679 83401 328772 85148
1657677600 300292 77917 303806 85148
1657677300 303743 47690 303806 76743
1657677000 289093 75624 303221 76743
1657676700 103106 60889 356799 80384
1657676400 348756 79689 356799 80384
1657676100 291086 74188 525299 91302
1657675800 516542 90884 525299 91302
1657675500 284170 79363 306375 80871
1657675200 102844 66530 104520 67167
1657674900 93614 62455 252388 62618
1657674600 251784 38482 252388 70556
1657674300 149835 71163 161918 74893
1657674000 89786 76595 268867 98113
1657673700 274450 96722 308748 98113
1657673400 307759 88197 308748 91008
1657673100 155184 89937 160516 91008
1657672800 112169 82151 115025 103264
1657672500 115274 102937 116808 103264
1657672200 122100 97549 188977 100933
1657671900 196227 61571 240763 103186
1657671600 225645 99962 240763 103186
1657671300 62726 66386 129846 87870
1657671000 129418 87797 129846 87870
1657670700 92663 75939 194017 76981
1657670400 216261 73850 497355 96942
1657670100 498901 96764 508143 96942
1657669800 516624 94744 739444 95702
1657669500 708982 72854 739444 88450
1657669200 527642 86382 563705 88450
1657668900 308417 73761 651167 85094
1657668600 648609 85161 651167 95202
1657668300 268933 92770 277552 95202
1657668000 277195 77601 277552 77831
1657667700 223392 43556 224118 71535
1657667400 150622 73338 596148 96126
1657667100 560962 94228 596148 96126
1657666800 363099 80570 520224 82890
1657666500 506674 52205 520224 74934
1657666200 187352 73441 209913 74934
1657665900 209786 68206 209913 141994
1657665600 173729 133879 190939 141994
1657665300 44526 66722 171332 68224
1657665000 171006 47968 171332 81111
1657664700 120505 80356 122491 81111
1657664400 96457 71004 109691 73363
1657664100 113654 73446 161387 74455
1657663800 160763 74445 161387 74455
1657663500 82708 73694 269576 81817
1657663200 265065 81185 269576 81817
1657662900 198323 74301 210742 78641
1657662600 154550 75342 269109 78641
1657662300 295733 66561 490976 93159
1657662000 430913 90316 490976 93159
1657661700 85195 71272 146983 72858
1657661400 154255 65839 246152 67059
1657661100 261424 55639 355243 87622
1657660800 344092 87058 355243 87622
1657660500 198026 79024 203192 79939
1657660200 149740 69200 325694 84153
1657659900 325280 83896 325694 84153
1657659600 314571 51962 618713 89898
1657659300 586848 89863 618713 89898
1657659000 380992 83611 401454 89664
1657658700 305358 59966 410053 84859
1657658400 438273 86740 611631 98299
1657658100 599323 98257 611631 98299
1657657800 487070 96340 525768 98010
1657657500 250872 85958 476738 86083
1657657200 477867 69290 491476 92025
1657656900 492944 92126 711811 107312
1657656600 663359 107100 711811 107312
1657656300 377090 104059 445004 105802
1657656000 445351 93577 497078 93643
1657655700 503925 86712 544853 103647
1657655400 544265 103606 544853 103647
1657655100 487532 98210 536843 103091
1657654800 302967 78499 314812 79849
1657654500 360983 70569 534677 104897
1657654200 605682 108414 1422245 148869
1657653900 1355356 143395 1422245 148869
1657653600 510000 74378 510132 96654
1657653300 467064 95907 490408 96654
1657653000 242656 90463 642528 113083
1657652700 626059 109127 642528 113083
1657652400 393577 67670 427723 96474
1657652100 241580 95916 299297 96474
1657651800 300346 91714 325533 99202
1657651500 351693 99071 570787 99202
1657651200 579429 96315 688635 97982
1657650900 673133 77016 688635 98231
1657650600 484887 98208 486444 98231
1657650300 340210 95722 465589 95982
1657650000 504874 94291 746197 106694
1657649700 736541 107236 746197 114096
1657649400 604658 125989 614525 269224
1657649100 500174 256278 588293 269224
1657648800 573125 166826 588293 176757
1657648500 475739 161302 482471 809555
1657648200 416574 708298 544042 809555
1657647900 548684 116634 604600 119172
1657647600 580467 87913 604600 99227
1657647300 457135 100181 578764 104840
1657647000 577942 104723 578764 104840
1657646700 571805 103607 754356 104654
1657646400 742896 104564 754356 104654
1657646100 588687 103389 598088 103439
1657645800 487456 103186 581159 106270
1657645500 568686 98571 581159 106270
1657645200 516887 69335 520806 92899
1657644900 236920 92425 275358 92899
1657644600 254135 90411 275358 90609
1657644300 128164 90947 137718 109820
1657644000 165913 109754 379393 109820
1657643700 423344 107793 592061 109261
1657643400 589197 102000 592061 102161
1657643100 169403 79679 255373 100744
1657642800 245971 100831 255373 101883
1657642500 181466 103070 472684 110167
1657642200 450243 105086 472684 110167
1657641900 298538 67800 601973 111912
1657641600 686295 119469 1176901 163442
1657641300 1202714 165611 1499571 190565
1657641000 1499896 193419 1504003 229495
1657640700 1503887 235601 1504003 491184
1657640400 1378446 437278 1499073 491184
1657640100 826793 194096 864199 207472
1657639800 593670 112623 597020 120254
1657639500 561073 123262 614779 161277
1657639200 636522 161775 925400 168394
1657638900 981369 168583 1504395 170354
1657638600 1503599 173147 1504395 208441
1657638300 1418444 200442 1493550 208441
1657638000 963696 152138 1014152 157385
1657637700 323958 85529 326129 85839
1657637400 128314 58811 278947 89125
1657637100 285750 89910 464501 110548
1657636800 445483 110166 464501 110548
1657636500 271288 106645 286213 106968
1657636200 201985 104085 335726 104663
1657635900 331389 101961 335726 133863
1657635600 223738 130061 227318 133863
1657635300 191514 83160 269246 89977
1657635000 281139 90341 380743 93393
1657634700 375285 91994 380743 93393
1657634400 353930 86295 386939 92917
1657634100 365319 87028 386939 92917
1657633800 239338 53063 239535 97179
1657633500 221164 96280 284235 97179
1657633200 287109 90428 303400 91191
1657632900 302338 86131 303400 89526
1657632600 148850 117045 208513 464798
1657632300 221091 481023 380034 686051
1657632000 358077 686471 380034 691779
1657631700 103581 630323 240782 691779
1657631400 226326 238714 240782 263020
1657631100 148978 97009 223274 97301
1657630800 226959 93848 323774 94989
1657630500 319547 94450 323774 94989
1657630200 330473 95676 531484 120524
1657629900 543552 120521 637967 120524
1657629600 587452 118079 637967 120499
1657629300 417698 105083 494643 109333
1657629000 492636 84733 494643 113338
1657628700 487922 114617 568074 130028
1657628400 549712 128781 568074 130028
1657628100 339200 115014 342964 118329
1657627800 340397 118137 342964 118329
1657627500 156746 106378 228631 134372
1657627200 236165 130207 306577 134372
1657626900 310214 91623 340683 94403
1657626600 351551 98857 418316 126222
1657626300 391295 115919 418316 126222
1657626000 340644 95856 441612 116393
1657625700 483847 126978 642734 166801
1657625400 642414 166528 642734 166801
1657625100 590574 122928 594814 125875
1657624800 566192 102137 575584 104830
1657624500 579032 89027 607916 106984
1657624200 603131 106889 607916 106984
1657623900 496132 105346 497511 112258
1657623600 466068 110444 478707 112258
1657623300 285319 89075 327043 90497
1657623000 99478 79339 132513 82451
1657622700 152920 69855 398702 99462
1657622400 398472 99118 398702 99462
1657622100 401267 56863 622626 109865
1657621800 593327 109844 622626 109865
1657621500 266463 106837 271044 109622
1657621200 255362 85565 468616 101571
1657620900 395503 89520 468616 101571
1657620000 308027 75305 547655 103810
1657618200 219894 83713 354827 94897
1657616400 186141 73692 352931 94555
1657614600 166391 70450 227240 91949
1657612800 158546 65598 467261 75246
1657611000 171127 65156 467261 91466
1657609200 198893 70729 316416 99037
1657607400 113587 70575 213848 115794
1657605600 139902 63683 257833 67908
1657603800 273587 76071 364730 103274
1657602000 251389 69371 371853 78951
1657600200 377456 79547 635131 99710
1657598400 602531 89477 733518 129608
1657596600 561342 84816 742424 229513
1657594800 620011 111899 754105 229513
1657593000 528197 83095 671798 89505
1657591200 182600 71587 271304 77979
1657589400 274144 71597 328380 77466
1657587600 217174 90759 330779 128649
1657585800 189356 72829 386800 100376
1657584000 337062 91158 498502 119355
1657582200 416072 85755 538034 101707
1657580400 451553 90490 675176 128418
1657578600 138580 78577 237943 97429
1657576800 230486 85071 341784 110652
1657575000 196758 81073 302410 97972
1657573200 229691 82819 356168 101587
1657571400 228337 76710 312974 93916
1657569600 286493 87519 491305 97296
1657567800 371675 88882 495074 104352
1657566000 540835 96954 605059 126542
1657564200 464045 93251 699497 105194
1657562400 316341 238396 444029 822599
1657560600 292175 92372 594753 122931
1657558800 466805 111524 594753 206159
1657557000 219054 133934 546167 366902
1657555200 384210 109943 625225 125498
1657553400 340520 91245 569123 105002
1657551600 241312 92782 310758 115751
1657549800 406518 104032 721855 126597
1657548000 310150 100157 359270 121818
1657546200 238083 359167 288188 690939
1657544400 225230 90936 363680 122834
1657542600 479330 89812 804308 110159
1657540800 265605 91830 665300 127448
1657539000 629015 100496 876688 132330
1657537200 389666 90174 714913 107807
1657535400 415488 113266 714913 180693
1657533600 252377 77205 372967 130180
1657531800 222418 69122 637692 104220
1657530000 323709 74020 637692 92747
1657528200 192615 69954 505834 100170
1657526400 75654 68105 188764 94329
1657524600 125886 316891 164477 1327345
1657522800 106820 73563 164254 113988
1657521000 66314 62499 166538 82271
1657519200 66037 72830 121102 114058
1657517400 172657 61449 300798 91690
1657515600 173029 78744 251774 118617
1657513800 78511 74572 175799 103505
1657512000 148346 82494 212704 136685
1657510200 324233 77389 540444 87002
1657508400 117351 50717 255230 142522
1657506600 128076 83047 195908 169292
1657504800 1073203 82089 1499485 122697
1657503000 1409104 105016 1510160 122697
1657501200 245173 54636 351899 61286
1657499400 157504 52755 261619 68268
1657497600 110584 50248 345525 58109
1657495800 242686 52922 345525 62402
1657494000 185305 53241 396182 61206
1657492200 324746 71494 548495 103579
1657490400 379638 62084 492865 68154
1657488600 240661 65929 492865 74844
1657486800 247929 56106 388865 65519
1657485000 421468 59790 926906 72435
1657483200 263448 54235 339908 73502
1657481400 178434 58192 288332 74667
1657479600 183550 54017 398360 69621
1657477800 290184 61962 474468 72720
1657476000 117102 50533 359885 63814
1657474200 185628 57850 359885 63814
1657472400 231277 53270 398665 64182
1657470600 260498 57714 713163 79216
1657468800 190306 51963 271944 61104
1657467000 97868 49886 274865 55387
1657465200 109316 48288 274865 58151
1657463400 134984 48030 341832 55177
1657461600 207279 48481 379303 53562
1657459800 68176 322280 219854 1444290
1657458000 116680 51942 250383 86907
1657456200 156007 52702 264833 60970
1657454400 108627 46508 218577 60970
1657452600 160448 46786 330310 55690
1657450800 141791 42724 285766 49110
1657449000 147339 46949 300851 62593
1657447200 241273 45466 383539 62593
1657445400 226246 46302 331866 67107
1657443600 310251 48644 555640 77859
1657441800 135867 65688 218604 207844
1657440000 81872 36361 199285 49614
1657438200 35198 34238 114720 44863
1657436400 16263 36211 24493 45073
1657434600 31794 98602 135954 330526
1657432800 72420 42768 248176 47079
1657431000 103261 45455 252210 58901
1657429200 172527 48131 334600 55122
1657427400 88566 47740 244301 51564
1657425600 178332 47522 306602 59226
1657423800 74938 49865 181361 72932
1657422000 100741 50999 175391 58941
1657420200 74495 56350 195364 72497
1657418400 278854 56896 499058 75463
1657416600 795199 75607 1128969 85983
1657414800 601122 68602 766266 83154
1657413000 590837 73516 692663 84977
1657411200 456815 68986 692663 91003
1657409400 150022 73548 368343 216058
1657407600 244930 201676 357492 225173
1657405800 132054 111729 324950 211875
1657404000 294291 60251 463153 67356
1657402200 217776 58224 374381 74716
1657400400 241801 62501 732775 78544
1657398600 789421 67334 863090 76331
1657396800 406614 64178 713338 86522
1657395000 651843 71829 903708 88239
1657393200 204788 62601 338865 76863
1657391400 147328 58804 338865 74081
1657389600 143621 64280 255121 71530
1657387800 117263 59364 216664 70165
1657386000 188906 61106 350543 72868
1657384200 48351 58081 105994 76033
1657382400 82209 61838 136963 76033
1657380600 347271 67317 468528 81459
1657378800 346667 66404 471242 83441
1657377000 208727 66089 360590 87572
1657375200 166063 58922 319410 71515
1657373400 140573 327346 234366 960119
1657371600 156025 59322 473715 91366
1657369800 83681 56112 189333 67528
1657368000 253966 65757 396130 87928
1657366200 340759 63363 519453 73939
1657364400 238376 60747 378114 73939
1657362600 259892 65900 385723 82117
1657360800 167099 52915 227656 72628
1657359000 122332 51529 382056 72777
1657357200 127792 50091 382056 64956
1657355400 107228 444281 216500 1378482
1657353600 60998 93751 148780 281595
1657351800 156641 60147 253983 94593
1657350000 157732 63351 237457 118036
1657348200 102343 51654 179758 56362
1657346400 130597 62682 336784 99362
1657344600 419798 62723 650940 85551
1657342800 324499 62248 423201 78692
1657341000 301802 62222 514720 77425
1657339200 297243 55645 514720 63542
1657337400 254572 55910 518766 121796
1657335600 238828 80356 373470 121796
1657333800 188615 71016 364212 87555
1657332000 302735 74146 431895 93412
1657330200 422720 79896 790222 89373
1657328400 462225 79809 819903 99959
1657326600 527472 90853 819903 117103
1657324800 502665 82853 660323 108119
1657323000 440904 77800 617404 91562
1657321200 179258 72232 499018 82038
1657319400 293343 68554 544767 86899
1657317600 557160 133839 1066088 219175
1657315800 609419 130705 1066088 213846
1657314000 452862 78928 651687 99057
1657312200 476512 92006 596676 148904
1657310400 733082 106774 1162183 395682
1657308600 584133 552041 868576 770003
1657306800 681175 744581 1057782 1047718
1657305000 517105 580067 638846 925530
1657303200 464525 421995 590883 541781
1657301400 294062 99760 620652 176395
1657299600 368750 143989 620652 308917
1657297800 253839 79565 340140 113466
1657296000 465367 104896 815085 134124
1657294200 397127 89187 535158 107759
1657292400 748809 179171 1498701 953022
1657290600 448075 265184 884487 953022
1657288800 313776 102649 1278455 178322
1657287000 370327 391688 1278455 911392
1657285200 270208 89897 542347 118071
1657283400 340478 504412 520291 1071487
1657281600 445670 577560 636077 1071487
1657279800 354186 237752 564068 535014
1657278000 299275 123126 450255 243880
1657276200 338639 81235 418072 89035
1657274400 224836 68540 372317 83204
1657272600 394096 158819 725727 429311
1657270800 240653 451591 359208 1522786
1657269000 111773 129695 194095 396012
1657267200 103001 69372 194095 98652
1657265400 165139 74665 243143 83031
1657263600 46754 67784 118035 97935
1657261800 68949 71878 146730 96833
1657260000 112893 78532 239586 108837
1657258200 157614 78012 441972 98681
1657256400 370739 84081 448480 92527
1657254600 470153 81200 797897 96327
1657252800 430771 82858 610707 101537
1657251000 360039 80121 570152 89338
1657249200 322212 77295 498042 186654
1657247400 389882 98888 533151 186654
1657245600 208598 70194 412607 94466
1657243800 141919 69623 309432 95036
1657242000 118514 81677 221390 95036
1657240200 354561 89150 618516 126229
1657238400 544473 92183 715163 109250
1657236600 356451 92168 490938 111932
1657234800 133119 79672 213374 102907
1657233000 473036 99758 681724 114114
1657231200 457194 79466 961147 99989
1657229400 375165 82442 553680 111640
1657227600 299601 77632 451106 92960
1657225800 256993 80882 681561 120995
1657224000 504430 89954 681561 120995
1657222200 341315 95774 503151 118224
1657220400 353147 81376 585872 102287
1657218600 359011 87316 595389 104662
1657216800 373504 101146 595389 121828
1657215000 395176 164647 607953 513544
1657213200 464714 105265 632861 125331
1657211400 269009 125563 613161 293490
1657209600 446389 110430 636382 142201
1657207800 278344 98086 492750 136487
1657206000 341982 97346 399856 116265
1657204200 355364 102818 464135 170850
1657202400 416853 121837 678955 207445
1657200600 175737 367824 488504 1291984
1657198800 336469 91043 488504 113606
1657197000 404317 101659 546725 123940
1657195200 479949 98074 799318 131821
1657193400 502379 103550 887784 121741
1657191600 547622 89879 940314 130947
1657189800 440705 99378 621003 121231
1657188000 363771 79559 472994 101361
1657186200 308207 89386 634038 123625
1657184400 528674 92872 1194493 135150
1657182600 274209 87728 351053 120736
1657180800 195933 123515 328356 425221
1657179000 332681 77762 428843 86502
1657177200 211614 76467 354904 114287
1657175400 303273 69869 694748 97321
1657173600 431915 77109 717271 97321
1657171800 556316 80400 741566 97664
1657170000 698558 85272 845958 96906
1657168200 484421 79070 573969 128332
1657166400 493581 90909 729283 128332
1657164600 471243 91858 614200 108255
1657162800 367560 105231 1486739 222141
1657161000 879188 99376 1486739 131389
1657159200 684580 99185 861785 119276
1657157400 518732 82145 693752 96881
1657155600 589511 89214 762220 129392
1657153800 666053 91524 1297310 111395
1657152000 553679 92635 831461 119822
1657150200 400226 86852 641518 106275
1657148400 424425 89768 639213 118025
1657146600 391248 93920 537023 114466
1657144800 322361 85970 453417 121722
1657143000 270281 81064 639969 113387
1657141200 407381 90110 614520 101652
1657139400 469867 89852 644092 126537
1657137600 472816 106778 644092 136376
1657135800 586226 121948 758246 200664
1657134000 515507 106957 734473 155992
1657132200 677126 107996 902589 129082
1657130400 324698 78863 643836 129082
1657128600 458651 90950 732844 153881
1657126800 635358 330594 1485357 1032215
1657125000 211373 98221 268079 149421
1657123200 330385 103101 659167 128667
1657121400 451733 102543 737549 125141
1657119600 349558 101668 522839 124930
1657117800 293434 92083 430764 115687
1657116000 363225 92473 544281 115687
1657114200 287772 354501 466412 1370332
1657112400 358783 107247 457766 147486
1657110600 396810 103111 597863 132604
1657108800 594583 173570 810619 540835
1657107000 609608 175709 810619 459962
1657105200 572557 164411 882329 304113
1657103400 556418 382992 832679 555405
1657101600 701870 166070 924198 455971
1657099800 402055 132794 713141 401707
1657098000 491510 89164 713141 108436
1657096200 315744 79487 442251 91098
1657094400 126878 69249 229694 85575
1657092600 178093 67963 375246 88864
1657090800 144811 70695 416817 90360
1657089000 140137 71792 416817 82660
1657087200 195447 81441 302846 107130
1657085400 347309 72439 642498 80353
1657083600 379549 88767 540190 102501
1657081800 365673 86108 493739 94170
1657080000 387366 87121 598834 160797
1657078200 615616 198046 738272 286246
1657076400 666167 343497 1005047 629972
1657074600 595844 375668 750558 629972
1657072800 484233 289735 669112 386673
1657071000 510253 175347 668346 279747
1657069200 357289 81122 514785 105975
1657067400 856221 115675 1460612 185761
1657065600 609439 98040 863069 120416
1657063800 468775 86830 1011521 122108
1657062000 259575 74171 598072 99121
1657060200 363226 97343 598072 112738
1657058400 307714 82468 516942 107263
1657056600 264400 88224 520432 101505
1657054800 423400 85327 714436 108738
1657053000 486800 96318 640155 111999
1657051200 540366 99131 743638 113485
1657049400 519165 100622 1148625 124936
1657047600 693404 104216 1148625 128520
1657045800 694047 109013 837383 132233
1657044000 852928 128314 1138920 142670
1657042200 513880 117802 894319 190468
1657040400 583390 168809 942085 279007
1657038600 228113 92524 420577 114911
1657036800 353872 99294 559484 113957
1657035000 349873 131915 459871 180649
1657033200 511597 182518 821179 241926
1657031400 319183 252356 432778 267684
1657029600 238224 255103 396290 286873
1657027800 179934 276653 293183 321633
1657026000 229248 138733 293183 188243
1657024200 292592 94547 453257 157136
1657022400 284749 102922 453257 157136
1657020600 494872 106019 806548 123619
1657018800 609073 90961 856920 108689
1657017000 238110 81358 728873 111358
1657015200 386508 79936 728873 111358
1657013400 376800 85625 591560 104613
1657011600 226826 73212 326038 85661
1657009800 247951 77473 413787 92204
1657008000 140024 74897 372980 128554
1657006200 123747 69688 238556 78972
1657004400 55383 67225 109691 76349
1657002600 75873 70369 348232 89365
1657000800 319332 79661 455924 107764
1656999000 380873 77518 445405 85396
1656997200 343634 86405 517589 103652
1656995400 302985 77048 455429 90303
1656993600 346736 80316 482213 111557
1656991800 301267 78208 513900 119008
1656990000 388183 105820 654185 174771
1656988200 280309 73855 450177 84158
1656986400 390742 85016 534161 110318
1656984600 415820 89494 828644 110318
1656982800 530065 99441 672286 111516
1656981000 327962 83420 534872 101916
1656979200 258878 89546 551344 109302
1656977400 275704 85020 490398 126767
1656975600 331780 85665 427777 111059
1656973800 380257 90846 522411 139356
1656972000 248978 105391 339671 211477
1656970200 317207 78425 431024 102294
1656968400 394015 93027 613679 117519
1656966600 432789 96998 613679 169130
1656964800 395525 95138 493622 113113
1656963000 401401 94997 531450 121398
1656961200 485885 97766 805457 125857
1656959400 505626 102769 674354 116991
1656957600 409238 98058 595536 122220
1656955800 85691 17586 595536 122220
1656954000 0 0 0 0
1656952200 0 0 0 0
1656950400 0 0 0 0
1656948600 0 0 0 0
1656946800 0 0 0 0
1656945000 0 0 0 0
1656943200 0 0 0 0
1656941400 0 0 0 0
1656939600 0 0 0 0
1656937800 0 0 0 0
1656936000 0 0 0 0
1656934200 0 0 0 0
1656932400 0 0 0 0
1656930600 0 0 0 0
1656928800 0 0 0 0
1656927000 0 0 0 0
1656925200 0 0 0 0
1656923400 0 0 0 0
1656921600 0 0 0 0
1656919800 0 0 0 0
1656918000 0 0 0 0
1656916200 0 0 0 0
1656914400 0 0 0 0
1656912600 0 0 0 0
1656910800 0 0 0 0
1656909000 0 0 0 0
1656907200 0 0 0 0
1656905400 0 0 0 0
1656903600 0 0 0 0
1656901800 0 0 0 0
1656900000 0 0 0 0
1656898200 0 0 0 0
1656896400 0 0 0 0
1656894600 0 0 0 0
1656892800 0 0 0 0
1656891000 0 0 0 0
1656889200 0 0 0 0
1656887400 0 0 0 0
1656885600 0 0 0 0
1656883800 0 0 0 0
1656882000 0 0 0 0
1656880200 0 0 0 0
1656878400 0 0 0 0
1656876600 0 0 0 0
1656874800 0 0 0 0
1656873000 0 0 0 0
1656871200 0 0 0 0
1656869400 0 0 0 0
1656867600 0 0 0 0
1656865800 0 0 0 0
1656864000 0 0 0 0
1656862200 0 0 0 0
1656860400 0 0 0 0
1656858600 0 0 0 0
1656856800 0 0 0 0
1656855000 0 0 0 0
1656853200 0 0 0 0
1656851400 0 0 0 0
1656849600 0 0 0 0
1656847800 0 0 0 0
1656846000 0 0 0 0
1656844200 0 0 0 0
1656842400 0 0 0 0
1656840600 0 0 0 0
1656838800 0 0 0 0
1656837000 0 0 0 0
1656835200 0 0 0 0
1656833400 0 0 0 0
1656831600 0 0 0 0
1656829800 0 0 0 0
1656828000 0 0 0 0
1656826200 0 0 0 0
1656824400 0 0 0 0
1656822600 0 0 0 0
1656820800 0 0 0 0
1656819000 0 0 0 0
1656817200 0 0 0 0
1656815400 0 0 0 0
1656813600 0 0 0 0
1656811800 0 0 0 0
1656810000 0 0 0 0
1656808200 0 0 0 0
1656806400 0 0 0 0
1656804600 0 0 0 0
1656802800 0 0 0 0
1656801000 0 0 0 0
1656799200 0 0 0 0
1656797400 0 0 0 0
1656795600 0 0 0 0
1656793800 0 0 0 0
1656792000 0 0 0 0
1656790200 0 0 0 0
1656788400 0 0 0 0
1656786600 0 0 0 0
1656784800 0 0 0 0
1656783000 0 0 0 0
1656781200 0 0 0 0
1656779400 0 0 0 0
1656777600 0 0 0 0
1656775800 0 0 0 0
1656774000 0 0 0 0
1656772200 0 0 0 0
1656770400 0 0 0 0
1656768600 0 0 0 0
1656766800 0 0 0 0
1656765000 0 0 0 0
1656763200 0 0 0 0
1656761400 0 0 0 0
1656759600 0 0 0 0
1656757800 0 0 0 0
1656756000 0 0 0 0
1656754200 0 0 0 0
1656752400 0 0 0 0
1656750600 0 0 0 0
1656748800 0 0 0 0
1656747000 0 0 0 0
1656745200 0 0 0 0
1656743400 0 0 0 0
1656741600 0 0 0 0
1656739800 0 0 0 0
1656738000 0 0 0 0
1656736200 0 0 0 0
1656734400 0 0 0 0
1656732600 0 0 0 0
1656730800 0 0 0 0
1656729000 0 0 0 0
1656727200 0 0 0 0
1656725400 0 0 0 0
1656723600 0 0 0 0
1656721800 0 0 0 0
1656720000 0 0 0 0
1656718200 0 0 0 0
1656716400 0 0 0 0
1656714600 0 0 0 0
1656712800 0 0 0 0
1656711000 0 0 0 0
1656709200 0 0 0 0
1656707400 0 0 0 0
1656705600 0 0 0 0
1656703800 0 0 0 0
1656702000 0 0 0 0
1656700200 0 0 0 0
1656698400 0 0 0 0
1656696600 0 0 0 0
1656694800 0 0 0 0
1656693000 0 0 0 0
1656691200 0 0 0 0
1656689400 0 0 0 0
1656687600 0 0 0 0
1656685800 0 0 0 0
1656684000 0 0 0 0
1656682200 0 0 0 0
1656680400 0 0 0 0
1656678600 0 0 0 0
1656676800 0 0 0 0
1656675000 0 0 0 0
1656673200 0 0 0 0
1656671400 0 0 0 0
1656669600 0 0 0 0
1656667800 0 0 0 0
1656666000 0 0 0 0
1656664200 0 0 0 0
1656662400 0 0 0 0
1656660600 0 0 0 0
1656658800 0 0 0 0
1656657000 0 0 0 0
1656655200 0 0 0 0
1656653400 0 0 0 0
1656651600 0 0 0 0
1656649800 0 0 0 0
1656648000 0 0 0 0
1656646200 0 0 0 0
1656644400 0 0 0 0
1656642600 0 0 0 0
1656640800 0 0 0 0
1656639000 0 0 0 0
1656637200 0 0 0 0
1656635400 0 0 0 0
1656633600 0 0 0 0
1656631800 0 0 0 0
1656630000 0 0 0 0
1656628200 0 0 0 0
1656626400 0 0 0 0
1656624600 0 0 0 0
1656622800 0 0 0 0
1656621000 0 0 0 0
1656619200 0 0 0 0
1656617400 0 0 0 0
1656615600 0 0 0 0
1656613800 0 0 0 0
1656612000 0 0 0 0
1656610200 0 0 0 0
1656608400 0 0 0 0
1656606600 0 0 0 0
1656604800 0 0 0 0
1656603000 0 0 0 0
1656601200 0 0 0 0
1656599400 0 0 0 0
1656597600 0 0 0 0
1656595800 0 0 0 0
1656594000 0 0 0 0
1656592200 0 0 0 0
1656590400 0 0 0 0
1656588600 0 0 0 0
1656586800 0 0 0 0
1656585000 0 0 0 0
1656583200 0 0 0 0
1656581400 0 0 0 0
1656579600 0 0 0 0
1656577800 0 0 0 0
1656576000 0 0 0 0
1656574200 0 0 0 0
1656572400 0 0 0 0
1656570600 0 0 0 0
1656568800 0 0 0 0
1656567000 0 0 0 0
1656565200 0 0 0 0
1656563400 0 0 0 0
1656561600 0 0 0 0
1656559800 0 0 0 0
1656558000 0 0 0 0
1656556200 0 0 0 0
1656554400 0 0 0 0
1656552600 0 0 0 0
1656550800 0 0 0 0
1656549000 0 0 0 0
1656547200 0 0 0 0
1656545400 0 0 0 0
1656543600 0 0 0 0
1656541800 0 0 0 0
1656540000 0 0 0 0
1656532800 0 0 0 0
1656525600 0 0 0 0
1656518400 0 0 0 0
1656511200 0 0 0 0
1656504000 0 0 0 0
1656496800 0 0 0 0
1656489600 0 0 0 0
1656482400 0 0 0 0
1656475200 0 0 0 0
1656468000 0 0 0 0
1656460800 0 0 0 0
1656453600 0 0 0 0
1656446400 0 0 0 0
1656439200 0 0 0 0
1656432000 0 0 0 0
1656424800 0 0 0 0
1656417600 0 0 0 0
1656410400 0 0 0 0
1656403200 0 0 0 0
1656396000 0 0 0 0
1656388800 0 0 0 0
1656381600 0 0 0 0
1656374400 0 0 0 0
1656367200 0 0 0 0
1656360000 0 0 0 0
1656352800 0 0 0 0
1656345600 0 0 0 0
1656338400 0 0 0 0
1656331200 0 0 0 0
1656324000 0 0 0 0
1656316800 0 0 0 0
1656309600 0 0 0 0
1656302400 0 0 0 0
1656295200 0 0 0 0
1656288000 0 0 0 0
1656280800 0 0 0 0
1656273600 0 0 0 0
1656266400 0 0 0 0
1656259200 0 0 0 0
1656252000 0 0 0 0
1656244800 0 0 0 0
1656237600 0 0 0 0
1656230400 0 0 0 0
1656223200 0 0 0 0
1656216000 0 0 0 0
1656208800 0 0 0 0
1656201600 0 0 0 0
1656194400 0 0 0 0
1656187200 0 0 0 0
1656180000 0 0 0 0
1656172800 0 0 0 0
1656165600 0 0 0 0
1656158400 0 0 0 0
1656151200 0 0 0 0
1656144000 0 0 0 0
1656136800 0 0 0 0
1656129600 0 0 0 0
1656122400 0 0 0 0
1656115200 0 0 0 0
1656108000 0 0 0 0
1656100800 0 0 0 0
1656093600 0 0 0 0
1656086400 0 0 0 0
1656079200 0 0 0 0
1656072000 0 0 0 0
1656064800 0 0 0 0
1656057600 0 0 0 0
1656050400 0 0 0 0
1656043200 0 0 0 0
1656036000 0 0 0 0
1656028800 0 0 0 0
1656021600 0 0 0 0
1656014400 0 0 0 0
1656007200 0 0 0 0
1656000000 0 0 0 0
1655992800 0 0 0 0
1655985600 0 0 0 0
1655978400 0 0 0 0
1655971200 0 0 0 0
1655964000 0 0 0 0
1655956800 0 0 0 0
1655949600 0 0 0 0
1655942400 0 0 0 0
1655935200 0 0 0 0
1655928000 0 0 0 0
1655920800 0 0 0 0
1655913600 0 0 0 0
1655906400 0 0 0 0
1655899200 0 0 0 0
1655892000 0 0 0 0
1655884800 0 0 0 0
1655877600 0 0 0 0
1655870400 0 0 0 0
1655863200 0 0 0 0
1655856000 0 0 0 0
1655848800 0 0 0 0
1655841600 0 0 0 0
1655834400 0 0 0 0
1655827200 0 0 0 0
1655820000 0 0 0 0
1655812800 0 0 0 0
1655805600 0 0 0 0
1655798400 0 0 0 0
1655791200 0 0 0 0
1655784000 0 0 0 0
1655776800 0 0 0 0
1655769600 0 0 0 0
1655762400 0 0 0 0
1655755200 0 0 0 0
1655748000 0 0 0 0
1655740800 0 0 0 0
1655733600 0 0 0 0
1655726400 0 0 0 0
1655719200 0 0 0 0
1655712000 0 0 0 0
1655704800 0 0 0 0
1655697600 0 0 0 0
1655690400 0 0 0 0
1655683200 0 0 0 0
1655676000 0 0 0 0
1655668800 0 0 0 0
1655661600 0 0 0 0
1655654400 0 0 0 0
1655647200 0 0 0 0
1655640000 0 0 0 0
1655632800 0 0 0 0
1655625600 0 0 0 0
1655618400 0 0 0 0
1655611200 0 0 0 0
1655604000 0 0 0 0
1655596800 0 0 0 0
1655589600 0 0 0 0
1655582400 0 0 0 0
1655575200 0 0 0 0
1655568000 0 0 0 0
1655560800 0 0 0 0
1655553600 0 0 0 0
1655546400 0 0 0 0
1655539200 0 0 0 0
1655532000 0 0 0 0
1655524800 0 0 0 0
1655517600 0 0 0 0
1655510400 0 0 0 0
1655503200 0 0 0 0
1655496000 0 0 0 0
1655488800 0 0 0 0
1655481600 0 0 0 0
1655474400 0 0 0 0
1655467200 0 0 0 0
1655460000 0 0 0 0
1655452800 0 0 0 0
1655445600 0 0 0 0
1655438400 0 0 0 0
1655431200 0 0 0 0
1655424000 0 0 0 0
1655416800 0 0 0 0
1655409600 0 0 0 0
1655402400 0 0 0 0
1655395200 0 0 0 0
1655388000 0 0 0 0
1655380800 0 0 0 0
1655373600 0 0 0 0
1655366400 0 0 0 0
1655359200 0 0 0 0
1655352000 0 0 0 0
1655344800 0 0 0 0
1655337600 0 0 0 0
1655330400 0 0 0 0
1655323200 0 0 0 0
1655316000 0 0 0 0
1655308800 0 0 0 0
1655301600 0 0 0 0
1655294400 0 0 0 0
1655287200 0 0 0 0
1655280000 0 0 0 0
1655272800 0 0 0 0
1655265600 0 0 0 0
1655258400 0 0 0 0
1655251200 0 0 0 0
1655244000 0 0 0 0
1655236800 0 0 0 0
1655229600 0 0 0 0
1655222400 0 0 0 0
1655215200 0 0 0 0
1655208000 0 0 0 0
1655200800 0 0 0 0
1655193600 0 0 0 0
1655186400 0 0 0 0
1655179200 0 0 0 0
1655172000 0 0 0 0
1655164800 0 0 0 0
1655157600 0 0 0 0
1655150400 0 0 0 0
1655143200 0 0 0 0
1655136000 0 0 0 0
1655128800 0 0 0 0
1655121600 0 0 0 0
1655114400 0 0 0 0
1655107200 0 0 0 0
1655100000 0 0 0 0
1655092800 0 0 0 0
1655085600 0 0 0 0
1655078400 0 0 0 0
1655071200 0 0 0 0
1655064000 0 0 0 0
1655056800 0 0 0 0
1655049600 0 0 0 0
1655042400 0 0 0 0
1655035200 0 0 0 0
1655028000 0 0 0 0
1655020800 0 0 0 0
1655013600 0 0 0 0
1655006400 0 0 0 0
1654999200 0 0 0 0
1654992000 0 0 0 0
1654984800 0 0 0 0
1654977600 0 0 0 0
1654970400 0 0 0 0
1654963200 0 0 0 0
1654956000 0 0 0 0
1654948800 0 0 0 0
1654941600 0 0 0 0
1654934400 0 0 0 0
1654927200 0 0 0 0
1654920000 0 0 0 0
1654912800 0 0 0 0
1654905600 0 0 0 0
1654898400 0 0 0 0
1654891200 0 0 0 0
1654884000 0 0 0 0
1654876800 0 0 0 0
1654869600 0 0 0 0
1654862400 0 0 0 0
1654855200 0 0 0 0
1654848000 0 0 0 0
1654840800 0 0 0 0
1654833600 0 0 0 0
1654826400 0 0 0 0
1654819200 0 0 0 0
1654812000 0 0 0 0
1654804800 0 0 0 0
1654797600 0 0 0 0
1654790400 0 0 0 0
1654783200 0 0 0 0
1654776000 0 0 0 0
1654768800 0 0 0 0
1654761600 0 0 0 0
1654754400 0 0 0 0
1654747200 0 0 0 0
1654740000 0 0 0 0
1654732800 0 0 0 0
1654725600 0 0 0 0
1654718400 0 0 0 0
1654711200 0 0 0 0
1654704000 0 0 0 0
1654696800 0 0 0 0
1654689600 0 0 0 0
1654682400 0 0 0 0
1654675200 0 0 0 0
1654668000 0 0 0 0
1654660800 0 0 0 0
1654653600 0 0 0 0
1654646400 0 0 0 0
1654639200 0 0 0 0
1654632000 0 0 0 0
1654624800 0 0 0 0
1654617600 0 0 0 0
1654610400 0 0 0 0
1654603200 0 0 0 0
1654596000 0 0 0 0
1654588800 0 0 0 0
1654581600 0 0 0 0
1654574400 0 0 0 0
1654567200 0 0 0 0
1654560000 0 0 0 0
1654552800 0 0 0 0
1654545600 0 0 0 0
1654538400 0 0 0 0
1654531200 0 0 0 0
1654524000 0 0 0 0
1654516800 0 0 0 0
1654509600 0 0 0 0
1654502400 0 0 0 0
1654495200 0 0 0 0
1654488000 0 0 0 0
1654480800 0 0 0 0
1654473600 0 0 0 0
1654466400 0 0 0 0
1654459200 0 0 0 0
1654452000 0 0 0 0
1654444800 0 0 0 0
1654437600 0 0 0 0
1654430400 0 0 0 0
1654423200 0 0 0 0
1654416000 0 0 0 0
1654408800 0 0 0 0
1654401600 0 0 0 0
1654394400 0 0 0 0
1654387200 0 0 0 0
1654380000 0 0 0 0
1654372800 0 0 0 0
1654365600 0 0 0 0
1654358400 0 0 0 0
1654351200 0 0 0 0
1654344000 0 0 0 0
1654336800 0 0 0 0
1654329600 0 0 0 0
1654322400 0 0 0 0
1654315200 0 0 0 0
1654308000 0 0 0 0
1654300800 0 0 0 0
1654293600 0 0 0 0
1654286400 0 0 0 0
1654279200 0 0 0 0
1654272000 0 0 0 0
1654264800 0 0 0 0
1654257600 0 0 0 0
1654250400 0 0 0 0
1654243200 0 0 0 0
1654236000 0 0 0 0
1654228800 0 0 0 0
1654221600 0 0 0 0
1654214400 0 0 0 0
1654207200 0 0 0 0
1654200000 0 0 0 0
1654192800 0 0 0 0
1654185600 0 0 0 0
1654178400 0 0 0 0
1654171200 0 0 0 0
1654164000 0 0 0 0
1654156800 0 0 0 0
1654149600 0 0 0 0
1654142400 0 0 0 0
1654135200 0 0 0 0
1654128000 0 0 0 0
1654120800 0 0 0 0
1654113600 0 0 0 0
1654106400 0 0 0 0
1654099200 0 0 0 0
1654092000 0 0 0 0
1654084800 0 0 0 0
1654077600 0 0 0 0
1654070400 0 0 0 0
1654063200 0 0 0 0
1654056000 0 0 0 0
1654048800 0 0 0 0
1654041600 0 0 0 0
1654034400 0 0 0 0
1654027200 0 0 0 0
1654020000 0 0 0 0
1654012800 0 0 0 0
1654005600 0 0 0 0
1653998400 0 0 0 0
1653991200 0 0 0 0
1653984000 0 0 0 0
1653976800 0 0 0 0
1653969600 0 0 0 0
1653962400 0 0 0 0
1653955200 0 0 0 0
1653948000 0 0 0 0
1653940800 0 0 0 0
1653933600 0 0 0 0
1653926400 0 0 0 0
1653919200 0 0 0 0
1653912000 0 0 0 0
1653904800 0 0 0 0
1653897600 0 0 0 0
1653890400 0 0 0 0
1653883200 0 0 0 0
1653876000 0 0 0 0
1653868800 0 0 0 0
1653861600 0 0 0 0
1653854400 0 0 0 0
1653847200 0 0 0 0
1653840000 0 0 0 0
1653832800 0 0 0 0
1653825600 0 0 0 0
1653818400 0 0 0 0
1653811200 0 0 0 0
1653804000 0 0 0 0
1653796800 0 0 0 0
1653789600 0 0 0 0
1653782400 0 0 0 0
1653775200 0 0 0 0
1653768000 0 0 0 0
1653760800 0 0 0 0
1653753600 0 0 0 0
1653746400 0 0 0 0
1653739200 0 0 0 0
1653732000 0 0 0 0
1653724800 0 0 0 0
1653717600 0 0 0 0
1653710400 0 0 0 0
1653703200 0 0 0 0
1653696000 0 0 0 0
1653688800 0 0 0 0
1653681600 0 0 0 0
1653674400 0 0 0 0
1653667200 0 0 0 0
1653660000 0 0 0 0
1653652800 0 0 0 0
1653645600 0 0 0 0
1653638400 0 0 0 0
1653631200 0 0 0 0
1653624000 0 0 0 0
1653616800 0 0 0 0
1653609600 0 0 0 0
1653602400 0 0 0 0
1653595200 0 0 0 0
1653588000 0 0 0 0
1653580800 0 0 0 0
1653573600 0 0 0 0
1653566400 0 0 0 0
1653559200 0 0 0 0
1653552000 0 0 0 0
1653544800 0 0 0 0
1653537600 0 0 0 0
1653530400 0 0 0 0
1653523200 0 0 0 0
1653516000 0 0 0 0
1653508800 0 0 0 0
1653501600 0 0 0 0
1653494400 0 0 0 0
1653487200 0 0 0 0
1653480000 0 0 0 0
1653472800 0 0 0 0
1653465600 0 0 0 0
1653458400 0 0 0 0
1653451200 0 0 0 0
1653444000 0 0 0 0
1653436800 0 0 0 0
1653429600 0 0 0 0
1653422400 0 0 0 0
1653415200 0 0 0 0
1653408000 0 0 0 0
1653400800 0 0 0 0
1653393600 0 0 0 0
1653386400 0 0 0 0
1653379200 0 0 0 0
1653372000 0 0 0 0
1653364800 0 0 0 0
1653357600 0 0 0 0
1653350400 0 0 0 0
1653343200 0 0 0 0
1653336000 0 0 0 0
1653328800 0 0 0 0
1653321600 0 0 0 0
1653314400 0 0 0 0
1653307200 0 0 0 0
1653300000 0 0 0 0
1653292800 0 0 0 0
1653285600 0 0 0 0
1653278400 0 0 0 0
1653271200 0 0 0 0
1653264000 0 0 0 0
1653256800 0 0 0 0
1653249600 0 0 0 0
1653242400 0 0 0 0
1653235200 0 0 0 0
1653228000 0 0 0 0
1653220800 0 0 0 0
1653213600 0 0 0 0
1653206400 0 0 0 0
1653199200 0 0 0 0
1653192000 0 0 0 0
1653184800 0 0 0 0
1653177600 0 0 0 0
1653170400 0 0 0 0
1653163200 0 0 0 0
1653156000 0 0 0 0
1653148800 0 0 0 0
1653141600 0 0 0 0
1653134400 0 0 0 0
1653127200 0 0 0 0
1653120000 0 0 0 0
1653112800 0 0 0 0
1653105600 0 0 0 0
1653098400 0 0 0 0
1653091200 0 0 0 0
1653084000 0 0 0 0
1653076800 0 0 0 0
1653069600 0 0 0 0
1653062400 0 0 0 0
1653055200 0 0 0 0
1653048000 0 0 0 0
1653040800 0 0 0 0
1653033600 0 0 0 0
1653026400 0 0 0 0
1653019200 0 0 0 0
1653012000 0 0 0 0
1653004800 0 0 0 0
1652997600 0 0 0 0
1652990400 0 0 0 0
1652983200 0 0 0 0
1652976000 0 0 0 0
1652968800 0 0 0 0
1652961600 0 0 0 0
1652954400 0 0 0 0
1652947200 0 0 0 0
1652940000 0 0 0 0
1652932800 0 0 0 0
1652925600 0 0 0 0
1652918400 0 0 0 0
1652911200 0 0 0 0
1652904000 0 0 0 0
1652896800 0 0 0 0
1652889600 0 0 0 0
1652882400 0 0 0 0
1652875200 0 0 0 0
1652868000 0 0 0 0
1652860800 0 0 0 0
1652853600 0 0 0 0
1652846400 0 0 0 0
1652839200 0 0 0 0
1652832000 0 0 0 0
1652824800 0 0 0 0
1652817600 0 0 0 0
1652810400 0 0 0 0
1652803200 0 0 0 0
1652796000 0 0 0 0
1652788800 0 0 0 0
1652781600 0 0 0 0
1652774400 0 0 0 0
1652767200 0 0 0 0
1652760000 0 0 0 0
1652752800 0 0 0 0
1652745600 0 0 0 0
1652738400 0 0 0 0
1652731200 0 0 0 0
1652724000 0 0 0 0
1652716800 0 0 0 0
1652709600 0 0 0 0
1652702400 0 0 0 0
1652695200 0 0 0 0
1652688000 0 0 0 0
1652680800 0 0 0 0
1652673600 0 0 0 0
1652666400 0 0 0 0
1652659200 0 0 0 0
1652652000 0 0 0 0
1652644800 0 0 0 0
1652637600 0 0 0 0
1652630400 0 0 0 0
1652623200 0 0 0 0
1652616000 0 0 0 0
1652608800 0 0 0 0
1652601600 0 0 0 0
1652594400 0 0 0 0
1652587200 0 0 0 0
1652580000 0 0 0 0
1652572800 0 0 0 0
1652565600 0 0 0 0
1652558400 0 0 0 0
1652551200 0 0 0 0
1652544000 0 0 0 0
1652536800 0 0 0 0
1652529600 0 0 0 0
1652522400 0 0 0 0
1652515200 0 0 0 0
1652508000 0 0 0 0
1652500800 0 0 0 0
1652493600 0 0 0 0
1652486400 0 0 0 0
1652479200 0 0 0 0
1652472000 0 0 0 0
1652464800 0 0 0 0
1652457600 0 0 0 0
1652450400 0 0 0 0
1652443200 0 0 0 0
1652436000 0 0 0 0
1652428800 0 0 0 0
1652421600 0 0 0 0
1652414400 0 0 0 0
1652407200 0 0 0 0
1652400000 0 0 0 0
1652392800 0 0 0 0
1652385600 0 0 0 0
1652378400 0 0 0 0
1652371200 0 0 0 0
1652364000 0 0 0 0
1652356800 0 0 0 0
1652349600 0 0 0 0
1652342400 0 0 0 0
1652335200 0 0 0 0
1652328000 0 0 0 0
1652320800 0 0 0 0
1652313600 0 0 0 0
1652306400 0 0 0 0
1652299200 0 0 0 0
1652292000 0 0 0 0
1652284800 0 0 0 0
1652277600 0 0 0 0
1652270400 0 0 0 0
1652263200 0 0 0 0
1652256000 0 0 0 0
1652248800 0 0 0 0
1652241600 0 0 0 0
1652234400 0 0 0 0
1652227200 0 0 0 0
1652220000 0 0 0 0
1652140800 0 0 0 0
1652054400 0 0 0 0
1651968000 0 0 0 0
1651881600 0 0 0 0
1651795200 0 0 0 0
1651708800 0 0 0 0
1651622400 0 0 0 0
1651536000 0 0 0 0
1651449600 0 0 0 0
1651363200 0 0 0 0
1651276800 0 0 0 0
1651190400 0 0 0 0
1651104000 0 0 0 0
1651017600 0 0 0 0
1650931200 0 0 0 0
1650844800 0 0 0 0
1650758400 0 0 0 0
1650672000 0 0 0 0
1650585600 0 0 0 0
1650499200 0 0 0 0
1650412800 0 0 0 0
1650326400 0 0 0 0
1650240000 0 0 0 0
1650153600 0 0 0 0
1650067200 0 0 0 0
1649980800 0 0 0 0
1649894400 0 0 0 0
1649808000 0 0 0 0
1649721600 0 0 0 0
1649635200 0 0 0 0
1649548800 0 0 0 0
1649462400 0 0 0 0
1649376000 0 0 0 0
1649289600 0 0 0 0
1649203200 0 0 0 0
1649116800 0 0 0 0
1649030400 0 0 0 0
1648944000 0 0 0 0
1648857600 0 0 0 0
1648771200 0 0 0 0
1648684800 0 0 0 0
1648598400 0 0 0 0
1648512000 0 0 0 0
1648425600 0 0 0 0
1648339200 0 0 0 0
1648252800 0 0 0 0
1648166400 0 0 0 0
1648080000 0 0 0 0
1647993600 0 0 0 0
1647907200 0 0 0 0
1647820800 0 0 0 0
1647734400 0 0 0 0
1647648000 0 0 0 0
1647561600 0 0 0 0
1647475200 0 0 0 0
1647388800 0 0 0 0
1647302400 0 0 0 0
1647216000 0 0 0 0
1647129600 0 0 0 0
1647043200 0 0 0 0
1646956800 0 0 0 0
1646870400 0 0 0 0
1646784000 0 0 0 0
1646697600 0 0 0 0
1646611200 0 0 0 0
1646524800 0 0 0 0
1646438400 0 0 0 0
1646352000 0 0 0 0
1646265600 0 0 0 0
1646179200 0 0 0 0
1646092800 0 0 0 0
1646006400 0 0 0 0
1645920000 0 0 0 0
1645833600 0 0 0 0
1645747200 0 0 0 0
1645660800 0 0 0 0
1645574400 0 0 0 0
1645488000 0 0 0 0
1645401600 0 0 0 0
1645315200 0 0 0 0
1645228800 0 0 0 0
1645142400 0 0 0 0
1645056000 0 0 0 0
1644969600 0 0 0 0
1644883200 0 0 0 0
1644796800 0 0 0 0
1644710400 0 0 0 0
1644624000 0 0 0 0
1644537600 0 0 0 0
1644451200 0 0 0 0
1644364800 0 0 0 0
1644278400 0 0 0 0
1644192000 0 0 0 0
1644105600 0 0 0 0
1644019200 0 0 0 0
1643932800 0 0 0 0
1643846400 0 0 0 0
1643760000 0 0 0 0
1643673600 0 0 0 0
1643587200 0 0 0 0
1643500800 0 0 0 0
1643414400 0 0 0 0
1643328000 0 0 0 0
1643241600 0 0 0 0
1643155200 0 0 0 0
1643068800 0 0 0 0
1642982400 0 0 0 0
1642896000 0 0 0 0
1642809600 0 0 0 0
1642723200 0 0 0 0
1642636800 0 0 0 0
1642550400 0 0 0 0
1642464000 0 0 0 0
1642377600 0 0 0 0
1642291200 0 0 0 0
1642204800 0 0 0 0
1642118400 0 0 0 0
1642032000 0 0 0 0
1641945600 0 0 0 0
1641859200 0 0 0 0
1641772800 0 0 0 0
1641686400 0 0 0 0
1641600000 0 0 0 0
1641513600 0 0 0 0
1641427200 0 0 0 0
1641340800 0 0 0 0
1641254400 0 0 0 0
1641168000 0 0 0 0
1641081600 0 0 0 0
1640995200 0 0 0 0
1640908800 0 0 0 0
1640822400 0 0 0 0
1640736000 0 0 0 0
1640649600 0 0 0 0
1640563200 0 0 0 0
1640476800 0 0 0 0
1640390400 0 0 0 0
1640304000 0 0 0 0
1640217600 0 0 0 0
1640131200 0 0 0 0
1640044800 0 0 0 0
1639958400 0 0 0 0
1639872000 0 0 0 0
1639785600 0 0 0 0
1639699200 0 0 0 0
1639612800 0 0 0 0
1639526400 0 0 0 0
1639440000 0 0 0 0
1639353600 0 0 0 0
1639267200 0 0 0 0
1639180800 0 0 0 0
1639094400 0 0 0 0
1639008000 0 0 0 0
1638921600 0 0 0 0
1638835200 0 0 0 0
1638748800 0 0 0 0
1638662400 0 0 0 0
1638576000 0 0 0 0
1638489600 0 0 0 0
1638403200 0 0 0 0
1638316800 0 0 0 0
1638230400 0 0 0 0
1638144000 0 0 0 0
1638057600 0 0 0 0
1637971200 0 0 0 0
1637884800 0 0 0 0
1637798400 0 0 0 0
1637712000 0 0 0 0
1637625600 0 0 0 0
1637539200 0 0 0 0
1637452800 0 0 0 0
1637366400 0 0 0 0
1637280000 0 0 0 0
1637193600 0 0 0 0
1637107200 0 0 0 0
1637020800 0 0 0 0
1636934400 0 0 0 0
1636848000 0 0 0 0
1636761600 0 0 0 0
1636675200 0 0 0 0
1636588800 0 0 0 0
1636502400 0 0 0 0
1636416000 0 0 0 0
1636329600 0 0 0 0
1636243200 0 0 0 0
1636156800 0 0 0 0
1636070400 0 0 0 0
1635984000 0 0 0 0
1635897600 0 0 0 0
1635811200 0 0 0 0
1635724800 0 0 0 0
1635638400 0 0 0 0
1635552000 0 0 0 0
1635465600 0 0 0 0
1635379200 0 0 0 0
1635292800 0 0 0 0
1635206400 0 0 0 0
1635120000 0 0 0 0
1635033600 0 0 0 0
1634947200 0 0 0 0
1634860800 0 0 0 0
1634774400 0 0 0 0
1634688000 0 0 0 0
1634601600 0 0 0 0
1634515200 0 0 0 0
1634428800 0 0 0 0
1634342400 0 0 0 0
1634256000 0 0 0 0
1634169600 0 0 0 0
1634083200 0 0 0 0
1633996800 0 0 0 0
1633910400 0 0 0 0
1633824000 0 0 0 0
1633737600 0 0 0 0
1633651200 0 0 0 0
1633564800 0 0 0 0
1633478400 0 0 0 0
1633392000 0 0 0 0
1633305600 0 0 0 0
1633219200 0 0 0 0
1633132800 0 0 0 0
1633046400 0 0 0 0
1632960000 0 0 0 0
1632873600 0 0 0 0
1632787200 0 0 0 0
1632700800 0 0 0 0
1632614400 0 0 0 0
1632528000 0 0 0 0
1632441600 0 0 0 0
1632355200 0 0 0 0
1632268800 0 0 0 0
1632182400 0 0 0 0
1632096000 0 0 0 0
1632009600 0 0 0 0
1631923200 0 0 0 0
1631836800 0 0 0 0
1631750400 0 0 0 0
1631664000 0 0 0 0
1631577600 0 0 0 0
1631491200 0 0 0 0
1631404800 0 0 0 0
1631318400 0 0 0 0
1631232000 0 0 0 0
1631145600 0 0 0 0
1631059200 0 0 0 0
1630972800 0 0 0 0
1630886400 0 0 0 0
1630800000 0 0 0 0
1630713600 0 0 0 0
1630627200 0 0 0 0
1630540800 0 0 0 0
1630454400 0 0 0 0
1630368000 0 0 0 0
1630281600 0 0 0 0
1630195200 0 0 0 0
1630108800 0 0 0 0
1630022400 0 0 0 0
1629936000 0 0 0 0
1629849600 0 0 0 0
1629763200 0 0 0 0
1629676800 0 0 0 0
1629590400 0 0 0 0
1629504000 0 0 0 0
1629417600 0 0 0 0
1629331200 0 0 0 0
1629244800 0 0 0 0
1629158400 0 0 0 0
1629072000 0 0 0 0
1628985600 0 0 0 0
1628899200 0 0 0 0
1628812800 0 0 0 0
1628726400 0 0 0 0
1628640000 0 0 0 0
1628553600 0 0 0 0
1628467200 0 0 0 0
1628380800 0 0 0 0
1628294400 0 0 0 0
1628208000 0 0 0 0
1628121600 0 0 0 0
1628035200 0 0 0 0
1627948800 0 0 0 0
1627862400 0 0 0 0
1627776000 0 0 0 0
1627689600 0 0 0 0
1627603200 0 0 0 0
1627516800 0 0 0 0
1627430400 0 0 0 0
1627344000 0 0 0 0
1627257600 0 0 0 0
1627171200 0 0 0 0
1627084800 0 0 0 0
1626998400 0 0 0 0
1626912000 0 0 0 0
1626825600 0 0 0 0
1626739200 0 0 0 0
1626652800 0 0 0 0
1626566400 0 0 0 0
1626480000 0 0 0 0
1626393600 0 0 0 0
1626307200 0 0 0 0
1626220800 0 0 0 0
1626134400 0 0 0 0
1626048000 0 0 0 0
1625961600 0 0 0 0
1625875200 0 0 0 0
1625788800 0 0 0 0
1625702400 0 0 0 0
1625616000 0 0 0 0
1625529600 0 0 0 0
1625443200 0 0 0 0
1625356800 0 0 0 0
1625270400 0 0 0 0
1625184000 0 0 0 0
1625097600 0 0 0 0
1625011200 0 0 0 0
1624924800 0 0 0 0
1624838400 0 0 0 0
1624752000 0 0 0 0
1624665600 0 0 0 0
1624579200 0 0 0 0
1624492800 0 0 0 0
1624406400 0 0 0 0
1624320000 0 0 0 0
1624233600 0 0 0 0
1624147200 0 0 0 0
1624060800 0 0 0 0
1623974400 0 0 0 0
1623888000 0 0 0 0
1623801600 0 0 0 0
1623715200 0 0 0 0
1623628800 0 0 0 0
1623542400 0 0 0 0
1623456000 0 0 0 0
1623369600 0 0 0 0
1623283200 0 0 0 0
1623196800 0 0 0 0
1623110400 0 0 0 0
1623024000 0 0 0 0
1622937600 0 0 0 0
1622851200 0 0 0 0
1622764800 0 0 0 0
1622678400 0 0 0 0
1622592000 0 0 0 0
1622505600 0 0 0 0
1622419200 0 0 0 0
1622332800 0 0 0 0
1622246400 0 0 0 0
1622160000 0 0 0 0
1622073600 0 0 0 0
1621987200 0 0 0 0
1621900800 0 0 0 0
1621814400 0 0 0 0
1621728000 0 0 0 0
1621641600 0 0 0 0
1621555200 0 0 0 0
1621468800 0 0 0 0
1621382400 0 0 0 0
1621296000 0 0 0 0
1621209600 0 0 0 0
1621123200 0 0 0 0
1621036800 0 0 0 0
1620950400 0 0 0 0
1620864000 0 0 0 0
1620777600 0 0 0 0
1620691200 0 0 0 0
1620604800 0 0 0 0
1620518400 0 0 0 0
1620432000 0 0 0 0
1620345600 0 0 0 0
1620259200 0 0 0 0
1620172800 0 0 0 0
1620086400 0 0 0 0
1620000000 0 0 0 0
1619913600 0 0 0 0
1619827200 0 0 0 0
1619740800 0 0 0 0
1619654400 0 0 0 0
1619568000 0 0 0 0
1619481600 0 0 0 0
1619395200 0 0 0 0
1619308800 0 0 0 0
1619222400 0 0 0 0
1619136000 0 0 0 0
1619049600 0 0 0 0
1618963200 0 0 0 0
1618876800 0 0 0 0
1618790400 0 0 0 0
1618704000 0 0 0 0
1618617600 0 0 0 0
1618531200 0 0 0 0
1618444800 0 0 0 0
1618358400 0 0 0 0
1618272000 0 0 0 0
1618185600 0 0 0 0
1618099200 0 0 0 0
1618012800 0 0 0 0
1617926400 0 0 0 0
1617840000 0 0 0 0
1617753600 0 0 0 0
1617667200 0 0 0 0
1617580800 0 0 0 0
1617494400 0 0 0 0
1617408000 0 0 0 0
1617321600 0 0 0 0
1617235200 0 0 0 0
1617148800 0 0 0 0
1617062400 0 0 0 0
1616976000 0 0 0 0
1616889600 0 0 0 0
1616803200 0 0 0 0
1616716800 0 0 0 0
1616630400 0 0 0 0
1616544000 0 0 0 0
1616457600 0 0 0 0
1616371200 0 0 0 0
1616284800 0 0 0 0
1616198400 0 0 0 0
1616112000 0 0 0 0
1616025600 0 0 0 0
1615939200 0 0 0 0
1615852800 0 0 0 0
1615766400 0 0 0 0
1615680000 0 0 0 0
1615593600 0 0 0 0
1615507200 0 0 0 0
1615420800 0 0 0 0
1615334400 0 0 0 0
1615248000 0 0 0 0
1615161600 0 0 0 0
1615075200 0 0 0 0
1614988800 0 0 0 0
1614902400 0 0 0 0
1614816000 0 0 0 0
1614729600 0 0 0 0
1614643200 0 0 0 0
1614556800 0 0 0 0
1614470400 0 0 0 0
1614384000 0 0 0 0
1614297600 0 0 0 0
1614211200 0 0 0 0
1614124800 0 0 0 0
1614038400 0 0 0 0
1613952000 0 0 0 0
1613865600 0 0 0 0
1613779200 0 0 0 0
1613692800 0 0 0 0
1613606400 0 0 0 0
1613520000 0 0 0 0
1613433600 0 0 0 0
1613347200 0 0 0 0
1613260800 0 0 0 0
1613174400 0 0 0 0
1613088000 0 0 0 0
1613001600 0 0 0 0
1612915200 0 0 0 0
1612828800 0 0 0 0
1612742400 0 0 0 0
1612656000 0 0 0 0
1612569600 0 0 0 0
1612483200 0 0 0 0
1612396800 0 0 0 0
1612310400 0 0 0 0
1612224000 0 0 0 0
1612137600 0 0 0 0
1612051200 0 0 0 0
1611964800 0 0 0 0
1611878400 0 0 0 0
1611792000 0 0 0 0
1611705600 0 0 0 0
1611619200 0 0 0 0
1611532800 0 0 0 0
1611446400 0 0 0 0
1611360000 0 0 0 0
1611273600 0 0 0 0
1611187200 0 0 0 0
1611100800 0 0 0 0
1611014400 0 0 0 0
1610928000 0 0 0 0
1610841600 0 0 0 0
1610755200 0 0 0 0
1610668800 0 0 0 0
1610582400 0 0 0 0
1610496000 0 0 0 0
1610409600 0 0 0 0
1610323200 0 0 0 0
1610236800 0 0 0 0
1610150400 0 0 0 0
1610064000 0 0 0 0
1609977600 0 0 0 0
1609891200 0 0 0 0
1609804800 0 0 0 0
1609718400 0 0 0 0
1609632000 0 0 0 0
1609545600 0 0 0 0
1609459200 0 0 0 0
1609372800 0 0 0 0
1609286400 0 0 0 0
1609200000 0 0 0 0
1609113600 0 0 0 0
1609027200 0 0 0 0
1608940800 0 0 0 0
1608854400 0 0 0 0
1608768000 0 0 0 0
1608681600 0 0 0 0
1608595200 0 0 0 0
1608508800 0 0 0 0
1608422400 0 0 0 0
1608336000 0 0 0 0
1608249600 0 0 0 0
1608163200 0 0 0 0
1608076800 0 0 0 0
1607990400 0 0 0 0
1607904000 0 0 0 0
1607817600 0 0 0 0
1607731200 0 0 0 0
1607644800 0 0 0 0
1607558400 0 0 0 0
1607472000 0 0 0 0
1607385600 0 0 0 0
1607299200 0 0 0 0
1607212800 0 0 0 0
1607126400 0 0 0 0
1607040000 0 0 0 0
1606953600 0 0 0 0
1606867200 0 0 0 0
1606780800 0 0 0 0
1606694400 0 0 0 0
1606608000 0 0 0 0
1606521600 0 0 0 0
1606435200 0 0 0 0
1606348800 0 0 0 0
1606262400 0 0 0 0
1606176000 0 0 0 0
1606089600 0 0 0 0
1606003200 0 0 0 0
1605916800 0 0 0 0
1605830400 0 0 0 0
1605744000 0 0 0 0
1605657600 0 0 0 0
1605571200 0 0 0 0
1605484800 0 0 0 0
1605398400 0 0 0 0
1605312000 0 0 0 0
1605225600 0 0 0 0
1605139200 0 0 0 0
1605052800 0 0 0 0
1604966400 0 0 0 0
1604880000 0 0 0 0
1604793600 0 0 0 0
1604707200 0 0 0 0
1604620800 0 0 0 0
1604534400 0 0 0 0
1604448000 0 0 0 0
1604361600 0 0 0 0
1604275200 0 0 0 0
1604188800 0 0 0 0
1604102400 0 0 0 0
1604016000 0 0 0 0
1603929600 0 0 0 0
1603843200 0 0 0 0
1603756800 0 0 0 0
1603670400 0 0 0 0
1603584000 0 0 0 0
1603497600 0 0 0 0
1603411200 0 0 0 0
1603324800 0 0 0 0
1603238400 0 0 0 0
1603152000 0 0 0 0
1603065600 0 0 0 0
1602979200 0 0 0 0
1602892800 0 0 0 0
1602806400 0 0 0 0
1602720000 0 0 0 0
1602633600 0 0 0 0
1602547200 0 0 0 0
1602460800 0 0 0 0
1602374400 0 0 0 0
1602288000 0 0 0 0
1602201600 0 0 0 0
1602115200 0 0 0 0
1602028800 0 0 0 0
1601942400 0 0 0 0
1601856000 0 0 0 0
1601769600 0 0 0 0
1601683200 0 0 0 0
1601596800 0 0 0 0
1601510400 0 0 0 0
1601424000 0 0 0 0
1601337600 0 0 0 0
1601251200 0 0 0 0
1601164800 0 0 0 0
1601078400 0 0 0 0
1600992000 0 0 0 0
1600905600 0 0 0 0
1600819200 0 0 0 0
1600732800 0 0 0 0
1600646400 0 0 0 0
1600560000 0 0 0 0
1600473600 0 0 0 0
1600387200 0 0 0 0
1600300800 0 0 0 0
1600214400 0 0 0 0
1600128000 0 0 0 0
1600041600 0 0 0 0
1599955200 0 0 0 0
1599868800 0 0 0 0
1599782400 0 0 0 0
1599696000 0 0 0 0
1599609600 0 0 0 0
1599523200 0 0 0 0
1599436800 0 0 0 0
1599350400 0 0 0 0
1599264000 0 0 0 0
1599177600 0 0 0 0
1599091200 0 0 0 0
1599004800 0 0 0 0
1598918400 0 0 0 0
1598832000 0 0 0 0
1598745600 0 0 0 0
1598659200 0 0 0 0
1598572800 0 0 0 0
1598486400 0 0 0 0
1598400000 0 0 0 0
1598313600 0 0 0 0
1598227200 0 0 0 0
1598140800 0 0 0 0
1598054400 0 0 0 0
1597968000 0 0 0 0
1597881600 0 0 0 0
1597795200 0 0 0 0
1597708800 0 0 0 0
1597622400 0 0 0 0
1597536000 0 0 0 0
1597449600 0 0 0 0
1597363200 0 0 0 0
1597276800 0 0 0 0
1597190400 0 0 0 0
1597104000 0 0 0 0
1597017600 0 0 0 0
1596931200 0 0 0 0
1596844800 0 0 0 0
1596758400 0 0 0 0
1596672000 0 0 0 0
1596585600 0 0 0 0
1596499200 0 0 0 0
1596412800 0 0 0 0
1596326400 0 0 0 0
1596240000 0 0 0 0
1596153600 0 0 0 0
1596067200 0 0 0 0
1595980800 0 0 0 0
1595894400 0 0 0 0
1595808000 0 0 0 0
1595721600 0 0 0 0
1595635200 0 0 0 0
1595548800 0 0 0 0
1595462400 0 0 0 0
1595376000 0 0 0 0
1595289600 0 0 0 0
1595203200 0 0 0 0
1595116800 0 0 0 0
1595030400 0 0 0 0
1594944000 0 0 0 0
1594857600 0 0 0 0
1594771200 0 0 0 0
1594684800 0 0 0 0
1594598400 0 0 0 0
1594512000 0 0 0 0
1594425600 0 0 0 0
1594339200 0 0 0 0
1594252800 0 0 0 0
1594166400 0 0 0 0
1594080000 0 0 0 0
1593993600 0 0 0 0
1593907200 0 0 0 0
1593820800 0 0 0 0
1593734400 0 0 0 0
1593648000 0 0 0 0
1593561600 0 0 0 0
1593475200 0 0 0 0
1593388800 0 0 0 0
1593302400 0 0 0 0
1593216000 0 0 0 0
1593129600 0 0 0 0
1593043200 0 0 0 0
1592956800 0 0 0 0
1592870400 0 0 0 0
1592784000 0 0 0 0
1592697600 0 0 0 0
1592611200 0 0 0 0
1592524800 0 0 0 0
1592438400 0 0 0 0
1592352000 0 0 0 0
1592265600 0 0 0 0
1592179200 0 0 0 0
1592092800 0 0 0 0
1592006400 0 0 0 0
1591920000 0 0 0 0
1591833600 0 0 0 0
1591747200 0 0 0 0
1591660800 0 0 0 0
1591574400 0 0 0 0
1591488000 0 0 0 0
1591401600 0 0 0 0
1591315200 0 0 0 0
1591228800 0 0 0 0
1591142400 0 0 0 0
1591056000 0 0 0 0
1590969600 0 0 0 0
1590883200 0 0 0 0
1590796800 0 0 0 0
1590710400 0 0 0 0
1590624000 0 0 0 0
1590537600 0 0 0 0
1590451200 0 0 0 0
1590364800 0 0 0 0
1590278400 0 0 0 0
1590192000 0 0 0 0
1590105600 0 0 0 0
1590019200 0 0 0 0
1589932800 0 0 0 0
1589846400 0 0 0 0
1589760000 0 0 0 0
1589673600 0 0 0 0
1589587200 0 0 0 0
1589500800 0 0 0 0
1589414400 0 0 0 0
1589328000 0 0 0 0
1589241600 0 0 0 0
1589155200 0 0 0 0
1589068800 0 0 0 0
1588982400 0 0 0 0
