1657800906 377053552 1630722703
1657800906 325791 29861 325791 29861
1657800643 250610 22632 250610 22632
1657800600 253403 23356 288699 32512
1657800300 277566 30860 288699 32512
1657800000 207939 20489 211027 20991
1657799700 179257 14964 309818 25213
1657799400 313986 25535 366661 29614
1657799100 370943 29762 414246 31265
1657798800 416402 31979 468164 49130
1657798500 450786 45508 468164 49130
1657798200 348888 24105 410169 34783
1657797900 410600 34782 474837 34783
1657797600 467166 35698 474837 41786
1657797300 404380 41131 421320 41786
1657797000 339327 38548 340655 38668
1657796700 152353 20946 220967 22387
1657796400 207770 21176 220967 22387
1657796100 71305 8649 98726 11102
1657795800 100494 11095 142930 11102
1657795500 130563 10755 142930 10941
1657795200 57989 10088 77701 12837
1657794900 73327 12204 77701 12837
1657794600 38279 7067 73221 10562
1657794300 67999 10621 73221 11120
1657794000 29675 11065 62895 11120
1657793700 58793 10396 62895 10728
1657793400 6859 6003 6970 6207
1657793100 11703 5027 78026 7906
1657792800 75689 7892 78026 7906
1657792500 55888 7757 56122 7778
1657792200 51104 7608 54454 7631
1657791900 19745 7305 52510 7357
1657791600 52355 6990 52510 6999
1657791300 6027 4458 6061 4461
1657791000 25275 5397 102271 9230
1657790700 114977 10264 188904 16280
1657790400 177325 15520 188904 16280
1657790100 94088 9750 270368 13818
1657789800 259146 13501 270368 13818
1657789500 117192 9491 117347 9498
1657789200 93962 8588 94244 9373
1657788900 97976 9462 189088 10542
1657788600 186504 10759 189088 12060
1657788300 190823 13714 308911 23603
1657788000 307317 23513 308911 23603
1657787700 75858 10147 111654 10187
1657787400 127221 10451 205061 13150
1657787100 211625 75531 251953 458729
1657786800 251910 459170 251953 591035
1657786500 238853 590960 239289 591035
1657786200 107496 485489 108721 568592
1657785900 103954 160998 117429 172864
1657785600 115109 11054 117429 11056
1657785300 95606 10841 95686 11038
1657785000 94135 8259 94598 8365
1657784700 88697 6975 90248 7177
1657784400 90317 7276 90731 7869
1657784100 94754 8080 119468 9381
1657783800 122316 9513 160154 11276
1657783500 159939 11263 160154 11276
1657783200 99657 7665 148844 10168
1657782900 155067 10338 192266 11361
1657782600 185560 11112 192266 11361
1657782300 99913 7949 100822 7977
1657782000 100051 7953 164910 9919
1657781700 168309 10232 257632 18457
1657781400 247651 17591 257632 18457
1657781100 210428 14359 258767 17667
1657780800 276063 18530 358552 22647
1657780500 341634 21792 358552 22647
1657780200 250431 17177 411116 25220
1657779900 408672 25200 411116 25220
1657779600 376713 24841 380567 24979
1657779300 326937 21930 344437 23690
1657779000 243243 13465 243479 13539
1657778700 252195 13351 303127 15708
1657778400 310098 16083 350663 18268
1657778100 351258 18335 439988 28418
1657777800 428345 28157 439988 28418
1657777500 278621 23063 281233 24872
1657777200 259718 11836 262578 11956
1657776900 210469 10012 223589 10327
1657776600 95483 7217 100591 7381
1657776300 65072 6278 65762 6519
1657776000 65736 6530 65762 6669
1657775700 66941 6759 294036 20175
1657775400 292158 20376 294036 21613
1657775100 272573 20763 280628 21613
1657774800 175912 10564 277119 18418
1657774500 281362 18535 328040 19831
1657774200 328331 19676 335993 19831
1657773900 339660 15990 427672 24882
1657773600 427271 24877 427672 24882
1657773300 420562 24754 490298 24758
1657773000 491716 24494 497164 24680
1657772700 496778 24186 497164 29315
1657772400 492882 29105 498546 29315
1657772100 498043 27757 498546 27888
1657771800 493077 28092 497023 34974
1657771500 497023 34965 497112 34974
1657771200 497106 32347 497112 32414
1657770900 496016 23186 496248 27428
1657770600 494580 27404 494596 27428
1657770300 492484 24210 497207 30596
1657770000 497164 30694 497207 33277
1657769700 496408 33843 498578 37326
1657769400 498457 37429 498578 38680
1657769100 496987 38515 497006 38680
1657768800 496274 32467 496299 32528
1657768500 494187 32217 495962 34880
1657768200 483978 34867 485098 34880
1657767900 447330 33125 454574 34545
1657767600 393912 22978 437104 35734
1657767300 436559 35657 437104 35734
1657767000 429956 34649 430294 34777
1657766700 429413 34060 458277 40122
1657766400 458277 40103 458292 40122
1657766100 452970 37357 458292 37384
1657765800 399665 36907 471098 37019
1657765500 473016 36225 497254 36338
1657765200 497227 34864 497254 40446
1657764900 494569 40436 494625 40446
1657764600 486376 39025 497460 39061
1657764300 497370 33804 497460 35590
1657764000 490796 35584 499010 35590
1657763700 478434 34118 499010 34772
1657763400 340407 28714 355459 30213
1657763100 152957 9955 186089 12133
1657762800 204448 12975 290013 16901
1657762500 264068 15645 290013 16901
1657762200 167780 11148 168397 12052
1657761900 170258 12732 211581 16911
1657761600 198744 16164 211581 16911
1657761300 134562 12466 223695 17870
1657761000 200860 17020 223695 17870
1657760700 117131 13817 118307 13947
1657760400 89791 10533 93291 10715
1657760100 93788 9928 105716 12829
1657759800 106618 13187 113921 16090
1657759500 111900 15508 113921 16090
1657759200 89331 10267 94979 10635
1657758900 61808 8600 63605 8642
1657758600 51271 9282 89006 14643
1657758300 80129 13877 89006 14643
1657758000 30518 8610 47611 9176
1657757700 49264 6708 83046 8026
1657757400 87178 8313 139394 11952
1657757100 126678 11273 139394 11952
1657756800 46971 6963 54778 6985
1657756500 54256 6688 54778 6696
1657756200 40335 6448 41745 6514
1657755900 8084 4925 21299 5354
1657755600 20125 5293 21299 5354
1657755300 5671 4545 61200 6205
1657755000 58269 6258 61200 6941
1657754700 27544 6933 107269 6941
1657754400 104070 6972 107269 8676
1657754100 62068 8586 63652 8676
1657753800 21518 6280 28990 6619
1657753500 32041 6935 50784 8883
1657753200 49459 8434 50784 8883
1657752900 39766 5685 41323 5782
1657752600 22556 5809 53554 6153
1657752300 51940 6451 53554 7597
1657752000 46373 7608 61376 7892
1657751700 59011 7691 61376 7892
1657751400 27476 5103 29139 5157
1657751100 5524 4493 7303 5855
1657750800 50994 7065 208956 11441
1657750500 194155 10942 208956 11441
1657750200 6985 4567 7133 4637
1657749900 6260 4235 6282 4238
1657749600 5879 4379 7060 6119
1657749300 7319 5822 8872 6119
1657749000 8681 4096 8872 4694
1657748700 10509 4821 64005 6437
1657748400 64075 6550 64522 7271
1657748100 62524 7140 64522 7271
1657747800 35839 5279 37281 5488
1657747500 25274 3986 26986 4000
1657747200 5556 3930 11041 4587
1657746900 11801 4607 21417 4872
1657746600 24617 4963 63157 6059
1657746300 61987 6052 63157 6059
1657746000 55404 6028 60549 6169
1657745700 60781 6195 63870 6541
1657745400 61041 6521 63870 6541
1657745100 54222 6757 175963 11179
1657744800 148212 10157 175963 11179
1657744500 17193 5419 21993 5908
1657744200 21080 5860 21993 5908
1657743900 11714 5360 50592 7043
1657743600 44866 7404 50592 9511
1657743300 16979 9608 62405 10422
1657743000 68601 10662 231404 16968
1657742700 220468 16446 231404 16968
1657742400 128835 12338 128887 18638
1657742100 130735 17925 149950 18638
1657741800 150004 13525 158052 13548
1657741500 149917 10094 158052 10158
1657741200 99172 10239 99947 12793
1657740900 92834 12719 95478 12793
1657740600 73917 11910 92171 12101
1657740300 88940 10769 92171 10829
1657740000 76823 11333 77303 21793
1657739700 83877 20200 115234 21793
1657739400 109356 12310 115234 12605
1657739100 56576 9562 60129 9843
1657738800 49211 8990 91862 12421
1657738500 91936 13475 92543 22005
1657738200 103176 20538 161892 22005
1657737900 164781 12756 188978 15428
1657737600 183993 15224 188978 15428
1657737300 85614 11245 155301 14256
1657737000 154544 14318 155301 15115
1657736700 138015 15132 144982 15352
1657736400 52967 14516 67166 15352
1657736100 67259 11143 69318 24696
1657735800 85482 24300 300244 24696
1657735500 268103 18395 300244 19049
1657735200 80427 14327 81102 14595
1657734900 75991 13304 77353 14948
1657734600 66389 14726 81456 14948
1657734300 89513 13081 156994 14806
1657734000 170918 17302 223301 26692
1657733700 209376 25371 223301 26692
1657733400 68473 12064 68579 13194
1657733100 67491 13928 82583 20078
1657732800 79277 19444 82583 20078
1657732500 76219 14914 253600 15911
1657732200 244804 15215 253600 15911
1657731900 203198 11731 238936 13025
1657731600 248145 15295 298995 27835
1657731300 312283 29057 452324 41935
1657731000 438674 39230 452324 41935
1657730700 348030 22773 361326 23902
1657730400 193433 13949 236678 15599
1657730100 70162 14349 80374 15599
1657729800 10751 7082 10751 7082
1657729500 10751 7082 10751 7082
1657729200 10751 7082 10751 7082
1657728900 14820 7396 37878 9178
1657728600 37819 9226 37878 16441
1657728300 29101 16407 29149 16441
1657728000 25604 13296 45165 23346
1657727700 43337 21545 45165 23346
1657727400 36389 13912 162165 20359
1657727100 177775 21079 365774 29754
1657726800 335440 28907 365774 29754
1657726500 207180 24370 218997 25658
1657726200 139823 17513 152362 20741
1657725900 152697 20730 202638 20741
1657725600 191463 18495 202638 19229
1657725300 127478 14553 128144 17268
1657725000 119531 17294 187574 21188
1657724700 200440 23003 248844 29832
1657724400 241117 28392 248844 29832
1657724100 201510 20459 256572 26082
1657723800 253533 25697 256572 26082
1657723500 177021 16001 197397 18489
1657723200 196755 18535 197397 19049
1657722900 189941 18605 191446 19049
1657722600 195791 17409 248132 35817
1657722300 267744 35063 361282 35817
1657722000 353593 30917 361282 31469
1657721700 267805 25028 289202 26302
1657721400 186862 21199 188908 26375
1657721100 174813 26446 200645 37059
1657720800 210409 36481 270389 37059
1657720500 273671 32194 292269 32931
1657720200 284716 27609 292269 28024
1657719900 251744 25591 254508 25951
1657719600 178407 16449 185415 16957
1657719300 124764 15059 143744 25805
1657719000 143358 25115 143744 25805
1657718700 137645 16716 138489 18559
1657718400 133435 19434 138559 24813
1657718100 163288 24153 258218 24813
1657717800 274103 21926 369049 23756
1657717500 372874 25331 421213 45246
1657717200 425246 45464 466025 47679
1657716900 466193 47651 491264 47679
1657716600 488940 43303 491264 43568
1657716300 473644 41528 475056 41723
1657716000 465567 40111 465649 40426
1657715700 457745 29904 462942 29926
1657715400 396410 29967 406904 32631
1657715100 408325 32950 442448 40606
1657714800 429797 39072 442448 40606
1657714500 389303 34386 491220 49577
1657714200 490709 49135 491220 49577
1657713900 475683 37513 477303 37530
1657713600 455474 38037 458351 46037
1657713300 446978 44799 458351 46037
1657713000 383529 37361 420092 37405
1657712700 406100 38447 420092 45803
1657712400 335986 44685 360415 45803
1657712100 365766 27678 494196 39811
1657711800 493534 40143 494196 44142
1657711500 485629 44070 494276 44142
1657711200 493832 34142 494276 42050
1657710900 489244 42865 495363 52693
1657710600 479590 48849 495363 52693
1657710300 395878 28028 410202 28161
1657710000 423058 29091 471422 39091
1657709700 457970 37614 471422 39091
1657709400 356680 27518 375337 28541
1657709100 145206 15761 255858 20416
1657708800 253155 20328 255858 20416
1657708500 190086 18140 236956 18216
1657708200 268171 17993 413645 26499
1657707900 367965 24760 413645 26499
1657707600 144765 15562 150110 16469
1657707300 139223 10762 302302 15345
1657707000 264769 14123 302302 15345
1657706700 39672 6876 108694 10108
1657706400 106431 10175 108694 11025
1657706100 77825 10997 77838 11025
1657705800 83902 7471 184392 14761
1657705500 178544 14293 184392 14761
1657705200 103610 8293 104655 8390
1657704900 88722 7168 90408 8335
1657704600 66144 8174 68418 8335
1657704300 58749 7309 136994 8470
1657704000 138887 8689 147710 9712
1657703700 152511 9935 182005 11305
1657703400 185570 34065 230620 321674
1657703100 233221 341302 266101 589332
1657702800 255475 585977 266101 589332
1657702500 220672 572620 335509 574747
1657702200 303759 220351 335509 255824
1657701900 123246 8780 234572 14048
1657701600 224561 13485 234572 14048
1657701300 157072 10069 161324 10895
1657701000 139835 10741 194359 10895
1657700700 191092 9709 194359 9795
1657700400 162305 9252 346958 17823
1657700100 335602 17464 346958 17823
1657699800 180232 12445 184737 12697
1657699500 122037 9357 123318 10414
1657699200 109970 10459 135208 10738
1657698900 136114 10963 157881 16370
1657698600 159613 16188 167689 16370
1657698300 170141 14062 179557 15341
1657698000 182038 9409 213390 12594
1657697700 217560 12633 267789 13107
1657697400 251717 12464 267789 13107
1657697100 159594 8727 242987 11400
1657696800 245183 11439 269339 11877
1657696500 267244 11898 269339 12332
1657696200 230737 12782 306303 18213
1657695900 293669 17555 306303 18213
1657695600 152267 10174 245357 14512
1657695300 255773 15110 305453 17963
1657695000 298012 17417 305453 17963
1657694700 250537 14063 421162 28013
1657694400 407603 26792 421162 28013
1657694100 250253 12089 272604 12098
1657693800 261503 11995 272604 12059
1657693500 126108 11105 187758 11188
1657693200 216397 11866 456252 26960
1657692900 429070 24618 456252 26960
1657692600 265310 10431 284509 11599
1657692300 284430 11732 284509 12852
1657692000 283101 12747 283775 12852
1657691700 272207 11320 274594 11430
1657691400 244993 10008 246377 10060
1657691100 239846 9964 246377 10991
1657690800 230788 12044 323486 18339
1657690500 316806 17540 323486 18339
1657690200 273764 12548 275776 12636
1657689900 256107 12423 305835 19439
1657689600 300466 19004 305835 19439
1657689300 174658 8678 212926 9928
1657689000 216781 10284 263214 14582
1657688700 267048 14497 284916 14582
1657688400 281828 14061 284916 14106
1657688100 259966 14133 291258 17628
1657687800 283555 17112 291258 17628
1657687500 239093 14073 275146 15653
1657687200 276001 15687 403461 20860
1657686900 399517 20546 403461 20860
1657686600 339873 16191 349689 16586
1657686300 211562 11035 215840 11206
1657686000 162586 9009 194637 9390
1657685700 194643 9380 195569 9390
1657685400 207373 11465 251782 24749
1657685100 252212 23493 255821 24749
1657684800 247571 12159 255821 12978
1657684500 211639 8454 271915 11137
1657684200 272206 11188 275886 11833
1657683900 275452 11810 275886 11833
1657683600 209299 8381 210925 8398
1657683300 195066 8165 199586 8283
1657683000 167543 7435 170440 7444
1657682700 170547 7343 186519 9335
1657682400 186284 9290 186519 9335
1657682100 182941 10429 184322 17647
1657681800 171685 18325 176355 20928
1657681500 156973 19993 195636 20928
1657681200 203983 9328 309469 16729
1657680900 305374 16383 309469 16729
1657680600 235685 11267 253629 12022
1657680300 172435 8587 243541 11315
1657680000 220247 10711 243541 11315
1657679700 120584 7985 132621 8441
1657679400 64218 6631 136950 14191
1657679100 133692 14919 136950 24120
1657678800 107142 24408 196886 26181
1657678500 180043 25784 196886 26181
1657678200 73854 23242 76581 23349
1657677900 39966 19457 43430 21892
1657677600 41715 4392 43430 4506
1657677300 36397 4105 60347 6255
1657677000 67698 6437 165365 8865
1657676700 167323 8964 459141 23716
1657676400 438223 22684 459141 23716
1657676100 180704 10284 186307 10432
1657675800 142701 10309 146292 10432
1657675500 72073 7606 197933 9573
1657675200 170968 8775 197933 9573
1657674900 5315 3865 5331 3877
1657674600 3061 2150 3062 2641
1657674300 3202 2801 4629 3784
1657674000 4533 3666 4629 3784
1657673700 3248 2154 3320 2182
1657673400 3151 2001 54526 4222
1657673100 63821 4599 141668 7757
1657672800 140619 7956 141668 12739
1657672500 107034 12055 115451 12739
1657672200 59527 7926 112572 8771
1657671900 99285 8079 112572 8771
1657671600 20634 4032 58092 6523
1657671300 53427 6520 58092 6523
1657671000 25578 6529 145147 9910
1657670700 148142 10177 159412 11185
1657670400 153873 10987 159412 11185
1657670100 72172 7567 83885 8488
1657669800 2172 2063 2172 2063
1657669500 2172 2063 2172 2063
1657669200 2172 2063 2172 2063
1657668900 2575 2074 62659 3792
1657668600 62988 3817 112095 7648
1657668300 97529 7085 112095 7648
1657668000 8021 3622 8054 3629
1657667700 3676 2670 84152 9825
1657667400 81134 9710 84152 9825
1657667100 37583 7520 43004 8262
1657666800 8939 3457 56341 8121
1657666500 54207 7889 56341 8121
1657666200 4537 2416 10424 2713
1657665900 10663 2724 46346 4495
1657665600 46346 4495 46346 4495
1657665300 46346 4495 46346 4495
1657665000 46346 4495 46346 4495
1657664700 43589 4372 46346 4495
1657664400 8484 3119 8755 6882
1657664100 5807 6575 14765 6882
1657663800 14716 2893 14765 4005
1657663500 8112 4103 15797 5347
1657663200 15364 5333 15797 5347
1657662900 33539 6263 173313 12784
1657662600 164107 12255 173313 12784
1657662300 117680 9676 128772 10225
1657662000 36342 5650 36342 5650
1657661700 36342 5650 36342 5650
1657661400 36342 5650 36342 5650
1657661100 34566 5671 36342 5807
1657660800 28916 6407 95295 13991
1657660500 97787 13873 127811 13991
1657660200 119113 11892 127811 12456
1657659900 9201 4769 9207 4771
1657659600 7801 4324 8350 4508
1657659300 4619 3303 5192 3741
1657659000 23738 4343 112192 7216
1657658700 95977 7017 112192 7216
1657658400 18000 5863 18648 6073
1657658100 13075 4682 14021 5310
1657657800 19204 6017 91592 10366
1657657500 91570 10351 91592 10366
1657657200 85798 8213 88334 9391
1657656900 55486 9424 89765 14420
1657656600 85543 13623 89765 14420
1657656300 59368 8956 59608 10345
1657656000 58033 10338 78384 10345
1657655700 77346 9441 78384 10033
1657655400 70861 10043 71149 10181
1657655100 72051 10156 90201 10181
1657654800 95598 10449 163800 15314
1657654500 153447 16580 163800 21347
1657654200 116680 20987 141729 21347
1657653900 145226 16882 189428 17204
1657653600 189049 17169 189428 17204
1657653300 131053 11938 132616 11973
1657653000 113435 13619 125509 25630
1657652700 127106 24647 146344 25630
1657652400 147760 13385 154363 16028
1657652100 155339 15826 163236 16028
1657651800 173694 14298 424695 16708
1657651500 401742 16528 424695 16708
1657651200 203949 14984 209515 15021
1657650900 132403 14585 133617 15390
1657650600 117753 15411 117785 17579
1657650300 115335 17424 124941 17579
1657650000 121735 14898 124941 15370
1657649700 101841 11923 102041 11999
1657649400 99716 11872 104555 22743
1657649100 103054 20973 104555 22743
1657648800 95380 10999 104616 16353
1657648500 106985 16215 135516 16353
1657648200 133552 15197 135516 18935
1657647900 122086 19733 122129 29352
1657647600 124594 27687 143110 29352
1657647300 138127 16288 143110 17466
1657647000 113237 10612 113804 11403
1657646700 107443 11434 124555 14531
1657646400 121847 14568 124555 15044
1657646100 88075 15095 93409 15717
1657645800 95615 15627 112879 15717
1657645500 111462 14236 112879 14929
1657645200 106115 11575 119376 11579
1657644900 116841 11786 119376 14733
1657644600 113635 14979 152633 16456
1657644300 164784 16906 298446 21857
1657644000 287135 21799 298446 21857
1657643700 177563 19491 195623 21331
1657643400 108164 12424 108239 12430
1657643100 96546 11776 97038 14426
1657642800 91610 14638 107665 17325
1657642500 111762 17715 136254 20046
1657642200 136923 20384 142526 23223
1657641900 138864 22591 142526 23223
1657641600 109684 17283 118320 17300
1657641300 126659 17471 222558 20765
1657641000 224510 21046 249188 24604
1657640700 251104 24715 331320 29367
1657640400 292907 26929 331320 29367
1657640100 125924 16388 129149 16540
1657639800 104199 15204 106118 15461
1657639500 89781 12994 174300 20761
1657639200 180479 21448 262582 30589
1657638900 259802 30126 262582 30589
1657638600 240867 25101 424610 31937
1657638300 391756 30446 424610 31937
1657638000 214563 22254 214908 22423
1657637700 210568 20159 245836 23129
1657637400 240940 23727 245836 28408
1657637100 201384 28187 202640 28408
1657636800 171488 22511 197367 23396
1657636500 195902 23601 197367 24864
1657636200 206978 25925 326962 32268
1657635900 330763 32608 421991 40787
1657635600 422837 41140 433540 45613
1657635300 428658 45514 433540 45613
1657635000 402524 45127 434761 46983
1657634700 432791 46756 434761 46983
1657634400 425180 45933 437852 47797
1657634100 433462 46813 437852 47797
1657633800 405981 40706 406500 40770
1657633500 318753 31310 328725 31327
1657633200 251358 31147 262248 31327
1657632900 189050 30019 189651 30128
1657632600 99486 13995 99583 15633
1657632300 107403 15788 222886 17747
1657632000 225977 17989 265037 21049
1657631700 258619 20744 265037 21049
1657631400 213708 18719 220262 18928
1657631100 180419 17732 257091 20956
1657630800 259212 21088 314948 24576
1657630500 320955 24977 371265 28337
1657630200 385937 29903 454319 37206
1657629900 452414 37224 454319 37381
1657629600 406541 34921 436466 37381
1657629300 283179 60511 293970 268765
1657629000 205848 232003 218686 268765
1657628700 134152 23208 147421 23688
1657628400 153796 17411 234360 20719
1657628100 258520 26426 406933 61489
1657627800 407677 61743 462786 80574
1657627500 465500 77371 496713 80574
1657627200 489511 40086 496713 40537
1657626900 403728 34465 419549 35706
1657626600 269469 23012 271233 24073
1657626300 309062 20953 411436 30006
1657626000 399666 29353 411436 30006
1657625700 144879 13934 248998 14877
1657625400 248191 14859 248998 14877
1657625100 159318 13465 351579 21026
1657624800 360941 22484 413994 30750
1657624500 422273 32021 491618 42673
1657624200 491387 42625 491618 42673
1657623900 478845 41051 485332 41387
1657623600 398398 36497 415054 36818
1657623300 369509 29529 415054 32967
1657623000 173313 14127 234961 16504
1657622700 226793 16135 234961 16504
1657622400 129859 11747 342606 20024
1657622100 311816 18796 342606 20024
1657621800 139299 11947 265813 17348
1657621500 261642 17386 265813 17705
1657621200 215771 17097 226718 17705
1657620900 193935 16257 232204 19099
1657620000 110440 11206 184385 18986
1657618200 121028 9840 206406 12426
1657616400 122793 10529 220387 13560
1657614600 188298 64706 309120 184341
1657612800 145753 10296 172866 15788
1657611000 161007 8730 484128 29089
1657609200 323119 16978 490047 29089
1657607400 229885 12054 401491 21227
1657605600 295578 15428 462767 26892
1657603800 163613 8695 209322 9836
1657602000 202753 15217 348054 23801
1657600200 165407 25939 287102 30153
1657598400 102838 7878 177719 11726
1657596600 205149 14412 307173 18625
1657594800 284019 16451 486739 26024
1657593000 242556 15151 490873 26024
1657591200 262402 15271 487063 27806
1657589400 179960 15747 335896 23585
1657587600 107784 9907 186922 15605
1657585800 29820 7046 371424 13748
1657584000 430872 15174 451678 16510
1657582200 408856 15952 463390 18515
1657580400 457834 17904 469486 18752
1657578600 181262 11041 466613 21400
1657576800 13210 6518 29809 8286
1657575000 84858 8265 276938 14833
1657573200 20817 8563 35807 12655
1657571400 41180 8370 76281 10498
1657569600 157557 17350 196528 26139
1657567800 225809 19426 406453 35176
1657566000 171967 15668 290370 25426
1657564200 242600 21936 374559 30520
1657562400 204861 21298 307858 27277
1657560600 114868 13884 307858 21834
1657558800 85522 13301 248430 20723
1657557000 122456 12369 248430 19835
1657555200 174001 16264 298144 22608
1657553400 119049 21021 158691 39265
1657551600 172136 35980 268561 61041
1657549800 217652 22733 341278 30293
1657548000 244354 21573 402445 28582
1657546200 322405 28227 407677 32492
1657544400 179456 174800 372438 609758
1657542600 225975 49763 349784 195343
1657540800 300512 22911 402724 26829
1657539000 239876 17084 466048 28031
1657537200 183884 12774 334480 20702
1657535400 153233 12406 280710 21821
1657533600 58119 6172 97208 8793
1657531800 26940 5717 80872 9243
1657530000 88163 7198 145621 10881
1657528200 51580 5841 110521 9383
1657526400 50649 3383 50649 3383
1657524600 50649 3383 50649 3383
1657522800 53989 4688 155467 7478
1657521000 103637 5951 155467 10180
1657519200 14942 2090 93850 4902
1657517400 35221 3390 277094 12761
1657515600 218842 10538 277094 13534
1657513800 71080 4980 89464 6310
1657512000 96928 5852 333908 18761
1657510200 146179 11135 333908 18761
1657508400 153200 8420 286538 13316
1657506600 151934 16271 497015 27032
1657504800 418497 25862 497015 31267
1657503000 136556 8321 146767 10987
1657501200 146913 7880 158325 8486
1657499400 155714 11770 228790 17172
1657497600 34149 5784 58225 13611
1657495800 19333 4197 41367 5260
1657494000 30445 4653 58144 6236
1657492200 38915 5150 57616 8249
1657490400 61124 6057 130151 8936
1657488600 98895 7489 328384 14223
1657486800 154973 8858 236064 13026
1657485000 138061 8373 237688 11768
1657483200 141808 103477 197689 138515
1657481400 112049 52119 197689 139836
1657479600 166599 8952 305317 15252
1657477800 84805 6691 181985 9841
1657476000 102513 7402 152633 8349
1657474200 111564 8130 131464 9054
1657472400 95947 6434 121723 7689
1657470600 119889 8041 150790 10126
1657468800 163810 9321 260808 11987
1657467000 124064 8319 213445 11130
1657465200 70526 5823 88581 6624
1657463400 99956 6243 192814 8662
1657461600 73120 6564 122059 9732
1657459800 46041 4561 86463 7056
1657458000 76805 7068 199037 9679
1657456200 100593 7242 199037 9978
1657454400 138056 10309 159939 12491
1657452600 125835 8715 152507 9776
1657450800 95606 8332 213877 10360
1657449000 175992 10097 335761 13315
1657447200 146518 7670 369306 15156
1657445400 23259 175390 132115 552943
1657443600 105333 7192 182731 11197
1657441800 211961 12170 432680 23293
1657440000 101857 6885 205680 11544
1657438200 64848 4481 77068 5089
1657436400 223450 11104 320568 15302
1657434600 242041 17178 362203 25945
1657432800 221414 11423 244682 15009
1657431000 154016 10378 244682 15941
1657429200 104051 8504 316335 20085
1657427400 178066 12947 466189 26678
1657425600 280958 17388 451785 30654
1657423800 233632 26373 371890 63871
1657422000 116073 8428 199544 10353
1657420200 91399 12163 168076 22062
1657418400 163240 13062 237892 17361
1657416600 154689 18236 220628 28977
1657414800 122635 9841 300274 19872
1657413000 115751 11405 184797 17846
1657411200 112690 10063 142592 12834
1657409400 72791 8161 110522 14683
1657407600 61520 5845 67562 8236
1657405800 67219 6801 82995 10228
1657404000 60159 5368 61423 6481
1657402200 61111 5550 62210 6177
1657400400 60675 6257 62992 7558
1657398600 63157 5828 138193 8296
1657396800 128377 7900 196016 10593
1657395000 82976 8135 160922 10571
1657393200 143399 7516 224660 9834
1657391400 42192 5614 50752 11272
1657389600 57209 5174 122931 6596
1657387800 14180 4742 45267 10006
1657386000 135311 7740 304473 14092
1657384200 24469 4041 110736 6274
1657382400 60862 5417 104372 7531
1657380600 56842 5492 88950 6883
1657378800 69906 11710 108031 37508
1657377000 98589 7386 169077 11093
1657375200 37581 6147 75890 8525
1657373400 148607 10548 243408 16179
1657371600 80645 6898 167637 13149
1657369800 85746 9741 212272 15725
1657368000 56765 5382 133157 8017
1657366200 57271 5562 258613 15180
1657364400 108383 9043 258613 15180
1657362600 161457 10201 296025 16090
1657360800 107159 9214 225092 15753
1657359000 133118 52273 225092 243691
1657357200 43399 5681 297996 13657
1657355400 151241 10175 297996 15439
1657353600 67311 4701 235624 9382
1657351800 78709 5515 231102 13072
1657350000 3978 2595 7617 3244
1657348200 6202 2673 18227 3758
1657346400 68455 5952 178962 12411
1657344600 84198 5944 140778 9269
1657342800 49706 4925 127877 6690
1657341000 98914 20197 267399 25099
1657339200 64763 5123 136345 9030
1657337400 103162 7914 245849 14888
1657335600 8242 3190 21005 4032
1657333800 13209 4719 34703 6441
1657332000 54033 4259 143587 7427
1657330200 29391 4507 111864 6276
1657328400 41855 5636 82999 7805
1657326600 73282 12027 212908 22993
1657324800 66821 6016 116663 7852
1657323000 20797 12742 62761 45161
1657321200 5702 2901 123586 7468
1657319400 36349 5081 123586 8163
1657317600 35415 3807 196644 9972
1657315800 93583 8611 196644 18274
1657314000 44193 5596 104537 8185
1657312200 64865 6494 173801 21289
1657310400 116072 15256 142324 21289
1657308600 74095 17041 99769 25648
1657306800 75570 10284 99769 11797
1657305000 84330 15579 118063 25755
1657303200 67760 17153 197250 45644
1657301400 176944 27379 365555 45644
1657299600 150746 16834 245123 24330
1657297800 137318 19423 155744 27505
1657296000 135460 15430 196533 19274
1657294200 128971 14255 254624 29720
1657292400 199453 20582 254624 30840
1657290600 246724 18915 289883 25477
1657288800 274210 20975 313667 28145
1657287000 158323 17344 238363 19900
1657285200 156850 15117 421178 39885
1657283400 298537 27909 421178 41944
1657281600 315691 30201 396874 42998
1657279800 147637 19574 396874 42998
1657278000 67780 6387 71008 7408
1657276200 68133 7623 70921 8622
1657274400 77759 9473 118065 17781
1657272600 48801 38266 125262 148579
1657270800 26677 4609 94509 7107
1657269000 42518 4687 87571 7099
1657267200 13747 4426 73683 7140
1657265400 64735 5651 132226 7796
1657263600 188502 13840 319043 26571
1657261800 257765 16318 411816 23164
1657260000 156429 10331 242910 13301
1657258200 116699 10313 155705 13337
1657256400 161537 12267 308540 19539
1657254600 95308 13436 137056 25558
1657252800 76388 7233 160385 12062
1657251000 126111 12507 281954 26772
1657249200 304339 13515 428302 18722
1657247400 67941 15066 206645 18832
1657245600 130023 11501 279792 17548
1657243800 118822 16875 246344 27131
1657242000 49827 12387 149544 29017
1657240200 150985 41927 318328 61691
1657238400 21737 23754 57256 58688
1657236600 24779 106839 108718 546025
1657234800 8340 66121 26875 345241
1657233000 10834 5362 26875 8503
1657231200 17159 4888 48966 6271
1657229400 32512 6862 99300 9397
1657227600 137531 10529 288647 17005
1657225800 57073 14454 143067 42555
1657224000 50258 9004 103468 14687
1657222200 51749 7292 61653 9714
1657220400 56114 8162 64919 9406
1657218600 69709 11354 166150 17763
1657216800 88426 16630 166150 29766
1657215000 32515 12072 207385 23105
1657213200 196157 21843 409732 41422
1657211400 135411 16047 234791 34539
1657209600 166717 20128 237834 46796
1657207800 318615 30132 490181 46796
1657206000 253749 23365 460956 46241
1657204200 275773 20703 321445 22949
1657202400 275854 27979 442953 42891
1657200600 257538 22918 428660 41718
1657198800 295625 26117 467409 43132
1657197000 302767 35375 467409 60939
1657195200 337165 30096 493323 45431
1657193400 352112 30085 497134 45431
1657191600 267746 20730 310058 28190
1657189800 173190 12262 201809 14858
1657188000 91979 7971 201809 12956
1657186200 72104 7097 74708 8236
1657184400 71593 6896 81240 7291
1657182600 72949 6890 82063 7423
1657180800 132555 9785 198631 12250
1657179000 137371 10817 198631 14266
1657177200 178152 14957 351451 24215
1657175400 215370 15063 332749 20810
1657173600 158395 8536 261345 15143
1657171800 107795 7916 334976 20257
1657170000 209641 11033 334976 20257
1657168200 96299 10380 156260 21050
1657166400 63365 4886 109949 7339
1657164600 65489 8117 126875 16215
1657162800 170989 8497 243782 12162
1657161000 49866 12200 74812 16618
1657159200 15702 4140 31829 5871
1657157400 138548 14797 282220 26323
1657155600 63438 6700 291170 18252
1657153800 171202 20402 292216 27941
1657152000 104186 8037 129688 11082
1657150200 58295 7920 66466 16580
1657148400 51173 5563 80164 7143
1657146600 52313 6642 80164 11020
1657144800 151987 10499 226963 13238
1657143000 96201 9376 163551 12272
1657141200 62902 6956 81530 7599
1657139400 116806 8416 271780 11689
1657137600 149131 12281 260290 19238
1657135800 173570 15584 253386 20378
1657134000 191309 17041 253386 20790
1657132200 139111 16625 190479 27289
1657130400 197948 25784 289703 45353
1657128600 97231 13011 147134 17896
1657126800 127494 14312 330112 28343
1657125000 229959 23196 333246 30192
1657123200 242502 34446 333652 85632
1657121400 231543 17588 249061 19076
1657119600 277533 20002 385484 30770
1657117800 201311 18895 385484 30770
1657116000 214182 18272 284678 21824
1657114200 145032 20032 178497 25216
1657112400 222164 21203 399027 35275
1657110600 315665 30346 395866 37019
1657108800 320733 32576 433573 51422
1657107000 66263 16528 173824 31006
1657105200 127110 13988 188223 17774
1657103400 78468 9323 114856 12828
1657101600 12012 6382 24402 7670
1657099800 10058 6182 12627 6964
1657098000 23157 6029 59669 7579
1657096200 43434 6588 114828 9162
1657094400 41849 7148 195649 13408
1657092600 288019 42243 436317 324919
1657090800 42585 65403 143212 324919
1657089000 174205 14215 396623 22343
1657087200 258456 25549 475308 79862
1657085400 163794 11845 439578 25780
1657083600 237198 14581 439578 22498
1657081800 219013 16683 296976 23849
1657080000 95356 10117 216757 16232
1657078200 292578 25107 405084 32561
1657076400 144341 21051 303765 43982
1657074600 27095 13057 57405 25617
1657072800 100105 10743 207312 17793
1657071000 180996 19961 308594 30555
1657069200 139143 12415 232570 18532
1657067400 217396 25411 302854 49970
1657065600 150400 13700 193160 20624
1657063800 81124 13384 137908 24897
1657062000 109517 10543 380795 19730
1657060200 58333 9423 142477 12881
1657058400 190082 13241 273695 15673
1657056600 101405 9917 159813 11904
1657054800 112030 9284 295156 16570
1657053000 105621 10885 209648 15653
1657051200 143903 19105 228797 30536
1657049400 170521 29046 283054 36780
1657047600 131981 17750 171778 25012
1657045800 115606 20349 161347 27102
1657044000 238202 24410 282585 29728
1657042200 281116 26022 429158 38080
1657040400 230710 18706 322623 22680
1657038600 180543 19529 202313 26975
1657036800 207630 21920 290341 32711
1657035000 245980 27274 309349 32711
1657033200 222183 21700 294355 28229
1657031400 170504 17088 196247 23730
1657029600 124064 13867 188814 19129
1657027800 220104 27111 289676 41520
1657026000 187805 19013 285918 24504
1657024200 215830 27478 302922 35825
1657022400 185028 37015 213351 49398
1657020600 230844 23976 380355 30611
1657018800 150662 13496 186405 19196
1657017000 85741 10046 169463 15887
1657015200 19862 7453 41091 155741
1657013400 73287 222010 104020 556028
1657011600 72737 42293 78043 220876
1657009800 68526 6726 72212 7846
1657008000 170123 12020 337094 21074
1657006200 120789 9210 302329 19554
1657004400 293684 16099 490578 21819
1657002600 145762 10606 490578 21819
1657000800 66304 9176 109481 10989
1656999000 52683 7673 92123 11386
1656997200 64805 9982 155658 11844
1656995400 191521 14335 387422 20549
1656993600 167924 13257 275939 18960
1656991800 111001 12666 223965 20101
1656990000 150304 12969 299967 17919
1656988200 171393 17983 228552 27674
1656986400 266869 17146 388118 22521
1656984600 248039 21897 386168 26264
1656982800 189213 15180 253824 23127
1656981000 169008 19989 240452 31756
1656979200 98228 11330 240452 18541
1656977400 142896 15482 220132 19819
1656975600 86919 10623 220132 13520
1656973800 47866 8168 84689 10387
1656972000 12070 6431 27212 6978
1656970200 9143 7014 12791 9752
1656968400 7743 5895 10410 6509
1656966600 24612 13564 54079 31622
1656964800 49078 19573 66701 23513
1656963000 60002 20565 70042 24800
1656961200 67429 22316 76722 29679
1656959400 92090 15158 199716 31151
1656957600 210816 27500 390714 33694
1656955800 189584 27905 326421 46172
1656954000 0 0 0 0
1656952200 0 0 0 0
1656950400 0 0 0 0
1656948600 0 0 0 0
1656946800 0 0 0 0
1656945000 0 0 0 0
1656943200 0 0 0 0
1656941400 0 0 0 0
1656939600 0 0 0 0
1656937800 0 0 0 0
1656936000 0 0 0 0
1656934200 0 0 0 0
1656932400 0 0 0 0
1656930600 0 0 0 0
1656928800 0 0 0 0
1656927000 0 0 0 0
1656925200 0 0 0 0
1656923400 0 0 0 0
1656921600 0 0 0 0
1656919800 0 0 0 0
1656918000 0 0 0 0
1656916200 0 0 0 0
1656914400 0 0 0 0
1656912600 0 0 0 0
1656910800 0 0 0 0
1656909000 0 0 0 0
1656907200 0 0 0 0
1656905400 0 0 0 0
1656903600 0 0 0 0
1656901800 0 0 0 0
1656900000 0 0 0 0
1656898200 0 0 0 0
1656896400 0 0 0 0
1656894600 0 0 0 0
1656892800 0 0 0 0
1656891000 0 0 0 0
1656889200 0 0 0 0
1656887400 0 0 0 0
1656885600 0 0 0 0
1656883800 0 0 0 0
1656882000 0 0 0 0
1656880200 0 0 0 0
1656878400 0 0 0 0
1656876600 0 0 0 0
1656874800 0 0 0 0
1656873000 0 0 0 0
1656871200 0 0 0 0
1656869400 0 0 0 0
1656867600 0 0 0 0
1656865800 0 0 0 0
1656864000 0 0 0 0
1656862200 0 0 0 0
1656860400 0 0 0 0
1656858600 0 0 0 0
1656856800 0 0 0 0
1656855000 0 0 0 0
1656853200 0 0 0 0
1656851400 0 0 0 0
1656849600 0 0 0 0
1656847800 0 0 0 0
1656846000 0 0 0 0
1656844200 0 0 0 0
1656842400 0 0 0 0
1656840600 0 0 0 0
1656838800 0 0 0 0
1656837000 0 0 0 0
1656835200 0 0 0 0
1656833400 0 0 0 0
1656831600 0 0 0 0
1656829800 0 0 0 0
1656828000 0 0 0 0
1656826200 0 0 0 0
1656824400 0 0 0 0
1656822600 0 0 0 0
1656820800 0 0 0 0
1656819000 0 0 0 0
1656817200 0 0 0 0
1656815400 0 0 0 0
1656813600 0 0 0 0
1656811800 0 0 0 0
1656810000 0 0 0 0
1656808200 0 0 0 0
1656806400 0 0 0 0
1656804600 0 0 0 0
1656802800 0 0 0 0
1656801000 0 0 0 0
1656799200 0 0 0 0
1656797400 0 0 0 0
1656795600 0 0 0 0
1656793800 0 0 0 0
1656792000 0 0 0 0
1656790200 0 0 0 0
1656788400 0 0 0 0
1656786600 0 0 0 0
1656784800 0 0 0 0
1656783000 0 0 0 0
1656781200 0 0 0 0
1656779400 0 0 0 0
1656777600 0 0 0 0
1656775800 0 0 0 0
1656774000 0 0 0 0
1656772200 0 0 0 0
1656770400 0 0 0 0
1656768600 0 0 0 0
1656766800 0 0 0 0
1656765000 0 0 0 0
1656763200 0 0 0 0
1656761400 0 0 0 0
1656759600 0 0 0 0
1656757800 0 0 0 0
1656756000 0 0 0 0
1656754200 0 0 0 0
1656752400 0 0 0 0
1656750600 0 0 0 0
1656748800 0 0 0 0
1656747000 0 0 0 0
1656745200 0 0 0 0
1656743400 0 0 0 0
1656741600 0 0 0 0
1656739800 0 0 0 0
1656738000 0 0 0 0
1656736200 0 0 0 0
1656734400 0 0 0 0
1656732600 0 0 0 0
1656730800 0 0 0 0
1656729000 0 0 0 0
1656727200 0 0 0 0
1656725400 0 0 0 0
1656723600 0 0 0 0
1656721800 0 0 0 0
1656720000 0 0 0 0
1656718200 0 0 0 0
1656716400 0 0 0 0
1656714600 0 0 0 0
1656712800 0 0 0 0
1656711000 0 0 0 0
1656709200 0 0 0 0
1656707400 0 0 0 0
1656705600 0 0 0 0
1656703800 0 0 0 0
1656702000 0 0 0 0
1656700200 0 0 0 0
1656698400 0 0 0 0
1656696600 0 0 0 0
1656694800 0 0 0 0
1656693000 0 0 0 0
1656691200 0 0 0 0
1656689400 0 0 0 0
1656687600 0 0 0 0
1656685800 0 0 0 0
1656684000 0 0 0 0
1656682200 0 0 0 0
1656680400 0 0 0 0
1656678600 0 0 0 0
1656676800 0 0 0 0
1656675000 0 0 0 0
1656673200 0 0 0 0
1656671400 0 0 0 0
1656669600 0 0 0 0
1656667800 0 0 0 0
1656666000 0 0 0 0
1656664200 0 0 0 0
1656662400 0 0 0 0
1656660600 0 0 0 0
1656658800 0 0 0 0
1656657000 0 0 0 0
1656655200 0 0 0 0
1656653400 0 0 0 0
1656651600 0 0 0 0
1656649800 0 0 0 0
1656648000 0 0 0 0
1656646200 0 0 0 0
1656644400 0 0 0 0
1656642600 0 0 0 0
1656640800 0 0 0 0
1656639000 0 0 0 0
1656637200 0 0 0 0
1656635400 0 0 0 0
1656633600 0 0 0 0
1656631800 0 0 0 0
1656630000 0 0 0 0
1656628200 0 0 0 0
1656626400 0 0 0 0
1656624600 0 0 0 0
1656622800 0 0 0 0
1656621000 0 0 0 0
1656619200 0 0 0 0
1656617400 0 0 0 0
1656615600 0 0 0 0
1656613800 0 0 0 0
1656612000 0 0 0 0
1656610200 0 0 0 0
1656608400 0 0 0 0
1656606600 0 0 0 0
1656604800 0 0 0 0
1656603000 0 0 0 0
1656601200 0 0 0 0
1656599400 0 0 0 0
1656597600 0 0 0 0
1656595800 0 0 0 0
1656594000 0 0 0 0
1656592200 0 0 0 0
1656590400 0 0 0 0
1656588600 0 0 0 0
1656586800 0 0 0 0
1656585000 0 0 0 0
1656583200 0 0 0 0
1656581400 0 0 0 0
1656579600 0 0 0 0
1656577800 0 0 0 0
1656576000 0 0 0 0
1656574200 0 0 0 0
1656572400 0 0 0 0
1656570600 0 0 0 0
1656568800 0 0 0 0
1656567000 0 0 0 0
1656565200 0 0 0 0
1656563400 0 0 0 0
1656561600 0 0 0 0
1656559800 0 0 0 0
1656558000 0 0 0 0
1656556200 0 0 0 0
1656554400 0 0 0 0
1656552600 0 0 0 0
1656550800 0 0 0 0
1656549000 0 0 0 0
1656547200 0 0 0 0
1656545400 0 0 0 0
1656543600 0 0 0 0
1656541800 0 0 0 0
1656540000 0 0 0 0
1656532800 0 0 0 0
1656525600 0 0 0 0
1656518400 0 0 0 0
1656511200 0 0 0 0
1656504000 0 0 0 0
1656496800 0 0 0 0
1656489600 0 0 0 0
1656482400 0 0 0 0
1656475200 0 0 0 0
1656468000 0 0 0 0
1656460800 0 0 0 0
1656453600 0 0 0 0
1656446400 0 0 0 0
1656439200 0 0 0 0
1656432000 0 0 0 0
1656424800 0 0 0 0
1656417600 0 0 0 0
1656410400 0 0 0 0
1656403200 0 0 0 0
1656396000 0 0 0 0
1656388800 0 0 0 0
1656381600 0 0 0 0
1656374400 0 0 0 0
1656367200 0 0 0 0
1656360000 0 0 0 0
1656352800 0 0 0 0
1656345600 0 0 0 0
1656338400 0 0 0 0
1656331200 0 0 0 0
1656324000 0 0 0 0
1656316800 0 0 0 0
1656309600 0 0 0 0
1656302400 0 0 0 0
1656295200 0 0 0 0
1656288000 0 0 0 0
1656280800 0 0 0 0
1656273600 0 0 0 0
1656266400 0 0 0 0
1656259200 0 0 0 0
1656252000 0 0 0 0
1656244800 0 0 0 0
1656237600 0 0 0 0
1656230400 0 0 0 0
1656223200 0 0 0 0
1656216000 0 0 0 0
1656208800 0 0 0 0
1656201600 0 0 0 0
1656194400 0 0 0 0
1656187200 0 0 0 0
1656180000 0 0 0 0
1656172800 0 0 0 0
1656165600 0 0 0 0
1656158400 0 0 0 0
1656151200 0 0 0 0
1656144000 0 0 0 0
1656136800 0 0 0 0
1656129600 0 0 0 0
1656122400 0 0 0 0
1656115200 0 0 0 0
1656108000 0 0 0 0
1656100800 0 0 0 0
1656093600 0 0 0 0
1656086400 0 0 0 0
1656079200 0 0 0 0
1656072000 0 0 0 0
1656064800 0 0 0 0
1656057600 0 0 0 0
1656050400 0 0 0 0
1656043200 0 0 0 0
1656036000 0 0 0 0
1656028800 0 0 0 0
1656021600 0 0 0 0
1656014400 0 0 0 0
1656007200 0 0 0 0
1656000000 0 0 0 0
1655992800 0 0 0 0
1655985600 0 0 0 0
1655978400 0 0 0 0
1655971200 0 0 0 0
1655964000 0 0 0 0
1655956800 0 0 0 0
1655949600 0 0 0 0
1655942400 0 0 0 0
1655935200 0 0 0 0
1655928000 0 0 0 0
1655920800 0 0 0 0
1655913600 0 0 0 0
1655906400 0 0 0 0
1655899200 0 0 0 0
1655892000 0 0 0 0
1655884800 0 0 0 0
1655877600 0 0 0 0
1655870400 0 0 0 0
1655863200 0 0 0 0
1655856000 0 0 0 0
1655848800 0 0 0 0
1655841600 0 0 0 0
1655834400 0 0 0 0
1655827200 0 0 0 0
1655820000 0 0 0 0
1655812800 0 0 0 0
1655805600 0 0 0 0
1655798400 0 0 0 0
1655791200 0 0 0 0
1655784000 0 0 0 0
1655776800 0 0 0 0
1655769600 0 0 0 0
1655762400 0 0 0 0
1655755200 0 0 0 0
1655748000 0 0 0 0
1655740800 0 0 0 0
1655733600 0 0 0 0
1655726400 0 0 0 0
1655719200 0 0 0 0
1655712000 0 0 0 0
1655704800 0 0 0 0
1655697600 0 0 0 0
1655690400 0 0 0 0
1655683200 0 0 0 0
1655676000 0 0 0 0
1655668800 0 0 0 0
1655661600 0 0 0 0
1655654400 0 0 0 0
1655647200 0 0 0 0
1655640000 0 0 0 0
1655632800 0 0 0 0
1655625600 0 0 0 0
1655618400 0 0 0 0
1655611200 0 0 0 0
1655604000 0 0 0 0
1655596800 0 0 0 0
1655589600 0 0 0 0
1655582400 0 0 0 0
1655575200 0 0 0 0
1655568000 0 0 0 0
1655560800 0 0 0 0
1655553600 0 0 0 0
1655546400 0 0 0 0
1655539200 0 0 0 0
1655532000 0 0 0 0
1655524800 0 0 0 0
1655517600 0 0 0 0
1655510400 0 0 0 0
1655503200 0 0 0 0
1655496000 0 0 0 0
1655488800 0 0 0 0
1655481600 0 0 0 0
1655474400 0 0 0 0
1655467200 0 0 0 0
1655460000 0 0 0 0
1655452800 0 0 0 0
1655445600 0 0 0 0
1655438400 0 0 0 0
1655431200 0 0 0 0
1655424000 0 0 0 0
1655416800 0 0 0 0
1655409600 0 0 0 0
1655402400 0 0 0 0
1655395200 0 0 0 0
1655388000 0 0 0 0
1655380800 0 0 0 0
1655373600 0 0 0 0
1655366400 0 0 0 0
1655359200 0 0 0 0
1655352000 0 0 0 0
1655344800 0 0 0 0
1655337600 0 0 0 0
1655330400 0 0 0 0
1655323200 0 0 0 0
1655316000 0 0 0 0
1655308800 0 0 0 0
1655301600 0 0 0 0
1655294400 0 0 0 0
1655287200 0 0 0 0
1655280000 0 0 0 0
1655272800 0 0 0 0
1655265600 0 0 0 0
1655258400 0 0 0 0
1655251200 0 0 0 0
1655244000 0 0 0 0
1655236800 0 0 0 0
1655229600 0 0 0 0
1655222400 0 0 0 0
1655215200 0 0 0 0
1655208000 0 0 0 0
1655200800 0 0 0 0
1655193600 0 0 0 0
1655186400 0 0 0 0
1655179200 0 0 0 0
1655172000 0 0 0 0
1655164800 0 0 0 0
1655157600 0 0 0 0
1655150400 0 0 0 0
1655143200 0 0 0 0
1655136000 0 0 0 0
1655128800 0 0 0 0
1655121600 0 0 0 0
1655114400 0 0 0 0
1655107200 0 0 0 0
1655100000 0 0 0 0
1655092800 0 0 0 0
1655085600 0 0 0 0
1655078400 0 0 0 0
1655071200 0 0 0 0
1655064000 0 0 0 0
1655056800 0 0 0 0
1655049600 0 0 0 0
1655042400 0 0 0 0
1655035200 0 0 0 0
1655028000 0 0 0 0
1655020800 0 0 0 0
1655013600 0 0 0 0
1655006400 0 0 0 0
1654999200 0 0 0 0
1654992000 0 0 0 0
1654984800 0 0 0 0
1654977600 0 0 0 0
1654970400 0 0 0 0
1654963200 0 0 0 0
1654956000 0 0 0 0
1654948800 0 0 0 0
1654941600 0 0 0 0
1654934400 0 0 0 0
1654927200 0 0 0 0
1654920000 0 0 0 0
1654912800 0 0 0 0
1654905600 0 0 0 0
1654898400 0 0 0 0
1654891200 0 0 0 0
1654884000 0 0 0 0
1654876800 0 0 0 0
1654869600 0 0 0 0
1654862400 0 0 0 0
1654855200 0 0 0 0
1654848000 0 0 0 0
1654840800 0 0 0 0
1654833600 0 0 0 0
1654826400 0 0 0 0
1654819200 0 0 0 0
1654812000 0 0 0 0
1654804800 0 0 0 0
1654797600 0 0 0 0
1654790400 0 0 0 0
1654783200 0 0 0 0
1654776000 0 0 0 0
1654768800 0 0 0 0
1654761600 0 0 0 0
1654754400 0 0 0 0
1654747200 0 0 0 0
1654740000 0 0 0 0
1654732800 0 0 0 0
1654725600 0 0 0 0
1654718400 0 0 0 0
1654711200 0 0 0 0
1654704000 0 0 0 0
1654696800 0 0 0 0
1654689600 0 0 0 0
1654682400 0 0 0 0
1654675200 0 0 0 0
1654668000 0 0 0 0
1654660800 0 0 0 0
1654653600 0 0 0 0
1654646400 0 0 0 0
1654639200 0 0 0 0
1654632000 0 0 0 0
1654624800 0 0 0 0
1654617600 0 0 0 0
1654610400 0 0 0 0
1654603200 0 0 0 0
1654596000 0 0 0 0
1654588800 0 0 0 0
1654581600 0 0 0 0
1654574400 0 0 0 0
1654567200 0 0 0 0
1654560000 0 0 0 0
1654552800 0 0 0 0
1654545600 0 0 0 0
1654538400 0 0 0 0
1654531200 0 0 0 0
1654524000 0 0 0 0
1654516800 0 0 0 0
1654509600 0 0 0 0
1654502400 0 0 0 0
1654495200 0 0 0 0
1654488000 0 0 0 0
1654480800 0 0 0 0
1654473600 0 0 0 0
1654466400 0 0 0 0
1654459200 0 0 0 0
1654452000 0 0 0 0
1654444800 0 0 0 0
1654437600 0 0 0 0
1654430400 0 0 0 0
1654423200 0 0 0 0
1654416000 0 0 0 0
1654408800 0 0 0 0
1654401600 0 0 0 0
1654394400 0 0 0 0
1654387200 0 0 0 0
1654380000 0 0 0 0
1654372800 0 0 0 0
1654365600 0 0 0 0
1654358400 0 0 0 0
1654351200 0 0 0 0
1654344000 0 0 0 0
1654336800 0 0 0 0
1654329600 0 0 0 0
1654322400 0 0 0 0
1654315200 0 0 0 0
1654308000 0 0 0 0
1654300800 0 0 0 0
1654293600 0 0 0 0
1654286400 0 0 0 0
1654279200 0 0 0 0
1654272000 0 0 0 0
1654264800 0 0 0 0
1654257600 0 0 0 0
1654250400 0 0 0 0
1654243200 0 0 0 0
1654236000 0 0 0 0
1654228800 0 0 0 0
1654221600 0 0 0 0
1654214400 0 0 0 0
1654207200 0 0 0 0
1654200000 0 0 0 0
1654192800 0 0 0 0
1654185600 0 0 0 0
1654178400 0 0 0 0
1654171200 0 0 0 0
1654164000 0 0 0 0
1654156800 0 0 0 0
1654149600 0 0 0 0
1654142400 0 0 0 0
1654135200 0 0 0 0
1654128000 0 0 0 0
1654120800 0 0 0 0
1654113600 0 0 0 0
1654106400 0 0 0 0
1654099200 0 0 0 0
1654092000 0 0 0 0
1654084800 0 0 0 0
1654077600 0 0 0 0
1654070400 0 0 0 0
1654063200 0 0 0 0
1654056000 0 0 0 0
1654048800 0 0 0 0
1654041600 0 0 0 0
1654034400 0 0 0 0
1654027200 0 0 0 0
1654020000 0 0 0 0
1654012800 0 0 0 0
1654005600 0 0 0 0
1653998400 0 0 0 0
1653991200 0 0 0 0
1653984000 0 0 0 0
1653976800 0 0 0 0
1653969600 0 0 0 0
1653962400 0 0 0 0
1653955200 0 0 0 0
1653948000 0 0 0 0
1653940800 0 0 0 0
1653933600 0 0 0 0
1653926400 0 0 0 0
1653919200 0 0 0 0
1653912000 0 0 0 0
1653904800 0 0 0 0
1653897600 0 0 0 0
1653890400 0 0 0 0
1653883200 0 0 0 0
1653876000 0 0 0 0
1653868800 0 0 0 0
1653861600 0 0 0 0
1653854400 0 0 0 0
1653847200 0 0 0 0
1653840000 0 0 0 0
1653832800 0 0 0 0
1653825600 0 0 0 0
1653818400 0 0 0 0
1653811200 0 0 0 0
1653804000 0 0 0 0
1653796800 0 0 0 0
1653789600 0 0 0 0
1653782400 0 0 0 0
1653775200 0 0 0 0
1653768000 0 0 0 0
1653760800 0 0 0 0
1653753600 0 0 0 0
1653746400 0 0 0 0
1653739200 0 0 0 0
1653732000 0 0 0 0
1653724800 0 0 0 0
1653717600 0 0 0 0
1653710400 0 0 0 0
1653703200 0 0 0 0
1653696000 0 0 0 0
1653688800 0 0 0 0
1653681600 0 0 0 0
1653674400 0 0 0 0
1653667200 0 0 0 0
1653660000 0 0 0 0
1653652800 0 0 0 0
1653645600 0 0 0 0
1653638400 0 0 0 0
1653631200 0 0 0 0
1653624000 0 0 0 0
1653616800 0 0 0 0
1653609600 0 0 0 0
1653602400 0 0 0 0
1653595200 0 0 0 0
1653588000 0 0 0 0
1653580800 0 0 0 0
1653573600 0 0 0 0
1653566400 0 0 0 0
1653559200 0 0 0 0
1653552000 0 0 0 0
1653544800 0 0 0 0
1653537600 0 0 0 0
1653530400 0 0 0 0
1653523200 0 0 0 0
1653516000 0 0 0 0
1653508800 0 0 0 0
1653501600 0 0 0 0
1653494400 0 0 0 0
1653487200 0 0 0 0
1653480000 0 0 0 0
1653472800 0 0 0 0
1653465600 0 0 0 0
1653458400 0 0 0 0
1653451200 0 0 0 0
1653444000 0 0 0 0
1653436800 0 0 0 0
1653429600 0 0 0 0
1653422400 0 0 0 0
1653415200 0 0 0 0
1653408000 0 0 0 0
1653400800 0 0 0 0
1653393600 0 0 0 0
1653386400 0 0 0 0
1653379200 0 0 0 0
1653372000 0 0 0 0
1653364800 0 0 0 0
1653357600 0 0 0 0
1653350400 0 0 0 0
1653343200 0 0 0 0
1653336000 0 0 0 0
1653328800 0 0 0 0
1653321600 0 0 0 0
1653314400 0 0 0 0
1653307200 0 0 0 0
1653300000 0 0 0 0
1653292800 0 0 0 0
1653285600 0 0 0 0
1653278400 0 0 0 0
1653271200 0 0 0 0
1653264000 0 0 0 0
1653256800 0 0 0 0
1653249600 0 0 0 0
1653242400 0 0 0 0
1653235200 0 0 0 0
1653228000 0 0 0 0
1653220800 0 0 0 0
1653213600 0 0 0 0
1653206400 0 0 0 0
1653199200 0 0 0 0
1653192000 0 0 0 0
1653184800 0 0 0 0
1653177600 0 0 0 0
1653170400 0 0 0 0
1653163200 0 0 0 0
1653156000 0 0 0 0
1653148800 0 0 0 0
1653141600 0 0 0 0
1653134400 0 0 0 0
1653127200 0 0 0 0
1653120000 0 0 0 0
1653112800 0 0 0 0
1653105600 0 0 0 0
1653098400 0 0 0 0
1653091200 0 0 0 0
1653084000 0 0 0 0
1653076800 0 0 0 0
1653069600 0 0 0 0
1653062400 0 0 0 0
1653055200 0 0 0 0
1653048000 0 0 0 0
1653040800 0 0 0 0
1653033600 0 0 0 0
1653026400 0 0 0 0
1653019200 0 0 0 0
1653012000 0 0 0 0
1653004800 0 0 0 0
1652997600 0 0 0 0
1652990400 0 0 0 0
1652983200 0 0 0 0
1652976000 0 0 0 0
1652968800 0 0 0 0
1652961600 0 0 0 0
1652954400 0 0 0 0
1652947200 0 0 0 0
1652940000 0 0 0 0
1652932800 0 0 0 0
1652925600 0 0 0 0
1652918400 0 0 0 0
1652911200 0 0 0 0
1652904000 0 0 0 0
1652896800 0 0 0 0
1652889600 0 0 0 0
1652882400 0 0 0 0
1652875200 0 0 0 0
1652868000 0 0 0 0
1652860800 0 0 0 0
1652853600 0 0 0 0
1652846400 0 0 0 0
1652839200 0 0 0 0
1652832000 0 0 0 0
1652824800 0 0 0 0
1652817600 0 0 0 0
1652810400 0 0 0 0
1652803200 0 0 0 0
1652796000 0 0 0 0
1652788800 0 0 0 0
1652781600 0 0 0 0
1652774400 0 0 0 0
1652767200 0 0 0 0
1652760000 0 0 0 0
1652752800 0 0 0 0
1652745600 0 0 0 0
1652738400 0 0 0 0
1652731200 0 0 0 0
1652724000 0 0 0 0
1652716800 0 0 0 0
1652709600 0 0 0 0
1652702400 0 0 0 0
1652695200 0 0 0 0
1652688000 0 0 0 0
1652680800 0 0 0 0
1652673600 0 0 0 0
1652666400 0 0 0 0
1652659200 0 0 0 0
1652652000 0 0 0 0
1652644800 0 0 0 0
1652637600 0 0 0 0
1652630400 0 0 0 0
1652623200 0 0 0 0
1652616000 0 0 0 0
1652608800 0 0 0 0
1652601600 0 0 0 0
1652594400 0 0 0 0
1652587200 0 0 0 0
1652580000 0 0 0 0
1652572800 0 0 0 0
1652565600 0 0 0 0
1652558400 0 0 0 0
1652551200 0 0 0 0
1652544000 0 0 0 0
1652536800 0 0 0 0
1652529600 0 0 0 0
1652522400 0 0 0 0
1652515200 0 0 0 0
1652508000 0 0 0 0
1652500800 0 0 0 0
1652493600 0 0 0 0
1652486400 0 0 0 0
1652479200 0 0 0 0
1652472000 0 0 0 0
1652464800 0 0 0 0
1652457600 0 0 0 0
1652450400 0 0 0 0
1652443200 0 0 0 0
1652436000 0 0 0 0
1652428800 0 0 0 0
1652421600 0 0 0 0
1652414400 0 0 0 0
1652407200 0 0 0 0
1652400000 0 0 0 0
1652392800 0 0 0 0
1652385600 0 0 0 0
1652378400 0 0 0 0
1652371200 0 0 0 0
1652364000 0 0 0 0
1652356800 0 0 0 0
1652349600 0 0 0 0
1652342400 0 0 0 0
1652335200 0 0 0 0
1652328000 0 0 0 0
1652320800 0 0 0 0
1652313600 0 0 0 0
1652306400 0 0 0 0
1652299200 0 0 0 0
1652292000 0 0 0 0
1652284800 0 0 0 0
1652277600 0 0 0 0
1652270400 0 0 0 0
1652263200 0 0 0 0
1652256000 0 0 0 0
1652248800 0 0 0 0
1652241600 0 0 0 0
1652234400 0 0 0 0
1652227200 0 0 0 0
1652220000 0 0 0 0
1652140800 0 0 0 0
1652054400 0 0 0 0
1651968000 0 0 0 0
1651881600 0 0 0 0
1651795200 0 0 0 0
1651708800 0 0 0 0
1651622400 0 0 0 0
1651536000 0 0 0 0
1651449600 0 0 0 0
1651363200 0 0 0 0
1651276800 0 0 0 0
1651190400 0 0 0 0
1651104000 0 0 0 0
1651017600 0 0 0 0
1650931200 0 0 0 0
1650844800 0 0 0 0
1650758400 0 0 0 0
1650672000 0 0 0 0
1650585600 0 0 0 0
1650499200 0 0 0 0
1650412800 0 0 0 0
1650326400 0 0 0 0
1650240000 0 0 0 0
1650153600 0 0 0 0
1650067200 0 0 0 0
1649980800 0 0 0 0
1649894400 0 0 0 0
1649808000 0 0 0 0
1649721600 0 0 0 0
1649635200 0 0 0 0
1649548800 0 0 0 0
1649462400 0 0 0 0
1649376000 0 0 0 0
1649289600 0 0 0 0
1649203200 0 0 0 0
1649116800 0 0 0 0
1649030400 0 0 0 0
1648944000 0 0 0 0
1648857600 0 0 0 0
1648771200 0 0 0 0
1648684800 0 0 0 0
1648598400 0 0 0 0
1648512000 0 0 0 0
1648425600 0 0 0 0
1648339200 0 0 0 0
1648252800 0 0 0 0
1648166400 0 0 0 0
1648080000 0 0 0 0
1647993600 0 0 0 0
1647907200 0 0 0 0
1647820800 0 0 0 0
1647734400 0 0 0 0
1647648000 0 0 0 0
1647561600 0 0 0 0
1647475200 0 0 0 0
1647388800 0 0 0 0
1647302400 0 0 0 0
1647216000 0 0 0 0
1647129600 0 0 0 0
1647043200 0 0 0 0
1646956800 0 0 0 0
1646870400 0 0 0 0
1646784000 0 0 0 0
1646697600 0 0 0 0
1646611200 0 0 0 0
1646524800 0 0 0 0
1646438400 0 0 0 0
1646352000 0 0 0 0
1646265600 0 0 0 0
1646179200 0 0 0 0
1646092800 0 0 0 0
1646006400 0 0 0 0
1645920000 0 0 0 0
1645833600 0 0 0 0
1645747200 0 0 0 0
1645660800 0 0 0 0
1645574400 0 0 0 0
1645488000 0 0 0 0
1645401600 0 0 0 0
1645315200 0 0 0 0
1645228800 0 0 0 0
1645142400 0 0 0 0
1645056000 0 0 0 0
1644969600 0 0 0 0
1644883200 0 0 0 0
1644796800 0 0 0 0
1644710400 0 0 0 0
1644624000 0 0 0 0
1644537600 0 0 0 0
1644451200 0 0 0 0
1644364800 0 0 0 0
1644278400 0 0 0 0
1644192000 0 0 0 0
1644105600 0 0 0 0
1644019200 0 0 0 0
1643932800 0 0 0 0
1643846400 0 0 0 0
1643760000 0 0 0 0
1643673600 0 0 0 0
1643587200 0 0 0 0
1643500800 0 0 0 0
1643414400 0 0 0 0
1643328000 0 0 0 0
1643241600 0 0 0 0
1643155200 0 0 0 0
1643068800 0 0 0 0
1642982400 0 0 0 0
1642896000 0 0 0 0
1642809600 0 0 0 0
1642723200 0 0 0 0
1642636800 0 0 0 0
1642550400 0 0 0 0
1642464000 0 0 0 0
1642377600 0 0 0 0
1642291200 0 0 0 0
1642204800 0 0 0 0
1642118400 0 0 0 0
1642032000 0 0 0 0
1641945600 0 0 0 0
1641859200 0 0 0 0
1641772800 0 0 0 0
1641686400 0 0 0 0
1641600000 0 0 0 0
1641513600 0 0 0 0
1641427200 0 0 0 0
1641340800 0 0 0 0
1641254400 0 0 0 0
1641168000 0 0 0 0
1641081600 0 0 0 0
1640995200 0 0 0 0
1640908800 0 0 0 0
1640822400 0 0 0 0
1640736000 0 0 0 0
1640649600 0 0 0 0
1640563200 0 0 0 0
1640476800 0 0 0 0
1640390400 0 0 0 0
1640304000 0 0 0 0
1640217600 0 0 0 0
1640131200 0 0 0 0
1640044800 0 0 0 0
1639958400 0 0 0 0
1639872000 0 0 0 0
1639785600 0 0 0 0
1639699200 0 0 0 0
1639612800 0 0 0 0
1639526400 0 0 0 0
1639440000 0 0 0 0
1639353600 0 0 0 0
1639267200 0 0 0 0
1639180800 0 0 0 0
1639094400 0 0 0 0
1639008000 0 0 0 0
1638921600 0 0 0 0
1638835200 0 0 0 0
1638748800 0 0 0 0
1638662400 0 0 0 0
1638576000 0 0 0 0
1638489600 0 0 0 0
1638403200 0 0 0 0
1638316800 0 0 0 0
1638230400 0 0 0 0
1638144000 0 0 0 0
1638057600 0 0 0 0
1637971200 0 0 0 0
1637884800 0 0 0 0
1637798400 0 0 0 0
1637712000 0 0 0 0
1637625600 0 0 0 0
1637539200 0 0 0 0
1637452800 0 0 0 0
1637366400 0 0 0 0
1637280000 0 0 0 0
1637193600 0 0 0 0
1637107200 0 0 0 0
1637020800 0 0 0 0
1636934400 0 0 0 0
1636848000 0 0 0 0
1636761600 0 0 0 0
1636675200 0 0 0 0
1636588800 0 0 0 0
1636502400 0 0 0 0
1636416000 0 0 0 0
1636329600 0 0 0 0
1636243200 0 0 0 0
1636156800 0 0 0 0
1636070400 0 0 0 0
1635984000 0 0 0 0
1635897600 0 0 0 0
1635811200 0 0 0 0
1635724800 0 0 0 0
1635638400 0 0 0 0
1635552000 0 0 0 0
1635465600 0 0 0 0
1635379200 0 0 0 0
1635292800 0 0 0 0
1635206400 0 0 0 0
1635120000 0 0 0 0
1635033600 0 0 0 0
1634947200 0 0 0 0
1634860800 0 0 0 0
1634774400 0 0 0 0
1634688000 0 0 0 0
1634601600 0 0 0 0
1634515200 0 0 0 0
1634428800 0 0 0 0
1634342400 0 0 0 0
1634256000 0 0 0 0
1634169600 0 0 0 0
1634083200 0 0 0 0
1633996800 0 0 0 0
1633910400 0 0 0 0
1633824000 0 0 0 0
1633737600 0 0 0 0
1633651200 0 0 0 0
1633564800 0 0 0 0
1633478400 0 0 0 0
1633392000 0 0 0 0
1633305600 0 0 0 0
1633219200 0 0 0 0
1633132800 0 0 0 0
1633046400 0 0 0 0
1632960000 0 0 0 0
1632873600 0 0 0 0
1632787200 0 0 0 0
1632700800 0 0 0 0
1632614400 0 0 0 0
1632528000 0 0 0 0
1632441600 0 0 0 0
1632355200 0 0 0 0
1632268800 0 0 0 0
1632182400 0 0 0 0
1632096000 0 0 0 0
1632009600 0 0 0 0
1631923200 0 0 0 0
1631836800 0 0 0 0
1631750400 0 0 0 0
1631664000 0 0 0 0
1631577600 0 0 0 0
1631491200 0 0 0 0
1631404800 0 0 0 0
1631318400 0 0 0 0
1631232000 0 0 0 0
1631145600 0 0 0 0
1631059200 0 0 0 0
1630972800 0 0 0 0
1630886400 0 0 0 0
1630800000 0 0 0 0
1630713600 0 0 0 0
1630627200 0 0 0 0
1630540800 0 0 0 0
1630454400 0 0 0 0
1630368000 0 0 0 0
1630281600 0 0 0 0
1630195200 0 0 0 0
1630108800 0 0 0 0
1630022400 0 0 0 0
1629936000 0 0 0 0
1629849600 0 0 0 0
1629763200 0 0 0 0
1629676800 0 0 0 0
1629590400 0 0 0 0
1629504000 0 0 0 0
1629417600 0 0 0 0
1629331200 0 0 0 0
1629244800 0 0 0 0
1629158400 0 0 0 0
1629072000 0 0 0 0
1628985600 0 0 0 0
1628899200 0 0 0 0
1628812800 0 0 0 0
1628726400 0 0 0 0
1628640000 0 0 0 0
1628553600 0 0 0 0
1628467200 0 0 0 0
1628380800 0 0 0 0
1628294400 0 0 0 0
1628208000 0 0 0 0
1628121600 0 0 0 0
1628035200 0 0 0 0
1627948800 0 0 0 0
1627862400 0 0 0 0
1627776000 0 0 0 0
1627689600 0 0 0 0
1627603200 0 0 0 0
1627516800 0 0 0 0
1627430400 0 0 0 0
1627344000 0 0 0 0
1627257600 0 0 0 0
1627171200 0 0 0 0
1627084800 0 0 0 0
1626998400 0 0 0 0
1626912000 0 0 0 0
1626825600 0 0 0 0
1626739200 0 0 0 0
1626652800 0 0 0 0
1626566400 0 0 0 0
1626480000 0 0 0 0
1626393600 0 0 0 0
1626307200 0 0 0 0
1626220800 0 0 0 0
1626134400 0 0 0 0
1626048000 0 0 0 0
1625961600 0 0 0 0
1625875200 0 0 0 0
1625788800 0 0 0 0
1625702400 0 0 0 0
1625616000 0 0 0 0
1625529600 0 0 0 0
1625443200 0 0 0 0
1625356800 0 0 0 0
1625270400 0 0 0 0
1625184000 0 0 0 0
1625097600 0 0 0 0
1625011200 0 0 0 0
1624924800 0 0 0 0
1624838400 0 0 0 0
1624752000 0 0 0 0
1624665600 0 0 0 0
1624579200 0 0 0 0
1624492800 0 0 0 0
1624406400 0 0 0 0
1624320000 0 0 0 0
1624233600 0 0 0 0
1624147200 0 0 0 0
1624060800 0 0 0 0
1623974400 0 0 0 0
1623888000 0 0 0 0
1623801600 0 0 0 0
1623715200 0 0 0 0
1623628800 0 0 0 0
1623542400 0 0 0 0
1623456000 0 0 0 0
1623369600 0 0 0 0
1623283200 0 0 0 0
1623196800 0 0 0 0
1623110400 0 0 0 0
1623024000 0 0 0 0
1622937600 0 0 0 0
1622851200 0 0 0 0
1622764800 0 0 0 0
1622678400 0 0 0 0
1622592000 0 0 0 0
1622505600 0 0 0 0
1622419200 0 0 0 0
1622332800 0 0 0 0
1622246400 0 0 0 0
1622160000 0 0 0 0
1622073600 0 0 0 0
1621987200 0 0 0 0
1621900800 0 0 0 0
1621814400 0 0 0 0
1621728000 0 0 0 0
1621641600 0 0 0 0
1621555200 0 0 0 0
1621468800 0 0 0 0
1621382400 0 0 0 0
1621296000 0 0 0 0
1621209600 0 0 0 0
1621123200 0 0 0 0
1621036800 0 0 0 0
1620950400 0 0 0 0
1620864000 0 0 0 0
1620777600 0 0 0 0
1620691200 0 0 0 0
1620604800 0 0 0 0
1620518400 0 0 0 0
1620432000 0 0 0 0
1620345600 0 0 0 0
1620259200 0 0 0 0
1620172800 0 0 0 0
1620086400 0 0 0 0
1620000000 0 0 0 0
1619913600 0 0 0 0
1619827200 0 0 0 0
1619740800 0 0 0 0
1619654400 0 0 0 0
1619568000 0 0 0 0
1619481600 0 0 0 0
1619395200 0 0 0 0
1619308800 0 0 0 0
1619222400 0 0 0 0
1619136000 0 0 0 0
1619049600 0 0 0 0
1618963200 0 0 0 0
1618876800 0 0 0 0
1618790400 0 0 0 0
1618704000 0 0 0 0
1618617600 0 0 0 0
1618531200 0 0 0 0
1618444800 0 0 0 0
1618358400 0 0 0 0
1618272000 0 0 0 0
1618185600 0 0 0 0
1618099200 0 0 0 0
1618012800 0 0 0 0
1617926400 0 0 0 0
1617840000 0 0 0 0
1617753600 0 0 0 0
1617667200 0 0 0 0
1617580800 0 0 0 0
1617494400 0 0 0 0
1617408000 0 0 0 0
1617321600 0 0 0 0
1617235200 0 0 0 0
1617148800 0 0 0 0
1617062400 0 0 0 0
1616976000 0 0 0 0
1616889600 0 0 0 0
1616803200 0 0 0 0
1616716800 0 0 0 0
1616630400 0 0 0 0
1616544000 0 0 0 0
1616457600 0 0 0 0
1616371200 0 0 0 0
1616284800 0 0 0 0
1616198400 0 0 0 0
1616112000 0 0 0 0
1616025600 0 0 0 0
1615939200 0 0 0 0
1615852800 0 0 0 0
1615766400 0 0 0 0
1615680000 0 0 0 0
1615593600 0 0 0 0
1615507200 0 0 0 0
1615420800 0 0 0 0
1615334400 0 0 0 0
1615248000 0 0 0 0
1615161600 0 0 0 0
1615075200 0 0 0 0
1614988800 0 0 0 0
1614902400 0 0 0 0
1614816000 0 0 0 0
1614729600 0 0 0 0
1614643200 0 0 0 0
1614556800 0 0 0 0
1614470400 0 0 0 0
1614384000 0 0 0 0
1614297600 0 0 0 0
1614211200 0 0 0 0
1614124800 0 0 0 0
1614038400 0 0 0 0
1613952000 0 0 0 0
1613865600 0 0 0 0
1613779200 0 0 0 0
1613692800 0 0 0 0
1613606400 0 0 0 0
1613520000 0 0 0 0
1613433600 0 0 0 0
1613347200 0 0 0 0
1613260800 0 0 0 0
1613174400 0 0 0 0
1613088000 0 0 0 0
1613001600 0 0 0 0
1612915200 0 0 0 0
1612828800 0 0 0 0
1612742400 0 0 0 0
1612656000 0 0 0 0
1612569600 0 0 0 0
1612483200 0 0 0 0
1612396800 0 0 0 0
1612310400 0 0 0 0
1612224000 0 0 0 0
1612137600 0 0 0 0
1612051200 0 0 0 0
1611964800 0 0 0 0
1611878400 0 0 0 0
1611792000 0 0 0 0
1611705600 0 0 0 0
1611619200 0 0 0 0
1611532800 0 0 0 0
1611446400 0 0 0 0
1611360000 0 0 0 0
1611273600 0 0 0 0
1611187200 0 0 0 0
1611100800 0 0 0 0
1611014400 0 0 0 0
1610928000 0 0 0 0
1610841600 0 0 0 0
1610755200 0 0 0 0
1610668800 0 0 0 0
1610582400 0 0 0 0
1610496000 0 0 0 0
1610409600 0 0 0 0
1610323200 0 0 0 0
1610236800 0 0 0 0
1610150400 0 0 0 0
1610064000 0 0 0 0
1609977600 0 0 0 0
1609891200 0 0 0 0
1609804800 0 0 0 0
1609718400 0 0 0 0
1609632000 0 0 0 0
1609545600 0 0 0 0
1609459200 0 0 0 0
1609372800 0 0 0 0
1609286400 0 0 0 0
1609200000 0 0 0 0
1609113600 0 0 0 0
1609027200 0 0 0 0
1608940800 0 0 0 0
1608854400 0 0 0 0
1608768000 0 0 0 0
1608681600 0 0 0 0
1608595200 0 0 0 0
1608508800 0 0 0 0
1608422400 0 0 0 0
1608336000 0 0 0 0
1608249600 0 0 0 0
1608163200 0 0 0 0
1608076800 0 0 0 0
1607990400 0 0 0 0
1607904000 0 0 0 0
1607817600 0 0 0 0
1607731200 0 0 0 0
1607644800 0 0 0 0
1607558400 0 0 0 0
1607472000 0 0 0 0
1607385600 0 0 0 0
1607299200 0 0 0 0
1607212800 0 0 0 0
1607126400 0 0 0 0
1607040000 0 0 0 0
1606953600 0 0 0 0
1606867200 0 0 0 0
1606780800 0 0 0 0
1606694400 0 0 0 0
1606608000 0 0 0 0
1606521600 0 0 0 0
1606435200 0 0 0 0
1606348800 0 0 0 0
1606262400 0 0 0 0
1606176000 0 0 0 0
1606089600 0 0 0 0
1606003200 0 0 0 0
1605916800 0 0 0 0
1605830400 0 0 0 0
1605744000 0 0 0 0
1605657600 0 0 0 0
1605571200 0 0 0 0
1605484800 0 0 0 0
1605398400 0 0 0 0
1605312000 0 0 0 0
1605225600 0 0 0 0
1605139200 0 0 0 0
1605052800 0 0 0 0
1604966400 0 0 0 0
1604880000 0 0 0 0
1604793600 0 0 0 0
1604707200 0 0 0 0
1604620800 0 0 0 0
1604534400 0 0 0 0
1604448000 0 0 0 0
1604361600 0 0 0 0
1604275200 0 0 0 0
1604188800 0 0 0 0
1604102400 0 0 0 0
1604016000 0 0 0 0
1603929600 0 0 0 0
1603843200 0 0 0 0
1603756800 0 0 0 0
1603670400 0 0 0 0
1603584000 0 0 0 0
1603497600 0 0 0 0
1603411200 0 0 0 0
1603324800 0 0 0 0
1603238400 0 0 0 0
1603152000 0 0 0 0
1603065600 0 0 0 0
1602979200 0 0 0 0
1602892800 0 0 0 0
1602806400 0 0 0 0
1602720000 0 0 0 0
1602633600 0 0 0 0
1602547200 0 0 0 0
1602460800 0 0 0 0
1602374400 0 0 0 0
1602288000 0 0 0 0
1602201600 0 0 0 0
1602115200 0 0 0 0
1602028800 0 0 0 0
1601942400 0 0 0 0
1601856000 0 0 0 0
1601769600 0 0 0 0
1601683200 0 0 0 0
1601596800 0 0 0 0
1601510400 0 0 0 0
1601424000 0 0 0 0
1601337600 0 0 0 0
1601251200 0 0 0 0
1601164800 0 0 0 0
1601078400 0 0 0 0
1600992000 0 0 0 0
1600905600 0 0 0 0
1600819200 0 0 0 0
1600732800 0 0 0 0
1600646400 0 0 0 0
1600560000 0 0 0 0
1600473600 0 0 0 0
1600387200 0 0 0 0
1600300800 0 0 0 0
1600214400 0 0 0 0
1600128000 0 0 0 0
1600041600 0 0 0 0
1599955200 0 0 0 0
1599868800 0 0 0 0
1599782400 0 0 0 0
1599696000 0 0 0 0
1599609600 0 0 0 0
1599523200 0 0 0 0
1599436800 0 0 0 0
1599350400 0 0 0 0
1599264000 0 0 0 0
1599177600 0 0 0 0
1599091200 0 0 0 0
1599004800 0 0 0 0
1598918400 0 0 0 0
1598832000 0 0 0 0
1598745600 0 0 0 0
1598659200 0 0 0 0
1598572800 0 0 0 0
1598486400 0 0 0 0
1598400000 0 0 0 0
1598313600 0 0 0 0
1598227200 0 0 0 0
1598140800 0 0 0 0
1598054400 0 0 0 0
1597968000 0 0 0 0
1597881600 0 0 0 0
1597795200 0 0 0 0
1597708800 0 0 0 0
1597622400 0 0 0 0
1597536000 0 0 0 0
1597449600 0 0 0 0
1597363200 0 0 0 0
1597276800 0 0 0 0
1597190400 0 0 0 0
1597104000 0 0 0 0
1597017600 0 0 0 0
1596931200 0 0 0 0
1596844800 0 0 0 0
1596758400 0 0 0 0
1596672000 0 0 0 0
1596585600 0 0 0 0
1596499200 0 0 0 0
1596412800 0 0 0 0
1596326400 0 0 0 0
1596240000 0 0 0 0
1596153600 0 0 0 0
1596067200 0 0 0 0
1595980800 0 0 0 0
1595894400 0 0 0 0
1595808000 0 0 0 0
1595721600 0 0 0 0
1595635200 0 0 0 0
1595548800 0 0 0 0
1595462400 0 0 0 0
1595376000 0 0 0 0
1595289600 0 0 0 0
1595203200 0 0 0 0
1595116800 0 0 0 0
1595030400 0 0 0 0
1594944000 0 0 0 0
1594857600 0 0 0 0
1594771200 0 0 0 0
1594684800 0 0 0 0
1594598400 0 0 0 0
1594512000 0 0 0 0
1594425600 0 0 0 0
1594339200 0 0 0 0
1594252800 0 0 0 0
1594166400 0 0 0 0
1594080000 0 0 0 0
1593993600 0 0 0 0
1593907200 0 0 0 0
1593820800 0 0 0 0
1593734400 0 0 0 0
1593648000 0 0 0 0
1593561600 0 0 0 0
1593475200 0 0 0 0
1593388800 0 0 0 0
1593302400 0 0 0 0
1593216000 0 0 0 0
1593129600 0 0 0 0
1593043200 0 0 0 0
1592956800 0 0 0 0
1592870400 0 0 0 0
1592784000 0 0 0 0
1592697600 0 0 0 0
1592611200 0 0 0 0
1592524800 0 0 0 0
1592438400 0 0 0 0
1592352000 0 0 0 0
1592265600 0 0 0 0
1592179200 0 0 0 0
1592092800 0 0 0 0
1592006400 0 0 0 0
1591920000 0 0 0 0
1591833600 0 0 0 0
1591747200 0 0 0 0
1591660800 0 0 0 0
1591574400 0 0 0 0
1591488000 0 0 0 0
1591401600 0 0 0 0
1591315200 0 0 0 0
1591228800 0 0 0 0
1591142400 0 0 0 0
1591056000 0 0 0 0
1590969600 0 0 0 0
1590883200 0 0 0 0
1590796800 0 0 0 0
1590710400 0 0 0 0
1590624000 0 0 0 0
1590537600 0 0 0 0
1590451200 0 0 0 0
1590364800 0 0 0 0
1590278400 0 0 0 0
1590192000 0 0 0 0
1590105600 0 0 0 0
1590019200 0 0 0 0
1589932800 0 0 0 0
1589846400 0 0 0 0
1589760000 0 0 0 0
1589673600 0 0 0 0
1589587200 0 0 0 0
1589500800 0 0 0 0
1589414400 0 0 0 0
1589328000 0 0 0 0
1589241600 0 0 0 0
1589155200 0 0 0 0
1589068800 0 0 0 0
1588982400 0 0 0 0
