1657800906 24723954835762 3289758328186
1657800906 1498480 219602 1498480 219602
1657800643 1922347 300983 1922347 300983
1657800600 1890361 293745 1922347 300983
1657800300 1442711 190235 1486185 202284
1657800000 1190325 120621 1284402 150944
1657799700 1272625 152568 1284402 173096
1657799400 1148669 174165 1462742 187674
1657799100 1425469 185625 1462742 187674
1657798800 1056639 165805 1249508 187240
1657798500 1322285 191975 1769349 221064
1657798200 1745103 218020 1769349 221064
1657797900 1457509 182512 2377551 326803
1657797600 2218756 312309 2377551 326803
1657797300 1238611 203282 1269679 225687
1657797000 1124361 118878 1515355 118998
1657796700 1512406 99082 1515355 101142
1657796400 1426299 85208 1494296 86434
1657796100 757981 71697 765767 73307
1657795800 714589 56783 1562537 89404
1657795500 1637651 122477 2099068 325643
1657795200 1954841 287430 2099068 325643
1657794900 1096168 66012 1115706 73365
1657794600 935621 73159 938090 73365
1657794300 927274 68302 1313724 68612
1657794000 1274907 66647 1313724 72376
1657793700 1013313 70733 1036461 72376
1657793400 681958 51372 720820 59686
1657793100 460374 60797 589051 74186
1657792800 586953 72656 589051 74186
1657792500 525036 88623 569390 265390
1657792200 249257 273430 252577 361870
1657791900 267338 318218 593616 361870
1657791600 596338 57456 1002000 76766
1657791300 990698 76097 1002000 76766
1657791000 727444 59259 758049 60055
1657790700 759616 57105 768271 62064
1657790400 826447 63999 1281597 79146
1657790100 1248445 78221 1281597 79146
1657789800 434437 55062 452802 56037
1657789500 206016 42872 747717 60968
1657789200 711388 58862 747717 60968
1657788900 264839 32763 415492 38826
1657788600 390062 41662 415492 58619
1657788300 252620 60327 339544 70541
1657788000 340964 70325 552579 70541
1657787700 526668 42237 552579 65848
1657787400 367073 64931 371808 65848
1657787100 326952 58838 343402 60346
1657786800 226302 49558 284870 49577
1657786500 284163 46891 284870 58982
1657786200 304764 86207 578892 188625
1657785900 558711 177266 578892 188625
1657785600 333148 35034 579703 45954
1657785300 579880 46573 582119 54404
1657785000 581489 54246 582119 54404
1657784700 582509 50692 616941 52252
1657784400 603732 44421 616941 44706
1657784100 583296 42871 942715 43811
1657783800 909847 43219 942715 43811
1657783500 473448 35355 555628 35362
1657783200 539032 33130 555628 33552
1657782900 333449 27638 339171 28060
1657782600 292260 25440 299252 29535
1657782300 200466 28997 203910 29535
1657782000 200918 25497 446246 33876
1657781700 442074 33732 446246 33876
1657781400 320004 28083 332490 29951
1657781100 273381 21091 325269 25997
1657780800 341188 26162 417112 26953
1657780500 418567 27502 427505 30877
1657780200 432365 31309 493788 36780
1657779900 516118 37167 772916 41624
1657779600 756285 40634 772916 41624
1657779300 680592 32765 983858 34782
1657779000 986746 35304 1010941 39684
1657778700 1025380 39369 1092676 39684
1657778400 1105848 38289 1182489 40546
1657778100 1182192 40562 1182489 42950
1657777800 1197497 45684 1881833 77128
1657777500 1776597 72934 1881833 77128
1657777200 1128096 47031 1147632 47870
1657776900 888360 36977 892827 37318
1657776600 878413 37204 1042534 37318
1657776300 1015292 37521 1042534 43462
1657776000 857469 43263 920571 43462
1657775700 922630 40784 1229500 44987
1657775400 1282159 47537 1596895 62780
1657775100 1580707 63592 1596895 73372
1657774800 1385428 73281 1385755 73372
1657774500 1314790 47187 1611372 57174
1657774200 1595896 57091 1611372 57174
1657773900 1156470 55393 1189325 66784
1657773600 365449 65229 367952 66784
1657773300 301504 27812 305384 27931
1657773000 246889 25495 337761 25896
1657772700 390004 27544 1050175 48372
1657772400 938792 45254 1050175 48372
1657772100 297564 27254 307626 27587
1657771800 180957 23046 197463 23254
1657771500 199945 22354 445682 28263
1657771200 448369 28341 848871 40032
1657770900 872662 41127 1018812 47858
1657770600 1012730 47690 1018812 47858
1657770300 115029 22979 336934 30728
1657770000 342689 30882 480811 34578
1657769700 492660 36264 565452 46624
1657769400 573570 49327 671340 81882
1657769100 680576 81592 1017701 81882
1657768800 969772 69877 1017701 71007
1657768500 425235 54667 592668 56278
1657768200 596099 47258 678465 67505
1657767900 722026 65960 1062828 67505
1657767600 1026339 55103 1062828 70652
1657767300 591537 69469 893724 70652
1657767000 894320 56168 899313 58708
1657766700 911635 59167 1067344 64972
1657766400 1071275 65123 1657058 87645
1657766100 1663168 88063 1740382 93349
1657765800 1723403 91395 1740382 93349
1657765500 1604388 79339 1636431 81386
1657765200 1202655 53809 1516069 85886
1657764900 1517522 85889 1734166 86469
1657764600 1736644 86482 2105942 88474
1657764300 2108137 88715 2270630 106564
1657764000 2271236 106652 2361530 119877
1657763700 2320482 118412 2361530 119877
1657763400 2084497 109464 2099525 110526
1657763100 1866677 94719 1894602 96055
1657762800 1510683 75107 1530370 78633
1657762500 1379761 60671 1418935 67745
1657762200 1245221 69034 1275207 77927
1657761900 1388607 80134 2085213 93693
1657761600 2113854 96622 2285035 114128
1657761300 2243484 110308 2285035 114128
1657761000 1904429 84619 1948139 89884
1657760700 1750802 90099 1856431 95270
1657760400 1748286 93223 1856431 95270
1657760100 1321541 85083 1324572 85204
1657759800 1317444 84682 1872785 104902
1657759500 1803951 101034 1872785 104902
1657759200 1297684 78267 1528442 117122
1657758900 1508841 114231 1528442 117122
1657758600 1321993 86831 1344685 90028
1657758300 1159657 66399 1329861 105362
1657758000 1224548 96983 1329861 105362
1657757700 871394 67951 1103575 69794
1657757400 1092833 83830 1103575 261198
1657757100 930505 240218 957097 261198
1657756800 767559 103281 831172 107689
1657756500 839342 48528 1035422 71080
1657756200 1045638 71296 1290840 76492
1657755900 1247240 74248 1290840 76492
1657755600 896377 56957 1076889 75853
1657755300 1077551 75848 1176230 75853
1657755000 1213629 76779 1686223 96377
1657754700 1644529 95755 1686223 96377
1657754400 1153598 88829 1607611 100613
1657754100 1604363 100178 1607611 100613
1657753800 1430306 87211 1519047 88766
1657753500 843471 79694 1113389 101394
1657753200 1069648 96249 1113389 101394
1657752900 829749 65500 1193604 76283
1657752600 1192412 75414 1193604 76283
1657752300 1160888 64629 1177351 65345
1657752000 1126672 65691 1822143 73997
1657751700 1812309 73206 1822143 73997
1657751400 1611405 63958 1688056 73332
1657751100 639727 71986 642828 73332
1657750800 700253 55135 1054066 55779
1657750500 1043627 52637 1054066 52810
1657750200 854461 52153 911718 60229
1657749900 588233 59805 752483 60229
1657749600 784042 50805 1048357 60632
1657749300 1069143 59045 1193379 60632
1657749000 1182444 54250 1193379 113474
1657748700 1022083 107941 1044270 113474
1657748400 685839 39450 741720 48167
1657748100 338015 47089 342573 48167
1657747800 279885 33250 280423 33469
1657747500 308217 34145 689192 61073
1657747200 721860 63252 917115 76279
1657746900 921045 74508 968377 76279
1657746600 998318 54424 1358914 69367
1657746300 1364794 69335 1399943 69367
1657746000 1444318 72051 2005067 108755
1657745700 1994099 106721 2005067 108755
1657745400 1808013 78811 1848390 79708
1657745100 1571456 73502 1573095 73596
1657744800 1539175 74730 1550747 86232
1657744500 1524380 88529 1670404 96834
1657744200 1666095 96452 1670404 96834
1657743900 1612338 92084 1614205 97594
1657743600 1528615 99575 1567554 111104
1657743300 1285862 119957 1302062 194109
1657743000 1159481 191554 1403603 194109
1657742700 1479205 127923 2112373 157097
1657742400 2121828 159593 2348765 219508
1657742100 2323970 216745 2348765 219508
1657741800 2172916 199992 2360074 232446
1657741500 2367920 234431 2416117 246629
1657741200 2363175 243081 2416117 246629
1657740900 2125968 226231 2205689 226548
1657740600 2211987 220587 2247681 223584
1657740300 2226186 207081 2247681 220158
1657740000 2124854 222499 2145325 253605
1657739700 1872935 260197 1968565 291640
1657739400 1968372 286703 1968565 291640
1657739100 1962404 236126 1966761 245356
1657738800 1911906 199712 1946016 201407
1657738500 1604201 188896 1669450 198835
1657738200 1107313 241693 1278677 478346
1657737900 1276006 463514 1278677 478346
1657737600 1262066 339965 1448075 354557
1657737300 1376274 346138 1448075 354557
1657737000 993467 295969 1578857 297807
1657736700 1614461 292963 2064372 297807
1657736400 2045006 229958 2064372 231762
1657736100 1960046 223052 2123418 260457
1657735800 2078599 256163 2123418 260457
1657735500 1487377 194910 1512256 201914
1657735200 1397089 159666 1645171 184754
1657734900 1639229 183591 1645171 184754
1657734600 1586135 174067 1589465 175868
1657734300 1551077 173932 1558250 175868
1657734000 1582446 169231 1918757 210461
1657733700 1854221 213713 1918757 246596
1657733400 1223286 246854 1790509 253637
1657733100 1794464 246211 1827592 253637
1657732800 1855264 190489 2058195 237936
1657732500 2016593 235978 2058195 237936
1657732200 1729699 218695 1932214 220665
1657731900 1943519 209852 2031969 221571
1657731600 2021897 227351 2031969 257696
1657731300 1921253 250531 1969019 257696
1657731000 1519715 184278 1981118 219360
1657730700 1998861 220617 2147467 231151
1657730400 2113894 212525 2147467 231151
1657730100 1984953 164660 2026122 169489
1657729800 1803403 177529 1960149 199270
1657729500 1895401 205625 1960149 243612
1657729200 1529324 276718 1647767 464325
1657728900 1590578 416717 1647767 464325
1657728600 1269332 147097 1690163 170613
1657728300 1697464 170748 2420277 184162
1657728000 2433373 194430 2505687 251132
1657727700 2506323 245020 2509038 251132
1657727400 2509013 218792 2509038 218967
1657727100 2505430 194722 2506152 218027
1657726800 2506186 219014 2506319 222807
1657726500 2505558 217233 2506319 222807
1657726200 2503032 189043 2510778 208706
1657725900 2510731 208532 2510778 208706
1657725600 2503812 182119 2504012 182665
1657725300 2502439 179134 2504012 179326
1657725000 2482752 176775 2510084 185033
1657724700 2501567 200287 2510084 257675
1657724400 2474446 246803 2503840 257675
1657724100 2504208 187553 2507296 235490
1657723800 2506949 236577 2507296 262688
1657723500 2499694 260406 2506222 262688
1657723200 2506226 243730 2506271 246389
1657722900 2506902 232431 2510784 342686
1657722600 2510308 331689 2510784 342686
1657722300 2505069 219416 2507212 307260
1657722000 2507126 296367 2507212 307260
1657721700 2507615 208432 2512057 220554
1657721400 2511607 218333 2512057 220554
1657721100 2507349 204778 2508924 205060
1657720800 2367205 183559 2463653 224117
1657720500 2469939 222329 2505562 224117
1657720200 2505191 212974 2505562 216060
1657719900 2503811 215062 2506294 216060
1657719600 2507052 190692 2513408 191123
1657719300 2511265 190656 2513408 204096
1657719000 2503799 203119 2511309 204096
1657718700 2510290 219604 2511309 391904
1657718400 2503466 370106 2504206 391904
1657718100 2501519 240967 2511005 245332
1657717800 2509912 242134 2511005 245332
1657717500 2503819 226446 2509356 269736
1657717200 2509060 263035 2509356 269736
1657716900 2506059 195453 2506074 220548
1657716600 2505038 223195 2512209 239017
1657716300 2510276 243206 2512209 264669
1657716000 2500771 262813 2513415 264669
1657715700 2512698 202614 2513415 202810
1657715400 2504245 245319 2505711 622735
1657715100 2505582 605066 2505711 622735
1657714800 2503811 174550 2508816 181020
1657714500 2508388 156267 2508816 239049
1657714200 2503184 237050 2508392 239049
1657713900 2508424 183668 2508833 184551
1657713600 2508922 174263 2509910 193525
1657713300 2508933 197592 2509910 211472
1657713000 2505177 207088 2505600 211472
1657712700 2502916 176495 2508841 201471
1657712400 2508750 200501 2508841 201471
1657712100 2507210 185678 2507336 194585
1657711800 2504491 195614 2508020 208011
1657711500 2508036 207520 2508829 208011
1657711200 2508806 182480 2508829 183487
1657710900 2508599 172177 2509167 187493
1657710600 2406013 183835 2509167 187493
1657710300 1818399 163166 1850742 164149
1657710000 1348172 142384 1428889 151333
1657709700 1006336 101680 1044526 108721
1657709400 766081 57750 771743 58433
1657709100 708689 52316 793107 74153
1657708800 787272 73420 793107 74153
1657708500 656026 56332 886533 69195
1657708200 931039 67475 1138456 69195
1657707900 1085549 74222 1138456 144612
1657707600 886812 179295 1215981 392353
1657707300 1116808 438486 1215981 714216
1657707000 558202 621447 767828 714216
1657706700 765634 51597 767828 51800
1657706400 716483 50438 739214 51800
1657706100 432072 33342 852944 49543
1657705800 822840 49450 852944 49543
1657705500 448690 48902 527721 56667
1657705200 586031 56933 1322865 60304
1657704900 1237449 59787 1322865 60304
1657704600 302311 54155 861499 57638
1657704300 848516 55871 861499 57638
1657704000 655775 36100 684470 47996
1657703700 532546 48926 597046 54642
1657703400 587311 54998 597046 59510
1657703100 455198 58495 464300 59510
1657702800 457374 47359 849671 52994
1657702500 849472 53107 849671 69999
1657702200 752305 67614 819906 69999
1657701900 361819 54913 524908 73559
1657701600 512292 74023 524908 76878
1657701300 418741 75305 434798 76878
1657701000 298970 62918 320110 65648
1657700700 168955 46582 169116 52341
1657700400 165086 52631 166821 56307
1657700100 162098 54895 413570 56307
1657699800 402399 37547 413570 55247
1657699500 264427 53654 304590 55247
1657699200 310924 35705 349838 49027
1657698900 346967 48867 349838 49027
1657698600 336030 42969 606102 45027
1657698300 654501 35602 840292 44124
1657698000 803920 43286 840292 44124
1657697700 356898 33335 508494 40901
1657697400 510610 39043 523610 40901
1657697100 526945 27972 569097 32223
1657696800 579399 32090 692721 32223
1657696500 692257 37821 692721 184562
1657696200 675069 172965 682789 184562
1657695900 613271 33883 956199 40213
1657695600 976842 40392 1472275 44695
1657695300 1521956 48316 1748284 64814
1657695000 1672742 61298 1748284 64814
1657694700 1088020 34138 1160229 38101
1657694400 1175764 38152 1362862 38770
1657694100 1354850 39549 1362862 42484
1657693800 1327873 42545 1367825 43326
1657693500 1317143 42532 1367825 43326
1657693200 670406 32502 676719 32510
1657692900 607346 32139 617535 32510
1657692600 613420 31089 1023796 38427
1657692300 999556 38301 1023796 38427
1657692000 789361 37598 796552 42027
1657691700 699982 41642 717052 42027
1657691400 754458 37872 984240 41854
1657691100 946800 40435 984240 41854
1657690800 754024 33849 805957 35097
1657690500 474890 27339 567962 30792
1657690200 557328 30324 567962 30792
1657689900 462498 25879 714160 34831
1657689600 727939 36321 1058638 72104
1657689300 1084147 70631 1406496 72104
1657689000 1410624 52310 1460349 55729
1657688700 1521327 55807 1805508 56172
1657688400 1795220 56705 1805508 61170
1657688100 1647120 58612 1709062 61170
1657687800 1175971 39996 1258587 48554
1657687500 1208185 47486 1258587 48554
1657687200 571808 34015 648077 36238
1657686900 670448 37333 953145 51183
1657686600 939933 50301 953145 51183
1657686300 798593 40473 1106964 56299
1657686000 1106589 56277 1106964 56299
1657685700 1100312 55912 1101861 56009
1657685400 805383 40171 869534 41498
1657685100 579523 35828 709070 41241
1657684800 742749 40945 899708 41241
1657684500 906767 40248 1076204 56624
1657684200 1052744 55790 1076204 56624
1657683900 752689 45371 756300 54149
1657683600 547378 57015 917088 74149
1657683300 934755 75749 1040348 85314
1657683000 1037120 88235 1040348 123420
1657682700 997932 123027 998246 123420
1657682400 958124 64941 1016457 68368
1657682100 1197766 75806 2062473 111281
1657681800 2094173 107915 2213426 111281
1657681500 2216446 94305 2252823 95257
1657681200 2193036 81981 2252823 82840
1657680900 1398322 70222 1437554 71134
1657680600 909145 59232 934337 61277
1657680300 925708 63815 934337 95892
1657680000 858995 141106 1018185 311198
1657679700 1083539 283381 1453880 311198
1657679400 1505039 118891 1819303 125756
1657679100 1799051 76894 1819303 79090
1657678800 1428717 74528 1543145 79090
1657678500 694137 49933 725807 70991
1657678200 549814 70880 1184430 70991
1657677900 1209364 72016 1362531 87590
1657677600 1403090 92307 1592114 114290
1657677300 1530220 108343 1592114 114290
1657677000 1036122 58331 1358473 58539
1657676700 1359434 55586 1502769 57680
1657676400 1448812 56249 1502769 57680
1657676100 800099 46426 806766 90698
1657675800 823778 89505 1232074 90698
1657675500 1261553 63801 1500073 87461
1657675200 1470583 84921 1500073 87461
1657674900 1287791 69218 1289433 69325
1657674600 1042095 53373 1043223 55165
1657674300 883290 87458 939541 285831
1657674000 906457 268262 939541 285831
1657673700 529557 48982 782386 65727
1657673400 787177 65755 1501065 70076
1657673100 1470778 72843 1501065 95233
1657672800 1199220 93745 1225731 95233
1657672500 541477 55534 562970 58044
1657672200 451343 42596 980706 73888
1657671900 1009214 72732 1184337 73888
1657671600 1178998 65026 1184337 65636
1657671300 1140604 61212 1281853 80813
1657671000 1280699 80645 1281853 80813
1657670700 1053065 59558 1108756 74255
1657670400 870956 75493 1217108 91138
1657670100 1262721 96895 1535345 131307
1657669800 1543586 131410 1741375 133905
1657669500 1747184 128710 1774892 133905
1657669200 1718819 102786 1774892 103939
1657668900 1371661 95873 1374375 120861
1657668600 967519 120627 993946 120861
1657668300 1036157 87042 1295460 94021
1657668000 1293788 93806 1295460 94021
1657667700 1048382 62418 1589825 142777
1657667400 1565569 137882 1589825 142777
1657667100 1187667 79362 1259064 99289
1657666800 777758 96655 990148 99289
1657666500 1007517 63277 1424393 63377
1657666200 1332730 61537 1424393 64000
1657665900 983853 64143 1429327 85482
1657665600 1523434 88352 2284852 111578
1657665300 2301323 112107 2509458 118805
1657665000 2509461 120410 2510005 359641
1657664700 2509628 348995 2510005 359641
1657664400 2505272 207164 2510411 214475
1657664100 2510616 114308 2513096 114785
1657663800 2513035 108690 2513096 126557
1657663500 2504444 125499 2510563 126557
1657663200 2510678 111593 2512068 112130
1657662900 2512158 105791 2512698 109763
1657662600 2510514 107245 2512698 109763
1657662300 2503778 106540 2514624 170814
1657662000 2513934 166071 2514624 170814
1657661700 2509974 137221 2510706 137974
1657661400 2510979 137045 2514434 137974
1657661100 2513691 123180 2514434 125309
1657660800 2509279 109470 2511153 110108
1657660500 2510747 106578 2511153 168708
1657660200 2506229 163047 2510895 168708
1657659900 2510922 92470 2515085 234697
1657659600 2513838 220493 2515085 234697
1657659300 2506777 134015 2509044 135606
1657659000 2510210 131753 2515774 165098
1657658700 2513178 155560 2515774 165098
1657658400 2502689 111452 2512549 113550
1657658100 2512055 112485 2512549 113550
1657657800 2508974 107088 2509105 113000
1657657500 2508153 113070 2508174 123537
1657657200 2505413 123906 2508550 128359
1657656900 2508529 128451 2508550 142244
1657656600 2506541 141010 2513556 142244
1657656300 2512121 138388 2513556 168024
1657656000 2503582 168269 2508642 204781
1657655700 2507685 201719 2508642 204781
1657655400 2502247 185195 2505781 207594
1657655100 2386777 208991 2505781 214250
1657654800 1904076 211687 1939100 214250
1657654500 1499301 174553 1641466 179302
1657654200 1585618 159452 1641466 188546
1657653900 970931 187488 997075 188546
1657653600 649904 174150 2040540 177642
1657653300 2074856 179301 2508493 200278
1657653000 2507000 195938 2508493 200278
1657652700 2499320 172899 2508644 191613
1657652400 2508306 197857 2508644 226957
1657652100 2506653 228615 2506736 242037
1657651800 2503104 240480 2505987 242037
1657651500 2283410 201710 2433934 203136
1657651200 1017979 191640 1022778 215301
1657650900 983268 211600 1295552 215301
1657650600 1304479 168542 2188276 317571
1657650300 2210240 320917 2502054 365384
1657650000 2502936 350277 2508356 365384
1657649700 2483191 255638 2508356 257483
1657649400 2122656 233255 2165197 244376
1657649100 1525733 233231 1610323 244376
1657648800 1108646 175760 1637494 230348
1657648500 1576886 226816 1637494 230348
1657648200 863442 183345 959328 184283
1657647900 987671 177436 1329028 177892
1657647600 1345374 176071 1445791 201423
1657647300 1458272 207050 1519210 234523
1657647000 1556799 231255 1921952 234523
1657646700 1921634 199547 1921952 202523
1657646400 1902220 202932 2054151 208104
1657646100 2041307 207311 2054151 208104
1657645800 1912603 199591 2115814 213862
1657645500 2098830 215194 2115814 220311
1657645200 2032880 219611 2033636 220311
1657644900 1963742 213096 1977003 386844
1657644600 1928488 367866 2022032 386844
1657644300 2035267 247375 2180856 254442
1657644000 2196813 172943 2317634 197889
1657643700 2241870 198469 2317634 200700
1657643400 1951137 200886 1966277 228704
1657643100 1946167 225824 1966277 228704
1657642800 1700060 191076 1796505 210845
1657642500 1748381 209471 1796505 210845
1657642200 1475203 200149 1596162 201261
1657641900 1626831 195773 1883692 237116
1657641600 1862270 233710 1883692 237116
1657641300 1772997 212867 2179670 213898
1657641000 2178329 203003 2179670 228158
1657640700 2160607 232254 2161387 403734
1657640400 2141870 388556 2201154 403734
1657640100 2244264 315889 2509089 323854
1657639800 2508511 268707 2509089 287854
1657639500 2502199 290467 2502776 323487
1657639200 2480994 317271 2502776 323487
1657638900 2123910 229239 2191613 234691
1657638600 1445338 176678 1491238 178292
1657638300 974497 167146 1562146 225593
1657638000 1631165 243706 2503321 472593
1657637700 2495808 472054 2503321 472593
1657637400 1692002 426583 1752107 488220
1657637100 1218780 495582 1221774 689027
1657636800 1233444 637589 2015024 689027
1657636500 2083457 210634 2503835 234186
1657636200 2504106 235046 2505726 240189
1657635900 2476487 237248 2505726 240189
1657635600 1825608 169761 2468107 208801
1657635300 2472945 210493 2501867 220612
1657635000 2492054 240223 2501867 404469
1657634700 2422297 374266 2480195 404469
1657634400 2375694 226753 2480195 233514
1657634100 1441030 169839 1530187 172052
1657633800 922001 157513 922303 239343
1657633500 886353 229169 938764 239343
1657633200 983475 175093 1236842 195335
1657632900 1235843 195130 1236842 195335
1657632600 1149994 166700 1944968 191965
1657632300 1975263 196766 2358091 257446
1657632000 2312809 255441 2358091 257446
1657631700 1631023 224525 1740614 230111
1657631400 1042002 200090 1425864 252170
1657631100 1399269 246229 1425864 252170
1657630800 1102866 178726 1106732 180879
1657630500 979655 124957 1001314 147444
1657630200 890104 166531 1271779 251559
1657629900 1251508 245113 1271779 251559
1657629600 971338 183700 1092924 194686
1657629300 570703 147703 803465 169947
1657629000 837326 167123 1029207 169947
1657628700 1025618 150918 1029207 151126
1657628400 995369 147667 1144582 148425
1657628100 1163936 145112 1276547 180912
1657627800 1269063 181199 1276547 202479
1657627500 725681 201138 844969 202479
1657627200 889756 183227 1308289 185719
1657626900 1304050 163479 1308289 193082
1657626600 1294269 200886 1452225 248825
1657626300 1350170 295322 1452225 389726
1657626000 1139669 391861 1142970 443116
1657625700 1146940 436717 1472292 443116
1657625400 1470005 412404 1472292 412645
1657625100 1198010 382732 1620243 420290
1657624800 1573348 411033 1620243 420290
1657624500 1355612 370210 1757625 467604
1657624200 1765946 465398 1949650 467604
1657623900 1937861 410929 1949650 416716
1657623600 1796045 338168 1874613 342092
1657623300 1834932 333975 1874613 342092
1657623000 1624104 298730 1650007 308633
1657622700 1565245 308340 2053893 308633
1657622400 2055210 303898 2251465 304817
1657622100 2035363 154638 2251465 167028
1657621800 727158 79850 743777 80587
1657621500 554313 74268 637720 95389
1657621200 603563 93717 637720 95389
1657620900 760500 312499 1342781 711432
1657620000 872855 106798 1342781 339546
1657618200 344226 70165 533570 121338
1657616400 754294 109242 1282969 311947
1657614600 507135 66290 652618 73918
1657612800 1074314 104491 1536227 204595
1657611000 961430 315756 1112550 861666
1657609200 765534 41025 979898 49726
1657607400 663721 34424 813590 43780
1657605600 787551 43486 1397702 52505
1657603800 1410696 57033 1896789 70256
1657602000 2198991 100246 2449851 119115
1657600200 1408778 90412 1895994 1662804
1657598400 1477571 1941718 1895994 2485799
1657596600 1520320 794197 2511461 1791712
1657594800 2507958 303347 2509084 390139
1657593000 2508819 348274 2510304 842718
1657591200 2507269 392732 2513300 648721
1657589400 2509946 235782 2515339 429031
1657587600 2508351 237519 2517009 457075
1657585800 2506703 325522 2510484 521124
1657584000 2508457 301063 2514563 521124
1657582200 2507776 343923 2514514 521580
1657580400 2508396 295089 2510539 414831
1657578600 2507669 323312 2512068 422452
1657576800 2509132 239834 2515069 342997
1657575000 2509743 201941 2515069 264893
1657573200 2508343 223598 2511738 379466
1657571400 2506636 246480 2511784 259712
1657569600 2503803 410358 2511449 640004
1657567800 2483219 371764 2508751 669161
1657566000 921977 249965 1390126 419231
1657564200 1293643 341297 1936696 435511
1657562400 2134284 418554 2510605 497696
1657560600 2408442 354563 2507430 479193
1657558800 2009702 306221 2392053 479193
1657557000 2464779 335408 2501632 445208
1657555200 2023999 328127 2502863 472423
1657553400 1301946 281751 2170438 403298
1657551600 1130213 203169 1244442 242150
1657549800 960997 141564 2483925 260969
1657548000 2478464 362351 2503912 540044
1657546200 2503733 389200 2508836 540044
1657544400 2428319 414543 2508836 929190
1657542600 2459262 387056 2507954 451362
1657540800 2476243 350988 2516012 491278
1657539000 1763087 311790 2479232 418804
1657537200 1227244 237126 1892954 279898
1657535400 949915 264098 1287078 434240
1657533600 836717 297349 1366915 429782
1657531800 983061 403294 1988380 565788
1657530000 452776 429512 714732 591021
1657528200 283515 485751 534299 743479
1657526400 456669 360216 683717 582715
1657524600 541437 168007 902757 248710
1657522800 912879 120934 1420847 212414
1657521000 358061 97832 514528 118643
1657519200 423595 88362 1022646 122755
1657517400 471736 99902 871623 122755
1657515600 687071 118707 945704 144631
1657513800 1282198 192252 1735184 324005
1657512000 670897 346298 1056591 473096
1657510200 916280 312957 1088708 507026
1657508400 913108 212167 1115284 376126
1657506600 1032899 160824 1489875 250057
1657504800 1249768 147113 1511182 357486
1657503000 1049480 132233 1191489 216333
1657501200 1137896 128891 1463489 199421
1657499400 861974 152909 1062655 252862
1657497600 1050217 152294 1308715 265400
1657495800 678973 97654 1025786 193076
1657494000 883836 56406 1510956 119115
1657492200 692953 77468 1510956 302007
1657490400 902633 153696 1211853 302007
1657488600 1110140 122718 1509691 177901
1657486800 747984 114368 1509691 222754
1657485000 654865 116053 987401 182344
1657483200 456233 103742 599303 148289
1657481400 440414 127620 578117 195804
1657479600 917588 121949 1355083 205902
1657477800 585234 110036 744230 179033
1657476000 420683 121088 674023 180759
1657474200 567518 143716 674023 182971
1657472400 515394 174043 815563 518553
1657470600 493151 84015 815563 108073
1657468800 701120 91148 1403409 182209
1657467000 1381166 95584 1848646 124297
1657465200 518940 89085 1277873 120120
1657463400 496081 78482 867056 97921
1657461600 551122 96723 823723 143899
1657459800 548475 90623 1157136 147638
1657458000 297312 103364 557358 190926
1657456200 264273 145825 811044 272341
1657454400 604528 102989 1302070 280321
1657452600 539015 63692 1300774 103489
1657450800 1490904 83872 1704043 126067
1657449000 1425088 163281 1876485 374027
1657447200 954770 102511 1257213 261873
1657445400 891621 184880 970823 242680
1657443600 527995 239677 759012 365723
1657441800 411097 303783 718664 468533
1657440000 239368 154986 401520 260353
1657438200 296215 85088 613496 120152
1657436400 499417 93562 954660 121015
1657434600 500046 91727 954660 121015
1657432800 384283 94135 468714 115329
1657431000 517022 99596 731384 173004
1657429200 786404 115680 1164940 173004
1657427400 882010 168880 1170656 391315
1657425600 566489 203933 838853 364667
1657423800 624350 336110 769172 570929
1657422000 701029 172645 1309325 231736
1657420200 1244827 161559 1503124 234544
1657418400 1274435 131117 1478987 164802
1657416600 1033886 147931 1268522 198943
1657414800 706821 164733 978768 233011
1657413000 970033 201199 1125927 347790
1657411200 488025 147892 1572135 242746
1657409400 776089 146353 1572135 304679
1657407600 909340 152150 1365214 234841
1657405800 663968 139326 1053470 241357
1657404000 886693 170365 1053470 266410
1657402200 678385 287829 993802 555412
1657400400 997106 159164 1528731 325783
1657398600 1534698 144493 1749946 246517
1657396800 1224532 120882 1394916 176974
1657395000 1397270 155137 1645651 347465
1657393200 716185 140658 995894 210564
1657391400 772253 111146 2035077 152370
1657389600 874999 113043 2035077 166779
1657387800 536335 100122 811942 125114
1657386000 550333 151062 626096 314694
1657384200 524654 98711 952044 185663
1657382400 803075 153383 952044 252500
1657380600 1123249 137087 1286653 200273
1657378800 761744 124933 1002321 221769
1657377000 550209 128230 688626 221769
1657375200 649780 113901 969906 188052
1657373400 424468 101205 510379 149521
1657371600 871721 105537 1168105 160237
1657369800 798107 92867 948719 137718
1657368000 1195705 120809 1656937 155022
1657366200 739261 160674 1100566 790612
1657364400 1285022 208152 1889822 790612
1657362600 909214 127767 1522258 181455
1657360800 530606 141738 660380 225859
1657359000 473430 279922 667102 787314
1657357200 368174 254547 577835 344774
1657355400 562818 310144 863197 636439
1657353600 557367 228928 1371150 472623
1657351800 356232 91514 677191 115564
1657350000 339803 91520 1079623 119412
1657348200 556126 154029 1079623 2232891
1657346400 843067 502416 1967770 2232891
1657344600 1086978 157182 1598570 440132
1657342800 820828 130118 1226265 243900
1657341000 426336 136681 740860 438246
1657339200 241051 259605 317116 659229
1657337400 450123 444440 781192 659229
1657335600 885249 310344 1549937 544845
1657333800 1119112 173112 1579026 310198
1657332000 1505098 240839 2411411 430666
1657330200 2442965 290666 2514894 342284
1657328400 2396941 327012 2476457 447158
1657326600 2352229 382351 2460070 628460
1657324800 2318822 442809 2496958 628460
1657323000 2491030 395834 2511676 526209
1657321200 2506679 356584 2510165 553903
1657319400 2510088 320874 2511931 419249
1657317600 2508354 317377 2512362 419249
1657315800 2510489 232075 2514903 310818
1657314000 2508559 256696 2510230 326517
1657312200 2508233 289564 2512078 462792
1657310400 2421748 273220 2498047 462792
1657308600 2358048 370188 2482701 590143
1657306800 2489245 451523 2508233 611696
1657305000 2418512 376451 2501310 521909
1657303200 2473024 385930 2511420 552753
1657301400 2424716 343140 2493716 432530
1657299600 1840459 375840 2465580 471303
1657297800 1601462 253633 2164406 341631
1657296000 1789462 288570 2164406 369055
1657294200 1526501 345351 1914341 465463
1657292400 1366105 256072 2017234 465228
1657290600 2429363 274564 2512376 318369
1657288800 2504131 315322 2507297 357877
1657287000 2504865 251661 2510552 290734
1657285200 2407272 250354 2500413 347814
1657283400 931778 123903 2236953 309030
1657281600 1116413 146777 2511418 482613
1657279800 1726097 215140 2253649 331422
1657278000 1583311 156372 1920990 224003
1657276200 572809 272136 994184 433792
1657274400 757392 299040 922333 580426
1657272600 663891 415716 858679 580426
1657270800 315158 375972 620295 536960
1657269000 441886 363909 657222 536960
1657267200 1036054 348931 1565248 506071
1657265400 813314 299029 945425 506071
1657263600 421417 305363 668143 708070
1657261800 283935 94273 340589 121925
1657260000 773069 97952 1024421 133458
1657258200 912580 117316 1787133 166692
1657256400 1278177 118111 1772708 163624
1657254600 1318123 148827 1747509 384321
1657252800 1585018 398569 2452961 545521
1657251000 1542085 422663 2337965 659584
1657249200 784361 254069 1183129 454155
1657247400 1131990 196953 1440152 336310
1657245600 929013 225064 1156064 406720
1657243800 1373266 191638 1854267 452992
1657242000 1109815 351596 1237284 535178
1657240200 753594 403752 820115 950111
1657238400 563453 544624 704888 950111
1657236600 843743 496659 1401130 704569
1657234800 635765 341215 1113310 442650
1657233000 977743 355000 1417100 608714
1657231200 1250319 311175 2509468 455033
1657229400 2508279 341123 2513870 402156
1657227600 2506150 347818 2509325 430483
1657225800 2507872 344191 2512914 417706
1657224000 2292544 446083 2506488 601993
1657222200 1827311 378102 2507846 480772
1657220400 2504622 303124 2511503 430928
1657218600 2505087 311531 2511503 524584
1657216800 2504022 425464 2510791 524584
1657215000 2503800 375273 2507348 498480
1657213200 2502896 541327 2508386 832312
1657211400 2499709 787452 2502255 865244
1657209600 2329043 614351 2509667 776183
1657207800 2501140 397215 2505849 444108
1657206000 2504356 395394 2508919 501026
1657204200 2502103 481841 2505700 566631
1657202400 2503676 352761 2508769 476586
1657200600 2503141 346426 2509933 437311
1657198800 2504375 343935 2511787 418238
1657197000 2498619 329296 2510570 372767
1657195200 2505478 299722 2509497 459698
1657193400 2252036 276210 2507805 353882
1657191600 1290298 155655 1632211 270248
1657189800 1545184 385245 1880218 906602
1657188000 663965 531577 969953 636923
1657186200 473036 554437 658218 905860
1657184400 848117 534431 1188394 714330
1657182600 719522 501425 996327 714330
1657180800 1267310 478455 1447323 1268815
1657179000 986286 148944 1273100 213024
1657177200 901346 107113 1655854 179943
1657175400 915717 112040 1579643 144583
1657173600 898877 110022 1070742 127678
1657171800 1134685 106070 1554037 156998
1657170000 1287248 147913 1679285 239122
1657168200 1201928 214007 1478902 409445
1657166400 995163 377882 1409380 634840
1657164600 1039213 428218 1663616 523692
1657162800 1678349 265800 2503752 435877
1657161000 2043412 234112 2242853 343990
1657159200 2271708 325791 2456726 428560
1657157400 2406219 242683 2484156 331772
1657155600 2241269 364555 2361419 510333
1657153800 2097371 335821 2517094 643903
1657152000 2489963 431550 2513535 643903
1657150200 2421603 359148 2512538 508219
1657148400 2499441 337572 2511136 494397
1657146600 2506642 313733 2516956 400505
1657144800 2338940 208542 2436227 400505
1657143000 2347554 175152 2464933 196998
1657141200 2323568 163309 2506897 205509
1657139400 2349700 195441 2504992 273996
1657137600 2480392 271432 2505835 313290
1657135800 2343510 288299 2504890 349726
1657134000 2372125 316784 2509362 358330
1657132200 2503544 346409 2506912 417527
1657130400 2486473 382025 2506315 495781
1657128600 2496133 384159 2505692 439355
1657126800 2312349 326276 2505424 448483
1657125000 2489647 333931 2511250 448483
1657123200 2046652 340074 2501962 762816
1657121400 2502485 550049 2505354 1060044
1657119600 2502966 509551 2508809 1060044
1657117800 2505029 343676 2508719 388585
1657116000 2503059 303248 2507309 352521
1657114200 2370934 560725 2504971 954693
1657112400 1306921 406973 1785354 505149
1657110600 1097863 299519 1785354 402602
1657108800 1340538 677349 1871759 2030495
1657107000 1742531 485435 2179683 1040334
1657105200 1435405 351097 1914729 678960
1657103400 1025630 215880 1405886 356729
1657101600 848154 348323 1388614 487879
1657099800 1259002 553797 1440429 701159
1657098000 1187351 474661 2062598 585182
1657096200 983063 554179 2062598 734935
1657094400 617425 439591 834672 708277
1657092600 506503 163712 666762 262268
1657090800 681486 93393 1298238 122950
1657089000 626385 100762 1516341 132287
1657087200 633220 103070 904218 142099
1657085400 1144739 120153 1912731 147688
1657083600 1465473 120405 1849570 148230
1657081800 1624693 245144 2472721 367054
1657080000 1011624 353289 1347539 709612
1657078200 544716 442598 700324 709612
1657076400 1565671 316891 2320945 483452
1657074600 1997408 289189 2179292 348490
1657072800 1714491 260533 2137251 389193
1657071000 2192360 266217 2483852 402085
1657069200 1940970 283477 2483852 344182
1657067400 483704 343704 797289 500392
1657065600 863272 380045 1171554 500392
1657063800 711908 311096 1322739 485467
1657062000 479021 154271 1434456 271540
1657060200 2347928 205323 2511592 271540
1657058400 2508513 201188 2516141 257845
1657056600 2507957 157399 2516141 218926
1657054800 2508030 179185 2514684 242999
1657053000 2506926 200944 2512446 505181
1657051200 2303807 343753 2512205 505181
1657049400 1302381 297549 1623783 406983
1657047600 1384112 305538 1988065 447327
1657045800 1888527 383492 2273985 502069
1657044000 2075930 441263 2273985 545482
1657042200 2074710 373847 2300551 536489
1657040400 2023977 327024 2314534 405502
1657038600 1857785 296178 2283673 405971
1657036800 2413820 292590 2501274 364440
1657035000 2248411 427871 2456013 534583
1657033200 2272300 478494 2508468 803491
1657031400 2020867 291127 2308055 447379
1657029600 1861762 307051 2308055 447379
1657027800 1942733 303441 2085540 445269
1657026000 1995646 329553 2445237 407769
1657024200 1535965 279572 1987645 417937
1657022400 1073017 377466 1357304 745494
1657020600 1648203 412444 1961598 510602
1657018800 1720190 341622 2040134 476303
1657017000 1281053 321331 1734788 476303
1657015200 700724 382208 1384767 951937
1657013400 676027 485859 1018334 886294
1657011600 364580 550066 534475 886294
1657009800 454436 526131 1195142 1127603
1657008000 963496 308778 1287962 420908
1657006200 590697 203137 880680 405447
1657004400 790478 432354 1091983 2095484
1657002600 464563 80553 923504 101790
1657000800 390329 153073 1116976 474181
1656999000 1006921 101866 1670104 133438
1656997200 1644658 123941 1882142 191159
1656995400 634508 192549 1143159 417200
1656993600 726105 356437 1179182 588183
1656991800 628278 389081 977426 549597
1656990000 749621 161099 1125613 234828
1656988200 864537 177865 1125613 220221
1656986400 829564 177540 1311134 219102
1656984600 667985 200358 965119 281315
1656982800 614250 271509 867586 308105
1656981000 703855 286623 930584 476496
1656979200 742763 331998 1066821 476496
1656977400 934082 376534 1173948 416251
1656975600 1011831 269226 1989902 343103
1656973800 788394 239209 1457709 468859
1656972000 958496 163984 1465534 275019
1656970200 701991 138568 1003913 190007
1656968400 816486 198276 1011262 301544
1656966600 941779 201129 1240248 301544
1656964800 1569589 267921 2235099 304284
1656963000 1389218 293820 1909935 381291
1656961200 1684288 308737 2385110 382157
1656959400 2086339 346752 2377837 473919
1656957600 1853143 359629 2148886 503881
1656955800 0 0 0 0
1656954000 0 0 0 0
1656952200 0 0 0 0
1656950400 0 0 0 0
1656948600 0 0 0 0
1656946800 0 0 0 0
1656945000 0 0 0 0
1656943200 0 0 0 0
1656941400 0 0 0 0
1656939600 0 0 0 0
1656937800 0 0 0 0
1656936000 0 0 0 0
1656934200 0 0 0 0
1656932400 0 0 0 0
1656930600 0 0 0 0
1656928800 0 0 0 0
1656927000 0 0 0 0
1656925200 0 0 0 0
1656923400 0 0 0 0
1656921600 0 0 0 0
1656919800 0 0 0 0
1656918000 0 0 0 0
1656916200 0 0 0 0
1656914400 0 0 0 0
1656912600 0 0 0 0
1656910800 0 0 0 0
1656909000 0 0 0 0
1656907200 0 0 0 0
1656905400 0 0 0 0
1656903600 0 0 0 0
1656901800 0 0 0 0
1656900000 0 0 0 0
1656898200 0 0 0 0
1656896400 0 0 0 0
1656894600 0 0 0 0
1656892800 0 0 0 0
1656891000 0 0 0 0
1656889200 0 0 0 0
1656887400 0 0 0 0
1656885600 0 0 0 0
1656883800 0 0 0 0
1656882000 0 0 0 0
1656880200 0 0 0 0
1656878400 0 0 0 0
1656876600 0 0 0 0
1656874800 0 0 0 0
1656873000 0 0 0 0
1656871200 0 0 0 0
1656869400 0 0 0 0
1656867600 0 0 0 0
1656865800 0 0 0 0
1656864000 0 0 0 0
1656862200 0 0 0 0
1656860400 0 0 0 0
1656858600 0 0 0 0
1656856800 0 0 0 0
1656855000 0 0 0 0
1656853200 0 0 0 0
1656851400 0 0 0 0
1656849600 0 0 0 0
1656847800 0 0 0 0
1656846000 0 0 0 0
1656844200 0 0 0 0
1656842400 0 0 0 0
1656840600 0 0 0 0
1656838800 0 0 0 0
1656837000 0 0 0 0
1656835200 0 0 0 0
1656833400 0 0 0 0
1656831600 0 0 0 0
1656829800 0 0 0 0
1656828000 0 0 0 0
1656826200 0 0 0 0
1656824400 0 0 0 0
1656822600 0 0 0 0
1656820800 0 0 0 0
1656819000 0 0 0 0
1656817200 0 0 0 0
1656815400 0 0 0 0
1656813600 0 0 0 0
1656811800 0 0 0 0
1656810000 0 0 0 0
1656808200 0 0 0 0
1656806400 0 0 0 0
1656804600 0 0 0 0
1656802800 0 0 0 0
1656801000 0 0 0 0
1656799200 0 0 0 0
1656797400 0 0 0 0
1656795600 0 0 0 0
1656793800 0 0 0 0
1656792000 0 0 0 0
1656790200 0 0 0 0
1656788400 0 0 0 0
1656786600 0 0 0 0
1656784800 0 0 0 0
1656783000 0 0 0 0
1656781200 0 0 0 0
1656779400 0 0 0 0
1656777600 0 0 0 0
1656775800 0 0 0 0
1656774000 0 0 0 0
1656772200 0 0 0 0
1656770400 0 0 0 0
1656768600 0 0 0 0
1656766800 0 0 0 0
1656765000 0 0 0 0
1656763200 0 0 0 0
1656761400 0 0 0 0
1656759600 0 0 0 0
1656757800 0 0 0 0
1656756000 0 0 0 0
1656754200 0 0 0 0
1656752400 0 0 0 0
1656750600 0 0 0 0
1656748800 0 0 0 0
1656747000 0 0 0 0
1656745200 0 0 0 0
1656743400 0 0 0 0
1656741600 0 0 0 0
1656739800 0 0 0 0
1656738000 0 0 0 0
1656736200 0 0 0 0
1656734400 0 0 0 0
1656732600 0 0 0 0
1656730800 0 0 0 0
1656729000 0 0 0 0
1656727200 0 0 0 0
1656725400 0 0 0 0
1656723600 0 0 0 0
1656721800 0 0 0 0
1656720000 0 0 0 0
1656718200 0 0 0 0
1656716400 0 0 0 0
1656714600 0 0 0 0
1656712800 0 0 0 0
1656711000 0 0 0 0
1656709200 0 0 0 0
1656707400 0 0 0 0
1656705600 0 0 0 0
1656703800 0 0 0 0
1656702000 0 0 0 0
1656700200 0 0 0 0
1656698400 0 0 0 0
1656696600 0 0 0 0
1656694800 0 0 0 0
1656693000 0 0 0 0
1656691200 0 0 0 0
1656689400 0 0 0 0
1656687600 0 0 0 0
1656685800 0 0 0 0
1656684000 0 0 0 0
1656682200 0 0 0 0
1656680400 0 0 0 0
1656678600 0 0 0 0
1656676800 0 0 0 0
1656675000 0 0 0 0
1656673200 0 0 0 0
1656671400 0 0 0 0
1656669600 0 0 0 0
1656667800 0 0 0 0
1656666000 0 0 0 0
1656664200 0 0 0 0
1656662400 0 0 0 0
1656660600 0 0 0 0
1656658800 0 0 0 0
1656657000 0 0 0 0
1656655200 0 0 0 0
1656653400 0 0 0 0
1656651600 0 0 0 0
1656649800 0 0 0 0
1656648000 0 0 0 0
1656646200 0 0 0 0
1656644400 0 0 0 0
1656642600 0 0 0 0
1656640800 0 0 0 0
1656639000 0 0 0 0
1656637200 0 0 0 0
1656635400 0 0 0 0
1656633600 0 0 0 0
1656631800 0 0 0 0
1656630000 0 0 0 0
1656628200 0 0 0 0
1656626400 0 0 0 0
1656624600 0 0 0 0
1656622800 0 0 0 0
1656621000 0 0 0 0
1656619200 0 0 0 0
1656617400 0 0 0 0
1656615600 0 0 0 0
1656613800 0 0 0 0
1656612000 0 0 0 0
1656610200 0 0 0 0
1656608400 0 0 0 0
1656606600 0 0 0 0
1656604800 0 0 0 0
1656603000 0 0 0 0
1656601200 0 0 0 0
1656599400 0 0 0 0
1656597600 0 0 0 0
1656595800 0 0 0 0
1656594000 0 0 0 0
1656592200 0 0 0 0
1656590400 0 0 0 0
1656588600 0 0 0 0
1656586800 0 0 0 0
1656585000 0 0 0 0
1656583200 0 0 0 0
1656581400 0 0 0 0
1656579600 0 0 0 0
1656577800 0 0 0 0
1656576000 0 0 0 0
1656574200 0 0 0 0
1656572400 0 0 0 0
1656570600 0 0 0 0
1656568800 0 0 0 0
1656567000 0 0 0 0
1656565200 0 0 0 0
1656563400 0 0 0 0
1656561600 0 0 0 0
1656559800 0 0 0 0
1656558000 0 0 0 0
1656556200 0 0 0 0
1656554400 0 0 0 0
1656552600 0 0 0 0
1656550800 0 0 0 0
1656549000 0 0 0 0
1656547200 0 0 0 0
1656545400 0 0 0 0
1656543600 0 0 0 0
1656541800 0 0 0 0
1656540000 0 0 0 0
1656532800 0 0 0 0
1656525600 0 0 0 0
1656518400 0 0 0 0
1656511200 0 0 0 0
1656504000 0 0 0 0
1656496800 0 0 0 0
1656489600 0 0 0 0
1656482400 0 0 0 0
1656475200 0 0 0 0
1656468000 0 0 0 0
1656460800 0 0 0 0
1656453600 0 0 0 0
1656446400 0 0 0 0
1656439200 0 0 0 0
1656432000 0 0 0 0
1656424800 0 0 0 0
1656417600 0 0 0 0
1656410400 0 0 0 0
1656403200 0 0 0 0
1656396000 0 0 0 0
1656388800 0 0 0 0
1656381600 0 0 0 0
1656374400 0 0 0 0
1656367200 0 0 0 0
1656360000 0 0 0 0
1656352800 0 0 0 0
1656345600 0 0 0 0
1656338400 0 0 0 0
1656331200 0 0 0 0
1656324000 0 0 0 0
1656316800 0 0 0 0
1656309600 0 0 0 0
1656302400 0 0 0 0
1656295200 0 0 0 0
1656288000 0 0 0 0
1656280800 0 0 0 0
1656273600 0 0 0 0
1656266400 0 0 0 0
1656259200 0 0 0 0
1656252000 0 0 0 0
1656244800 0 0 0 0
1656237600 0 0 0 0
1656230400 0 0 0 0
1656223200 0 0 0 0
1656216000 0 0 0 0
1656208800 0 0 0 0
1656201600 0 0 0 0
1656194400 0 0 0 0
1656187200 0 0 0 0
1656180000 0 0 0 0
1656172800 0 0 0 0
1656165600 0 0 0 0
1656158400 0 0 0 0
1656151200 0 0 0 0
1656144000 0 0 0 0
1656136800 0 0 0 0
1656129600 0 0 0 0
1656122400 0 0 0 0
1656115200 0 0 0 0
1656108000 0 0 0 0
1656100800 0 0 0 0
1656093600 0 0 0 0
1656086400 0 0 0 0
1656079200 0 0 0 0
1656072000 0 0 0 0
1656064800 0 0 0 0
1656057600 0 0 0 0
1656050400 0 0 0 0
1656043200 0 0 0 0
1656036000 0 0 0 0
1656028800 0 0 0 0
1656021600 0 0 0 0
1656014400 0 0 0 0
1656007200 0 0 0 0
1656000000 0 0 0 0
1655992800 0 0 0 0
1655985600 0 0 0 0
1655978400 0 0 0 0
1655971200 0 0 0 0
1655964000 0 0 0 0
1655956800 0 0 0 0
1655949600 0 0 0 0
1655942400 0 0 0 0
1655935200 0 0 0 0
1655928000 0 0 0 0
1655920800 0 0 0 0
1655913600 0 0 0 0
1655906400 0 0 0 0
1655899200 0 0 0 0
1655892000 0 0 0 0
1655884800 0 0 0 0
1655877600 0 0 0 0
1655870400 0 0 0 0
1655863200 0 0 0 0
1655856000 0 0 0 0
1655848800 0 0 0 0
1655841600 0 0 0 0
1655834400 0 0 0 0
1655827200 0 0 0 0
1655820000 0 0 0 0
1655812800 0 0 0 0
1655805600 0 0 0 0
1655798400 0 0 0 0
1655791200 0 0 0 0
1655784000 0 0 0 0
1655776800 0 0 0 0
1655769600 0 0 0 0
1655762400 0 0 0 0
1655755200 0 0 0 0
1655748000 0 0 0 0
1655740800 0 0 0 0
1655733600 0 0 0 0
1655726400 0 0 0 0
1655719200 0 0 0 0
1655712000 0 0 0 0
1655704800 0 0 0 0
1655697600 0 0 0 0
1655690400 0 0 0 0
1655683200 0 0 0 0
1655676000 0 0 0 0
1655668800 0 0 0 0
1655661600 0 0 0 0
1655654400 0 0 0 0
1655647200 0 0 0 0
1655640000 0 0 0 0
1655632800 0 0 0 0
1655625600 0 0 0 0
1655618400 0 0 0 0
1655611200 0 0 0 0
1655604000 0 0 0 0
1655596800 0 0 0 0
1655589600 0 0 0 0
1655582400 0 0 0 0
1655575200 0 0 0 0
1655568000 0 0 0 0
1655560800 0 0 0 0
1655553600 0 0 0 0
1655546400 0 0 0 0
1655539200 0 0 0 0
1655532000 0 0 0 0
1655524800 0 0 0 0
1655517600 0 0 0 0
1655510400 0 0 0 0
1655503200 0 0 0 0
1655496000 0 0 0 0
1655488800 0 0 0 0
1655481600 0 0 0 0
1655474400 0 0 0 0
1655467200 0 0 0 0
1655460000 0 0 0 0
1655452800 0 0 0 0
1655445600 0 0 0 0
1655438400 0 0 0 0
1655431200 0 0 0 0
1655424000 0 0 0 0
1655416800 0 0 0 0
1655409600 0 0 0 0
1655402400 0 0 0 0
1655395200 0 0 0 0
1655388000 0 0 0 0
1655380800 0 0 0 0
1655373600 0 0 0 0
1655366400 0 0 0 0
1655359200 0 0 0 0
1655352000 0 0 0 0
1655344800 0 0 0 0
1655337600 0 0 0 0
1655330400 0 0 0 0
1655323200 0 0 0 0
1655316000 0 0 0 0
1655308800 0 0 0 0
1655301600 0 0 0 0
1655294400 0 0 0 0
1655287200 0 0 0 0
1655280000 0 0 0 0
1655272800 0 0 0 0
1655265600 0 0 0 0
1655258400 0 0 0 0
1655251200 0 0 0 0
1655244000 0 0 0 0
1655236800 0 0 0 0
1655229600 0 0 0 0
1655222400 0 0 0 0
1655215200 0 0 0 0
1655208000 0 0 0 0
1655200800 0 0 0 0
1655193600 0 0 0 0
1655186400 0 0 0 0
1655179200 0 0 0 0
1655172000 0 0 0 0
1655164800 0 0 0 0
1655157600 0 0 0 0
1655150400 0 0 0 0
1655143200 0 0 0 0
1655136000 0 0 0 0
1655128800 0 0 0 0
1655121600 0 0 0 0
1655114400 0 0 0 0
1655107200 0 0 0 0
1655100000 0 0 0 0
1655092800 0 0 0 0
1655085600 0 0 0 0
1655078400 0 0 0 0
1655071200 0 0 0 0
1655064000 0 0 0 0
1655056800 0 0 0 0
1655049600 0 0 0 0
1655042400 0 0 0 0
1655035200 0 0 0 0
1655028000 0 0 0 0
1655020800 0 0 0 0
1655013600 0 0 0 0
1655006400 0 0 0 0
1654999200 0 0 0 0
1654992000 0 0 0 0
1654984800 0 0 0 0
1654977600 0 0 0 0
1654970400 0 0 0 0
1654963200 0 0 0 0
1654956000 0 0 0 0
1654948800 0 0 0 0
1654941600 0 0 0 0
1654934400 0 0 0 0
1654927200 0 0 0 0
1654920000 0 0 0 0
1654912800 0 0 0 0
1654905600 0 0 0 0
1654898400 0 0 0 0
1654891200 0 0 0 0
1654884000 0 0 0 0
1654876800 0 0 0 0
1654869600 0 0 0 0
1654862400 0 0 0 0
1654855200 0 0 0 0
1654848000 0 0 0 0
1654840800 0 0 0 0
1654833600 0 0 0 0
1654826400 0 0 0 0
1654819200 0 0 0 0
1654812000 0 0 0 0
1654804800 0 0 0 0
1654797600 0 0 0 0
1654790400 0 0 0 0
1654783200 0 0 0 0
1654776000 0 0 0 0
1654768800 0 0 0 0
1654761600 0 0 0 0
1654754400 0 0 0 0
1654747200 0 0 0 0
1654740000 0 0 0 0
1654732800 0 0 0 0
1654725600 0 0 0 0
1654718400 0 0 0 0
1654711200 0 0 0 0
1654704000 0 0 0 0
1654696800 0 0 0 0
1654689600 0 0 0 0
1654682400 0 0 0 0
1654675200 0 0 0 0
1654668000 0 0 0 0
1654660800 0 0 0 0
1654653600 0 0 0 0
1654646400 0 0 0 0
1654639200 0 0 0 0
1654632000 0 0 0 0
1654624800 0 0 0 0
1654617600 0 0 0 0
1654610400 0 0 0 0
1654603200 0 0 0 0
1654596000 0 0 0 0
1654588800 0 0 0 0
1654581600 0 0 0 0
1654574400 0 0 0 0
1654567200 0 0 0 0
1654560000 0 0 0 0
1654552800 0 0 0 0
1654545600 0 0 0 0
1654538400 0 0 0 0
1654531200 0 0 0 0
1654524000 0 0 0 0
1654516800 0 0 0 0
1654509600 0 0 0 0
1654502400 0 0 0 0
1654495200 0 0 0 0
1654488000 0 0 0 0
1654480800 0 0 0 0
1654473600 0 0 0 0
1654466400 0 0 0 0
1654459200 0 0 0 0
1654452000 0 0 0 0
1654444800 0 0 0 0
1654437600 0 0 0 0
1654430400 0 0 0 0
1654423200 0 0 0 0
1654416000 0 0 0 0
1654408800 0 0 0 0
1654401600 0 0 0 0
1654394400 0 0 0 0
1654387200 0 0 0 0
1654380000 0 0 0 0
1654372800 0 0 0 0
1654365600 0 0 0 0
1654358400 0 0 0 0
1654351200 0 0 0 0
1654344000 0 0 0 0
1654336800 0 0 0 0
1654329600 0 0 0 0
1654322400 0 0 0 0
1654315200 0 0 0 0
1654308000 0 0 0 0
1654300800 0 0 0 0
1654293600 0 0 0 0
1654286400 0 0 0 0
1654279200 0 0 0 0
1654272000 0 0 0 0
1654264800 0 0 0 0
1654257600 0 0 0 0
1654250400 0 0 0 0
1654243200 0 0 0 0
1654236000 0 0 0 0
1654228800 0 0 0 0
1654221600 0 0 0 0
1654214400 0 0 0 0
1654207200 0 0 0 0
1654200000 0 0 0 0
1654192800 0 0 0 0
1654185600 0 0 0 0
1654178400 0 0 0 0
1654171200 0 0 0 0
1654164000 0 0 0 0
1654156800 0 0 0 0
1654149600 0 0 0 0
1654142400 0 0 0 0
1654135200 0 0 0 0
1654128000 0 0 0 0
1654120800 0 0 0 0
1654113600 0 0 0 0
1654106400 0 0 0 0
1654099200 0 0 0 0
1654092000 0 0 0 0
1654084800 0 0 0 0
1654077600 0 0 0 0
1654070400 0 0 0 0
1654063200 0 0 0 0
1654056000 0 0 0 0
1654048800 0 0 0 0
1654041600 0 0 0 0
1654034400 0 0 0 0
1654027200 0 0 0 0
1654020000 0 0 0 0
1654012800 0 0 0 0
1654005600 0 0 0 0
1653998400 0 0 0 0
1653991200 0 0 0 0
1653984000 0 0 0 0
1653976800 0 0 0 0
1653969600 0 0 0 0
1653962400 0 0 0 0
1653955200 0 0 0 0
1653948000 0 0 0 0
1653940800 0 0 0 0
1653933600 0 0 0 0
1653926400 0 0 0 0
1653919200 0 0 0 0
1653912000 0 0 0 0
1653904800 0 0 0 0
1653897600 0 0 0 0
1653890400 0 0 0 0
1653883200 0 0 0 0
1653876000 0 0 0 0
1653868800 0 0 0 0
1653861600 0 0 0 0
1653854400 0 0 0 0
1653847200 0 0 0 0
1653840000 0 0 0 0
1653832800 0 0 0 0
1653825600 0 0 0 0
1653818400 0 0 0 0
1653811200 0 0 0 0
1653804000 0 0 0 0
1653796800 0 0 0 0
1653789600 0 0 0 0
1653782400 0 0 0 0
1653775200 0 0 0 0
1653768000 0 0 0 0
1653760800 0 0 0 0
1653753600 0 0 0 0
1653746400 0 0 0 0
1653739200 0 0 0 0
1653732000 0 0 0 0
1653724800 0 0 0 0
1653717600 0 0 0 0
1653710400 0 0 0 0
1653703200 0 0 0 0
1653696000 0 0 0 0
1653688800 0 0 0 0
1653681600 0 0 0 0
1653674400 0 0 0 0
1653667200 0 0 0 0
1653660000 0 0 0 0
1653652800 0 0 0 0
1653645600 0 0 0 0
1653638400 0 0 0 0
1653631200 0 0 0 0
1653624000 0 0 0 0
1653616800 0 0 0 0
1653609600 0 0 0 0
1653602400 0 0 0 0
1653595200 0 0 0 0
1653588000 0 0 0 0
1653580800 0 0 0 0
1653573600 0 0 0 0
1653566400 0 0 0 0
1653559200 0 0 0 0
1653552000 0 0 0 0
1653544800 0 0 0 0
1653537600 0 0 0 0
1653530400 0 0 0 0
1653523200 0 0 0 0
1653516000 0 0 0 0
1653508800 0 0 0 0
1653501600 0 0 0 0
1653494400 0 0 0 0
1653487200 0 0 0 0
1653480000 0 0 0 0
1653472800 0 0 0 0
1653465600 0 0 0 0
1653458400 0 0 0 0
1653451200 0 0 0 0
1653444000 0 0 0 0
1653436800 0 0 0 0
1653429600 0 0 0 0
1653422400 0 0 0 0
1653415200 0 0 0 0
1653408000 0 0 0 0
1653400800 0 0 0 0
1653393600 0 0 0 0
1653386400 0 0 0 0
1653379200 0 0 0 0
1653372000 0 0 0 0
1653364800 0 0 0 0
1653357600 0 0 0 0
1653350400 0 0 0 0
1653343200 0 0 0 0
1653336000 0 0 0 0
1653328800 0 0 0 0
1653321600 0 0 0 0
1653314400 0 0 0 0
1653307200 0 0 0 0
1653300000 0 0 0 0
1653292800 0 0 0 0
1653285600 0 0 0 0
1653278400 0 0 0 0
1653271200 0 0 0 0
1653264000 0 0 0 0
1653256800 0 0 0 0
1653249600 0 0 0 0
1653242400 0 0 0 0
1653235200 0 0 0 0
1653228000 0 0 0 0
1653220800 0 0 0 0
1653213600 0 0 0 0
1653206400 0 0 0 0
1653199200 0 0 0 0
1653192000 0 0 0 0
1653184800 0 0 0 0
1653177600 0 0 0 0
1653170400 0 0 0 0
1653163200 0 0 0 0
1653156000 0 0 0 0
1653148800 0 0 0 0
1653141600 0 0 0 0
1653134400 0 0 0 0
1653127200 0 0 0 0
1653120000 0 0 0 0
1653112800 0 0 0 0
1653105600 0 0 0 0
1653098400 0 0 0 0
1653091200 0 0 0 0
1653084000 0 0 0 0
1653076800 0 0 0 0
1653069600 0 0 0 0
1653062400 0 0 0 0
1653055200 0 0 0 0
1653048000 0 0 0 0
1653040800 0 0 0 0
1653033600 0 0 0 0
1653026400 0 0 0 0
1653019200 0 0 0 0
1653012000 0 0 0 0
1653004800 0 0 0 0
1652997600 0 0 0 0
1652990400 0 0 0 0
1652983200 0 0 0 0
1652976000 0 0 0 0
1652968800 0 0 0 0
1652961600 0 0 0 0
1652954400 0 0 0 0
1652947200 0 0 0 0
1652940000 0 0 0 0
1652932800 0 0 0 0
1652925600 0 0 0 0
1652918400 0 0 0 0
1652911200 0 0 0 0
1652904000 0 0 0 0
1652896800 0 0 0 0
1652889600 0 0 0 0
1652882400 0 0 0 0
1652875200 0 0 0 0
1652868000 0 0 0 0
1652860800 0 0 0 0
1652853600 0 0 0 0
1652846400 0 0 0 0
1652839200 0 0 0 0
1652832000 0 0 0 0
1652824800 0 0 0 0
1652817600 0 0 0 0
1652810400 0 0 0 0
1652803200 0 0 0 0
1652796000 0 0 0 0
1652788800 0 0 0 0
1652781600 0 0 0 0
1652774400 0 0 0 0
1652767200 0 0 0 0
1652760000 0 0 0 0
1652752800 0 0 0 0
1652745600 0 0 0 0
1652738400 0 0 0 0
1652731200 0 0 0 0
1652724000 0 0 0 0
1652716800 0 0 0 0
1652709600 0 0 0 0
1652702400 0 0 0 0
1652695200 0 0 0 0
1652688000 0 0 0 0
1652680800 0 0 0 0
1652673600 0 0 0 0
1652666400 0 0 0 0
1652659200 0 0 0 0
1652652000 0 0 0 0
1652644800 0 0 0 0
1652637600 0 0 0 0
1652630400 0 0 0 0
1652623200 0 0 0 0
1652616000 0 0 0 0
1652608800 0 0 0 0
1652601600 0 0 0 0
1652594400 0 0 0 0
1652587200 0 0 0 0
1652580000 0 0 0 0
1652572800 0 0 0 0
1652565600 0 0 0 0
1652558400 0 0 0 0
1652551200 0 0 0 0
1652544000 0 0 0 0
1652536800 0 0 0 0
1652529600 0 0 0 0
1652522400 0 0 0 0
1652515200 0 0 0 0
1652508000 0 0 0 0
1652500800 0 0 0 0
1652493600 0 0 0 0
1652486400 0 0 0 0
1652479200 0 0 0 0
1652472000 0 0 0 0
1652464800 0 0 0 0
1652457600 0 0 0 0
1652450400 0 0 0 0
1652443200 0 0 0 0
1652436000 0 0 0 0
1652428800 0 0 0 0
1652421600 0 0 0 0
1652414400 0 0 0 0
1652407200 0 0 0 0
1652400000 0 0 0 0
1652392800 0 0 0 0
1652385600 0 0 0 0
1652378400 0 0 0 0
1652371200 0 0 0 0
1652364000 0 0 0 0
1652356800 0 0 0 0
1652349600 0 0 0 0
1652342400 0 0 0 0
1652335200 0 0 0 0
1652328000 0 0 0 0
1652320800 0 0 0 0
1652313600 0 0 0 0
1652306400 0 0 0 0
1652299200 0 0 0 0
1652292000 0 0 0 0
1652284800 0 0 0 0
1652277600 0 0 0 0
1652270400 0 0 0 0
1652263200 0 0 0 0
1652256000 0 0 0 0
1652248800 0 0 0 0
1652241600 0 0 0 0
1652234400 0 0 0 0
1652227200 0 0 0 0
1652220000 0 0 0 0
1652140800 0 0 0 0
1652054400 0 0 0 0
1651968000 0 0 0 0
1651881600 0 0 0 0
1651795200 0 0 0 0
1651708800 0 0 0 0
1651622400 0 0 0 0
1651536000 0 0 0 0
1651449600 0 0 0 0
1651363200 0 0 0 0
1651276800 0 0 0 0
1651190400 0 0 0 0
1651104000 0 0 0 0
1651017600 0 0 0 0
1650931200 0 0 0 0
1650844800 0 0 0 0
1650758400 0 0 0 0
1650672000 0 0 0 0
1650585600 0 0 0 0
1650499200 0 0 0 0
1650412800 0 0 0 0
1650326400 0 0 0 0
1650240000 0 0 0 0
1650153600 0 0 0 0
1650067200 0 0 0 0
1649980800 0 0 0 0
1649894400 0 0 0 0
1649808000 0 0 0 0
1649721600 0 0 0 0
1649635200 0 0 0 0
1649548800 0 0 0 0
1649462400 0 0 0 0
1649376000 0 0 0 0
1649289600 0 0 0 0
1649203200 0 0 0 0
1649116800 0 0 0 0
1649030400 0 0 0 0
1648944000 0 0 0 0
1648857600 0 0 0 0
1648771200 0 0 0 0
1648684800 0 0 0 0
1648598400 0 0 0 0
1648512000 0 0 0 0
1648425600 0 0 0 0
1648339200 0 0 0 0
1648252800 0 0 0 0
1648166400 0 0 0 0
1648080000 0 0 0 0
1647993600 0 0 0 0
1647907200 0 0 0 0
1647820800 0 0 0 0
1647734400 0 0 0 0
1647648000 0 0 0 0
1647561600 0 0 0 0
1647475200 0 0 0 0
1647388800 0 0 0 0
1647302400 0 0 0 0
1647216000 0 0 0 0
1647129600 0 0 0 0
1647043200 0 0 0 0
1646956800 0 0 0 0
1646870400 0 0 0 0
1646784000 0 0 0 0
1646697600 0 0 0 0
1646611200 0 0 0 0
1646524800 0 0 0 0
1646438400 0 0 0 0
1646352000 0 0 0 0
1646265600 0 0 0 0
1646179200 0 0 0 0
1646092800 0 0 0 0
1646006400 0 0 0 0
1645920000 0 0 0 0
1645833600 0 0 0 0
1645747200 0 0 0 0
1645660800 0 0 0 0
1645574400 0 0 0 0
1645488000 0 0 0 0
1645401600 0 0 0 0
1645315200 0 0 0 0
1645228800 0 0 0 0
1645142400 0 0 0 0
1645056000 0 0 0 0
1644969600 0 0 0 0
1644883200 0 0 0 0
1644796800 0 0 0 0
1644710400 0 0 0 0
1644624000 0 0 0 0
1644537600 0 0 0 0
1644451200 0 0 0 0
1644364800 0 0 0 0
1644278400 0 0 0 0
1644192000 0 0 0 0
1644105600 0 0 0 0
1644019200 0 0 0 0
1643932800 0 0 0 0
1643846400 0 0 0 0
1643760000 0 0 0 0
1643673600 0 0 0 0
1643587200 0 0 0 0
1643500800 0 0 0 0
1643414400 0 0 0 0
1643328000 0 0 0 0
1643241600 0 0 0 0
1643155200 0 0 0 0
1643068800 0 0 0 0
1642982400 0 0 0 0
1642896000 0 0 0 0
1642809600 0 0 0 0
1642723200 0 0 0 0
1642636800 0 0 0 0
1642550400 0 0 0 0
1642464000 0 0 0 0
1642377600 0 0 0 0
1642291200 0 0 0 0
1642204800 0 0 0 0
1642118400 0 0 0 0
1642032000 0 0 0 0
1641945600 0 0 0 0
1641859200 0 0 0 0
1641772800 0 0 0 0
1641686400 0 0 0 0
1641600000 0 0 0 0
1641513600 0 0 0 0
1641427200 0 0 0 0
1641340800 0 0 0 0
1641254400 0 0 0 0
1641168000 0 0 0 0
1641081600 0 0 0 0
1640995200 0 0 0 0
1640908800 0 0 0 0
1640822400 0 0 0 0
1640736000 0 0 0 0
1640649600 0 0 0 0
1640563200 0 0 0 0
1640476800 0 0 0 0
1640390400 0 0 0 0
1640304000 0 0 0 0
1640217600 0 0 0 0
1640131200 0 0 0 0
1640044800 0 0 0 0
1639958400 0 0 0 0
1639872000 0 0 0 0
1639785600 0 0 0 0
1639699200 0 0 0 0
1639612800 0 0 0 0
1639526400 0 0 0 0
1639440000 0 0 0 0
1639353600 0 0 0 0
1639267200 0 0 0 0
1639180800 0 0 0 0
1639094400 0 0 0 0
1639008000 0 0 0 0
1638921600 0 0 0 0
1638835200 0 0 0 0
1638748800 0 0 0 0
1638662400 0 0 0 0
1638576000 0 0 0 0
1638489600 0 0 0 0
1638403200 0 0 0 0
1638316800 0 0 0 0
1638230400 0 0 0 0
1638144000 0 0 0 0
1638057600 0 0 0 0
1637971200 0 0 0 0
1637884800 0 0 0 0
1637798400 0 0 0 0
1637712000 0 0 0 0
1637625600 0 0 0 0
1637539200 0 0 0 0
1637452800 0 0 0 0
1637366400 0 0 0 0
1637280000 0 0 0 0
1637193600 0 0 0 0
1637107200 0 0 0 0
1637020800 0 0 0 0
1636934400 0 0 0 0
1636848000 0 0 0 0
1636761600 0 0 0 0
1636675200 0 0 0 0
1636588800 0 0 0 0
1636502400 0 0 0 0
1636416000 0 0 0 0
1636329600 0 0 0 0
1636243200 0 0 0 0
1636156800 0 0 0 0
1636070400 0 0 0 0
1635984000 0 0 0 0
1635897600 0 0 0 0
1635811200 0 0 0 0
1635724800 0 0 0 0
1635638400 0 0 0 0
1635552000 0 0 0 0
1635465600 0 0 0 0
1635379200 0 0 0 0
1635292800 0 0 0 0
1635206400 0 0 0 0
1635120000 0 0 0 0
1635033600 0 0 0 0
1634947200 0 0 0 0
1634860800 0 0 0 0
1634774400 0 0 0 0
1634688000 0 0 0 0
1634601600 0 0 0 0
1634515200 0 0 0 0
1634428800 0 0 0 0
1634342400 0 0 0 0
1634256000 0 0 0 0
1634169600 0 0 0 0
1634083200 0 0 0 0
1633996800 0 0 0 0
1633910400 0 0 0 0
1633824000 0 0 0 0
1633737600 0 0 0 0
1633651200 0 0 0 0
1633564800 0 0 0 0
1633478400 0 0 0 0
1633392000 0 0 0 0
1633305600 0 0 0 0
1633219200 0 0 0 0
1633132800 0 0 0 0
1633046400 0 0 0 0
1632960000 0 0 0 0
1632873600 0 0 0 0
1632787200 0 0 0 0
1632700800 0 0 0 0
1632614400 0 0 0 0
1632528000 0 0 0 0
1632441600 0 0 0 0
1632355200 0 0 0 0
1632268800 0 0 0 0
1632182400 0 0 0 0
1632096000 0 0 0 0
1632009600 0 0 0 0
1631923200 0 0 0 0
1631836800 0 0 0 0
1631750400 0 0 0 0
1631664000 0 0 0 0
1631577600 0 0 0 0
1631491200 0 0 0 0
1631404800 0 0 0 0
1631318400 0 0 0 0
1631232000 0 0 0 0
1631145600 0 0 0 0
1631059200 0 0 0 0
1630972800 0 0 0 0
1630886400 0 0 0 0
1630800000 0 0 0 0
1630713600 0 0 0 0
1630627200 0 0 0 0
1630540800 0 0 0 0
1630454400 0 0 0 0
1630368000 0 0 0 0
1630281600 0 0 0 0
1630195200 0 0 0 0
1630108800 0 0 0 0
1630022400 0 0 0 0
1629936000 0 0 0 0
1629849600 0 0 0 0
1629763200 0 0 0 0
1629676800 0 0 0 0
1629590400 0 0 0 0
1629504000 0 0 0 0
1629417600 0 0 0 0
1629331200 0 0 0 0
1629244800 0 0 0 0
1629158400 0 0 0 0
1629072000 0 0 0 0
1628985600 0 0 0 0
1628899200 0 0 0 0
1628812800 0 0 0 0
1628726400 0 0 0 0
1628640000 0 0 0 0
1628553600 0 0 0 0
1628467200 0 0 0 0
1628380800 0 0 0 0
1628294400 0 0 0 0
1628208000 0 0 0 0
1628121600 0 0 0 0
1628035200 0 0 0 0
1627948800 0 0 0 0
1627862400 0 0 0 0
1627776000 0 0 0 0
1627689600 0 0 0 0
1627603200 0 0 0 0
1627516800 0 0 0 0
1627430400 0 0 0 0
1627344000 0 0 0 0
1627257600 0 0 0 0
1627171200 0 0 0 0
1627084800 0 0 0 0
1626998400 0 0 0 0
1626912000 0 0 0 0
1626825600 0 0 0 0
1626739200 0 0 0 0
1626652800 0 0 0 0
1626566400 0 0 0 0
1626480000 0 0 0 0
1626393600 0 0 0 0
1626307200 0 0 0 0
1626220800 0 0 0 0
1626134400 0 0 0 0
1626048000 0 0 0 0
1625961600 0 0 0 0
1625875200 0 0 0 0
1625788800 0 0 0 0
1625702400 0 0 0 0
1625616000 0 0 0 0
1625529600 0 0 0 0
1625443200 0 0 0 0
1625356800 0 0 0 0
1625270400 0 0 0 0
1625184000 0 0 0 0
1625097600 0 0 0 0
1625011200 0 0 0 0
1624924800 0 0 0 0
1624838400 0 0 0 0
1624752000 0 0 0 0
1624665600 0 0 0 0
1624579200 0 0 0 0
1624492800 0 0 0 0
1624406400 0 0 0 0
1624320000 0 0 0 0
1624233600 0 0 0 0
1624147200 0 0 0 0
1624060800 0 0 0 0
1623974400 0 0 0 0
1623888000 0 0 0 0
1623801600 0 0 0 0
1623715200 0 0 0 0
1623628800 0 0 0 0
1623542400 0 0 0 0
1623456000 0 0 0 0
1623369600 0 0 0 0
1623283200 0 0 0 0
1623196800 0 0 0 0
1623110400 0 0 0 0
1623024000 0 0 0 0
1622937600 0 0 0 0
1622851200 0 0 0 0
1622764800 0 0 0 0
1622678400 0 0 0 0
1622592000 0 0 0 0
1622505600 0 0 0 0
1622419200 0 0 0 0
1622332800 0 0 0 0
1622246400 0 0 0 0
1622160000 0 0 0 0
1622073600 0 0 0 0
1621987200 0 0 0 0
1621900800 0 0 0 0
1621814400 0 0 0 0
1621728000 0 0 0 0
1621641600 0 0 0 0
1621555200 0 0 0 0
1621468800 0 0 0 0
1621382400 0 0 0 0
1621296000 0 0 0 0
1621209600 0 0 0 0
1621123200 0 0 0 0
1621036800 0 0 0 0
1620950400 0 0 0 0
1620864000 0 0 0 0
1620777600 0 0 0 0
1620691200 0 0 0 0
1620604800 0 0 0 0
1620518400 0 0 0 0
1620432000 0 0 0 0
1620345600 0 0 0 0
1620259200 0 0 0 0
1620172800 0 0 0 0
1620086400 0 0 0 0
1620000000 0 0 0 0
1619913600 0 0 0 0
1619827200 0 0 0 0
1619740800 0 0 0 0
1619654400 0 0 0 0
1619568000 0 0 0 0
1619481600 0 0 0 0
1619395200 0 0 0 0
1619308800 0 0 0 0
1619222400 0 0 0 0
1619136000 0 0 0 0
1619049600 0 0 0 0
1618963200 0 0 0 0
1618876800 0 0 0 0
1618790400 0 0 0 0
1618704000 0 0 0 0
1618617600 0 0 0 0
1618531200 0 0 0 0
1618444800 0 0 0 0
1618358400 0 0 0 0
1618272000 0 0 0 0
1618185600 0 0 0 0
1618099200 0 0 0 0
1618012800 0 0 0 0
1617926400 0 0 0 0
1617840000 0 0 0 0
1617753600 0 0 0 0
1617667200 0 0 0 0
1617580800 0 0 0 0
1617494400 0 0 0 0
1617408000 0 0 0 0
1617321600 0 0 0 0
1617235200 0 0 0 0
1617148800 0 0 0 0
1617062400 0 0 0 0
1616976000 0 0 0 0
1616889600 0 0 0 0
1616803200 0 0 0 0
1616716800 0 0 0 0
1616630400 0 0 0 0
1616544000 0 0 0 0
1616457600 0 0 0 0
1616371200 0 0 0 0
1616284800 0 0 0 0
1616198400 0 0 0 0
1616112000 0 0 0 0
1616025600 0 0 0 0
1615939200 0 0 0 0
1615852800 0 0 0 0
1615766400 0 0 0 0
1615680000 0 0 0 0
1615593600 0 0 0 0
1615507200 0 0 0 0
1615420800 0 0 0 0
1615334400 0 0 0 0
1615248000 0 0 0 0
1615161600 0 0 0 0
1615075200 0 0 0 0
1614988800 0 0 0 0
1614902400 0 0 0 0
1614816000 0 0 0 0
1614729600 0 0 0 0
1614643200 0 0 0 0
1614556800 0 0 0 0
1614470400 0 0 0 0
1614384000 0 0 0 0
1614297600 0 0 0 0
1614211200 0 0 0 0
1614124800 0 0 0 0
1614038400 0 0 0 0
1613952000 0 0 0 0
1613865600 0 0 0 0
1613779200 0 0 0 0
1613692800 0 0 0 0
1613606400 0 0 0 0
1613520000 0 0 0 0
1613433600 0 0 0 0
1613347200 0 0 0 0
1613260800 0 0 0 0
1613174400 0 0 0 0
1613088000 0 0 0 0
1613001600 0 0 0 0
1612915200 0 0 0 0
1612828800 0 0 0 0
1612742400 0 0 0 0
1612656000 0 0 0 0
1612569600 0 0 0 0
1612483200 0 0 0 0
1612396800 0 0 0 0
1612310400 0 0 0 0
1612224000 0 0 0 0
1612137600 0 0 0 0
1612051200 0 0 0 0
1611964800 0 0 0 0
1611878400 0 0 0 0
1611792000 0 0 0 0
1611705600 0 0 0 0
1611619200 0 0 0 0
1611532800 0 0 0 0
1611446400 0 0 0 0
1611360000 0 0 0 0
1611273600 0 0 0 0
1611187200 0 0 0 0
1611100800 0 0 0 0
1611014400 0 0 0 0
1610928000 0 0 0 0
1610841600 0 0 0 0
1610755200 0 0 0 0
1610668800 0 0 0 0
1610582400 0 0 0 0
1610496000 0 0 0 0
1610409600 0 0 0 0
1610323200 0 0 0 0
1610236800 0 0 0 0
1610150400 0 0 0 0
1610064000 0 0 0 0
1609977600 0 0 0 0
1609891200 0 0 0 0
1609804800 0 0 0 0
1609718400 0 0 0 0
1609632000 0 0 0 0
1609545600 0 0 0 0
1609459200 0 0 0 0
1609372800 0 0 0 0
1609286400 0 0 0 0
1609200000 0 0 0 0
1609113600 0 0 0 0
1609027200 0 0 0 0
1608940800 0 0 0 0
1608854400 0 0 0 0
1608768000 0 0 0 0
1608681600 0 0 0 0
1608595200 0 0 0 0
1608508800 0 0 0 0
1608422400 0 0 0 0
1608336000 0 0 0 0
1608249600 0 0 0 0
1608163200 0 0 0 0
1608076800 0 0 0 0
1607990400 0 0 0 0
1607904000 0 0 0 0
1607817600 0 0 0 0
1607731200 0 0 0 0
1607644800 0 0 0 0
1607558400 0 0 0 0
1607472000 0 0 0 0
1607385600 0 0 0 0
1607299200 0 0 0 0
1607212800 0 0 0 0
1607126400 0 0 0 0
1607040000 0 0 0 0
1606953600 0 0 0 0
1606867200 0 0 0 0
1606780800 0 0 0 0
1606694400 0 0 0 0
1606608000 0 0 0 0
1606521600 0 0 0 0
1606435200 0 0 0 0
1606348800 0 0 0 0
1606262400 0 0 0 0
1606176000 0 0 0 0
1606089600 0 0 0 0
1606003200 0 0 0 0
1605916800 0 0 0 0
1605830400 0 0 0 0
1605744000 0 0 0 0
1605657600 0 0 0 0
1605571200 0 0 0 0
1605484800 0 0 0 0
1605398400 0 0 0 0
1605312000 0 0 0 0
1605225600 0 0 0 0
1605139200 0 0 0 0
1605052800 0 0 0 0
1604966400 0 0 0 0
1604880000 0 0 0 0
1604793600 0 0 0 0
1604707200 0 0 0 0
1604620800 0 0 0 0
1604534400 0 0 0 0
1604448000 0 0 0 0
1604361600 0 0 0 0
1604275200 0 0 0 0
1604188800 0 0 0 0
1604102400 0 0 0 0
1604016000 0 0 0 0
1603929600 0 0 0 0
1603843200 0 0 0 0
1603756800 0 0 0 0
1603670400 0 0 0 0
1603584000 0 0 0 0
1603497600 0 0 0 0
1603411200 0 0 0 0
1603324800 0 0 0 0
1603238400 0 0 0 0
1603152000 0 0 0 0
1603065600 0 0 0 0
1602979200 0 0 0 0
1602892800 0 0 0 0
1602806400 0 0 0 0
1602720000 0 0 0 0
1602633600 0 0 0 0
1602547200 0 0 0 0
1602460800 0 0 0 0
1602374400 0 0 0 0
1602288000 0 0 0 0
1602201600 0 0 0 0
1602115200 0 0 0 0
1602028800 0 0 0 0
1601942400 0 0 0 0
1601856000 0 0 0 0
1601769600 0 0 0 0
1601683200 0 0 0 0
1601596800 0 0 0 0
1601510400 0 0 0 0
1601424000 0 0 0 0
1601337600 0 0 0 0
1601251200 0 0 0 0
1601164800 0 0 0 0
1601078400 0 0 0 0
1600992000 0 0 0 0
1600905600 0 0 0 0
1600819200 0 0 0 0
1600732800 0 0 0 0
1600646400 0 0 0 0
1600560000 0 0 0 0
1600473600 0 0 0 0
1600387200 0 0 0 0
1600300800 0 0 0 0
1600214400 0 0 0 0
1600128000 0 0 0 0
1600041600 0 0 0 0
1599955200 0 0 0 0
1599868800 0 0 0 0
1599782400 0 0 0 0
1599696000 0 0 0 0
1599609600 0 0 0 0
1599523200 0 0 0 0
1599436800 0 0 0 0
1599350400 0 0 0 0
1599264000 0 0 0 0
1599177600 0 0 0 0
1599091200 0 0 0 0
1599004800 0 0 0 0
1598918400 0 0 0 0
1598832000 0 0 0 0
1598745600 0 0 0 0
1598659200 0 0 0 0
1598572800 0 0 0 0
1598486400 0 0 0 0
1598400000 0 0 0 0
1598313600 0 0 0 0
1598227200 0 0 0 0
1598140800 0 0 0 0
1598054400 0 0 0 0
1597968000 0 0 0 0
1597881600 0 0 0 0
1597795200 0 0 0 0
1597708800 0 0 0 0
1597622400 0 0 0 0
1597536000 0 0 0 0
1597449600 0 0 0 0
1597363200 0 0 0 0
1597276800 0 0 0 0
1597190400 0 0 0 0
1597104000 0 0 0 0
1597017600 0 0 0 0
1596931200 0 0 0 0
1596844800 0 0 0 0
1596758400 0 0 0 0
1596672000 0 0 0 0
1596585600 0 0 0 0
1596499200 0 0 0 0
1596412800 0 0 0 0
1596326400 0 0 0 0
1596240000 0 0 0 0
1596153600 0 0 0 0
1596067200 0 0 0 0
1595980800 0 0 0 0
1595894400 0 0 0 0
1595808000 0 0 0 0
1595721600 0 0 0 0
1595635200 0 0 0 0
1595548800 0 0 0 0
1595462400 0 0 0 0
1595376000 0 0 0 0
1595289600 0 0 0 0
1595203200 0 0 0 0
1595116800 0 0 0 0
1595030400 0 0 0 0
1594944000 0 0 0 0
1594857600 0 0 0 0
1594771200 0 0 0 0
1594684800 0 0 0 0
1594598400 0 0 0 0
1594512000 0 0 0 0
1594425600 0 0 0 0
1594339200 0 0 0 0
1594252800 0 0 0 0
1594166400 0 0 0 0
1594080000 0 0 0 0
1593993600 0 0 0 0
1593907200 0 0 0 0
1593820800 0 0 0 0
1593734400 0 0 0 0
1593648000 0 0 0 0
1593561600 0 0 0 0
1593475200 0 0 0 0
1593388800 0 0 0 0
1593302400 0 0 0 0
1593216000 0 0 0 0
1593129600 0 0 0 0
1593043200 0 0 0 0
1592956800 0 0 0 0
1592870400 0 0 0 0
1592784000 0 0 0 0
1592697600 0 0 0 0
1592611200 0 0 0 0
1592524800 0 0 0 0
1592438400 0 0 0 0
1592352000 0 0 0 0
1592265600 0 0 0 0
1592179200 0 0 0 0
1592092800 0 0 0 0
1592006400 0 0 0 0
1591920000 0 0 0 0
1591833600 0 0 0 0
1591747200 0 0 0 0
1591660800 0 0 0 0
1591574400 0 0 0 0
1591488000 0 0 0 0
1591401600 0 0 0 0
1591315200 0 0 0 0
1591228800 0 0 0 0
1591142400 0 0 0 0
1591056000 0 0 0 0
1590969600 0 0 0 0
1590883200 0 0 0 0
1590796800 0 0 0 0
1590710400 0 0 0 0
1590624000 0 0 0 0
1590537600 0 0 0 0
1590451200 0 0 0 0
1590364800 0 0 0 0
1590278400 0 0 0 0
1590192000 0 0 0 0
1590105600 0 0 0 0
1590019200 0 0 0 0
1589932800 0 0 0 0
1589846400 0 0 0 0
1589760000 0 0 0 0
1589673600 0 0 0 0
1589587200 0 0 0 0
1589500800 0 0 0 0
1589414400 0 0 0 0
1589328000 0 0 0 0
1589241600 0 0 0 0
1589155200 0 0 0 0
1589068800 0 0 0 0
1588982400 0 0 0 0
