1657800906 6005504 4411781
1657800906 167 152 167 152
1657800643 88 93 88 93
1657800600 86 88 88 93
1657800300 72 36 93 48
1657800000 97 54 161 140
1657799700 151 131 161 140
1657799400 29 23 80 38
1657799100 75 35 80 38
1657798800 25 10 26 28
1657798500 32 32 74 59
1657798200 70 55 74 59
1657797900 23 9 24 14
1657797600 31 21 73 66
1657797300 76 62 91 66
1657797000 91 47 235 184
1657796700 206 161 235 184
1657796400 34 24 72 34
1657796100 71 35 72 51
1657795800 61 49 63 51
1657795500 28 15 41 34
1657795200 44 33 67 34
1657794900 61 29 67 32
1657794600 21 8 64 39
1657794300 61 39 64 43
1657794000 45 42 73 43
1657793700 73 39 82 40
1657793400 75 38 82 41
1657793100 36 40 71 41
1657792800 65 29 71 32
1657792500 27 14 66 51
1657792200 71 52 136 73
1657791900 123 66 136 73
1657791600 47 31 124 128
1657791300 121 124 124 128
1657791000 63 29 69 31
1657790700 38 25 40 31
1657790400 48 48 188 187
1657790100 186 183 188 187
1657789800 151 94 186 158
1657789500 185 157 186 158
1657789200 61 37 130 116
1657788900 136 122 219 207
1657788600 200 183 219 207
1657788300 88 45 94 45
1657788000 93 44 94 45
1657787700 23 17 47 41
1657787400 43 35 47 41
1657787100 32 16 83 60
1657786800 83 60 168 146
1657786500 166 144 168 146
1657786200 85 45 86 47
1657785900 81 36 84 38
1657785600 58 31 175 135
1657785300 171 129 175 135
1657785000 128 61 132 62
1657784700 75 48 88 49
1657784400 32 44 65 45
1657784100 83 62 194 185
1657783800 188 180 194 185
1657783500 113 118 114 119
1657783200 53 24 54 24
1657782900 45 25 50 32
1657782600 25 32 71 39
1657782300 101 72 358 352
1657782000 323 317 358 352
1657781700 37 29 116 71
1657781400 102 66 116 71
1657781100 54 49 80 50
1657780800 74 44 80 50
1657780500 48 22 64 40
1657780200 60 38 64 40
1657779900 36 32 203 205
1657779600 216 211 326 269
1657779300 286 235 326 269
1657779000 88 69 96 77
1657778700 47 33 167 150
1657778400 154 133 167 150
1657778100 81 37 82 38
1657777800 26 11 45 27
1657777500 56 35 124 88
1657777200 127 93 175 158
1657776900 158 142 175 158
1657776600 37 28 133 137
1657776300 122 124 133 137
1657776000 54 46 57 48
1657775700 23 29 25 30
1657775400 30 14 62 45
1657775100 74 55 228 178
1657774800 227 177 228 178
1657774500 67 30 72 33
1657774200 24 10 130 101
1657773900 127 98 130 101
1657773600 60 27 62 28
1657773300 27 22 94 57
1657773000 84 49 94 57
1657772700 47 20 49 21
1657772400 36 23 100 47
1657772100 112 59 259 204
1657771800 213 169 259 204
1657771500 48 44 80 46
1657771200 79 45 80 46
1657770900 48 20 98 45
1657770600 97 44 98 45
1657770300 48 20 49 21
1657770000 24 9 79 37
1657769700 82 38 107 50
1657769400 107 51 120 65
1657769100 121 68 194 179
1657768800 180 165 194 179
1657768500 20 10 22 32
1657768200 23 32 54 38
1657767900 50 34 54 38
1657767600 24 13 69 87
1657767300 67 81 69 87
1657767000 44 19 45 47
1657766700 45 51 117 103
1657766400 116 102 117 103
1657766100 29 25 92 71
1657765800 97 75 128 98
1657765500 130 101 161 146
1657765200 159 144 161 146
1657764900 34 19 197 176
1657764600 196 175 197 176
1657764300 154 135 156 137
1657764000 66 33 81 40
1657763700 98 55 191 140
1657763400 183 132 191 140
1657763100 84 40 89 42
1657762800 26 20 28 32
1657762500 23 31 27 32
1657762200 26 29 27 32
1657761900 23 31 37 32
1657761600 41 26 66 38
1657761300 63 38 66 45
1657761000 44 42 51 45
1657760700 54 37 128 148
1657760400 140 154 189 178
1657760100 190 178 226 186
1657759800 204 167 226 186
1657759500 37 19 84 40
1657759200 84 41 87 49
1657758900 83 45 87 49
1657758600 58 20 76 44
1657758300 68 42 76 44
1657758000 40 47 103 90
1657757700 100 86 103 90
1657757400 58 30 124 110
1657757100 110 97 124 110
1657756800 24 20 25 21
1657756500 31 27 222 176
1657756200 216 170 222 176
1657755900 73 33 78 36
1657755600 36 15 67 29
1657755300 67 29 106 89
1657755000 110 94 173 158
1657754700 162 147 173 158
1657754400 31 21 120 103
1657754100 116 99 120 103
1657753800 33 14 81 38
1657753500 74 35 81 38
1657753200 35 18 38 19
1657752900 23 18 36 19
1657752600 39 15 84 49
1657752300 85 47 92 49
1657752000 94 42 154 101
1657751700 155 104 172 143
1657751400 163 134 172 143
1657751100 49 29 52 30
1657750800 35 25 82 54
1657750500 91 63 205 185
1657750200 174 159 205 185
1657749900 26 36 27 37
1657749600 26 34 40 35
1657749300 37 32 40 33
1657749000 23 29 50 30
1657748700 50 22 54 28
1657748400 49 29 54 40
1657748100 28 41 92 54
1657747800 91 52 92 54
1657747500 81 42 86 44
1657747200 28 18 30 24
1657746900 22 25 28 39
1657746600 33 39 94 48
1657746300 117 77 256 257
1657746000 238 238 256 257
1657745700 21 7 22 8
1657745400 22 9 25 19
1657745100 33 25 143 103
1657744800 178 140 348 321
1657744500 299 272 348 321
1657744200 121 95 123 98
1657743900 111 71 213 189
1657743600 192 166 213 189
1657743300 68 32 74 33
1657743000 24 30 59 35
1657742700 58 33 59 35
1657742400 63 33 338 274
1657742100 302 245 338 274
1657741800 83 72 84 73
1657741500 29 12 82 39
1657741200 96 57 166 145
1657740900 153 133 166 145
1657740600 54 41 86 44
1657740300 74 39 86 44
1657740000 31 25 62 73
1657739700 55 62 62 73
1657739400 23 15 24 43
1657739100 42 52 119 88
1657738800 110 79 119 88
1657738500 47 21 50 22
1657738200 48 36 175 153
1657737900 165 141 175 153
1657737600 86 40 89 42
1657737300 21 14 22 16
1657737000 21 10 22 30
1657736700 21 28 21 30
1657736400 28 21 66 70
1657736100 64 67 66 70
1657735800 23 13 58 47
1657735500 62 46 90 47
1657735200 82 38 90 41
1657734900 67 45 218 215
1657734600 210 201 218 215
1657734300 130 82 144 89
1657734000 27 29 35 30
1657733700 38 28 69 31
1657733400 67 30 69 31
1657733100 42 20 61 48
1657732800 59 44 61 48
1657732500 48 21 57 26
1657732200 57 26 62 29
1657731900 63 30 73 46
1657731600 79 46 115 49
1657731300 111 48 115 49
1657731000 66 39 74 44
1657730700 31 17 82 38
1657730400 86 39 98 42
1657730100 87 37 98 42
1657729800 29 14 29 14
1657729500 29 14 29 14
1657729200 29 14 29 14
1657728900 37 17 86 39
1657728600 85 38 86 39
1657728300 56 24 57 25
1657728000 21 8 22 9
1657727700 21 7 25 9
1657727400 25 9 80 41
1657727100 77 40 80 41
1657726800 59 34 91 54
1657726500 82 48 91 54
1657726200 31 17 32 18
1657725900 30 14 86 39
1657725600 75 37 86 39
1657725300 21 28 25 30
1657725000 25 9 50 23
1657724700 51 23 57 26
1657724400 51 23 57 26
1657724100 20 7 21 11
1657723800 21 11 45 28
1657723500 43 26 45 28
1657723200 46 28 197 165
1657722900 172 145 197 165
1657722600 23 29 24 41
1657722300 22 35 25 41
1657722000 24 12 25 25
1657721700 21 21 22 25
1657721400 28 15 76 67
1657721100 75 66 76 67
1657720800 33 25 106 118
1657720500 103 106 106 118
1657720200 117 80 230 232
1657719900 222 223 230 232
1657719600 47 25 89 56
1657719300 74 49 89 56
1657719000 20 26 22 27
1657718700 30 25 83 83
1657718400 83 77 89 83
1657718100 102 59 155 125
1657717800 141 116 155 125
1657717500 58 60 60 63
1657717200 38 25 97 52
1657716900 96 52 97 57
1657716600 75 60 76 79
1657716300 66 70 73 79
1657716000 28 21 29 22
1657715700 31 17 79 54
1657715400 80 54 94 62
1657715100 91 59 94 62
1657714800 22 8 23 9
1657714500 23 9 28 11
1657714200 36 18 257 227
1657713900 239 211 257 227
1657713600 21 9 27 17
1657713300 27 17 27 17
1657713000 27 17 27 17
1657712700 27 20 32 41
1657712400 31 39 32 41
1657712100 23 19 25 25
1657711800 29 25 85 38
1657711500 84 37 85 38
1657711200 37 17 38 21
1657710900 32 20 33 21
1657710600 42 26 155 128
1657710300 154 129 155 144
1657710000 126 118 151 144
1657709700 32 19 35 21
1657709400 25 9 93 39
1657709100 93 39 96 44
1657708800 93 43 96 44
1657708500 43 21 44 32
1657708200 23 29 24 32
1657707900 32 22 75 56
1657707600 81 58 121 76
1657707300 107 69 121 76
1657707000 36 33 75 34
1657706700 73 32 75 33
1657706400 55 24 95 41
1657706100 94 41 95 44
1657705800 90 42 94 44
1657705500 42 22 44 23
1657705200 26 22 88 43
1657704900 103 58 293 244
1657704600 255 211 293 244
1657704300 39 19 111 65
1657704000 124 83 188 172
1657703700 183 166 188 172
1657703400 145 127 153 135
1657703100 52 25 55 26
1657702800 83 70 275 234
1657702500 273 232 275 234
1657702200 40 30 80 40
1657701900 77 40 80 46
1657701600 46 44 50 46
1657701300 37 35 94 42
1657701000 90 41 94 42
1657700700 66 37 70 40
1657700400 33 17 151 124
1657700100 141 116 151 124
1657699800 25 18 72 53
1657699500 75 56 123 101
1657699200 109 88 123 101
1657698900 27 13 29 13
1657698600 41 19 102 49
1657698300 94 46 102 49
1657698000 71 41 134 104
1657697700 131 99 134 104
1657697400 103 56 112 96
1657697100 116 99 179 138
1657696800 172 130 179 138
1657696500 100 50 178 157
1657696200 179 157 201 158
1657695900 187 148 201 158
1657695600 31 34 79 37
1657695300 73 40 79 58
1657695000 61 71 194 179
1657694700 187 174 194 179
1657694400 103 110 107 117
1657694100 60 25 62 27
1657693800 54 22 70 31
1657693500 67 30 70 31
1657693200 43 26 99 63
1657692900 97 59 99 63
1657692600 77 36 86 39
1657692300 27 25 43 51
1657692000 44 50 63 51
1657691700 63 42 75 66
1657691400 77 62 96 66
1657691100 113 63 181 139
1657690800 163 128 181 139
1657690500 67 65 86 70
1657690200 83 39 86 49
1657689900 65 57 146 121
1657689600 144 119 146 121
1657689300 119 83 152 132
1657689000 150 128 152 132
1657688700 130 93 143 126
1657688400 134 115 143 126
1657688100 67 29 94 43
1657687800 86 39 94 43
1657687500 41 17 93 49
1657687200 94 50 283 298
1657686900 264 276 283 298
1657686600 34 15 108 66
1657686300 112 72 163 149
1657686000 158 146 163 149
1657685700 107 115 108 116
1657685400 65 29 105 48
1657685100 99 45 105 48
1657684800 47 25 53 26
1657684500 21 24 22 25
1657684200 27 21 98 60
1657683900 97 59 98 60
1657683600 30 16 46 37
1657683300 44 38 46 50
1657683000 40 48 67 50
1657682700 66 30 67 37
1657682400 24 36 42 37
1657682100 39 25 42 29
1657681800 26 11 27 11
1657681500 26 14 74 60
1657681200 70 57 74 60
1657680900 40 33 172 172
1657680600 147 141 172 172
1657680300 54 26 88 41
1657680000 83 38 88 41
1657679700 60 28 67 31
1657679400 25 11 26 12
1657679100 21 8 21 8
1657678800 21 8 21 9
1657678500 35 20 123 92
1657678200 116 87 123 92
1657677900 42 29 76 54
1657677600 69 48 76 54
1657677300 56 36 201 150
1657677000 192 142 201 150
1657676700 75 39 76 40
1657676400 23 16 50 24
1657676100 55 26 85 39
1657675800 85 39 87 40
1657675500 88 40 103 47
1657675200 100 45 103 47
1657674900 88 39 91 42
1657674600 90 41 91 42
1657674300 75 35 83 39
1657674000 29 14 54 33
1657673700 61 39 111 79
1657673400 110 78 111 79
1657673100 53 23 94 41
1657672800 92 40 94 41
1657672500 66 41 105 108
1657672200 106 107 123 108
1657671900 110 88 123 100
1657671600 43 21 121 103
1657671300 108 90 121 103
1657671000 32 15 101 48
1657670700 86 41 101 48
1657670400 32 18 55 38
1657670100 54 39 55 51
1657669800 49 51 49 51
1657669500 49 51 49 51
1657669200 49 51 49 51
1657668900 49 50 50 51
1657668600 50 22 56 26
1657668300 54 25 56 26
1657668000 43 25 44 26
1657667700 23 27 192 183
1657667400 184 173 192 183
1657667100 78 52 87 58
1657666800 38 25 127 72
1657666500 128 75 156 149
1657666200 128 119 156 149
1657665900 21 7 22 42
1657665600 22 42 22 42
1657665300 22 42 22 42
1657665000 22 42 22 42
1657664700 22 39 24 42
1657664400 24 11 36 38
1657664100 42 41 122 86
1657663800 121 85 122 86
1657663500 58 46 174 155
1657663200 167 145 174 155
1657662900 84 29 89 30
1657662600 96 38 232 76
1657662300 207 67 232 76
1657662000 26 9 26 9
1657661700 26 9 26 9
1657661400 26 9 26 9
1657661100 33 13 82 39
1657660800 77 36 82 39
1657660500 21 7 21 16
1657660200 21 17 22 31
1657659900 21 31 22 41
1657659600 21 36 22 41
1657659300 21 7 22 8
1657659000 20 7 21 9
1657658700 28 16 67 51
1657658400 63 47 67 51
1657658100 44 30 79 54
1657657800 72 48 79 54
1657657500 33 15 34 16
1657657200 23 14 71 77
1657656900 70 76 71 77
1657656600 63 33 149 101
1657656300 138 92 149 101
1657656000 73 45 135 159
1657655700 121 140 135 159
1657655400 52 40 206 163
1657655100 187 143 206 163
1657654800 110 67 118 71
1657654500 21 22 22 25
1657654200 23 15 51 24
1657653900 51 24 63 30
1657653600 63 30 64 53
1657653300 66 52 93 53
1657653000 108 59 193 144
1657652700 182 135 193 144
1657652400 52 35 59 36
1657652100 21 32 24 41
1657651800 25 41 54 43
1657651500 58 43 92 47
1657651200 88 46 92 47
1657650900 49 42 56 44
1657650600 55 24 56 25
1657650300 22 8 61 34
1657650000 74 49 157 147
1657649700 147 137 157 147
1657649400 42 27 169 160
1657649100 151 141 169 160
1657648800 41 27 42 28
1657648500 39 27 86 41
1657648200 83 39 86 41
1657647900 67 32 71 32
1657647600 22 28 22 32
1657647300 43 28 146 130
1657647000 141 123 146 130
1657646700 96 51 97 53
1657646400 76 52 78 53
1657646100 65 57 181 182
1657645800 170 166 181 182
1657645500 91 52 113 69
1657645200 112 68 113 69
1657644900 76 34 86 39
1657644600 43 19 64 31
1657644300 63 32 64 45
1657644000 66 52 144 113
1657643700 133 102 144 113
1657643400 92 62 234 190
1657643100 224 179 234 190
1657642800 93 47 99 50
1657642500 27 16 33 42
1657642200 35 40 56 42
1657641900 56 33 60 50
1657641600 71 55 141 86
1657641300 157 105 350 330
1657641000 343 323 350 330
1657640700 255 241 261 247
1657640400 44 36 139 142
1657640100 125 126 139 142
1657639800 46 31 99 65
1657639500 97 63 99 65
1657639200 71 41 75 42
1657638900 22 29 46 30
1657638600 52 25 136 95
1657638300 121 86 136 95
1657638000 42 39 44 41
1657637700 28 16 29 17
1657637400 21 7 22 15
1657637100 22 15 23 32
1657636800 25 34 46 51
1657636500 43 45 46 51
1657636200 28 13 29 15
1657635900 24 9 48 42
1657635600 50 45 80 92
1657635300 74 82 80 92
1657635000 56 39 187 152
1657634700 190 152 209 157
1657634400 193 144 209 157
1657634100 67 41 84 42
1657633800 84 38 99 45
1657633500 92 44 99 45
1657633200 65 55 108 121
1657632900 107 120 108 121
1657632600 73 54 133 128
1657632300 125 119 133 128
1657632000 39 23 156 120
1657631700 142 109 156 120
1657631400 83 63 204 180
1657631100 190 167 204 180
1657630800 43 26 44 33
1657630500 22 30 30 33
1657630200 31 16 40 35
1657629900 40 33 48 35
1657629600 53 25 72 36
1657629300 70 37 72 48
1657629000 57 43 60 48
1657628700 44 19 75 35
1657628400 83 42 179 129
1657628100 180 132 189 152
1657627800 188 150 189 152
1657627500 125 59 133 63
1657627200 46 24 99 66
1657626900 95 61 99 66
1657626600 62 30 63 45
1657626300 108 87 206 174
1657626000 199 167 206 174
1657625700 30 18 33 28
1657625400 24 29 191 198
1657625100 169 175 191 198
1657624800 43 37 88 43
1657624500 82 41 88 43
1657624200 32 27 33 28
1657623900 33 16 157 115
1657623600 155 113 157 115
1657623300 146 105 174 159
1657623000 163 149 174 159
1657622700 133 123 240 236
1657622400 238 234 240 236
1657622100 30 24 85 58
1657621800 85 56 91 58
1657621500 90 42 91 43
1657621200 76 35 83 39
1657620900 42 26 55 51
1657620000 36 29 199 185
1657618200 100 79 199 185
1657616400 70 60 188 171
1657614600 58 33 97 65
1657612800 75 43 151 104
1657611000 112 95 315 293
1657609200 90 52 196 145
1657607400 91 59 196 145
1657605600 83 45 112 66
1657603800 51 36 112 85
1657602000 49 46 147 169
1657600200 141 127 286 237
1657598400 59 50 192 179
1657596600 59 32 87 56
1657594800 57 32 90 46
1657593000 81 49 172 136
1657591200 73 50 156 134
1657589400 87 46 127 107
1657587600 99 51 180 80
1657585800 63 46 147 128
1657584000 67 27 125 51
1657582200 77 33 100 55
1657580400 98 53 244 161
1657578600 90 47 181 127
1657576800 73 42 138 76
1657575000 39 26 78 59
1657573200 60 54 141 132
1657571400 68 47 191 158
1657569600 67 46 173 154
1657567800 50 30 128 111
1657566000 69 57 143 124
1657564200 98 69 206 192
1657562400 86 75 179 180
1657560600 91 71 219 213
1657558800 64 48 189 148
1657557000 79 48 186 136
1657555200 85 62 149 131
1657553400 45 28 79 39
1657551600 51 34 105 46
1657549800 41 32 87 47
1657548000 63 46 167 145
1657546200 97 73 215 199
1657544400 107 76 203 180
1657542600 33 26 80 44
1657540800 78 57 137 129
1657539000 46 32 123 115
1657537200 135 93 360 325
1657535400 48 30 92 44
1657533600 60 37 155 124
1657531800 146 123 358 332
1657530000 73 37 92 49
1657528200 75 50 107 88
1657526400 107 88 107 88
1657524600 107 88 107 88
1657522800 104 81 166 125
1657521000 107 92 252 247
1657519200 67 43 170 146
1657517400 30 13 57 28
1657515600 71 47 200 159
1657513800 131 84 168 150
1657512000 57 48 168 150
1657510200 40 30 83 53
1657508400 76 53 180 140
1657506600 84 60 194 170
1657504800 96 60 132 121
1657503000 48 36 107 45
1657501200 26 34 84 42
1657499400 70 64 185 194
1657497600 53 27 88 42
1657495800 73 52 143 132
1657494000 69 60 172 164
1657492200 65 36 106 60
1657490400 75 50 106 70
1657488600 60 40 97 67
1657486800 56 27 94 44
1657485000 86 59 156 164
1657483200 95 80 263 248
1657481400 140 109 266 206
1657479600 39 26 69 46
1657477800 82 59 191 173
1657476000 113 83 258 206
1657474200 59 41 110 88
1657472400 51 27 100 59
1657470600 39 22 58 47
1657468800 38 23 85 49
1657467000 50 41 131 94
1657465200 47 32 131 94
1657463400 62 45 129 96
1657461600 86 73 140 129
1657459800 35 26 124 107
1657458000 74 53 127 107
1657456200 118 84 269 223
1657454400 100 78 162 166
1657452600 81 53 116 85
1657450800 51 45 148 127
1657449000 68 41 99 69
1657447200 48 38 130 118
1657445400 99 91 303 306
1657443600 87 66 175 127
1657441800 84 56 148 108
1657440000 57 38 89 54
1657438200 64 33 104 90
1657436400 85 75 179 185
1657434600 79 59 179 185
1657432800 63 30 93 45
1657431000 92 61 177 139
1657429200 77 42 145 93
1657427400 32 24 102 61
1657425600 92 77 189 181
1657423800 61 45 101 77
1657422000 54 25 99 46
1657420200 84 65 162 151
1657418400 112 79 276 229
1657416600 85 61 276 229
1657414800 39 36 109 101
1657413000 40 34 109 101
1657411200 65 43 106 62
1657409400 53 33 93 78
1657407600 67 35 104 88
1657405800 95 77 198 208
1657404000 100 74 198 208
1657402200 74 41 171 113
1657400400 60 42 171 113
1657398600 70 45 119 95
1657396800 87 65 184 152
1657395000 57 40 88 64
1657393200 56 30 90 42
1657391400 55 41 150 107
1657389600 50 30 78 64
1657387800 68 61 111 104
1657386000 72 40 147 95
1657384200 67 38 121 65
1657382400 78 53 138 104
1657380600 69 42 120 79
1657378800 67 48 88 79
1657377000 64 61 204 211
1657375200 68 40 123 91
1657373400 43 27 85 72
1657371600 49 37 138 97
1657369800 99 78 174 178
1657368000 90 77 193 174
1657366200 44 25 195 148
1657364400 87 47 195 148
1657362600 65 45 87 65
1657360800 81 53 139 128
1657359000 77 58 139 128
1657357200 79 56 189 173
1657355400 84 60 189 173
1657353600 69 49 150 104
1657351800 102 69 182 127
1657350000 49 32 79 55
1657348200 46 27 85 39
1657346400 65 46 131 130
1657344600 45 31 117 90
1657342800 71 52 129 111
1657341000 41 28 86 42
1657339200 38 24 84 39
1657337400 30 22 59 37
1657335600 82 71 191 197
1657333800 93 63 173 176
1657332000 56 41 95 66
1657330200 58 40 114 75
1657328400 45 27 68 41
1657326600 68 57 186 170
1657324800 56 35 103 77
1657323000 69 43 150 112
1657321200 62 42 116 99
1657319400 72 53 141 132
1657317600 91 62 196 158
1657315800 172 142 228 193
1657314000 82 51 275 290
1657312200 129 109 275 290
1657310400 53 29 90 47
1657308600 99 73 175 152
1657306800 96 75 274 287
1657305000 89 79 274 287
1657303200 73 51 170 122
1657301400 121 99 206 190
1657299600 71 50 95 93
1657297800 50 28 80 52
1657296000 62 36 112 72
1657294200 45 42 102 87
1657292400 51 33 118 79
1657290600 64 32 118 79
1657288800 83 67 316 283
1657287000 47 32 96 46
1657285200 49 29 93 60
1657283400 104 74 228 186
1657281600 114 86 281 232
1657279800 80 54 123 104
1657278000 94 69 123 104
1657276200 59 41 122 82
1657274400 46 31 106 84
1657272600 44 32 92 55
1657270800 77 65 121 133
1657269000 86 53 157 108
1657267200 56 39 93 79
1657265400 77 50 147 129
1657263600 98 65 202 136
1657261800 95 80 175 196
1657260000 43 34 86 71
1657258200 89 63 167 126
1657256400 77 39 153 104
1657254600 54 34 83 59
1657252800 87 50 182 100
1657251000 114 66 249 238
1657249200 90 64 249 238
1657247400 73 40 110 62
1657245600 88 41 139 77
1657243800 49 21 73 44
1657242000 60 29 96 71
1657240200 70 39 92 68
1657238400 43 40 144 151
1657236600 44 24 94 49
1657234800 68 45 140 106
1657233000 54 29 104 47
1657231200 78 59 169 152
1657229400 74 48 135 131
1657227600 57 43 135 131
1657225800 68 50 137 88
1657224000 58 31 94 48
1657222200 49 33 124 116
1657220400 79 55 144 116
1657218600 55 35 155 108
1657216800 36 27 96 52
1657215000 65 34 114 63
1657213200 74 53 109 98
1657211400 52 34 111 67
1657209600 52 34 89 49
1657207800 63 54 182 188
1657206000 85 68 150 107
1657204200 65 47 126 107
1657202400 62 35 108 71
1657200600 64 48 111 77
1657198800 55 40 120 105
1657197000 89 64 128 105
1657195200 110 89 259 237
1657193400 82 41 122 83
1657191600 72 48 129 96
1657189800 96 73 168 168
1657188000 70 55 133 99
1657186200 76 62 206 211
1657184400 57 49 119 110
1657182600 41 24 68 39
1657180800 69 42 87 63
1657179000 99 70 196 154
1657177200 69 58 162 121
1657175400 61 42 139 87
1657173600 101 79 244 189
1657171800 40 32 118 89
1657170000 59 46 118 89
1657168200 43 21 79 33
1657166400 52 27 93 45
1657164600 60 28 83 46
1657162800 51 36 91 60
1657161000 46 25 91 42
1657159200 67 49 143 104
1657157400 36 28 57 51
1657155600 62 33 97 57
1657153800 75 51 256 210
1657152000 115 90 256 210
1657150200 76 41 148 96
1657148400 62 38 94 60
1657146600 83 63 139 93
1657144800 121 99 190 177
1657143000 36 28 70 55
1657141200 55 27 86 47
1657139400 56 33 76 60
1657137600 76 44 173 107
1657135800 85 64 212 168
1657134000 111 92 230 197
1657132200 56 32 98 78
1657130400 26 24 75 36
1657128600 49 33 109 50
1657126800 35 20 85 51
1657125000 108 87 224 177
1657123200 63 39 140 97
1657121400 49 36 89 75
1657119600 76 47 137 94
1657117800 67 38 137 94
1657116000 53 33 94 69
1657114200 59 49 85 75
1657112400 89 73 171 188
1657110600 33 27 66 51
1657108800 66 42 230 233
1657107000 85 61 230 233
1657105200 75 74 174 186
1657103400 54 31 136 91
1657101600 79 58 162 124
1657099800 42 36 89 53
1657098000 72 53 171 126
1657096200 96 83 292 306
1657094400 59 50 120 93
1657092600 130 96 201 180
1657090800 96 64 181 151
1657089000 54 27 134 55
1657087200 139 112 286 290
1657085400 61 49 161 134
1657083600 74 45 147 95
1657081800 55 37 279 256
1657080000 205 180 343 324
1657078200 113 80 210 191
1657076400 58 34 94 49
1657074600 89 82 266 287
1657072800 52 32 92 60
1657071000 41 35 107 102
1657069200 65 57 215 194
1657067400 70 41 103 78
1657065600 73 53 207 217
1657063800 68 52 131 115
1657062000 78 60 151 105
1657060200 57 36 107 69
1657058400 105 84 226 196
1657056600 92 74 255 221
1657054800 70 46 150 116
1657053000 60 42 93 72
1657051200 37 28 165 169
1657049400 73 61 165 169
1657047600 92 66 305 270
1657045800 148 131 421 388
1657044000 104 75 203 172
1657042200 91 71 236 217
1657040400 66 52 157 133
1657038600 129 94 260 228
1657036800 56 38 84 50
1657035000 88 61 123 110
1657033200 59 50 99 79
1657031400 60 31 99 65
1657029600 69 55 137 108
1657027800 72 36 135 64
1657026000 90 65 194 174
1657024200 67 35 91 54
1657022400 62 40 88 66
1657020600 145 103 323 253
1657018800 44 33 89 49
1657017000 31 28 64 46
1657015200 52 32 88 75
1657013400 82 60 153 139
1657011600 105 81 219 217
1657009800 67 53 132 118
1657008000 70 41 87 63
1657006200 89 79 168 173
1657004400 61 57 175 187
1657002600 86 75 185 195
1657000800 99 78 247 209
1656999000 81 61 157 115
1656997200 65 47 136 118
1656995400 58 34 315 263
1656993600 105 76 315 263
1656991800 54 30 180 106
1656990000 116 84 265 222
1656988200 74 45 147 98
1656986400 83 51 196 172
1656984600 88 51 171 124
1656982800 65 37 189 173
1656981000 97 89 209 190
1656979200 90 64 200 191
1656977400 78 57 192 160
1656975600 48 26 142 117
1656973800 53 44 142 117
1656972000 95 69 213 184
1656970200 43 23 90 42
1656968400 86 59 150 149
1656966600 58 36 110 69
1656964800 59 46 88 58
1656963000 37 28 89 47
1656961200 78 54 172 175
1656959400 95 82 205 187
1656957600 74 48 107 67
1656955800 15 9 56 32
1656954000 0 0 0 0
1656952200 0 0 0 0
1656950400 0 0 0 0
1656948600 0 0 0 0
1656946800 0 0 0 0
1656945000 0 0 0 0
1656943200 0 0 0 0
1656941400 0 0 0 0
1656939600 0 0 0 0
1656937800 0 0 0 0
1656936000 0 0 0 0
1656934200 0 0 0 0
1656932400 0 0 0 0
1656930600 0 0 0 0
1656928800 0 0 0 0
1656927000 0 0 0 0
1656925200 0 0 0 0
1656923400 0 0 0 0
1656921600 0 0 0 0
1656919800 0 0 0 0
1656918000 0 0 0 0
1656916200 0 0 0 0
1656914400 0 0 0 0
1656912600 0 0 0 0
1656910800 0 0 0 0
1656909000 0 0 0 0
1656907200 0 0 0 0
1656905400 0 0 0 0
1656903600 0 0 0 0
1656901800 0 0 0 0
1656900000 0 0 0 0
1656898200 0 0 0 0
1656896400 0 0 0 0
1656894600 0 0 0 0
1656892800 0 0 0 0
1656891000 0 0 0 0
1656889200 0 0 0 0
1656887400 0 0 0 0
1656885600 0 0 0 0
1656883800 0 0 0 0
1656882000 0 0 0 0
1656880200 0 0 0 0
1656878400 0 0 0 0
1656876600 0 0 0 0
1656874800 0 0 0 0
1656873000 0 0 0 0
1656871200 0 0 0 0
1656869400 0 0 0 0
1656867600 0 0 0 0
1656865800 0 0 0 0
1656864000 0 0 0 0
1656862200 0 0 0 0
1656860400 0 0 0 0
1656858600 0 0 0 0
1656856800 0 0 0 0
1656855000 0 0 0 0
1656853200 0 0 0 0
1656851400 0 0 0 0
1656849600 0 0 0 0
1656847800 0 0 0 0
1656846000 0 0 0 0
1656844200 0 0 0 0
1656842400 0 0 0 0
1656840600 0 0 0 0
1656838800 0 0 0 0
1656837000 0 0 0 0
1656835200 0 0 0 0
1656833400 0 0 0 0
1656831600 0 0 0 0
1656829800 0 0 0 0
1656828000 0 0 0 0
1656826200 0 0 0 0
1656824400 0 0 0 0
1656822600 0 0 0 0
1656820800 0 0 0 0
1656819000 0 0 0 0
1656817200 0 0 0 0
1656815400 0 0 0 0
1656813600 0 0 0 0
1656811800 0 0 0 0
1656810000 0 0 0 0
1656808200 0 0 0 0
1656806400 0 0 0 0
1656804600 0 0 0 0
1656802800 0 0 0 0
1656801000 0 0 0 0
1656799200 0 0 0 0
1656797400 0 0 0 0
1656795600 0 0 0 0
1656793800 0 0 0 0
1656792000 0 0 0 0
1656790200 0 0 0 0
1656788400 0 0 0 0
1656786600 0 0 0 0
1656784800 0 0 0 0
1656783000 0 0 0 0
1656781200 0 0 0 0
1656779400 0 0 0 0
1656777600 0 0 0 0
1656775800 0 0 0 0
1656774000 0 0 0 0
1656772200 0 0 0 0
1656770400 0 0 0 0
1656768600 0 0 0 0
1656766800 0 0 0 0
1656765000 0 0 0 0
1656763200 0 0 0 0
1656761400 0 0 0 0
1656759600 0 0 0 0
1656757800 0 0 0 0
1656756000 0 0 0 0
1656754200 0 0 0 0
1656752400 0 0 0 0
1656750600 0 0 0 0
1656748800 0 0 0 0
1656747000 0 0 0 0
1656745200 0 0 0 0
1656743400 0 0 0 0
1656741600 0 0 0 0
1656739800 0 0 0 0
1656738000 0 0 0 0
1656736200 0 0 0 0
1656734400 0 0 0 0
1656732600 0 0 0 0
1656730800 0 0 0 0
1656729000 0 0 0 0
1656727200 0 0 0 0
1656725400 0 0 0 0
1656723600 0 0 0 0
1656721800 0 0 0 0
1656720000 0 0 0 0
1656718200 0 0 0 0
1656716400 0 0 0 0
1656714600 0 0 0 0
1656712800 0 0 0 0
1656711000 0 0 0 0
1656709200 0 0 0 0
1656707400 0 0 0 0
1656705600 0 0 0 0
1656703800 0 0 0 0
1656702000 0 0 0 0
1656700200 0 0 0 0
1656698400 0 0 0 0
1656696600 0 0 0 0
1656694800 0 0 0 0
1656693000 0 0 0 0
1656691200 0 0 0 0
1656689400 0 0 0 0
1656687600 0 0 0 0
1656685800 0 0 0 0
1656684000 0 0 0 0
1656682200 0 0 0 0
1656680400 0 0 0 0
1656678600 0 0 0 0
1656676800 0 0 0 0
1656675000 0 0 0 0
1656673200 0 0 0 0
1656671400 0 0 0 0
1656669600 0 0 0 0
1656667800 0 0 0 0
1656666000 0 0 0 0
1656664200 0 0 0 0
1656662400 0 0 0 0
1656660600 0 0 0 0
1656658800 0 0 0 0
1656657000 0 0 0 0
1656655200 0 0 0 0
1656653400 0 0 0 0
1656651600 0 0 0 0
1656649800 0 0 0 0
1656648000 0 0 0 0
1656646200 0 0 0 0
1656644400 0 0 0 0
1656642600 0 0 0 0
1656640800 0 0 0 0
1656639000 0 0 0 0
1656637200 0 0 0 0
1656635400 0 0 0 0
1656633600 0 0 0 0
1656631800 0 0 0 0
1656630000 0 0 0 0
1656628200 0 0 0 0
1656626400 0 0 0 0
1656624600 0 0 0 0
1656622800 0 0 0 0
1656621000 0 0 0 0
1656619200 0 0 0 0
1656617400 0 0 0 0
1656615600 0 0 0 0
1656613800 0 0 0 0
1656612000 0 0 0 0
1656610200 0 0 0 0
1656608400 0 0 0 0
1656606600 0 0 0 0
1656604800 0 0 0 0
1656603000 0 0 0 0
1656601200 0 0 0 0
1656599400 0 0 0 0
1656597600 0 0 0 0
1656595800 0 0 0 0
1656594000 0 0 0 0
1656592200 0 0 0 0
1656590400 0 0 0 0
1656588600 0 0 0 0
1656586800 0 0 0 0
1656585000 0 0 0 0
1656583200 0 0 0 0
1656581400 0 0 0 0
1656579600 0 0 0 0
1656577800 0 0 0 0
1656576000 0 0 0 0
1656574200 0 0 0 0
1656572400 0 0 0 0
1656570600 0 0 0 0
1656568800 0 0 0 0
1656567000 0 0 0 0
1656565200 0 0 0 0
1656563400 0 0 0 0
1656561600 0 0 0 0
1656559800 0 0 0 0
1656558000 0 0 0 0
1656556200 0 0 0 0
1656554400 0 0 0 0
1656552600 0 0 0 0
1656550800 0 0 0 0
1656549000 0 0 0 0
1656547200 0 0 0 0
1656545400 0 0 0 0
1656543600 0 0 0 0
1656541800 0 0 0 0
1656540000 0 0 0 0
1656532800 0 0 0 0
1656525600 0 0 0 0
1656518400 0 0 0 0
1656511200 0 0 0 0
1656504000 0 0 0 0
1656496800 0 0 0 0
1656489600 0 0 0 0
1656482400 0 0 0 0
1656475200 0 0 0 0
1656468000 0 0 0 0
1656460800 0 0 0 0
1656453600 0 0 0 0
1656446400 0 0 0 0
1656439200 0 0 0 0
1656432000 0 0 0 0
1656424800 0 0 0 0
1656417600 0 0 0 0
1656410400 0 0 0 0
1656403200 0 0 0 0
1656396000 0 0 0 0
1656388800 0 0 0 0
1656381600 0 0 0 0
1656374400 0 0 0 0
1656367200 0 0 0 0
1656360000 0 0 0 0
1656352800 0 0 0 0
1656345600 0 0 0 0
1656338400 0 0 0 0
1656331200 0 0 0 0
1656324000 0 0 0 0
1656316800 0 0 0 0
1656309600 0 0 0 0
1656302400 0 0 0 0
1656295200 0 0 0 0
1656288000 0 0 0 0
1656280800 0 0 0 0
1656273600 0 0 0 0
1656266400 0 0 0 0
1656259200 0 0 0 0
1656252000 0 0 0 0
1656244800 0 0 0 0
1656237600 0 0 0 0
1656230400 0 0 0 0
1656223200 0 0 0 0
1656216000 0 0 0 0
1656208800 0 0 0 0
1656201600 0 0 0 0
1656194400 0 0 0 0
1656187200 0 0 0 0
1656180000 0 0 0 0
1656172800 0 0 0 0
1656165600 0 0 0 0
1656158400 0 0 0 0
1656151200 0 0 0 0
1656144000 0 0 0 0
1656136800 0 0 0 0
1656129600 0 0 0 0
1656122400 0 0 0 0
1656115200 0 0 0 0
1656108000 0 0 0 0
1656100800 0 0 0 0
1656093600 0 0 0 0
1656086400 0 0 0 0
1656079200 0 0 0 0
1656072000 0 0 0 0
1656064800 0 0 0 0
1656057600 0 0 0 0
1656050400 0 0 0 0
1656043200 0 0 0 0
1656036000 0 0 0 0
1656028800 0 0 0 0
1656021600 0 0 0 0
1656014400 0 0 0 0
1656007200 0 0 0 0
1656000000 0 0 0 0
1655992800 0 0 0 0
1655985600 0 0 0 0
1655978400 0 0 0 0
1655971200 0 0 0 0
1655964000 0 0 0 0
1655956800 0 0 0 0
1655949600 0 0 0 0
1655942400 0 0 0 0
1655935200 0 0 0 0
1655928000 0 0 0 0
1655920800 0 0 0 0
1655913600 0 0 0 0
1655906400 0 0 0 0
1655899200 0 0 0 0
1655892000 0 0 0 0
1655884800 0 0 0 0
1655877600 0 0 0 0
1655870400 0 0 0 0
1655863200 0 0 0 0
1655856000 0 0 0 0
1655848800 0 0 0 0
1655841600 0 0 0 0
1655834400 0 0 0 0
1655827200 0 0 0 0
1655820000 0 0 0 0
1655812800 0 0 0 0
1655805600 0 0 0 0
1655798400 0 0 0 0
1655791200 0 0 0 0
1655784000 0 0 0 0
1655776800 0 0 0 0
1655769600 0 0 0 0
1655762400 0 0 0 0
1655755200 0 0 0 0
1655748000 0 0 0 0
1655740800 0 0 0 0
1655733600 0 0 0 0
1655726400 0 0 0 0
1655719200 0 0 0 0
1655712000 0 0 0 0
1655704800 0 0 0 0
1655697600 0 0 0 0
1655690400 0 0 0 0
1655683200 0 0 0 0
1655676000 0 0 0 0
1655668800 0 0 0 0
1655661600 0 0 0 0
1655654400 0 0 0 0
1655647200 0 0 0 0
1655640000 0 0 0 0
1655632800 0 0 0 0
1655625600 0 0 0 0
1655618400 0 0 0 0
1655611200 0 0 0 0
1655604000 0 0 0 0
1655596800 0 0 0 0
1655589600 0 0 0 0
1655582400 0 0 0 0
1655575200 0 0 0 0
1655568000 0 0 0 0
1655560800 0 0 0 0
1655553600 0 0 0 0
1655546400 0 0 0 0
1655539200 0 0 0 0
1655532000 0 0 0 0
1655524800 0 0 0 0
1655517600 0 0 0 0
1655510400 0 0 0 0
1655503200 0 0 0 0
1655496000 0 0 0 0
1655488800 0 0 0 0
1655481600 0 0 0 0
1655474400 0 0 0 0
1655467200 0 0 0 0
1655460000 0 0 0 0
1655452800 0 0 0 0
1655445600 0 0 0 0
1655438400 0 0 0 0
1655431200 0 0 0 0
1655424000 0 0 0 0
1655416800 0 0 0 0
1655409600 0 0 0 0
1655402400 0 0 0 0
1655395200 0 0 0 0
1655388000 0 0 0 0
1655380800 0 0 0 0
1655373600 0 0 0 0
1655366400 0 0 0 0
1655359200 0 0 0 0
1655352000 0 0 0 0
1655344800 0 0 0 0
1655337600 0 0 0 0
1655330400 0 0 0 0
1655323200 0 0 0 0
1655316000 0 0 0 0
1655308800 0 0 0 0
1655301600 0 0 0 0
1655294400 0 0 0 0
1655287200 0 0 0 0
1655280000 0 0 0 0
1655272800 0 0 0 0
1655265600 0 0 0 0
1655258400 0 0 0 0
1655251200 0 0 0 0
1655244000 0 0 0 0
1655236800 0 0 0 0
1655229600 0 0 0 0
1655222400 0 0 0 0
1655215200 0 0 0 0
1655208000 0 0 0 0
1655200800 0 0 0 0
1655193600 0 0 0 0
1655186400 0 0 0 0
1655179200 0 0 0 0
1655172000 0 0 0 0
1655164800 0 0 0 0
1655157600 0 0 0 0
1655150400 0 0 0 0
1655143200 0 0 0 0
1655136000 0 0 0 0
1655128800 0 0 0 0
1655121600 0 0 0 0
1655114400 0 0 0 0
1655107200 0 0 0 0
1655100000 0 0 0 0
1655092800 0 0 0 0
1655085600 0 0 0 0
1655078400 0 0 0 0
1655071200 0 0 0 0
1655064000 0 0 0 0
1655056800 0 0 0 0
1655049600 0 0 0 0
1655042400 0 0 0 0
1655035200 0 0 0 0
1655028000 0 0 0 0
1655020800 0 0 0 0
1655013600 0 0 0 0
1655006400 0 0 0 0
1654999200 0 0 0 0
1654992000 0 0 0 0
1654984800 0 0 0 0
1654977600 0 0 0 0
1654970400 0 0 0 0
1654963200 0 0 0 0
1654956000 0 0 0 0
1654948800 0 0 0 0
1654941600 0 0 0 0
1654934400 0 0 0 0
1654927200 0 0 0 0
1654920000 0 0 0 0
1654912800 0 0 0 0
1654905600 0 0 0 0
1654898400 0 0 0 0
1654891200 0 0 0 0
1654884000 0 0 0 0
1654876800 0 0 0 0
1654869600 0 0 0 0
1654862400 0 0 0 0
1654855200 0 0 0 0
1654848000 0 0 0 0
1654840800 0 0 0 0
1654833600 0 0 0 0
1654826400 0 0 0 0
1654819200 0 0 0 0
1654812000 0 0 0 0
1654804800 0 0 0 0
1654797600 0 0 0 0
1654790400 0 0 0 0
1654783200 0 0 0 0
1654776000 0 0 0 0
1654768800 0 0 0 0
1654761600 0 0 0 0
1654754400 0 0 0 0
1654747200 0 0 0 0
1654740000 0 0 0 0
1654732800 0 0 0 0
1654725600 0 0 0 0
1654718400 0 0 0 0
1654711200 0 0 0 0
1654704000 0 0 0 0
1654696800 0 0 0 0
1654689600 0 0 0 0
1654682400 0 0 0 0
1654675200 0 0 0 0
1654668000 0 0 0 0
1654660800 0 0 0 0
1654653600 0 0 0 0
1654646400 0 0 0 0
1654639200 0 0 0 0
1654632000 0 0 0 0
1654624800 0 0 0 0
1654617600 0 0 0 0
1654610400 0 0 0 0
1654603200 0 0 0 0
1654596000 0 0 0 0
1654588800 0 0 0 0
1654581600 0 0 0 0
1654574400 0 0 0 0
1654567200 0 0 0 0
1654560000 0 0 0 0
1654552800 0 0 0 0
1654545600 0 0 0 0
1654538400 0 0 0 0
1654531200 0 0 0 0
1654524000 0 0 0 0
1654516800 0 0 0 0
1654509600 0 0 0 0
1654502400 0 0 0 0
1654495200 0 0 0 0
1654488000 0 0 0 0
1654480800 0 0 0 0
1654473600 0 0 0 0
1654466400 0 0 0 0
1654459200 0 0 0 0
1654452000 0 0 0 0
1654444800 0 0 0 0
1654437600 0 0 0 0
1654430400 0 0 0 0
1654423200 0 0 0 0
1654416000 0 0 0 0
1654408800 0 0 0 0
1654401600 0 0 0 0
1654394400 0 0 0 0
1654387200 0 0 0 0
1654380000 0 0 0 0
1654372800 0 0 0 0
1654365600 0 0 0 0
1654358400 0 0 0 0
1654351200 0 0 0 0
1654344000 0 0 0 0
1654336800 0 0 0 0
1654329600 0 0 0 0
1654322400 0 0 0 0
1654315200 0 0 0 0
1654308000 0 0 0 0
1654300800 0 0 0 0
1654293600 0 0 0 0
1654286400 0 0 0 0
1654279200 0 0 0 0
1654272000 0 0 0 0
1654264800 0 0 0 0
1654257600 0 0 0 0
1654250400 0 0 0 0
1654243200 0 0 0 0
1654236000 0 0 0 0
1654228800 0 0 0 0
1654221600 0 0 0 0
1654214400 0 0 0 0
1654207200 0 0 0 0
1654200000 0 0 0 0
1654192800 0 0 0 0
1654185600 0 0 0 0
1654178400 0 0 0 0
1654171200 0 0 0 0
1654164000 0 0 0 0
1654156800 0 0 0 0
1654149600 0 0 0 0
1654142400 0 0 0 0
1654135200 0 0 0 0
1654128000 0 0 0 0
1654120800 0 0 0 0
1654113600 0 0 0 0
1654106400 0 0 0 0
1654099200 0 0 0 0
1654092000 0 0 0 0
1654084800 0 0 0 0
1654077600 0 0 0 0
1654070400 0 0 0 0
1654063200 0 0 0 0
1654056000 0 0 0 0
1654048800 0 0 0 0
1654041600 0 0 0 0
1654034400 0 0 0 0
1654027200 0 0 0 0
1654020000 0 0 0 0
1654012800 0 0 0 0
1654005600 0 0 0 0
1653998400 0 0 0 0
1653991200 0 0 0 0
1653984000 0 0 0 0
1653976800 0 0 0 0
1653969600 0 0 0 0
1653962400 0 0 0 0
1653955200 0 0 0 0
1653948000 0 0 0 0
1653940800 0 0 0 0
1653933600 0 0 0 0
1653926400 0 0 0 0
1653919200 0 0 0 0
1653912000 0 0 0 0
1653904800 0 0 0 0
1653897600 0 0 0 0
1653890400 0 0 0 0
1653883200 0 0 0 0
1653876000 0 0 0 0
1653868800 0 0 0 0
1653861600 0 0 0 0
1653854400 0 0 0 0
1653847200 0 0 0 0
1653840000 0 0 0 0
1653832800 0 0 0 0
1653825600 0 0 0 0
1653818400 0 0 0 0
1653811200 0 0 0 0
1653804000 0 0 0 0
1653796800 0 0 0 0
1653789600 0 0 0 0
1653782400 0 0 0 0
1653775200 0 0 0 0
1653768000 0 0 0 0
1653760800 0 0 0 0
1653753600 0 0 0 0
1653746400 0 0 0 0
1653739200 0 0 0 0
1653732000 0 0 0 0
1653724800 0 0 0 0
1653717600 0 0 0 0
1653710400 0 0 0 0
1653703200 0 0 0 0
1653696000 0 0 0 0
1653688800 0 0 0 0
1653681600 0 0 0 0
1653674400 0 0 0 0
1653667200 0 0 0 0
1653660000 0 0 0 0
1653652800 0 0 0 0
1653645600 0 0 0 0
1653638400 0 0 0 0
1653631200 0 0 0 0
1653624000 0 0 0 0
1653616800 0 0 0 0
1653609600 0 0 0 0
1653602400 0 0 0 0
1653595200 0 0 0 0
1653588000 0 0 0 0
1653580800 0 0 0 0
1653573600 0 0 0 0
1653566400 0 0 0 0
1653559200 0 0 0 0
1653552000 0 0 0 0
1653544800 0 0 0 0
1653537600 0 0 0 0
1653530400 0 0 0 0
1653523200 0 0 0 0
1653516000 0 0 0 0
1653508800 0 0 0 0
1653501600 0 0 0 0
1653494400 0 0 0 0
1653487200 0 0 0 0
1653480000 0 0 0 0
1653472800 0 0 0 0
1653465600 0 0 0 0
1653458400 0 0 0 0
1653451200 0 0 0 0
1653444000 0 0 0 0
1653436800 0 0 0 0
1653429600 0 0 0 0
1653422400 0 0 0 0
1653415200 0 0 0 0
1653408000 0 0 0 0
1653400800 0 0 0 0
1653393600 0 0 0 0
1653386400 0 0 0 0
1653379200 0 0 0 0
1653372000 0 0 0 0
1653364800 0 0 0 0
1653357600 0 0 0 0
1653350400 0 0 0 0
1653343200 0 0 0 0
1653336000 0 0 0 0
1653328800 0 0 0 0
1653321600 0 0 0 0
1653314400 0 0 0 0
1653307200 0 0 0 0
1653300000 0 0 0 0
1653292800 0 0 0 0
1653285600 0 0 0 0
1653278400 0 0 0 0
1653271200 0 0 0 0
1653264000 0 0 0 0
1653256800 0 0 0 0
1653249600 0 0 0 0
1653242400 0 0 0 0
1653235200 0 0 0 0
1653228000 0 0 0 0
1653220800 0 0 0 0
1653213600 0 0 0 0
1653206400 0 0 0 0
1653199200 0 0 0 0
1653192000 0 0 0 0
1653184800 0 0 0 0
1653177600 0 0 0 0
1653170400 0 0 0 0
1653163200 0 0 0 0
1653156000 0 0 0 0
1653148800 0 0 0 0
1653141600 0 0 0 0
1653134400 0 0 0 0
1653127200 0 0 0 0
1653120000 0 0 0 0
1653112800 0 0 0 0
1653105600 0 0 0 0
1653098400 0 0 0 0
1653091200 0 0 0 0
1653084000 0 0 0 0
1653076800 0 0 0 0
1653069600 0 0 0 0
1653062400 0 0 0 0
1653055200 0 0 0 0
1653048000 0 0 0 0
1653040800 0 0 0 0
1653033600 0 0 0 0
1653026400 0 0 0 0
1653019200 0 0 0 0
1653012000 0 0 0 0
1653004800 0 0 0 0
1652997600 0 0 0 0
1652990400 0 0 0 0
1652983200 0 0 0 0
1652976000 0 0 0 0
1652968800 0 0 0 0
1652961600 0 0 0 0
1652954400 0 0 0 0
1652947200 0 0 0 0
1652940000 0 0 0 0
1652932800 0 0 0 0
1652925600 0 0 0 0
1652918400 0 0 0 0
1652911200 0 0 0 0
1652904000 0 0 0 0
1652896800 0 0 0 0
1652889600 0 0 0 0
1652882400 0 0 0 0
1652875200 0 0 0 0
1652868000 0 0 0 0
1652860800 0 0 0 0
1652853600 0 0 0 0
1652846400 0 0 0 0
1652839200 0 0 0 0
1652832000 0 0 0 0
1652824800 0 0 0 0
1652817600 0 0 0 0
1652810400 0 0 0 0
1652803200 0 0 0 0
1652796000 0 0 0 0
1652788800 0 0 0 0
1652781600 0 0 0 0
1652774400 0 0 0 0
1652767200 0 0 0 0
1652760000 0 0 0 0
1652752800 0 0 0 0
1652745600 0 0 0 0
1652738400 0 0 0 0
1652731200 0 0 0 0
1652724000 0 0 0 0
1652716800 0 0 0 0
1652709600 0 0 0 0
1652702400 0 0 0 0
1652695200 0 0 0 0
1652688000 0 0 0 0
1652680800 0 0 0 0
1652673600 0 0 0 0
1652666400 0 0 0 0
1652659200 0 0 0 0
1652652000 0 0 0 0
1652644800 0 0 0 0
1652637600 0 0 0 0
1652630400 0 0 0 0
1652623200 0 0 0 0
1652616000 0 0 0 0
1652608800 0 0 0 0
1652601600 0 0 0 0
1652594400 0 0 0 0
1652587200 0 0 0 0
1652580000 0 0 0 0
1652572800 0 0 0 0
1652565600 0 0 0 0
1652558400 0 0 0 0
1652551200 0 0 0 0
1652544000 0 0 0 0
1652536800 0 0 0 0
1652529600 0 0 0 0
1652522400 0 0 0 0
1652515200 0 0 0 0
1652508000 0 0 0 0
1652500800 0 0 0 0
1652493600 0 0 0 0
1652486400 0 0 0 0
1652479200 0 0 0 0
1652472000 0 0 0 0
1652464800 0 0 0 0
1652457600 0 0 0 0
1652450400 0 0 0 0
1652443200 0 0 0 0
1652436000 0 0 0 0
1652428800 0 0 0 0
1652421600 0 0 0 0
1652414400 0 0 0 0
1652407200 0 0 0 0
1652400000 0 0 0 0
1652392800 0 0 0 0
1652385600 0 0 0 0
1652378400 0 0 0 0
1652371200 0 0 0 0
1652364000 0 0 0 0
1652356800 0 0 0 0
1652349600 0 0 0 0
1652342400 0 0 0 0
1652335200 0 0 0 0
1652328000 0 0 0 0
1652320800 0 0 0 0
1652313600 0 0 0 0
1652306400 0 0 0 0
1652299200 0 0 0 0
1652292000 0 0 0 0
1652284800 0 0 0 0
1652277600 0 0 0 0
1652270400 0 0 0 0
1652263200 0 0 0 0
1652256000 0 0 0 0
1652248800 0 0 0 0
1652241600 0 0 0 0
1652234400 0 0 0 0
1652227200 0 0 0 0
1652220000 0 0 0 0
1652140800 0 0 0 0
1652054400 0 0 0 0
1651968000 0 0 0 0
1651881600 0 0 0 0
1651795200 0 0 0 0
1651708800 0 0 0 0
1651622400 0 0 0 0
1651536000 0 0 0 0
1651449600 0 0 0 0
1651363200 0 0 0 0
1651276800 0 0 0 0
1651190400 0 0 0 0
1651104000 0 0 0 0
1651017600 0 0 0 0
1650931200 0 0 0 0
1650844800 0 0 0 0
1650758400 0 0 0 0
1650672000 0 0 0 0
1650585600 0 0 0 0
1650499200 0 0 0 0
1650412800 0 0 0 0
1650326400 0 0 0 0
1650240000 0 0 0 0
1650153600 0 0 0 0
1650067200 0 0 0 0
1649980800 0 0 0 0
1649894400 0 0 0 0
1649808000 0 0 0 0
1649721600 0 0 0 0
1649635200 0 0 0 0
1649548800 0 0 0 0
1649462400 0 0 0 0
1649376000 0 0 0 0
1649289600 0 0 0 0
1649203200 0 0 0 0
1649116800 0 0 0 0
1649030400 0 0 0 0
1648944000 0 0 0 0
1648857600 0 0 0 0
1648771200 0 0 0 0
1648684800 0 0 0 0
1648598400 0 0 0 0
1648512000 0 0 0 0
1648425600 0 0 0 0
1648339200 0 0 0 0
1648252800 0 0 0 0
1648166400 0 0 0 0
1648080000 0 0 0 0
1647993600 0 0 0 0
1647907200 0 0 0 0
1647820800 0 0 0 0
1647734400 0 0 0 0
1647648000 0 0 0 0
1647561600 0 0 0 0
1647475200 0 0 0 0
1647388800 0 0 0 0
1647302400 0 0 0 0
1647216000 0 0 0 0
1647129600 0 0 0 0
1647043200 0 0 0 0
1646956800 0 0 0 0
1646870400 0 0 0 0
1646784000 0 0 0 0
1646697600 0 0 0 0
1646611200 0 0 0 0
1646524800 0 0 0 0
1646438400 0 0 0 0
1646352000 0 0 0 0
1646265600 0 0 0 0
1646179200 0 0 0 0
1646092800 0 0 0 0
1646006400 0 0 0 0
1645920000 0 0 0 0
1645833600 0 0 0 0
1645747200 0 0 0 0
1645660800 0 0 0 0
1645574400 0 0 0 0
1645488000 0 0 0 0
1645401600 0 0 0 0
1645315200 0 0 0 0
1645228800 0 0 0 0
1645142400 0 0 0 0
1645056000 0 0 0 0
1644969600 0 0 0 0
1644883200 0 0 0 0
1644796800 0 0 0 0
1644710400 0 0 0 0
1644624000 0 0 0 0
1644537600 0 0 0 0
1644451200 0 0 0 0
1644364800 0 0 0 0
1644278400 0 0 0 0
1644192000 0 0 0 0
1644105600 0 0 0 0
1644019200 0 0 0 0
1643932800 0 0 0 0
1643846400 0 0 0 0
1643760000 0 0 0 0
1643673600 0 0 0 0
1643587200 0 0 0 0
1643500800 0 0 0 0
1643414400 0 0 0 0
1643328000 0 0 0 0
1643241600 0 0 0 0
1643155200 0 0 0 0
1643068800 0 0 0 0
1642982400 0 0 0 0
1642896000 0 0 0 0
1642809600 0 0 0 0
1642723200 0 0 0 0
1642636800 0 0 0 0
1642550400 0 0 0 0
1642464000 0 0 0 0
1642377600 0 0 0 0
1642291200 0 0 0 0
1642204800 0 0 0 0
1642118400 0 0 0 0
1642032000 0 0 0 0
1641945600 0 0 0 0
1641859200 0 0 0 0
1641772800 0 0 0 0
1641686400 0 0 0 0
1641600000 0 0 0 0
1641513600 0 0 0 0
1641427200 0 0 0 0
1641340800 0 0 0 0
1641254400 0 0 0 0
1641168000 0 0 0 0
1641081600 0 0 0 0
1640995200 0 0 0 0
1640908800 0 0 0 0
1640822400 0 0 0 0
1640736000 0 0 0 0
1640649600 0 0 0 0
1640563200 0 0 0 0
1640476800 0 0 0 0
1640390400 0 0 0 0
1640304000 0 0 0 0
1640217600 0 0 0 0
1640131200 0 0 0 0
1640044800 0 0 0 0
1639958400 0 0 0 0
1639872000 0 0 0 0
1639785600 0 0 0 0
1639699200 0 0 0 0
1639612800 0 0 0 0
1639526400 0 0 0 0
1639440000 0 0 0 0
1639353600 0 0 0 0
1639267200 0 0 0 0
1639180800 0 0 0 0
1639094400 0 0 0 0
1639008000 0 0 0 0
1638921600 0 0 0 0
1638835200 0 0 0 0
1638748800 0 0 0 0
1638662400 0 0 0 0
1638576000 0 0 0 0
1638489600 0 0 0 0
1638403200 0 0 0 0
1638316800 0 0 0 0
1638230400 0 0 0 0
1638144000 0 0 0 0
1638057600 0 0 0 0
1637971200 0 0 0 0
1637884800 0 0 0 0
1637798400 0 0 0 0
1637712000 0 0 0 0
1637625600 0 0 0 0
1637539200 0 0 0 0
1637452800 0 0 0 0
1637366400 0 0 0 0
1637280000 0 0 0 0
1637193600 0 0 0 0
1637107200 0 0 0 0
1637020800 0 0 0 0
1636934400 0 0 0 0
1636848000 0 0 0 0
1636761600 0 0 0 0
1636675200 0 0 0 0
1636588800 0 0 0 0
1636502400 0 0 0 0
1636416000 0 0 0 0
1636329600 0 0 0 0
1636243200 0 0 0 0
1636156800 0 0 0 0
1636070400 0 0 0 0
1635984000 0 0 0 0
1635897600 0 0 0 0
1635811200 0 0 0 0
1635724800 0 0 0 0
1635638400 0 0 0 0
1635552000 0 0 0 0
1635465600 0 0 0 0
1635379200 0 0 0 0
1635292800 0 0 0 0
1635206400 0 0 0 0
1635120000 0 0 0 0
1635033600 0 0 0 0
1634947200 0 0 0 0
1634860800 0 0 0 0
1634774400 0 0 0 0
1634688000 0 0 0 0
1634601600 0 0 0 0
1634515200 0 0 0 0
1634428800 0 0 0 0
1634342400 0 0 0 0
1634256000 0 0 0 0
1634169600 0 0 0 0
1634083200 0 0 0 0
1633996800 0 0 0 0
1633910400 0 0 0 0
1633824000 0 0 0 0
1633737600 0 0 0 0
1633651200 0 0 0 0
1633564800 0 0 0 0
1633478400 0 0 0 0
1633392000 0 0 0 0
1633305600 0 0 0 0
1633219200 0 0 0 0
1633132800 0 0 0 0
1633046400 0 0 0 0
1632960000 0 0 0 0
1632873600 0 0 0 0
1632787200 0 0 0 0
1632700800 0 0 0 0
1632614400 0 0 0 0
1632528000 0 0 0 0
1632441600 0 0 0 0
1632355200 0 0 0 0
1632268800 0 0 0 0
1632182400 0 0 0 0
1632096000 0 0 0 0
1632009600 0 0 0 0
1631923200 0 0 0 0
1631836800 0 0 0 0
1631750400 0 0 0 0
1631664000 0 0 0 0
1631577600 0 0 0 0
1631491200 0 0 0 0
1631404800 0 0 0 0
1631318400 0 0 0 0
1631232000 0 0 0 0
1631145600 0 0 0 0
1631059200 0 0 0 0
1630972800 0 0 0 0
1630886400 0 0 0 0
1630800000 0 0 0 0
1630713600 0 0 0 0
1630627200 0 0 0 0
1630540800 0 0 0 0
1630454400 0 0 0 0
1630368000 0 0 0 0
1630281600 0 0 0 0
1630195200 0 0 0 0
1630108800 0 0 0 0
1630022400 0 0 0 0
1629936000 0 0 0 0
1629849600 0 0 0 0
1629763200 0 0 0 0
1629676800 0 0 0 0
1629590400 0 0 0 0
1629504000 0 0 0 0
1629417600 0 0 0 0
1629331200 0 0 0 0
1629244800 0 0 0 0
1629158400 0 0 0 0
1629072000 0 0 0 0
1628985600 0 0 0 0
1628899200 0 0 0 0
1628812800 0 0 0 0
1628726400 0 0 0 0
1628640000 0 0 0 0
1628553600 0 0 0 0
1628467200 0 0 0 0
1628380800 0 0 0 0
1628294400 0 0 0 0
1628208000 0 0 0 0
1628121600 0 0 0 0
1628035200 0 0 0 0
1627948800 0 0 0 0
1627862400 0 0 0 0
1627776000 0 0 0 0
1627689600 0 0 0 0
1627603200 0 0 0 0
1627516800 0 0 0 0
1627430400 0 0 0 0
1627344000 0 0 0 0
1627257600 0 0 0 0
1627171200 0 0 0 0
1627084800 0 0 0 0
1626998400 0 0 0 0
1626912000 0 0 0 0
1626825600 0 0 0 0
1626739200 0 0 0 0
1626652800 0 0 0 0
1626566400 0 0 0 0
1626480000 0 0 0 0
1626393600 0 0 0 0
1626307200 0 0 0 0
1626220800 0 0 0 0
1626134400 0 0 0 0
1626048000 0 0 0 0
1625961600 0 0 0 0
1625875200 0 0 0 0
1625788800 0 0 0 0
1625702400 0 0 0 0
1625616000 0 0 0 0
1625529600 0 0 0 0
1625443200 0 0 0 0
1625356800 0 0 0 0
1625270400 0 0 0 0
1625184000 0 0 0 0
1625097600 0 0 0 0
1625011200 0 0 0 0
1624924800 0 0 0 0
1624838400 0 0 0 0
1624752000 0 0 0 0
1624665600 0 0 0 0
1624579200 0 0 0 0
1624492800 0 0 0 0
1624406400 0 0 0 0
1624320000 0 0 0 0
1624233600 0 0 0 0
1624147200 0 0 0 0
1624060800 0 0 0 0
1623974400 0 0 0 0
1623888000 0 0 0 0
1623801600 0 0 0 0
1623715200 0 0 0 0
1623628800 0 0 0 0
1623542400 0 0 0 0
1623456000 0 0 0 0
1623369600 0 0 0 0
1623283200 0 0 0 0
1623196800 0 0 0 0
1623110400 0 0 0 0
1623024000 0 0 0 0
1622937600 0 0 0 0
1622851200 0 0 0 0
1622764800 0 0 0 0
1622678400 0 0 0 0
1622592000 0 0 0 0
1622505600 0 0 0 0
1622419200 0 0 0 0
1622332800 0 0 0 0
1622246400 0 0 0 0
1622160000 0 0 0 0
1622073600 0 0 0 0
1621987200 0 0 0 0
1621900800 0 0 0 0
1621814400 0 0 0 0
1621728000 0 0 0 0
1621641600 0 0 0 0
1621555200 0 0 0 0
1621468800 0 0 0 0
1621382400 0 0 0 0
1621296000 0 0 0 0
1621209600 0 0 0 0
1621123200 0 0 0 0
1621036800 0 0 0 0
1620950400 0 0 0 0
1620864000 0 0 0 0
1620777600 0 0 0 0
1620691200 0 0 0 0
1620604800 0 0 0 0
1620518400 0 0 0 0
1620432000 0 0 0 0
1620345600 0 0 0 0
1620259200 0 0 0 0
1620172800 0 0 0 0
1620086400 0 0 0 0
1620000000 0 0 0 0
1619913600 0 0 0 0
1619827200 0 0 0 0
1619740800 0 0 0 0
1619654400 0 0 0 0
1619568000 0 0 0 0
1619481600 0 0 0 0
1619395200 0 0 0 0
1619308800 0 0 0 0
1619222400 0 0 0 0
1619136000 0 0 0 0
1619049600 0 0 0 0
1618963200 0 0 0 0
1618876800 0 0 0 0
1618790400 0 0 0 0
1618704000 0 0 0 0
1618617600 0 0 0 0
1618531200 0 0 0 0
1618444800 0 0 0 0
1618358400 0 0 0 0
1618272000 0 0 0 0
1618185600 0 0 0 0
1618099200 0 0 0 0
1618012800 0 0 0 0
1617926400 0 0 0 0
1617840000 0 0 0 0
1617753600 0 0 0 0
1617667200 0 0 0 0
1617580800 0 0 0 0
1617494400 0 0 0 0
1617408000 0 0 0 0
1617321600 0 0 0 0
1617235200 0 0 0 0
1617148800 0 0 0 0
1617062400 0 0 0 0
1616976000 0 0 0 0
1616889600 0 0 0 0
1616803200 0 0 0 0
1616716800 0 0 0 0
1616630400 0 0 0 0
1616544000 0 0 0 0
1616457600 0 0 0 0
1616371200 0 0 0 0
1616284800 0 0 0 0
1616198400 0 0 0 0
1616112000 0 0 0 0
1616025600 0 0 0 0
1615939200 0 0 0 0
1615852800 0 0 0 0
1615766400 0 0 0 0
1615680000 0 0 0 0
1615593600 0 0 0 0
1615507200 0 0 0 0
1615420800 0 0 0 0
1615334400 0 0 0 0
1615248000 0 0 0 0
1615161600 0 0 0 0
1615075200 0 0 0 0
1614988800 0 0 0 0
1614902400 0 0 0 0
1614816000 0 0 0 0
1614729600 0 0 0 0
1614643200 0 0 0 0
1614556800 0 0 0 0
1614470400 0 0 0 0
1614384000 0 0 0 0
1614297600 0 0 0 0
1614211200 0 0 0 0
1614124800 0 0 0 0
1614038400 0 0 0 0
1613952000 0 0 0 0
1613865600 0 0 0 0
1613779200 0 0 0 0
1613692800 0 0 0 0
1613606400 0 0 0 0
1613520000 0 0 0 0
1613433600 0 0 0 0
1613347200 0 0 0 0
1613260800 0 0 0 0
1613174400 0 0 0 0
1613088000 0 0 0 0
1613001600 0 0 0 0
1612915200 0 0 0 0
1612828800 0 0 0 0
1612742400 0 0 0 0
1612656000 0 0 0 0
1612569600 0 0 0 0
1612483200 0 0 0 0
1612396800 0 0 0 0
1612310400 0 0 0 0
1612224000 0 0 0 0
1612137600 0 0 0 0
1612051200 0 0 0 0
1611964800 0 0 0 0
1611878400 0 0 0 0
1611792000 0 0 0 0
1611705600 0 0 0 0
1611619200 0 0 0 0
1611532800 0 0 0 0
1611446400 0 0 0 0
1611360000 0 0 0 0
1611273600 0 0 0 0
1611187200 0 0 0 0
1611100800 0 0 0 0
1611014400 0 0 0 0
1610928000 0 0 0 0
1610841600 0 0 0 0
1610755200 0 0 0 0
1610668800 0 0 0 0
1610582400 0 0 0 0
1610496000 0 0 0 0
1610409600 0 0 0 0
1610323200 0 0 0 0
1610236800 0 0 0 0
1610150400 0 0 0 0
1610064000 0 0 0 0
1609977600 0 0 0 0
1609891200 0 0 0 0
1609804800 0 0 0 0
1609718400 0 0 0 0
1609632000 0 0 0 0
1609545600 0 0 0 0
1609459200 0 0 0 0
1609372800 0 0 0 0
1609286400 0 0 0 0
1609200000 0 0 0 0
1609113600 0 0 0 0
1609027200 0 0 0 0
1608940800 0 0 0 0
1608854400 0 0 0 0
1608768000 0 0 0 0
1608681600 0 0 0 0
1608595200 0 0 0 0
1608508800 0 0 0 0
1608422400 0 0 0 0
1608336000 0 0 0 0
1608249600 0 0 0 0
1608163200 0 0 0 0
1608076800 0 0 0 0
1607990400 0 0 0 0
1607904000 0 0 0 0
1607817600 0 0 0 0
1607731200 0 0 0 0
1607644800 0 0 0 0
1607558400 0 0 0 0
1607472000 0 0 0 0
1607385600 0 0 0 0
1607299200 0 0 0 0
1607212800 0 0 0 0
1607126400 0 0 0 0
1607040000 0 0 0 0
1606953600 0 0 0 0
1606867200 0 0 0 0
1606780800 0 0 0 0
1606694400 0 0 0 0
1606608000 0 0 0 0
1606521600 0 0 0 0
1606435200 0 0 0 0
1606348800 0 0 0 0
1606262400 0 0 0 0
1606176000 0 0 0 0
1606089600 0 0 0 0
1606003200 0 0 0 0
1605916800 0 0 0 0
1605830400 0 0 0 0
1605744000 0 0 0 0
1605657600 0 0 0 0
1605571200 0 0 0 0
1605484800 0 0 0 0
1605398400 0 0 0 0
1605312000 0 0 0 0
1605225600 0 0 0 0
1605139200 0 0 0 0
1605052800 0 0 0 0
1604966400 0 0 0 0
1604880000 0 0 0 0
1604793600 0 0 0 0
1604707200 0 0 0 0
1604620800 0 0 0 0
1604534400 0 0 0 0
1604448000 0 0 0 0
1604361600 0 0 0 0
1604275200 0 0 0 0
1604188800 0 0 0 0
1604102400 0 0 0 0
1604016000 0 0 0 0
1603929600 0 0 0 0
1603843200 0 0 0 0
1603756800 0 0 0 0
1603670400 0 0 0 0
1603584000 0 0 0 0
1603497600 0 0 0 0
1603411200 0 0 0 0
1603324800 0 0 0 0
1603238400 0 0 0 0
1603152000 0 0 0 0
1603065600 0 0 0 0
1602979200 0 0 0 0
1602892800 0 0 0 0
1602806400 0 0 0 0
1602720000 0 0 0 0
1602633600 0 0 0 0
1602547200 0 0 0 0
1602460800 0 0 0 0
1602374400 0 0 0 0
1602288000 0 0 0 0
1602201600 0 0 0 0
1602115200 0 0 0 0
1602028800 0 0 0 0
1601942400 0 0 0 0
1601856000 0 0 0 0
1601769600 0 0 0 0
1601683200 0 0 0 0
1601596800 0 0 0 0
1601510400 0 0 0 0
1601424000 0 0 0 0
1601337600 0 0 0 0
1601251200 0 0 0 0
1601164800 0 0 0 0
1601078400 0 0 0 0
1600992000 0 0 0 0
1600905600 0 0 0 0
1600819200 0 0 0 0
1600732800 0 0 0 0
1600646400 0 0 0 0
1600560000 0 0 0 0
1600473600 0 0 0 0
1600387200 0 0 0 0
1600300800 0 0 0 0
1600214400 0 0 0 0
1600128000 0 0 0 0
1600041600 0 0 0 0
1599955200 0 0 0 0
1599868800 0 0 0 0
1599782400 0 0 0 0
1599696000 0 0 0 0
1599609600 0 0 0 0
1599523200 0 0 0 0
1599436800 0 0 0 0
1599350400 0 0 0 0
1599264000 0 0 0 0
1599177600 0 0 0 0
1599091200 0 0 0 0
1599004800 0 0 0 0
1598918400 0 0 0 0
1598832000 0 0 0 0
1598745600 0 0 0 0
1598659200 0 0 0 0
1598572800 0 0 0 0
1598486400 0 0 0 0
1598400000 0 0 0 0
1598313600 0 0 0 0
1598227200 0 0 0 0
1598140800 0 0 0 0
1598054400 0 0 0 0
1597968000 0 0 0 0
1597881600 0 0 0 0
1597795200 0 0 0 0
1597708800 0 0 0 0
1597622400 0 0 0 0
1597536000 0 0 0 0
1597449600 0 0 0 0
1597363200 0 0 0 0
1597276800 0 0 0 0
1597190400 0 0 0 0
1597104000 0 0 0 0
1597017600 0 0 0 0
1596931200 0 0 0 0
1596844800 0 0 0 0
1596758400 0 0 0 0
1596672000 0 0 0 0
1596585600 0 0 0 0
1596499200 0 0 0 0
1596412800 0 0 0 0
1596326400 0 0 0 0
1596240000 0 0 0 0
1596153600 0 0 0 0
1596067200 0 0 0 0
1595980800 0 0 0 0
1595894400 0 0 0 0
1595808000 0 0 0 0
1595721600 0 0 0 0
1595635200 0 0 0 0
1595548800 0 0 0 0
1595462400 0 0 0 0
1595376000 0 0 0 0
1595289600 0 0 0 0
1595203200 0 0 0 0
1595116800 0 0 0 0
1595030400 0 0 0 0
1594944000 0 0 0 0
1594857600 0 0 0 0
1594771200 0 0 0 0
1594684800 0 0 0 0
1594598400 0 0 0 0
1594512000 0 0 0 0
1594425600 0 0 0 0
1594339200 0 0 0 0
1594252800 0 0 0 0
1594166400 0 0 0 0
1594080000 0 0 0 0
1593993600 0 0 0 0
1593907200 0 0 0 0
1593820800 0 0 0 0
1593734400 0 0 0 0
1593648000 0 0 0 0
1593561600 0 0 0 0
1593475200 0 0 0 0
1593388800 0 0 0 0
1593302400 0 0 0 0
1593216000 0 0 0 0
1593129600 0 0 0 0
1593043200 0 0 0 0
1592956800 0 0 0 0
1592870400 0 0 0 0
1592784000 0 0 0 0
1592697600 0 0 0 0
1592611200 0 0 0 0
1592524800 0 0 0 0
1592438400 0 0 0 0
1592352000 0 0 0 0
1592265600 0 0 0 0
1592179200 0 0 0 0
1592092800 0 0 0 0
1592006400 0 0 0 0
1591920000 0 0 0 0
1591833600 0 0 0 0
1591747200 0 0 0 0
1591660800 0 0 0 0
1591574400 0 0 0 0
1591488000 0 0 0 0
1591401600 0 0 0 0
1591315200 0 0 0 0
1591228800 0 0 0 0
1591142400 0 0 0 0
1591056000 0 0 0 0
1590969600 0 0 0 0
1590883200 0 0 0 0
1590796800 0 0 0 0
1590710400 0 0 0 0
1590624000 0 0 0 0
1590537600 0 0 0 0
1590451200 0 0 0 0
1590364800 0 0 0 0
1590278400 0 0 0 0
1590192000 0 0 0 0
1590105600 0 0 0 0
1590019200 0 0 0 0
1589932800 0 0 0 0
1589846400 0 0 0 0
1589760000 0 0 0 0
1589673600 0 0 0 0
1589587200 0 0 0 0
1589500800 0 0 0 0
1589414400 0 0 0 0
1589328000 0 0 0 0
1589241600 0 0 0 0
1589155200 0 0 0 0
1589068800 0 0 0 0
1588982400 0 0 0 0
