1657800901 1924916538097 226130874833
1657800901 392568 64757 392568 64757
1657800622 367859 89088 367859 89088
1657800600 358568 89033 367859 89088
1657800300 260957 88742 510981 93785
1657800000 510577 93731 510981 93785
1657799700 418171 78439 774068 86812
1657799400 810033 88956 1287855 117454
1657799100 1312794 115612 1613155 117454
1657798800 1613155 93430 1613155 93430
1657798500 1613155 93430 1613155 93430
1657798200 1613155 93430 1613155 93430
1657797900 1619047 93784 2497095 146644
1657797600 2320648 139522 2497095 146644
1657797300 91007 49536 91007 49536
1657797000 91007 49536 91007 49536
1657796700 91007 49536 91007 49536
1657796400 91007 49536 91007 49536
1657796100 112737 50032 387335 56301
1657795800 375923 55490 387335 56301
1657795500 44991 31997 44991 31997
1657795200 44991 31997 44991 31997
1657794900 44991 31997 44991 31997
1657794600 44991 31997 44991 31997
1657794300 44991 31997 44991 31997
1657794000 44991 31997 44991 31997
1657793700 44991 31997 44991 31997
1657793400 51847 32389 138495 37343
1657793100 138822 37312 187596 37343
1657792800 187596 32719 187596 32719
1657792500 187596 32719 187596 32719
1657792200 187596 32719 187596 32719
1657791900 187596 32719 187596 32719
1657791600 187596 32719 187596 32719
1657791300 187596 32719 187596 32719
1657791000 187596 32719 187596 32719
1657790700 187596 32719 187596 32719
1657790400 187596 32719 187596 32719
1657790100 187596 32719 187596 32719
1657789800 187596 32719 187596 32719
1657789500 187596 32719 187596 32719
1657789200 187900 32718 279026 32719
1657788900 278064 32660 279026 32709
1657788600 134838 32709 134838 32709
1657788300 134838 32709 134838 32709
1657788000 134531 32724 134838 37366
1657787700 41932 36870 42751 37366
1657787400 37133 30815 107205 33476
1657787100 107205 33476 107205 33476
1657786800 107205 33476 107205 33476
1657786500 107259 33495 123682 39238
1657786200 123682 39238 123682 39238
1657785900 123682 39238 123682 39238
1657785600 123682 39238 123682 39238
1657785300 123682 39238 123682 39238
1657785000 123682 39238 123682 39238
1657784700 123682 39238 123682 39238
1657784400 123682 39238 123682 39238
1657784100 142417 39663 379167 45042
1657783800 379167 45042 379167 45042
1657783500 379167 45042 379167 45042
1657783200 359955 44296 379167 45042
1657782900 120836 35026 166959 36910
1657782600 181069 41082 359373 93813
1657782300 359373 93813 359373 93813
1657782000 359373 93813 359373 93813
1657781700 359373 93813 359373 93813
1657781400 359373 93813 359373 93813
1657781100 359373 93813 359373 93813
1657780800 359373 93813 359373 93813
1657780500 359373 93813 359373 93813
1657780200 359373 93813 359373 93813
1657779900 359791 89419 365081 93813
1657779600 365081 33907 365081 33907
1657779300 365081 33907 365081 33907
1657779000 365081 33907 365081 33907
1657778700 365081 33907 365081 33907
1657778400 365081 33907 365081 33907
1657778100 365081 33907 365081 33907
1657777800 365498 33943 490447 44915
1657777500 490447 44915 490447 44915
1657777200 490447 44915 490447 44915
1657776900 490447 44915 490447 44915
1657776600 490447 44915 490447 44915
1657776300 490447 44915 490447 44915
1657776000 490447 44915 490447 44915
1657775700 490447 44915 490447 44915
1657775400 483307 44422 490447 44915
1657775100 391760 38166 393093 38200
1657774800 193258 33244 204155 34267
1657774500 203126 34227 204155 34267
1657774200 49924 28323 49924 28323
1657773900 49924 28323 49924 28323
1657773600 49924 28323 49924 28323
1657773300 49924 28323 49924 28323
1657773000 49924 28323 49924 28323
1657772700 49924 28323 49924 28323
1657772400 49924 28323 49924 28323
1657772100 49924 28323 49924 28323
1657771800 49924 28323 49924 28323
1657771500 49924 28323 49924 28323
1657771200 49769 28324 49924 28609
1657770900 28342 28684 49729 29690
1657770600 50070 29737 100937 36868
1657770300 100937 36868 100937 36868
1657770000 100937 36868 100937 36868
1657769700 100937 36868 100937 36868
1657769400 100937 36868 100937 36868
1657769100 100734 36845 100937 36868
1657768800 40146 30061 42408 31233
1657768500 71204 31713 402363 37242
1657768200 402363 37242 402363 37242
1657767900 402363 37242 402363 37242
1657767600 402363 37242 402363 37242
1657767300 402363 37242 402363 37242
1657767000 402363 37242 402363 37242
1657766700 402363 37242 402363 37242
1657766400 402363 37242 402363 37242
1657766100 402363 37242 402363 37242
1657765800 402363 37242 402363 37242
1657765500 399600 37080 402363 37242
1657765200 363228 34946 413309 37203
1657764900 413295 37206 413309 38396
1657764600 410560 38427 595695 43130
1657764300 594379 43112 595695 43130
1657764000 398568 40529 462482 40540
1657763700 461939 37354 462482 37457
1657763400 381078 37457 381078 37457
1657763100 381078 37457 381078 37457
1657762800 381078 37457 381078 37457
1657762500 381078 37457 381078 37457
1657762200 381078 37457 381078 37457
1657761900 381078 37457 381078 37457
1657761600 381078 37457 381078 37457
1657761300 381078 37457 381078 37457
1657761000 381078 37457 381078 37457
1657760700 381078 37457 381078 37457
1657760400 381078 37457 381078 37457
1657760100 381078 37457 381078 37457
1657759800 382181 37889 408656 48278
1657759500 394948 47657 408656 48278
1657759200 65978 32754 65978 32754
1657758900 65978 32754 65978 32754
1657758600 65612 32732 65978 32754
1657758300 58679 32766 92416 40295
1657758000 92416 40295 92416 40295
1657757700 92416 40295 92416 40295
1657757400 92416 40295 92416 40295
1657757100 92416 40295 92416 40295
1657756800 92416 40295 92416 40295
1657756500 92416 40295 92416 40295
1657756200 92416 40295 92416 40295
1657755900 92416 40295 92416 40295
1657755600 92416 40295 92416 40295
1657755300 92416 40295 92416 40295
1657755000 92395 40302 92416 42665
1657754700 86799 42353 92148 42665
1657754400 95048 38315 131702 38416
1657754100 131412 37031 131702 37041
1657753800 132234 37240 334434 48147
1657753500 334434 48147 334434 48147
1657753200 334434 48147 334434 48147
1657752900 334907 48224 476557 71322
1657752600 476609 71223 492292 71322
1657752300 492292 41822 492292 41822
1657752000 492292 41822 492292 41822
1657751700 487787 41541 492292 41822
1657751400 427935 37815 427935 37815
1657751100 427935 37815 427935 37815
1657750800 427935 37815 427935 37815
1657750500 427935 37815 427935 37815
1657750200 427935 37815 427935 37815
1657749900 427935 37815 427935 37815
1657749600 427935 37815 427935 37815
1657749300 427935 37815 427935 37815
1657749000 427935 37815 427935 37815
1657748700 412113 38135 427935 42182
1657748400 212194 42182 212194 42182
1657748100 212194 42182 212194 42182
1657747800 205916 42187 212194 42252
1657747500 127464 42262 258148 43884
1657747200 258148 43884 258148 43884
1657746900 258148 43884 258148 43884
1657746600 257554 43842 258148 43884
1657746300 169091 37653 169091 37653
1657746000 169091 37653 169091 37653
1657745700 169091 37653 169091 37653
1657745400 169091 37653 169091 37653
1657745100 183921 38486 371321 49020
1657744800 371321 49020 371321 49020
1657744500 371321 49020 371321 49020
1657744200 371321 49020 371321 49020
1657743900 371321 49020 371321 49020
1657743600 371321 49020 371321 49020
1657743300 371321 49020 371321 49020
1657743000 371321 49020 371321 49020
1657742700 370461 49165 371321 52668
1657742400 369959 54754 898903 109565
1657742100 898903 109565 898903 109565
1657741800 898903 109565 898903 109565
1657741500 898903 109565 898903 109565
1657741200 898903 109565 898903 109565
1657740900 898903 109565 898903 109565
1657740600 928513 109602 1302686 110075
1657740300 1302686 110075 1302686 110075
1657740000 1302686 110075 1302686 110075
1657739700 1302686 110075 1302686 110075
1657739400 1302686 110075 1302686 110075
1657739100 1302686 110075 1302686 110075
1657738800 1302686 110075 1302686 110075
1657738500 1302686 110075 1302686 110075
1657738200 1302686 110075 1302686 110075
1657737900 1302686 110075 1302686 110075
1657737600 1302686 110075 1302686 110075
1657737300 1302686 110075 1302686 110075
1657737000 1302686 110075 1302686 110075
1657736700 1302686 110075 1302686 110075
1657736400 1302686 110075 1302686 110075
1657736100 1302686 110075 1302686 110075
1657735800 1302686 110075 1302686 110075
1657735500 1302686 110075 1302686 110075
1657735200 1302686 110075 1302686 110075
1657734900 1302686 110075 1302686 110075
1657734600 1305466 109303 1378514 110075
1657734300 1366493 88911 1378514 89044
1657734000 1078013 85729 1078013 85729
1657733700 1078013 85729 1078013 85729
1657733400 1078013 85729 1078013 85729
1657733100 1078013 85729 1078013 85729
1657732800 1078013 85729 1078013 85729
1657732500 1078013 85729 1078013 85729
1657732200 1078013 85729 1078013 85729
1657731900 1078013 85729 1078013 85729
1657731600 1103767 86520 1445938 97033
1657731300 1430308 97144 1445938 98422
1657731000 1235014 99125 1250564 108021
1657730700 1038523 108021 1038523 108021
1657730400 1038523 108021 1038523 108021
1657730100 1038523 108021 1038523 108021
1657729800 1038523 108021 1038523 108021
1657729500 1038523 108021 1038523 108021
1657729200 1038523 108021 1038523 108021
1657728900 1038523 108021 1038523 108021
1657728600 1036221 108140 1038523 125877
1657728300 693815 125687 770283 125877
1657728000 770283 97459 770283 97459
1657727700 770283 97459 770283 97459
1657727400 769635 97484 770283 105122
1657727100 573342 105309 576020 133245
1657726800 174406 133245 174406 133245
1657726500 174406 133245 174406 133245
1657726200 174406 133245 174406 133245
1657725900 174406 133245 174406 133245
1657725600 173931 131462 174406 133245
1657725300 173270 108897 1769114 108933
1657725000 1759326 98220 1769114 98354
1657724700 300933 78276 300933 78276
1657724400 300933 78276 300933 78276
1657724100 300933 78276 300933 78276
1657723800 300933 78276 300933 78276
1657723500 300933 78276 300933 78276
1657723200 300933 78276 300933 78276
1657722900 300933 78276 300933 78276
1657722600 300933 78276 300933 78276
1657722300 300933 78276 300933 78276
1657722000 300933 78276 300933 78276
1657721700 300933 78276 300933 78276
1657721400 300933 78276 300933 78276
1657721100 308013 78453 1363016 104972
1657720800 1363016 104972 1363016 104972
1657720500 1363016 104972 1363016 104972
1657720200 1363016 104972 1363016 104972
1657719900 1363016 104972 1363016 104972
1657719600 1363016 104972 1363016 104972
1657719300 1363016 104972 1363016 104972
1657719000 1363016 104972 1363016 104972
1657718700 1363016 104972 1363016 104972
1657718400 1363016 104972 1363016 104972
1657718100 1363016 104972 1363016 104972
1657717800 1363016 104972 1363016 104972
1657717500 1361722 104941 1363016 104972
1657717200 974744 95995 975048 100107
1657716900 929136 100055 929501 100107
1657716600 843562 91462 874820 92394
1657716300 448586 79691 448586 79691
1657716000 448586 79691 448586 79691
1657715700 524649 81861 1485822 109285
1657715400 1485822 109285 1485822 109285
1657715100 1485822 109285 1485822 109285
1657714800 1485822 109285 1485822 109285
1657714500 1485822 109285 1485822 109285
1657714200 1485822 109285 1485822 109285
1657713900 1485822 109285 1485822 109285
1657713600 1485822 109285 1485822 109285
1657713300 1485822 109285 1485822 109285
1657713000 1485822 109285 1485822 109285
1657712700 1485822 109285 1485822 109285
1657712400 1485822 109285 1485822 109285
1657712100 1485822 109285 1485822 109285
1657711800 1485822 109285 1485822 109285
1657711500 1485822 109285 1485822 109285
1657711200 1484098 109229 1485822 109285
1657710900 963295 92239 968724 92584
1657710600 154491 40971 154491 40971
1657710300 154491 40971 154491 40971
1657710000 154491 40971 154491 40971
1657709700 154491 40971 154491 40971
1657709400 146836 40527 154491 40971
1657709100 50111 34930 50111 34930
1657708800 50111 34930 50111 34930
1657708500 50111 34930 50111 34930
1657708200 50111 34930 50111 34930
1657707900 50111 34930 50111 34930
1657707600 50111 34930 50111 34930
1657707300 50111 34930 50111 34930
1657707000 50111 34930 50111 34930
1657706700 50111 34930 50111 34930
1657706400 50143 34926 59810 34930
1657706100 59859 33937 74790 41781
1657705800 80891 41452 157994 41781
1657705500 159170 37380 174803 38519
1657705200 172084 38211 174803 38519
1657704900 144261 34687 226813 39254
1657704600 226813 39254 226813 39254
1657704300 226813 39254 226813 39254
1657704000 226813 39254 226813 39254
1657703700 226813 39254 226813 39254
1657703400 226813 39254 226813 39254
1657703100 226195 39228 226813 39254
1657702800 41662 31576 41662 31576
1657702500 41662 31576 41662 31576
1657702200 41662 31576 41662 31576
1657701900 41662 31576 41662 31576
1657701600 41662 31576 41662 31576
1657701300 41662 31576 41662 31576
1657701000 40872 31767 41662 34185
1657700700 30897 34185 30897 34185
1657700400 30897 34185 30897 34185
1657700100 30897 34185 30897 34185
1657699800 30897 34185 30897 34185
1657699500 30932 34184 41648 34185
1657699200 57683 34947 260316 47157
1657698900 260316 47157 260316 47157
1657698600 260316 47157 260316 47157
1657698300 260316 47157 260316 47157
1657698000 260316 47157 260316 47157
1657697700 259380 47091 260316 47157
1657697400 119917 37392 119917 37392
1657697100 119917 37392 119917 37392
1657696800 120165 37379 157129 37392
1657696500 157129 35450 157129 35450
1657696200 157129 35450 157129 35450
1657695900 157129 35450 157129 35450
1657695600 157129 35450 157129 35450
1657695300 157129 35450 157129 35450
1657695000 157129 35450 157129 35450
1657694700 157129 35450 157129 35450
1657694400 157129 35450 157129 35450
1657694100 157129 35450 157129 35450
1657693800 157129 35450 157129 35450
1657693500 158670 35565 619638 70137
1657693200 619638 70137 619638 70137
1657692900 619638 70137 619638 70137
1657692600 619638 70137 619638 70137
1657692300 619638 70137 619638 70137
1657692000 619638 70137 619638 70137
1657691700 619638 70137 619638 70137
1657691400 576598 67574 619638 70137
1657691100 32731 35192 32731 35192
1657690800 32731 35192 32731 35192
1657690500 32731 35192 32731 35192
1657690200 32731 35192 32731 35192
1657689900 32731 35192 32731 35192
1657689600 32731 35192 32731 35192
1657689300 32731 35192 32731 35192
1657689000 32731 35192 32731 35192
1657688700 32731 35192 32731 35192
1657688400 32731 35192 32731 35192
1657688100 32731 35192 32731 35192
1657687800 32731 35192 32731 35192
1657687500 32731 35192 32731 35192
1657687200 32794 35208 51775 40009
1657686900 50311 39484 51775 40009
1657686600 38652 32783 142025 36427
1657686300 142455 36436 206630 37870
1657686000 206630 37870 206630 37870
1657685700 206630 37870 206630 37870
1657685400 194596 39106 206630 54736
1657685100 42539 54736 42539 54736
1657684800 42539 54736 42539 54736
1657684500 42539 54736 42539 54736
1657684200 42539 54736 42539 54736
1657683900 42539 54736 42539 54736
1657683600 42539 54736 42539 54736
1657683300 42539 54736 42539 54736
1657683000 42594 54704 50919 54736
1657682700 51682 49920 279862 49949
1657682400 279862 41362 279862 41362
1657682100 279862 41362 279862 41362
1657681800 279862 41362 279862 41362
1657681500 279862 41362 279862 41362
1657681200 279862 41362 279862 41362
1657680900 279862 41362 279862 41362
1657680600 279862 41362 279862 41362
1657680300 279862 41362 279862 41362
1657680000 279862 41362 279862 41362
1657679700 279862 41362 279862 41362
1657679400 279862 41362 279862 41362
1657679100 279862 41362 279862 41362
1657678800 279862 41362 279862 41362
1657678500 279862 41362 279862 41362
1657678200 279324 41377 279862 46139
1657677900 118552 46139 118552 46139
1657677600 118552 46139 118552 46139
1657677300 118552 46139 118552 46139
1657677000 118552 46139 118552 46139
1657676700 118552 46139 118552 46139
1657676400 118954 46105 178854 46139
1657676100 179642 40808 189610 41178
1657675800 189610 36144 189610 36144
1657675500 189610 36144 189610 36144
1657675200 189610 36144 189610 36144
1657674900 189610 36144 189610 36144
1657674600 191031 36188 402791 42783
1657674300 402791 42783 402791 42783
1657674000 402791 42783 402791 42783
1657673700 402791 42783 402791 42783
1657673400 402791 42783 402791 42783
1657673100 402791 42783 402791 42783
1657672800 402791 42783 402791 42783
1657672500 402791 42783 402791 42783
1657672200 402791 42783 402791 42783
1657671900 402791 42783 402791 42783
1657671600 402791 42783 402791 42783
1657671300 402791 42783 402791 42783
1657671000 402791 42783 402791 42783
1657670700 402791 42783 402791 42783
1657670400 402791 42783 402791 42783
1657670100 402791 42783 402791 42783
1657669800 402791 42783 402791 42783
1657669500 402791 42783 402791 42783
1657669200 402791 42783 402791 42783
1657668900 402791 42783 402791 42783
1657668600 402048 42803 402791 45788
1657668300 291397 45788 291397 45788
1657668000 291397 45788 291397 45788
1657667700 291189 45782 291397 45788
1657667400 234697 44050 307624 44106
1657667100 314246 44218 397927 55627
1657666800 395908 55482 397927 55627
1657666500 95079 33936 95079 33936
1657666200 95079 33936 95079 33936
1657665900 95079 33936 95079 33936
1657665600 104915 34920 229216 47366
1657665300 231519 47357 574679 47366
1657665000 573112 46143 574679 50406
1657664700 340484 50389 560539 50406
1657664400 557850 45490 560539 47141
1657664100 154134 46574 157231 47141
1657663800 116771 39745 116846 39753
1657663500 95431 37487 404028 39982
1657663200 388240 39643 404028 39982
1657662900 193063 36299 198105 45492
1657662600 129352 45492 129352 45492
1657662300 129352 45492 129352 45492
1657662000 129352 45492 129352 45492
1657661700 129352 45492 129352 45492
1657661400 129352 45492 129352 45492
1657661100 129352 45492 129352 45492
1657660800 129352 45492 129352 45492
1657660500 143758 44937 325807 45492
1657660200 325807 37932 325807 37932
1657659900 325807 37932 325807 37932
1657659600 336344 38067 469495 39781
1657659300 446991 39891 469495 41281
1657659000 162632 41281 162632 41281
1657658700 162632 41281 162632 41281
1657658400 162632 41281 162632 41281
1657658100 162632 41281 162632 41281
1657657800 162632 41281 162632 41281
1657657500 162632 41281 162632 41281
1657657200 162632 41281 162632 41281
1657656900 162632 41281 162632 41281
1657656600 169870 65114 261339 366280
1657656300 261339 366280 261339 366280
1657656000 261339 366280 261339 366280
1657655700 265384 359780 316508 366280
1657655400 346546 279790 726127 306774
1657655100 726127 306774 726127 306774
1657654800 726127 306774 726127 306774
1657654500 726127 306774 726127 306774
1657654200 726127 306774 726127 306774
1657653900 729106 307409 1173052 402035
1657653600 1174029 402664 1319731 496429
1657653300 1319731 496429 1319731 496429
1657653000 1319731 496429 1319731 496429
1657652700 1314453 495679 1319731 496429
1657652400 792025 421490 792025 421490
1657652100 792025 421490 792025 421490
1657651800 792025 421490 792025 421490
1657651500 792025 421490 792025 421490
1657651200 792025 421490 792025 421490
1657650900 792025 421490 792025 421490
1657650600 793966 420684 1083298 421490
1657650300 1083298 300669 1083298 300669
1657650000 1083298 300669 1083298 300669
1657649700 1090116 303411 1180711 339850
1657649400 1168930 337222 1180711 339850
1657649100 1014662 301770 1020064 304023
1657648800 945183 275598 946408 304509
1657648500 938412 305225 1048346 314279
1657648200 1048346 314279 1048346 314279
1657647900 1048346 314279 1048346 314279
1657647600 1048346 314279 1048346 314279
1657647300 1048346 314279 1048346 314279
1657647000 1049156 314136 1291398 314279
1657646700 1288271 271181 1291398 271405
1657646400 822418 237852 822418 237852
1657646100 822418 237852 822418 237852
1657645800 822418 237852 822418 237852
1657645500 822418 237852 822418 237852
1657645200 822418 237852 822418 237852
1657644900 822418 237852 822418 237852
1657644600 822418 237852 822418 237852
1657644300 821199 238217 822418 292746
1657644000 639593 292746 639593 292746
1657643700 639593 292746 639593 292746
1657643400 639593 292746 639593 292746
1657643100 639593 293029 639640 377831
1657642800 640795 377450 812925 377831
1657642500 844641 316685 1245419 320741
1657642200 1245419 265445 1245419 265445
1657641900 1245419 265445 1245419 265445
1657641600 1245419 265445 1245419 265445
1657641300 1245419 265445 1245419 265445
1657641000 1262458 268450 1477778 306428
1657640700 1469089 305913 1477778 306428
1657640400 174451 229260 174451 229260
1657640100 174451 229260 174451 229260
1657639800 174451 229260 174451 229260
1657639500 188989 250820 372703 523261
1657639200 372703 523261 372703 523261
1657638900 372703 523261 372703 523261
1657638600 372703 523261 372703 523261
1657638300 372703 523261 372703 523261
1657638000 372668 523795 372703 683684
1657637700 360634 679496 362477 683684
1657637400 86164 55508 86164 55508
1657637100 86164 55508 86164 55508
1657636800 86164 55508 86164 55508
1657636500 86164 55508 86164 55508
1657636200 86164 55508 86164 55508
1657635900 86164 55508 86164 55508
1657635600 86164 55508 86164 55508
1657635300 86164 55508 86164 55508
1657635000 86164 55508 86164 55508
1657634700 86164 55508 86164 55508
1657634400 86164 55508 86164 55508
1657634100 86164 55508 86164 55508
1657633800 86164 55508 86164 55508
1657633500 111533 56318 432116 66562
1657633200 432116 66562 432116 66562
1657632900 432116 66562 432116 66562
1657632600 432116 66562 432116 66562
1657632300 432116 66562 432116 66562
1657632000 432116 66562 432116 66562
1657631700 432116 66562 432116 66562
1657631400 432116 66562 432116 66562
1657631100 432116 66562 432116 66562
1657630800 432116 66562 432116 66562
1657630500 432116 66562 432116 66562
1657630200 432116 66562 432116 66562
1657629900 432116 66562 432116 66562
1657629600 432116 66562 432116 66562
1657629300 432116 66562 432116 66562
1657629000 452824 67444 690974 77594
1657628700 689765 77877 690974 120119
1657628400 509713 120119 509713 120119
1657628100 509713 120119 509713 120119
1657627800 507571 119562 509713 120119
1657627500 188471 36606 188471 36606
1657627200 188471 36606 188471 36606
1657626900 188471 36606 188471 36606
1657626600 188471 36606 188471 36606
1657626300 188471 36606 188471 36606
1657626000 188471 36606 188471 36606
1657625700 188471 36606 188471 36606
1657625400 188471 36606 188471 36606
1657625100 188471 36606 188471 36606
1657624800 188471 36606 188471 36606
1657624500 188471 36606 188471 36606
1657624200 188471 36606 188471 36606
1657623900 188471 36606 188471 36606
1657623600 188471 36606 188471 36606
1657623300 188471 36606 188471 36606
1657623000 188471 36606 188471 36606
1657622700 188471 36606 188471 36606
1657622400 191485 36725 640656 54477
1657622100 617786 53245 640656 54477
1657621800 338899 37443 466568 37677
1657621500 466568 34493 466568 34493
1657621200 466568 34493 466568 34493
1657620900 466568 34493 466568 34493
1657620000 242053 32504 466568 34493
1657618200 28255 30612 28255 30612
1657616400 76905 31427 298485 35677
1657614600 250710 35907 404551 37463
1657612800 279756 38626 412153 42303
1657611000 190724 35932 251865 38127
1657609200 132192 33827 132502 33844
1657607400 228283 40187 271485 43505
1657605600 300666 41035 480683 52384
1657603800 499341 49568 667853 53685
1657602000 358462 44465 667853 53685
1657600200 146109 34216 327617 37137
1657598400 229624 35487 229624 35487
1657596600 187124 34593 229624 35487
1657594800 171780 34990 232881 37584
1657593000 165004 34687 193714 36667
1657591200 121640 31419 121640 31419
1657589400 106132 32213 127185 32879
1657587600 290551 35524 454077 38191
1657585800 454077 38191 454077 38191
1657584000 454077 38191 454077 38191
1657582200 431425 41010 454077 46316
1657580400 323565 46316 323565 46316
1657578600 274204 42467 323565 46316
1657576800 178150 34980 178150 34980
1657575000 219680 36020 350506 41099
1657573200 232449 37684 350506 41099
1657571400 302469 40959 372786 45525
1657569600 449952 78508 698018 111609
1657567800 701393 104319 1037996 111609
1657566000 1046906 117757 1217439 165639
1657564200 1091409 93762 2234033 132688
1657562400 1599649 116347 2234033 132688
1657560600 898756 90699 945625 92659
1657558800 740167 94331 855068 107725
1657557000 855068 93286 855068 93286
1657555200 746533 90297 880665 106640
1657553400 485158 84520 523343 97226
1657551600 371565 92836 445368 97226
1657549800 343946 92867 343946 92867
1657548000 532935 104952 691159 110177
1657546200 495520 74991 495520 74991
1657544400 472540 77497 495520 106854
1657542600 395051 106897 994963 110468
1657540800 387963 81154 994963 110468
1657539000 246235 114513 330042 315653
1657537200 307725 47363 1034587 69872
1657535400 179755 43330 568384 58007
1657533600 346375 38780 348247 40025
1657531800 102965 30730 348247 40025
1657530000 73820 30254 169605 36874
1657528200 79169 31989 179843 31993
1657526400 179843 29510 179843 29510
1657524600 195769 31081 250255 33077
1657522800 8251 26922 10396 27269
1657521000 6804 26876 7033 27096
1657519200 162022 30721 239615 32964
1657517400 244716 33154 272421 34178
1657515600 238229 31587 272421 38708
1657513800 501587 38561 1058995 56231
1657512000 1209199 60597 2106944 86151
1657510200 38996 30581 69269 34175
1657508400 26365 29623 26365 29623
1657506600 38050 29747 982547 39881
1657504800 982547 39881 982547 39881
1657503000 983762 40042 1082074 53158
1657501200 1049399 54478 1082074 59520
1657499400 138281 34008 155119 34028
1657497600 40543 30077 104693 33974
1657495800 77879 32110 226129 38069
1657494000 125232 32290 127259 34767
1657492200 127259 31119 127259 31119
1657490400 227647 34289 289120 35858
1657488600 213254 35919 318426 38047
1657486800 167449 36167 206098 37271
1657485000 430145 44509 1310096 70903
1657483200 393468 37251 479825 39579
1657481400 132503 32079 438478 36440
1657479600 71797 31214 71797 31214
1657477800 107427 32023 174912 33557
1657476000 103657 31210 174912 33557
1657474200 59025 28726 59025 28726
1657472400 90519 30356 174578 33021
1657470600 49260 30012 254135 34822
1657468800 111582 32358 254135 34822
1657467000 324596 35978 437667 37905
1657465200 106538 31053 437667 37905
1657463400 80668 30471 280331 34374
1657461600 280253 34371 280331 34374
1657459800 211237 32715 211237 32715
1657458000 211237 32715 211237 32715
1657456200 293543 36265 334595 38036
1657454400 226383 45637 409649 108655
1657452600 256181 44160 418271 113291
1657450800 418271 29662 418271 29662
1657449000 276890 30601 469771 36644
1657447200 165690 28887 191769 29316
1657445400 109701 28849 119776 29096
1657443600 119776 29096 119776 29096
1657441800 176145 30917 204190 31825
1657440000 204190 31825 204190 31825
1657438200 206613 31633 283607 32339
1657436400 283607 29356 283607 29356
1657434600 283595 29356 283607 30117
1657432800 272625 31532 274243 32943
1657431000 239272 30552 271016 32943
1657429200 212406 28475 212406 28475
1657427400 212406 28475 212406 28475
1657425600 136546 30608 212406 34793
1657423800 182766 34793 182766 34793
1657422000 191837 33827 196351 34793
1657420200 274471 36871 362102 40043
1657418400 26274 29057 29164 31560
1657416600 166974 32001 364768 32281
1657414800 183834 75700 364768 83631
1657413000 150786 83631 150786 83631
1657411200 150786 83631 150786 83631
1657409400 161241 75414 265372 83631
1657407600 55321 32431 265372 33865
1657405800 21507 34583 42589 45764
1657404000 10509 27656 10509 27656
1657402200 19205 27921 57812 28984
1657400400 754142 41934 885598 44431
1657398600 523414 38657 885598 44431
1657396800 445870 38308 564395 41392
1657395000 564395 41392 564395 41392
1657393200 560943 41374 564395 41392
1657391400 282041 40044 282041 40044
1657389600 279388 39996 282041 40044
1657387800 78452 35095 140078 37846
1657386000 559618 48667 763805 55216
1657384200 113927 31141 324241 34627
1657382400 35172 30387 58058 31743
1657380600 382517 46653 795351 60631
1657378800 619498 53633 619498 53633
1657377000 619498 53633 619498 53633
1657375200 619498 53633 619498 53633
1657373400 683646 56021 768120 64892
1657371600 476673 64892 476673 64892
1657369800 476673 64892 476673 64892
1657368000 476673 64892 476673 64892
1657366200 476673 64892 476673 64892
1657364400 406428 48692 476673 64892
1657362600 335870 39109 456440 43363
1657360800 159336 32627 475091 42487
1657359000 319425 38110 475091 42487
1657357200 91099 42970 139738 68866
1657355400 116061 69271 116090 799262
1657353600 145466 161816 370105 799262
1657351800 370105 37724 370105 37724
1657350000 488398 39471 623596 42812
1657348200 557581 40324 623596 40501
1657346400 362074 38725 432558 39992
1657344600 12463 32445 12463 32445
1657342800 12463 32445 12463 32445
1657341000 12463 32445 12463 32445
1657339200 50110 40987 56987 42548
1657337400 56943 42534 56987 42548
1657335600 190466 34158 500656 38908
1657333800 346175 37241 500656 38908
1657332000 196229 35647 196354 36272
1657330200 85327 36272 85327 36272
1657328400 278072 34378 415730 36272
1657326600 40387 30869 166598 41835
1657324800 91015 37043 166598 41835
1657323000 46682 35265 184339 49138
1657321200 156113 42877 184339 49138
1657319400 131672 36896 328659 36916
1657317600 133604 34690 328659 36186
1657315800 132188 36459 186125 38418
1657314000 147455 40195 186125 43809
1657312200 492662 65012 1072210 103566
1657310400 1062846 105261 1072210 113056
1657308600 1241927 108056 1336545 135934
1657306800 1149710 94868 1336545 102464
1657305000 1065368 95829 1065368 95829
1657303200 1511311 116419 1733171 126665
1657301400 1372786 116974 1733171 126665
1657299600 1108261 88547 1464019 98509
1657297800 616470 79747 731993 98509
1657296000 561830 70874 561830 70874
1657294200 561830 70874 561830 70874
1657292400 652598 76550 697650 79370
1657290600 690489 78923 690489 78923
1657288800 648441 85431 690489 98000
1657287000 152953 85775 639874 98000
1657285200 176514 77122 288140 83552
1657283400 288140 70724 288140 70724
1657281600 403115 80324 512606 89469
1657279800 488854 84203 512606 89469
1657278000 191937 64188 420547 71021
1657276200 119226 39421 159140 64188
1657274400 53531 30118 103285 32916
1657272600 62582 34637 67004 35535
1657270800 171895 241690 221636 339451
1657269000 221636 339451 221636 339451
1657267200 221636 339451 221636 339451
1657265400 146589 207980 221636 339451
1657263600 21748 31899 27822 32499
1657261800 2194485 78939 2626845 88334
1657260000 1338545 61469 2626845 88334
1657258200 158373 33066 221216 36927
1657256400 75335 31242 75335 31242
1657254600 49553 30477 75335 31242
1657252800 32518 30121 36728 30256
1657251000 13470 31185 13974 31408
1657249200 26324 32358 50903 34252
1657247400 50903 34252 50903 34252
1657245600 50903 34252 50903 34252
1657243800 175826 37698 409663 43559
1657242000 409663 43559 409663 43559
1657240200 409663 43559 409663 43559
1657238400 140769 34669 409663 43559
1657236600 226458 39569 332225 44055
1657234800 332225 44055 332225 44055
1657233000 231005 41222 332225 44055
1657231200 83607 36615 200488 40876
1657229400 20731 34419 20731 34419
1657227600 67067 36115 156007 37828
1657225800 194816 41738 223053 54172
1657224000 502616 68481 812198 84412
1657222200 812198 84412 812198 84412
1657220400 796172 89210 812198 111241
1657218600 722752 111236 844618 111241
1657216800 838705 101919 862844 108416
1657215000 725416 100909 799694 107232
1657213200 612398 91523 612398 91523
1657211400 616951 93663 637860 103490
1657209600 669572 110176 827670 143561
1657207800 633187 122748 840129 143336
1657206000 840129 143336 840129 143336
1657204200 840129 143336 840129 143336
1657202400 782729 129083 840129 143336
1657200600 583517 103271 907013 119022
1657198800 437808 83762 621023 95496
1657197000 523751 74308 554474 74806
1657195200 222369 45329 517656 74806
1657193400 75095 30628 75095 30628
1657191600 75095 30628 75095 30628
1657189800 75095 30628 75095 30628
1657188000 75095 30628 75095 30628
1657186200 75095 30628 75095 30628
1657184400 89300 30562 116208 30628
1657182600 154620 32226 185891 34568
1657180800 168650 34814 213692 37025
1657179000 201948 36519 370024 37442
1657177200 370018 37442 370024 37658
1657175400 255035 34487 381260 37996
1657173600 195615 32814 195785 32821
1657171800 177459 32340 774670 40990
1657170000 98917 37072 98962 37076
1657168200 67242 33015 107275 34084
1657166400 97375 32863 117056 33801
1657164600 47660 30239 388774 38408
1657162800 388774 38408 388774 38408
1657161000 388774 38408 388774 38408
1657159200 399859 40410 420715 42979
1657157400 420715 42979 420715 42979
1657155600 454930 43784 524002 44743
1657153800 468845 45016 652984 52322
1657152000 366479 41135 652984 52322
1657150200 378092 44072 409974 47086
1657148400 409554 47067 409974 47086
1657146600 98373 35568 159961 39282
1657144800 119496 38403 174366 39282
1657143000 163703 39117 235408 44997
1657141200 177496 37654 742273 68333
1657139400 742273 68333 742273 68333
1657137600 860729 87228 974102 105813
1657135800 1260998 144831 1438351 176983
1657134000 1793985 131160 2337517 176983
1657132200 1280654 158434 2337517 406069
1657130400 1302899 86016 1302899 86016
1657128600 1372794 108971 1512240 154770
1657126800 1102067 176012 1512240 186581
1657125000 992512 102764 1268564 186581
1657123200 625365 95294 625365 95294
1657121400 556715 81980 695755 95294
1657119600 383491 61007 383491 61007
1657117800 367102 138980 541494 527935
1657116000 296510 95855 317307 123177
1657114200 305198 79610 469752 85765
1657112400 275685 81098 275685 81098
1657110600 407526 71585 431608 81098
1657108800 622163 74076 1586009 135170
1657107000 927462 123810 1382662 170530
1657105200 264606 63731 299460 70046
1657103400 153268 50729 171753 51776
1657101600 51027 29689 74515 30252
1657099800 123138 30487 171547 31901
1657098000 171547 31901 171547 31901
1657096200 236479 33187 365700 35750
1657094400 322433 36306 365700 39075
1657092600 102588 33210 193622 39075
1657090800 454442 47684 507912 49733
1657089000 600735 68468 728988 173910
1657087200 392083 41571 392083 41571
1657085400 392083 41571 392083 41571
1657083600 410744 43064 503319 50474
1657081800 453942 45117 503319 50474
1657080000 355622 34991 360200 57704
1657078200 18061 57429 157691 57704
1657076400 906876 47543 1055516 50175
1657074600 1055913 50210 1414451 83411
1657072800 1414451 83411 1414451 83411
1657071000 1414451 83411 1414451 83411
1657069200 1047594 68546 1414451 83411
1657067400 301366 39501 352810 40396
1657065600 48007 33823 64350 35382
1657063800 407450 47725 480591 50642
1657062000 202067 39992 480591 50642
1657060200 151194 38047 151194 38047
1657058400 151194 38047 151194 38047
1657056600 199598 54315 323446 88570
1657054800 192049 45441 273499 50525
1657053000 191227 46343 782690 76709
1657051200 1002177 85450 1546368 107274
1657049400 910719 79628 1092469 92735
1657047600 721412 78301 1092469 92735
1657045800 575115 73548 647794 75438
1657044000 513524 75763 671475 87101
1657042200 671475 87101 671475 87101
1657040400 750534 78823 1430034 108936
1657038600 1243412 122732 1714113 133166
1657036800 968567 133166 968567 133166
1657035000 468394 113628 968567 133166
1657033200 293018 89828 330151 93175
1657031400 508752 93591 592801 95673
1657029600 418656 103180 592801 187269
1657027800 270704 85200 275210 95001
1657026000 269782 95184 342458 121925
1657024200 368619 95381 415419 100637
1657022400 575714 87876 1434175 155398
1657020600 682399 85689 1434175 155398
1657018800 398027 54411 661647 64277
1657017000 620482 56953 693674 64277
1657015200 176785 60105 368905 113268
1657013400 338122 38758 535525 47079
1657011600 242229 35447 313531 38010
1657009800 126815 32587 296504 36659
1657008000 22771 29887 44209 32162
1657006200 92694 32772 636820 50341
1657004400 263572 35351 636820 50341
1657002600 18205 33835 18205 33835
1657000800 18195 33826 18205 33835
1656999000 9232 26855 9232 26855
1656997200 9452 27130 9873 27657
1656995400 9626 27459 9873 28031
1656993600 9525 28031 9525 28031
1656991800 72531 29717 385064 38087
1656990000 390681 38422 844736 65574
1656988200 724320 56410 891708 65574
1656986400 63542 30193 63641 32906
1656984600 55630 32906 55630 32906
1656982800 55630 32906 55630 32906
1656981000 55140 32898 55630 32906
1656979200 15590 32366 15590 32366
1656977400 40662 35311 296823 62200
1656975600 485865 47882 554851 62200
1656973800 396089 38975 467741 39575
1656972000 155836 38043 408362 49187
1656970200 102543 39435 207844 49749
1656968400 207844 49749 207844 49749
1656966600 373709 50513 1050047 80058
1656964800 1050047 80058 1050047 80058
1656963000 1050047 80058 1050047 80058
1656961200 1361059 107878 1629171 198896
1656959400 1545313 180714 2179537 221943
1656957600 1721074 100791 1721074 100791
1656955800 1588454 98227 1863692 122845
1656954000 854294 72679 856154 97095
1656952200 850229 90935 908870 103040
1656950400 753551 93965 1037775 107372
1656948600 543769 107352 543955 107372
1656946800 196180 70745 211827 71807
1656945000 158382 65981 226243 66190
1656943200 226243 66190 226243 66190
1656941400 226474 66179 365569 66190
1656939600 363624 69452 504514 75627
1656937800 497644 72376 665570 74959
1656936000 281842 81850 414915 86789
1656934200 414915 65609 414915 65609
1656932400 229519 53445 414915 65609
1656930600 105735 36773 225067 41863
1656928800 174864 34453 225067 35426
1656927000 165510 35426 165510 35426
1656925200 88661 32086 165510 35426
1656923400 63160 89342 155702 150779
1656921600 155702 31263 155702 31263
1656919800 178564 34263 271126 37523
1656918000 311873 38393 515566 42764
1656916200 233569 33074 285991 34267
1656914400 240041 32923 358002 36002
1656912600 265601 90906 338012 200436
1656910800 159691 73026 183648 200436
1656909000 255151 43478 447292 47748
1656907200 520078 37031 697638 41085
1656905400 697638 36404 697638 36404
1656903600 697638 36404 697638 36404
1656901800 697638 36404 697638 36404
1656900000 695078 36411 697638 36454
1656898200 670865 37040 683335 38688
1656896400 671247 38691 755534 42056
1656894600 428757 35737 755534 42056
1656892800 201071 31319 201071 31319
1656891000 229944 31978 448550 36600
1656889200 179282 30964 329065 32056
1656887400 127927 31892 127927 31892
1656885600 233627 35558 283625 37293
1656883800 283625 37293 283625 37293
1656882000 238170 36214 283625 37293
1656880200 136233 33986 152085 34175
1656878400 106032 33686 152145 34290
1656876600 165700 32710 339964 35908
1656874800 65574 31691 84474 32517
1656873000 59641 31147 59641 31147
1656871200 59641 31147 59641 31147
1656869400 59761 31158 79583 33235
1656867600 63886 30761 79583 33235
1656865800 60884 30288 60884 30288
1656864000 78405 31416 112422 33609
1656862200 112422 33609 112422 33609
1656860400 104266 32235 118765 33609
1656858600 87294 29725 99970 31327
1656856800 78686 27982 78686 27982
1656855000 78839 28173 163057 43980
1656853200 164052 42070 168628 43980
1656851400 121737 31696 168628 33309
1656849600 29048 29377 30501 31214
1656847800 30501 31214 30501 31214
1656846000 73507 33927 206284 45455
1656844200 49225 31505 58144 32424
1656842400 71414 33402 97827 35352
1656840600 131056 34087 146774 35352
1656838800 240734 36255 330212 38891
1656837000 330212 38891 330212 38891
1656835200 278121 36285 1053739 56431
1656833400 45126 29284 58760 30299
1656831600 19308 27365 19308 27365
1656829800 19308 27365 19308 27365
1656828000 19308 27365 19308 27365
1656826200 180410 30729 260761 32408
1656824400 281122 35063 290754 36321
1656822600 159384 34135 290754 36321
1656820800 199806 33187 213464 36094
1656819000 154546 32069 213464 36094
1656817200 51350 28980 57485 29114
1656815400 19432 28419 20925 28908
1656813600 67567 30726 95211 31631
1656811800 88551 41634 95211 91588
1656810000 48368 29352 631307 36463
1656808200 631307 36463 631307 36463
1656806400 558304 38177 653713 40874
1656804600 148971 34367 288093 40874
1656802800 10468 27892 10468 27892
1656801000 10468 27892 10468 27892
1656799200 90948 30998 128971 32315
1656797400 128971 32315 128971 32315
1656795600 128971 32315 128971 32315
1656793800 151344 33344 230971 40794
1656792000 80565 33008 190414 40794
1656790200 52052 29713 58771 31464
1656788400 48711 28843 48711 28843
1656786600 48711 28843 48711 28843
1656784800 53071 29118 73092 30386
1656783000 73092 30386 73092 30386
1656781200 102377 30646 263737 32175
1656779400 169339 35772 190859 37005
1656777600 310434 97471 370100 127695
1656775800 338837 51006 338837 51006
1656774000 129201 64894 338837 67431
1656772200 222423 60746 357209 94712
1656770400 296005 55630 316800 94712
1656768600 316800 47845 316800 47845
1656766800 316307 47935 316800 55347
1656765000 149897 40838 276583 55347
1656763200 133039 36685 174098 37960
1656761400 209571 33167 412678 38920
1656759600 101038 31422 128881 32255
1656757800 467111 37316 641209 39711
1656756000 641209 39711 641209 39711
1656754200 407635 35046 641209 39711
1656752400 185210 30605 185210 30605
1656750600 185210 30605 185210 30605
1656748800 185210 30605 185210 30605
1656747000 260545 39513 321468 47036
1656745200 303596 39212 326404 47036
1656743400 176153 33045 593219 46672
1656741600 151186 39371 169258 42089
1656739800 74487 32292 169258 42089
1656738000 32683 26545 57672 27762
1656736200 64970 29316 156294 36455
1656734400 113342 57767 156294 80812
1656732600 161244 56754 226860 80812
1656730800 226860 33846 226860 33846
1656729000 273284 35499 295296 36285
1656727200 131900 29060 263065 35311
1656725400 259165 32634 357946 36228
1656723600 309361 34967 357946 36228
1656721800 575336 37764 911872 42433
1656720000 603705 36618 603705 36618
1656718200 568516 37018 1001744 43552
1656716400 98382 32052 177734 32850
1656714600 130330 31104 353288 45966
1656712800 353288 45966 353288 45966
1656711000 353288 45966 353288 45966
1656709200 353288 45966 353288 45966
1656707400 606694 45336 1215845 95147
1656705600 1068999 106424 1540209 119802
1656703800 1682601 103156 2019571 110372
1656702000 1891981 101329 2351607 110372
1656700200 2351607 104179 2351607 104179
1656698400 1894747 97814 2351607 104179
1656696600 985574 85149 985585 85153
1656694800 1211729 89592 1497467 101985
1656693000 593922 81364 674307 84997
1656691200 434187 74131 1002260 83032
1656689400 999180 83218 1002260 98402
1656687600 750324 98402 750324 98402
1656685800 638047 80815 1340348 107810
1656684000 0 0 0 0
1656682200 0 0 0 0
1656680400 0 0 0 0
1656678600 0 0 0 0
1656676800 0 0 0 0
1656675000 0 0 0 0
1656673200 0 0 0 0
1656671400 0 0 0 0
1656669600 0 0 0 0
1656667800 0 0 0 0
1656666000 0 0 0 0
1656664200 0 0 0 0
1656662400 0 0 0 0
1656660600 0 0 0 0
1656658800 0 0 0 0
1656657000 0 0 0 0
1656655200 0 0 0 0
1656653400 0 0 0 0
1656651600 0 0 0 0
1656649800 0 0 0 0
1656648000 0 0 0 0
1656646200 0 0 0 0
1656644400 0 0 0 0
1656642600 0 0 0 0
1656640800 0 0 0 0
1656639000 0 0 0 0
1656637200 0 0 0 0
1656635400 0 0 0 0
1656633600 0 0 0 0
1656631800 0 0 0 0
1656630000 0 0 0 0
1656628200 0 0 0 0
1656626400 0 0 0 0
1656624600 0 0 0 0
1656622800 0 0 0 0
1656621000 0 0 0 0
1656619200 0 0 0 0
1656617400 0 0 0 0
1656615600 0 0 0 0
1656613800 0 0 0 0
1656612000 0 0 0 0
1656610200 0 0 0 0
1656608400 0 0 0 0
1656606600 0 0 0 0
1656604800 0 0 0 0
1656603000 0 0 0 0
1656601200 0 0 0 0
1656599400 0 0 0 0
1656597600 0 0 0 0
1656595800 0 0 0 0
1656594000 0 0 0 0
1656592200 0 0 0 0
1656590400 0 0 0 0
1656588600 0 0 0 0
1656586800 0 0 0 0
1656585000 0 0 0 0
1656583200 0 0 0 0
1656581400 0 0 0 0
1656579600 0 0 0 0
1656577800 0 0 0 0
1656576000 0 0 0 0
1656574200 0 0 0 0
1656572400 0 0 0 0
1656570600 0 0 0 0
1656568800 0 0 0 0
1656567000 0 0 0 0
1656565200 0 0 0 0
1656563400 0 0 0 0
1656561600 0 0 0 0
1656559800 0 0 0 0
1656558000 0 0 0 0
1656556200 0 0 0 0
1656554400 0 0 0 0
1656552600 0 0 0 0
1656550800 0 0 0 0
1656549000 0 0 0 0
1656547200 0 0 0 0
1656545400 0 0 0 0
1656543600 0 0 0 0
1656541800 0 0 0 0
1656540000 0 0 0 0
1656532800 0 0 0 0
1656525600 0 0 0 0
1656518400 0 0 0 0
1656511200 0 0 0 0
1656504000 0 0 0 0
1656496800 0 0 0 0
1656489600 0 0 0 0
1656482400 0 0 0 0
1656475200 0 0 0 0
1656468000 0 0 0 0
1656460800 0 0 0 0
1656453600 0 0 0 0
1656446400 0 0 0 0
1656439200 0 0 0 0
1656432000 0 0 0 0
1656424800 0 0 0 0
1656417600 0 0 0 0
1656410400 0 0 0 0
1656403200 0 0 0 0
1656396000 0 0 0 0
1656388800 0 0 0 0
1656381600 0 0 0 0
1656374400 0 0 0 0
1656367200 0 0 0 0
1656360000 0 0 0 0
1656352800 0 0 0 0
1656345600 0 0 0 0
1656338400 0 0 0 0
1656331200 0 0 0 0
1656324000 0 0 0 0
1656316800 0 0 0 0
1656309600 0 0 0 0
1656302400 0 0 0 0
1656295200 0 0 0 0
1656288000 0 0 0 0
1656280800 0 0 0 0
1656273600 0 0 0 0
1656266400 0 0 0 0
1656259200 0 0 0 0
1656252000 0 0 0 0
1656244800 0 0 0 0
1656237600 0 0 0 0
1656230400 0 0 0 0
1656223200 0 0 0 0
1656216000 0 0 0 0
1656208800 0 0 0 0
1656201600 0 0 0 0
1656194400 0 0 0 0
1656187200 0 0 0 0
1656180000 0 0 0 0
1656172800 0 0 0 0
1656165600 0 0 0 0
1656158400 0 0 0 0
1656151200 0 0 0 0
1656144000 0 0 0 0
1656136800 0 0 0 0
1656129600 0 0 0 0
1656122400 0 0 0 0
1656115200 0 0 0 0
1656108000 0 0 0 0
1656100800 0 0 0 0
1656093600 0 0 0 0
1656086400 0 0 0 0
1656079200 0 0 0 0
1656072000 0 0 0 0
1656064800 0 0 0 0
1656057600 0 0 0 0
1656050400 0 0 0 0
1656043200 0 0 0 0
1656036000 0 0 0 0
1656028800 0 0 0 0
1656021600 0 0 0 0
1656014400 0 0 0 0
1656007200 0 0 0 0
1656000000 0 0 0 0
1655992800 0 0 0 0
1655985600 0 0 0 0
1655978400 0 0 0 0
1655971200 0 0 0 0
1655964000 0 0 0 0
1655956800 0 0 0 0
1655949600 0 0 0 0
1655942400 0 0 0 0
1655935200 0 0 0 0
1655928000 0 0 0 0
1655920800 0 0 0 0
1655913600 0 0 0 0
1655906400 0 0 0 0
1655899200 0 0 0 0
1655892000 0 0 0 0
1655884800 0 0 0 0
1655877600 0 0 0 0
1655870400 0 0 0 0
1655863200 0 0 0 0
1655856000 0 0 0 0
1655848800 0 0 0 0
1655841600 0 0 0 0
1655834400 0 0 0 0
1655827200 0 0 0 0
1655820000 0 0 0 0
1655812800 0 0 0 0
1655805600 0 0 0 0
1655798400 0 0 0 0
1655791200 0 0 0 0
1655784000 0 0 0 0
1655776800 0 0 0 0
1655769600 0 0 0 0
1655762400 0 0 0 0
1655755200 0 0 0 0
1655748000 0 0 0 0
1655740800 0 0 0 0
1655733600 0 0 0 0
1655726400 0 0 0 0
1655719200 0 0 0 0
1655712000 0 0 0 0
1655704800 0 0 0 0
1655697600 0 0 0 0
1655690400 0 0 0 0
1655683200 0 0 0 0
1655676000 0 0 0 0
1655668800 0 0 0 0
1655661600 0 0 0 0
1655654400 0 0 0 0
1655647200 0 0 0 0
1655640000 0 0 0 0
1655632800 0 0 0 0
1655625600 0 0 0 0
1655618400 0 0 0 0
1655611200 0 0 0 0
1655604000 0 0 0 0
1655596800 0 0 0 0
1655589600 0 0 0 0
1655582400 0 0 0 0
1655575200 0 0 0 0
1655568000 0 0 0 0
1655560800 0 0 0 0
1655553600 0 0 0 0
1655546400 0 0 0 0
1655539200 0 0 0 0
1655532000 0 0 0 0
1655524800 0 0 0 0
1655517600 0 0 0 0
1655510400 0 0 0 0
1655503200 0 0 0 0
1655496000 0 0 0 0
1655488800 0 0 0 0
1655481600 0 0 0 0
1655474400 0 0 0 0
1655467200 0 0 0 0
1655460000 0 0 0 0
1655452800 0 0 0 0
1655445600 0 0 0 0
1655438400 0 0 0 0
1655431200 0 0 0 0
1655424000 0 0 0 0
1655416800 0 0 0 0
1655409600 0 0 0 0
1655402400 0 0 0 0
1655395200 0 0 0 0
1655388000 0 0 0 0
1655380800 0 0 0 0
1655373600 0 0 0 0
1655366400 0 0 0 0
1655359200 0 0 0 0
1655352000 0 0 0 0
1655344800 0 0 0 0
1655337600 0 0 0 0
1655330400 0 0 0 0
1655323200 0 0 0 0
1655316000 0 0 0 0
1655308800 0 0 0 0
1655301600 0 0 0 0
1655294400 0 0 0 0
1655287200 0 0 0 0
1655280000 0 0 0 0
1655272800 0 0 0 0
1655265600 0 0 0 0
1655258400 0 0 0 0
1655251200 0 0 0 0
1655244000 0 0 0 0
1655236800 0 0 0 0
1655229600 0 0 0 0
1655222400 0 0 0 0
1655215200 0 0 0 0
1655208000 0 0 0 0
1655200800 0 0 0 0
1655193600 0 0 0 0
1655186400 0 0 0 0
1655179200 0 0 0 0
1655172000 0 0 0 0
1655164800 0 0 0 0
1655157600 0 0 0 0
1655150400 0 0 0 0
1655143200 0 0 0 0
1655136000 0 0 0 0
1655128800 0 0 0 0
1655121600 0 0 0 0
1655114400 0 0 0 0
1655107200 0 0 0 0
1655100000 0 0 0 0
1655092800 0 0 0 0
1655085600 0 0 0 0
1655078400 0 0 0 0
1655071200 0 0 0 0
1655064000 0 0 0 0
1655056800 0 0 0 0
1655049600 0 0 0 0
1655042400 0 0 0 0
1655035200 0 0 0 0
1655028000 0 0 0 0
1655020800 0 0 0 0
1655013600 0 0 0 0
1655006400 0 0 0 0
1654999200 0 0 0 0
1654992000 0 0 0 0
1654984800 0 0 0 0
1654977600 0 0 0 0
1654970400 0 0 0 0
1654963200 0 0 0 0
1654956000 0 0 0 0
1654948800 0 0 0 0
1654941600 0 0 0 0
1654934400 0 0 0 0
1654927200 0 0 0 0
1654920000 0 0 0 0
1654912800 0 0 0 0
1654905600 0 0 0 0
1654898400 0 0 0 0
1654891200 0 0 0 0
1654884000 0 0 0 0
1654876800 0 0 0 0
1654869600 0 0 0 0
1654862400 0 0 0 0
1654855200 0 0 0 0
1654848000 0 0 0 0
1654840800 0 0 0 0
1654833600 0 0 0 0
1654826400 0 0 0 0
1654819200 0 0 0 0
1654812000 0 0 0 0
1654804800 0 0 0 0
1654797600 0 0 0 0
1654790400 0 0 0 0
1654783200 0 0 0 0
1654776000 0 0 0 0
1654768800 0 0 0 0
1654761600 0 0 0 0
1654754400 0 0 0 0
1654747200 0 0 0 0
1654740000 0 0 0 0
1654732800 0 0 0 0
1654725600 0 0 0 0
1654718400 0 0 0 0
1654711200 0 0 0 0
1654704000 0 0 0 0
1654696800 0 0 0 0
1654689600 0 0 0 0
1654682400 0 0 0 0
1654675200 0 0 0 0
1654668000 0 0 0 0
1654660800 0 0 0 0
1654653600 0 0 0 0
1654646400 0 0 0 0
1654639200 0 0 0 0
1654632000 0 0 0 0
1654624800 0 0 0 0
1654617600 0 0 0 0
1654610400 0 0 0 0
1654603200 0 0 0 0
1654596000 0 0 0 0
1654588800 0 0 0 0
1654581600 0 0 0 0
1654574400 0 0 0 0
1654567200 0 0 0 0
1654560000 0 0 0 0
1654552800 0 0 0 0
1654545600 0 0 0 0
1654538400 0 0 0 0
1654531200 0 0 0 0
1654524000 0 0 0 0
1654516800 0 0 0 0
1654509600 0 0 0 0
1654502400 0 0 0 0
1654495200 0 0 0 0
1654488000 0 0 0 0
1654480800 0 0 0 0
1654473600 0 0 0 0
1654466400 0 0 0 0
1654459200 0 0 0 0
1654452000 0 0 0 0
1654444800 0 0 0 0
1654437600 0 0 0 0
1654430400 0 0 0 0
1654423200 0 0 0 0
1654416000 0 0 0 0
1654408800 0 0 0 0
1654401600 0 0 0 0
1654394400 0 0 0 0
1654387200 0 0 0 0
1654380000 0 0 0 0
1654372800 0 0 0 0
1654365600 0 0 0 0
1654358400 0 0 0 0
1654351200 0 0 0 0
1654344000 0 0 0 0
1654336800 0 0 0 0
1654329600 0 0 0 0
1654322400 0 0 0 0
1654315200 0 0 0 0
1654308000 0 0 0 0
1654300800 0 0 0 0
1654293600 0 0 0 0
1654286400 0 0 0 0
1654279200 0 0 0 0
1654272000 0 0 0 0
1654264800 0 0 0 0
1654257600 0 0 0 0
1654250400 0 0 0 0
1654243200 0 0 0 0
1654236000 0 0 0 0
1654228800 0 0 0 0
1654221600 0 0 0 0
1654214400 0 0 0 0
1654207200 0 0 0 0
1654200000 0 0 0 0
1654192800 0 0 0 0
1654185600 0 0 0 0
1654178400 0 0 0 0
1654171200 0 0 0 0
1654164000 0 0 0 0
1654156800 0 0 0 0
1654149600 0 0 0 0
1654142400 0 0 0 0
1654135200 0 0 0 0
1654128000 0 0 0 0
1654120800 0 0 0 0
1654113600 0 0 0 0
1654106400 0 0 0 0
1654099200 0 0 0 0
1654092000 0 0 0 0
1654084800 0 0 0 0
1654077600 0 0 0 0
1654070400 0 0 0 0
1654063200 0 0 0 0
1654056000 0 0 0 0
1654048800 0 0 0 0
1654041600 0 0 0 0
1654034400 0 0 0 0
1654027200 0 0 0 0
1654020000 0 0 0 0
1654012800 0 0 0 0
1654005600 0 0 0 0
1653998400 0 0 0 0
1653991200 0 0 0 0
1653984000 0 0 0 0
1653976800 0 0 0 0
1653969600 0 0 0 0
1653962400 0 0 0 0
1653955200 0 0 0 0
1653948000 0 0 0 0
1653940800 0 0 0 0
1653933600 0 0 0 0
1653926400 0 0 0 0
1653919200 0 0 0 0
1653912000 0 0 0 0
1653904800 0 0 0 0
1653897600 0 0 0 0
1653890400 0 0 0 0
1653883200 0 0 0 0
1653876000 0 0 0 0
1653868800 0 0 0 0
1653861600 0 0 0 0
1653854400 0 0 0 0
1653847200 0 0 0 0
1653840000 0 0 0 0
1653832800 0 0 0 0
1653825600 0 0 0 0
1653818400 0 0 0 0
1653811200 0 0 0 0
1653804000 0 0 0 0
1653796800 0 0 0 0
1653789600 0 0 0 0
1653782400 0 0 0 0
1653775200 0 0 0 0
1653768000 0 0 0 0
1653760800 0 0 0 0
1653753600 0 0 0 0
1653746400 0 0 0 0
1653739200 0 0 0 0
1653732000 0 0 0 0
1653724800 0 0 0 0
1653717600 0 0 0 0
1653710400 0 0 0 0
1653703200 0 0 0 0
1653696000 0 0 0 0
1653688800 0 0 0 0
1653681600 0 0 0 0
1653674400 0 0 0 0
1653667200 0 0 0 0
1653660000 0 0 0 0
1653652800 0 0 0 0
1653645600 0 0 0 0
1653638400 0 0 0 0
1653631200 0 0 0 0
1653624000 0 0 0 0
1653616800 0 0 0 0
1653609600 0 0 0 0
1653602400 0 0 0 0
1653595200 0 0 0 0
1653588000 0 0 0 0
1653580800 0 0 0 0
1653573600 0 0 0 0
1653566400 0 0 0 0
1653559200 0 0 0 0
1653552000 0 0 0 0
1653544800 0 0 0 0
1653537600 0 0 0 0
1653530400 0 0 0 0
1653523200 0 0 0 0
1653516000 0 0 0 0
1653508800 0 0 0 0
1653501600 0 0 0 0
1653494400 0 0 0 0
1653487200 0 0 0 0
1653480000 0 0 0 0
1653472800 0 0 0 0
1653465600 0 0 0 0
1653458400 0 0 0 0
1653451200 0 0 0 0
1653444000 0 0 0 0
1653436800 0 0 0 0
1653429600 0 0 0 0
1653422400 0 0 0 0
1653415200 0 0 0 0
1653408000 0 0 0 0
1653400800 0 0 0 0
1653393600 0 0 0 0
1653386400 0 0 0 0
1653379200 0 0 0 0
1653372000 0 0 0 0
1653364800 0 0 0 0
1653357600 0 0 0 0
1653350400 0 0 0 0
1653343200 0 0 0 0
1653336000 0 0 0 0
1653328800 0 0 0 0
1653321600 0 0 0 0
1653314400 0 0 0 0
1653307200 0 0 0 0
1653300000 0 0 0 0
1653292800 0 0 0 0
1653285600 0 0 0 0
1653278400 0 0 0 0
1653271200 0 0 0 0
1653264000 0 0 0 0
1653256800 0 0 0 0
1653249600 0 0 0 0
1653242400 0 0 0 0
1653235200 0 0 0 0
1653228000 0 0 0 0
1653220800 0 0 0 0
1653213600 0 0 0 0
1653206400 0 0 0 0
1653199200 0 0 0 0
1653192000 0 0 0 0
1653184800 0 0 0 0
1653177600 0 0 0 0
1653170400 0 0 0 0
1653163200 0 0 0 0
1653156000 0 0 0 0
1653148800 0 0 0 0
1653141600 0 0 0 0
1653134400 0 0 0 0
1653127200 0 0 0 0
1653120000 0 0 0 0
1653112800 0 0 0 0
1653105600 0 0 0 0
1653098400 0 0 0 0
1653091200 0 0 0 0
1653084000 0 0 0 0
1653076800 0 0 0 0
1653069600 0 0 0 0
1653062400 0 0 0 0
1653055200 0 0 0 0
1653048000 0 0 0 0
1653040800 0 0 0 0
1653033600 0 0 0 0
1653026400 0 0 0 0
1653019200 0 0 0 0
1653012000 0 0 0 0
1653004800 0 0 0 0
1652997600 0 0 0 0
1652990400 0 0 0 0
1652983200 0 0 0 0
1652976000 0 0 0 0
1652968800 0 0 0 0
1652961600 0 0 0 0
1652954400 0 0 0 0
1652947200 0 0 0 0
1652940000 0 0 0 0
1652932800 0 0 0 0
1652925600 0 0 0 0
1652918400 0 0 0 0
1652911200 0 0 0 0
1652904000 0 0 0 0
1652896800 0 0 0 0
1652889600 0 0 0 0
1652882400 0 0 0 0
1652875200 0 0 0 0
1652868000 0 0 0 0
1652860800 0 0 0 0
1652853600 0 0 0 0
1652846400 0 0 0 0
1652839200 0 0 0 0
1652832000 0 0 0 0
1652824800 0 0 0 0
1652817600 0 0 0 0
1652810400 0 0 0 0
1652803200 0 0 0 0
1652796000 0 0 0 0
1652788800 0 0 0 0
1652781600 0 0 0 0
1652774400 0 0 0 0
1652767200 0 0 0 0
1652760000 0 0 0 0
1652752800 0 0 0 0
1652745600 0 0 0 0
1652738400 0 0 0 0
1652731200 0 0 0 0
1652724000 0 0 0 0
1652716800 0 0 0 0
1652709600 0 0 0 0
1652702400 0 0 0 0
1652695200 0 0 0 0
1652688000 0 0 0 0
1652680800 0 0 0 0
1652673600 0 0 0 0
1652666400 0 0 0 0
1652659200 0 0 0 0
1652652000 0 0 0 0
1652644800 0 0 0 0
1652637600 0 0 0 0
1652630400 0 0 0 0
1652623200 0 0 0 0
1652616000 0 0 0 0
1652608800 0 0 0 0
1652601600 0 0 0 0
1652594400 0 0 0 0
1652587200 0 0 0 0
1652580000 0 0 0 0
1652572800 0 0 0 0
1652565600 0 0 0 0
1652558400 0 0 0 0
1652551200 0 0 0 0
1652544000 0 0 0 0
1652536800 0 0 0 0
1652529600 0 0 0 0
1652522400 0 0 0 0
1652515200 0 0 0 0
1652508000 0 0 0 0
1652500800 0 0 0 0
1652493600 0 0 0 0
1652486400 0 0 0 0
1652479200 0 0 0 0
1652472000 0 0 0 0
1652464800 0 0 0 0
1652457600 0 0 0 0
1652450400 0 0 0 0
1652443200 0 0 0 0
1652436000 0 0 0 0
1652428800 0 0 0 0
1652421600 0 0 0 0
1652414400 0 0 0 0
1652407200 0 0 0 0
1652400000 0 0 0 0
1652392800 0 0 0 0
1652385600 0 0 0 0
1652378400 0 0 0 0
1652371200 0 0 0 0
1652364000 0 0 0 0
1652356800 0 0 0 0
1652349600 0 0 0 0
1652342400 0 0 0 0
1652335200 0 0 0 0
1652328000 0 0 0 0
1652320800 0 0 0 0
1652313600 0 0 0 0
1652306400 0 0 0 0
1652299200 0 0 0 0
1652292000 0 0 0 0
1652284800 0 0 0 0
1652277600 0 0 0 0
1652270400 0 0 0 0
1652263200 0 0 0 0
1652256000 0 0 0 0
1652248800 0 0 0 0
1652241600 0 0 0 0
1652234400 0 0 0 0
1652227200 0 0 0 0
1652220000 0 0 0 0
1652140800 0 0 0 0
1652054400 0 0 0 0
1651968000 0 0 0 0
1651881600 0 0 0 0
1651795200 0 0 0 0
1651708800 0 0 0 0
1651622400 0 0 0 0
1651536000 0 0 0 0
1651449600 0 0 0 0
1651363200 0 0 0 0
1651276800 0 0 0 0
1651190400 0 0 0 0
1651104000 0 0 0 0
1651017600 0 0 0 0
1650931200 0 0 0 0
1650844800 0 0 0 0
1650758400 0 0 0 0
1650672000 0 0 0 0
1650585600 0 0 0 0
1650499200 0 0 0 0
1650412800 0 0 0 0
1650326400 0 0 0 0
1650240000 0 0 0 0
1650153600 0 0 0 0
1650067200 0 0 0 0
1649980800 0 0 0 0
1649894400 0 0 0 0
1649808000 0 0 0 0
1649721600 0 0 0 0
1649635200 0 0 0 0
1649548800 0 0 0 0
1649462400 0 0 0 0
1649376000 0 0 0 0
1649289600 0 0 0 0
1649203200 0 0 0 0
1649116800 0 0 0 0
1649030400 0 0 0 0
1648944000 0 0 0 0
1648857600 0 0 0 0
1648771200 0 0 0 0
1648684800 0 0 0 0
1648598400 0 0 0 0
1648512000 0 0 0 0
1648425600 0 0 0 0
1648339200 0 0 0 0
1648252800 0 0 0 0
1648166400 0 0 0 0
1648080000 0 0 0 0
1647993600 0 0 0 0
1647907200 0 0 0 0
1647820800 0 0 0 0
1647734400 0 0 0 0
1647648000 0 0 0 0
1647561600 0 0 0 0
1647475200 0 0 0 0
1647388800 0 0 0 0
1647302400 0 0 0 0
1647216000 0 0 0 0
1647129600 0 0 0 0
1647043200 0 0 0 0
1646956800 0 0 0 0
1646870400 0 0 0 0
1646784000 0 0 0 0
1646697600 0 0 0 0
1646611200 0 0 0 0
1646524800 0 0 0 0
1646438400 0 0 0 0
1646352000 0 0 0 0
1646265600 0 0 0 0
1646179200 0 0 0 0
1646092800 0 0 0 0
1646006400 0 0 0 0
1645920000 0 0 0 0
1645833600 0 0 0 0
1645747200 0 0 0 0
1645660800 0 0 0 0
1645574400 0 0 0 0
1645488000 0 0 0 0
1645401600 0 0 0 0
1645315200 0 0 0 0
1645228800 0 0 0 0
1645142400 0 0 0 0
1645056000 0 0 0 0
1644969600 0 0 0 0
1644883200 0 0 0 0
1644796800 0 0 0 0
1644710400 0 0 0 0
1644624000 0 0 0 0
1644537600 0 0 0 0
1644451200 0 0 0 0
1644364800 0 0 0 0
1644278400 0 0 0 0
1644192000 0 0 0 0
1644105600 0 0 0 0
1644019200 0 0 0 0
1643932800 0 0 0 0
1643846400 0 0 0 0
1643760000 0 0 0 0
1643673600 0 0 0 0
1643587200 0 0 0 0
1643500800 0 0 0 0
1643414400 0 0 0 0
1643328000 0 0 0 0
1643241600 0 0 0 0
1643155200 0 0 0 0
1643068800 0 0 0 0
1642982400 0 0 0 0
1642896000 0 0 0 0
1642809600 0 0 0 0
1642723200 0 0 0 0
1642636800 0 0 0 0
1642550400 0 0 0 0
1642464000 0 0 0 0
1642377600 0 0 0 0
1642291200 0 0 0 0
1642204800 0 0 0 0
1642118400 0 0 0 0
1642032000 0 0 0 0
1641945600 0 0 0 0
1641859200 0 0 0 0
1641772800 0 0 0 0
1641686400 0 0 0 0
1641600000 0 0 0 0
1641513600 0 0 0 0
1641427200 0 0 0 0
1641340800 0 0 0 0
1641254400 0 0 0 0
1641168000 0 0 0 0
1641081600 0 0 0 0
1640995200 0 0 0 0
1640908800 0 0 0 0
1640822400 0 0 0 0
1640736000 0 0 0 0
1640649600 0 0 0 0
1640563200 0 0 0 0
1640476800 0 0 0 0
1640390400 0 0 0 0
1640304000 0 0 0 0
1640217600 0 0 0 0
1640131200 0 0 0 0
1640044800 0 0 0 0
1639958400 0 0 0 0
1639872000 0 0 0 0
1639785600 0 0 0 0
1639699200 0 0 0 0
1639612800 0 0 0 0
1639526400 0 0 0 0
1639440000 0 0 0 0
1639353600 0 0 0 0
1639267200 0 0 0 0
1639180800 0 0 0 0
1639094400 0 0 0 0
1639008000 0 0 0 0
1638921600 0 0 0 0
1638835200 0 0 0 0
1638748800 0 0 0 0
1638662400 0 0 0 0
1638576000 0 0 0 0
1638489600 0 0 0 0
1638403200 0 0 0 0
1638316800 0 0 0 0
1638230400 0 0 0 0
1638144000 0 0 0 0
1638057600 0 0 0 0
1637971200 0 0 0 0
1637884800 0 0 0 0
1637798400 0 0 0 0
1637712000 0 0 0 0
1637625600 0 0 0 0
1637539200 0 0 0 0
1637452800 0 0 0 0
1637366400 0 0 0 0
1637280000 0 0 0 0
1637193600 0 0 0 0
1637107200 0 0 0 0
1637020800 0 0 0 0
1636934400 0 0 0 0
1636848000 0 0 0 0
1636761600 0 0 0 0
1636675200 0 0 0 0
1636588800 0 0 0 0
1636502400 0 0 0 0
1636416000 0 0 0 0
1636329600 0 0 0 0
1636243200 0 0 0 0
1636156800 0 0 0 0
1636070400 0 0 0 0
1635984000 0 0 0 0
1635897600 0 0 0 0
1635811200 0 0 0 0
1635724800 0 0 0 0
1635638400 0 0 0 0
1635552000 0 0 0 0
1635465600 0 0 0 0
1635379200 0 0 0 0
1635292800 0 0 0 0
1635206400 0 0 0 0
1635120000 0 0 0 0
1635033600 0 0 0 0
1634947200 0 0 0 0
1634860800 0 0 0 0
1634774400 0 0 0 0
1634688000 0 0 0 0
1634601600 0 0 0 0
1634515200 0 0 0 0
1634428800 0 0 0 0
1634342400 0 0 0 0
1634256000 0 0 0 0
1634169600 0 0 0 0
1634083200 0 0 0 0
1633996800 0 0 0 0
1633910400 0 0 0 0
1633824000 0 0 0 0
1633737600 0 0 0 0
1633651200 0 0 0 0
1633564800 0 0 0 0
1633478400 0 0 0 0
1633392000 0 0 0 0
1633305600 0 0 0 0
1633219200 0 0 0 0
1633132800 0 0 0 0
1633046400 0 0 0 0
1632960000 0 0 0 0
1632873600 0 0 0 0
1632787200 0 0 0 0
1632700800 0 0 0 0
1632614400 0 0 0 0
1632528000 0 0 0 0
1632441600 0 0 0 0
1632355200 0 0 0 0
1632268800 0 0 0 0
1632182400 0 0 0 0
1632096000 0 0 0 0
1632009600 0 0 0 0
1631923200 0 0 0 0
1631836800 0 0 0 0
1631750400 0 0 0 0
1631664000 0 0 0 0
1631577600 0 0 0 0
1631491200 0 0 0 0
1631404800 0 0 0 0
1631318400 0 0 0 0
1631232000 0 0 0 0
1631145600 0 0 0 0
1631059200 0 0 0 0
1630972800 0 0 0 0
1630886400 0 0 0 0
1630800000 0 0 0 0
1630713600 0 0 0 0
1630627200 0 0 0 0
1630540800 0 0 0 0
1630454400 0 0 0 0
1630368000 0 0 0 0
1630281600 0 0 0 0
1630195200 0 0 0 0
1630108800 0 0 0 0
1630022400 0 0 0 0
1629936000 0 0 0 0
1629849600 0 0 0 0
1629763200 0 0 0 0
1629676800 0 0 0 0
1629590400 0 0 0 0
1629504000 0 0 0 0
1629417600 0 0 0 0
1629331200 0 0 0 0
1629244800 0 0 0 0
1629158400 0 0 0 0
1629072000 0 0 0 0
1628985600 0 0 0 0
1628899200 0 0 0 0
1628812800 0 0 0 0
1628726400 0 0 0 0
1628640000 0 0 0 0
1628553600 0 0 0 0
1628467200 0 0 0 0
1628380800 0 0 0 0
1628294400 0 0 0 0
1628208000 0 0 0 0
1628121600 0 0 0 0
1628035200 0 0 0 0
1627948800 0 0 0 0
1627862400 0 0 0 0
1627776000 0 0 0 0
1627689600 0 0 0 0
1627603200 0 0 0 0
1627516800 0 0 0 0
1627430400 0 0 0 0
1627344000 0 0 0 0
1627257600 0 0 0 0
1627171200 0 0 0 0
1627084800 0 0 0 0
1626998400 0 0 0 0
1626912000 0 0 0 0
1626825600 0 0 0 0
1626739200 0 0 0 0
1626652800 0 0 0 0
1626566400 0 0 0 0
1626480000 0 0 0 0
1626393600 0 0 0 0
1626307200 0 0 0 0
1626220800 0 0 0 0
1626134400 0 0 0 0
1626048000 0 0 0 0
1625961600 0 0 0 0
1625875200 0 0 0 0
1625788800 0 0 0 0
1625702400 0 0 0 0
1625616000 0 0 0 0
1625529600 0 0 0 0
1625443200 0 0 0 0
1625356800 0 0 0 0
1625270400 0 0 0 0
1625184000 0 0 0 0
1625097600 0 0 0 0
1625011200 0 0 0 0
1624924800 0 0 0 0
1624838400 0 0 0 0
1624752000 0 0 0 0
1624665600 0 0 0 0
1624579200 0 0 0 0
1624492800 0 0 0 0
1624406400 0 0 0 0
1624320000 0 0 0 0
1624233600 0 0 0 0
1624147200 0 0 0 0
1624060800 0 0 0 0
1623974400 0 0 0 0
1623888000 0 0 0 0
1623801600 0 0 0 0
1623715200 0 0 0 0
1623628800 0 0 0 0
1623542400 0 0 0 0
1623456000 0 0 0 0
1623369600 0 0 0 0
1623283200 0 0 0 0
1623196800 0 0 0 0
1623110400 0 0 0 0
1623024000 0 0 0 0
1622937600 0 0 0 0
1622851200 0 0 0 0
1622764800 0 0 0 0
1622678400 0 0 0 0
1622592000 0 0 0 0
1622505600 0 0 0 0
1622419200 0 0 0 0
1622332800 0 0 0 0
1622246400 0 0 0 0
1622160000 0 0 0 0
1622073600 0 0 0 0
1621987200 0 0 0 0
1621900800 0 0 0 0
1621814400 0 0 0 0
1621728000 0 0 0 0
1621641600 0 0 0 0
1621555200 0 0 0 0
1621468800 0 0 0 0
1621382400 0 0 0 0
1621296000 0 0 0 0
1621209600 0 0 0 0
1621123200 0 0 0 0
1621036800 0 0 0 0
1620950400 0 0 0 0
1620864000 0 0 0 0
1620777600 0 0 0 0
1620691200 0 0 0 0
1620604800 0 0 0 0
1620518400 0 0 0 0
1620432000 0 0 0 0
1620345600 0 0 0 0
1620259200 0 0 0 0
1620172800 0 0 0 0
1620086400 0 0 0 0
1620000000 0 0 0 0
1619913600 0 0 0 0
1619827200 0 0 0 0
1619740800 0 0 0 0
1619654400 0 0 0 0
1619568000 0 0 0 0
1619481600 0 0 0 0
1619395200 0 0 0 0
1619308800 0 0 0 0
1619222400 0 0 0 0
1619136000 0 0 0 0
1619049600 0 0 0 0
1618963200 0 0 0 0
1618876800 0 0 0 0
1618790400 0 0 0 0
1618704000 0 0 0 0
1618617600 0 0 0 0
1618531200 0 0 0 0
1618444800 0 0 0 0
1618358400 0 0 0 0
1618272000 0 0 0 0
1618185600 0 0 0 0
1618099200 0 0 0 0
1618012800 0 0 0 0
1617926400 0 0 0 0
1617840000 0 0 0 0
1617753600 0 0 0 0
1617667200 0 0 0 0
1617580800 0 0 0 0
1617494400 0 0 0 0
1617408000 0 0 0 0
1617321600 0 0 0 0
1617235200 0 0 0 0
1617148800 0 0 0 0
1617062400 0 0 0 0
1616976000 0 0 0 0
1616889600 0 0 0 0
1616803200 0 0 0 0
1616716800 0 0 0 0
1616630400 0 0 0 0
1616544000 0 0 0 0
1616457600 0 0 0 0
1616371200 0 0 0 0
1616284800 0 0 0 0
1616198400 0 0 0 0
1616112000 0 0 0 0
1616025600 0 0 0 0
1615939200 0 0 0 0
1615852800 0 0 0 0
1615766400 0 0 0 0
1615680000 0 0 0 0
1615593600 0 0 0 0
1615507200 0 0 0 0
1615420800 0 0 0 0
1615334400 0 0 0 0
1615248000 0 0 0 0
1615161600 0 0 0 0
1615075200 0 0 0 0
1614988800 0 0 0 0
1614902400 0 0 0 0
1614816000 0 0 0 0
1614729600 0 0 0 0
1614643200 0 0 0 0
1614556800 0 0 0 0
1614470400 0 0 0 0
1614384000 0 0 0 0
1614297600 0 0 0 0
1614211200 0 0 0 0
1614124800 0 0 0 0
1614038400 0 0 0 0
1613952000 0 0 0 0
1613865600 0 0 0 0
1613779200 0 0 0 0
1613692800 0 0 0 0
1613606400 0 0 0 0
1613520000 0 0 0 0
1613433600 0 0 0 0
1613347200 0 0 0 0
1613260800 0 0 0 0
1613174400 0 0 0 0
1613088000 0 0 0 0
1613001600 0 0 0 0
1612915200 0 0 0 0
1612828800 0 0 0 0
1612742400 0 0 0 0
1612656000 0 0 0 0
1612569600 0 0 0 0
1612483200 0 0 0 0
1612396800 0 0 0 0
1612310400 0 0 0 0
1612224000 0 0 0 0
1612137600 0 0 0 0
1612051200 0 0 0 0
1611964800 0 0 0 0
1611878400 0 0 0 0
1611792000 0 0 0 0
1611705600 0 0 0 0
1611619200 0 0 0 0
1611532800 0 0 0 0
1611446400 0 0 0 0
1611360000 0 0 0 0
1611273600 0 0 0 0
1611187200 0 0 0 0
1611100800 0 0 0 0
1611014400 0 0 0 0
1610928000 0 0 0 0
1610841600 0 0 0 0
1610755200 0 0 0 0
1610668800 0 0 0 0
1610582400 0 0 0 0
1610496000 0 0 0 0
1610409600 0 0 0 0
1610323200 0 0 0 0
1610236800 0 0 0 0
1610150400 0 0 0 0
1610064000 0 0 0 0
1609977600 0 0 0 0
1609891200 0 0 0 0
1609804800 0 0 0 0
1609718400 0 0 0 0
1609632000 0 0 0 0
1609545600 0 0 0 0
1609459200 0 0 0 0
1609372800 0 0 0 0
1609286400 0 0 0 0
1609200000 0 0 0 0
1609113600 0 0 0 0
1609027200 0 0 0 0
1608940800 0 0 0 0
1608854400 0 0 0 0
1608768000 0 0 0 0
1608681600 0 0 0 0
1608595200 0 0 0 0
1608508800 0 0 0 0
1608422400 0 0 0 0
1608336000 0 0 0 0
1608249600 0 0 0 0
1608163200 0 0 0 0
1608076800 0 0 0 0
1607990400 0 0 0 0
1607904000 0 0 0 0
1607817600 0 0 0 0
1607731200 0 0 0 0
1607644800 0 0 0 0
1607558400 0 0 0 0
1607472000 0 0 0 0
1607385600 0 0 0 0
1607299200 0 0 0 0
1607212800 0 0 0 0
1607126400 0 0 0 0
1607040000 0 0 0 0
1606953600 0 0 0 0
1606867200 0 0 0 0
1606780800 0 0 0 0
1606694400 0 0 0 0
1606608000 0 0 0 0
1606521600 0 0 0 0
1606435200 0 0 0 0
1606348800 0 0 0 0
1606262400 0 0 0 0
1606176000 0 0 0 0
1606089600 0 0 0 0
1606003200 0 0 0 0
1605916800 0 0 0 0
1605830400 0 0 0 0
1605744000 0 0 0 0
1605657600 0 0 0 0
1605571200 0 0 0 0
1605484800 0 0 0 0
1605398400 0 0 0 0
1605312000 0 0 0 0
1605225600 0 0 0 0
1605139200 0 0 0 0
1605052800 0 0 0 0
1604966400 0 0 0 0
1604880000 0 0 0 0
1604793600 0 0 0 0
1604707200 0 0 0 0
1604620800 0 0 0 0
1604534400 0 0 0 0
1604448000 0 0 0 0
1604361600 0 0 0 0
1604275200 0 0 0 0
1604188800 0 0 0 0
1604102400 0 0 0 0
1604016000 0 0 0 0
1603929600 0 0 0 0
1603843200 0 0 0 0
1603756800 0 0 0 0
1603670400 0 0 0 0
1603584000 0 0 0 0
1603497600 0 0 0 0
1603411200 0 0 0 0
1603324800 0 0 0 0
1603238400 0 0 0 0
1603152000 0 0 0 0
1603065600 0 0 0 0
1602979200 0 0 0 0
1602892800 0 0 0 0
1602806400 0 0 0 0
1602720000 0 0 0 0
1602633600 0 0 0 0
1602547200 0 0 0 0
1602460800 0 0 0 0
1602374400 0 0 0 0
1602288000 0 0 0 0
1602201600 0 0 0 0
1602115200 0 0 0 0
1602028800 0 0 0 0
1601942400 0 0 0 0
1601856000 0 0 0 0
1601769600 0 0 0 0
1601683200 0 0 0 0
1601596800 0 0 0 0
1601510400 0 0 0 0
1601424000 0 0 0 0
1601337600 0 0 0 0
1601251200 0 0 0 0
1601164800 0 0 0 0
1601078400 0 0 0 0
1600992000 0 0 0 0
1600905600 0 0 0 0
1600819200 0 0 0 0
1600732800 0 0 0 0
1600646400 0 0 0 0
1600560000 0 0 0 0
1600473600 0 0 0 0
1600387200 0 0 0 0
1600300800 0 0 0 0
1600214400 0 0 0 0
1600128000 0 0 0 0
1600041600 0 0 0 0
1599955200 0 0 0 0
1599868800 0 0 0 0
1599782400 0 0 0 0
1599696000 0 0 0 0
1599609600 0 0 0 0
1599523200 0 0 0 0
1599436800 0 0 0 0
1599350400 0 0 0 0
1599264000 0 0 0 0
1599177600 0 0 0 0
1599091200 0 0 0 0
1599004800 0 0 0 0
1598918400 0 0 0 0
1598832000 0 0 0 0
1598745600 0 0 0 0
1598659200 0 0 0 0
1598572800 0 0 0 0
1598486400 0 0 0 0
1598400000 0 0 0 0
1598313600 0 0 0 0
1598227200 0 0 0 0
1598140800 0 0 0 0
1598054400 0 0 0 0
1597968000 0 0 0 0
1597881600 0 0 0 0
1597795200 0 0 0 0
1597708800 0 0 0 0
1597622400 0 0 0 0
1597536000 0 0 0 0
1597449600 0 0 0 0
1597363200 0 0 0 0
1597276800 0 0 0 0
1597190400 0 0 0 0
1597104000 0 0 0 0
1597017600 0 0 0 0
1596931200 0 0 0 0
1596844800 0 0 0 0
1596758400 0 0 0 0
1596672000 0 0 0 0
1596585600 0 0 0 0
1596499200 0 0 0 0
1596412800 0 0 0 0
1596326400 0 0 0 0
1596240000 0 0 0 0
1596153600 0 0 0 0
1596067200 0 0 0 0
1595980800 0 0 0 0
1595894400 0 0 0 0
1595808000 0 0 0 0
1595721600 0 0 0 0
1595635200 0 0 0 0
1595548800 0 0 0 0
1595462400 0 0 0 0
1595376000 0 0 0 0
1595289600 0 0 0 0
1595203200 0 0 0 0
1595116800 0 0 0 0
1595030400 0 0 0 0
1594944000 0 0 0 0
1594857600 0 0 0 0
1594771200 0 0 0 0
1594684800 0 0 0 0
1594598400 0 0 0 0
1594512000 0 0 0 0
1594425600 0 0 0 0
1594339200 0 0 0 0
1594252800 0 0 0 0
1594166400 0 0 0 0
1594080000 0 0 0 0
1593993600 0 0 0 0
1593907200 0 0 0 0
1593820800 0 0 0 0
1593734400 0 0 0 0
1593648000 0 0 0 0
1593561600 0 0 0 0
1593475200 0 0 0 0
1593388800 0 0 0 0
1593302400 0 0 0 0
1593216000 0 0 0 0
1593129600 0 0 0 0
1593043200 0 0 0 0
1592956800 0 0 0 0
1592870400 0 0 0 0
1592784000 0 0 0 0
1592697600 0 0 0 0
1592611200 0 0 0 0
1592524800 0 0 0 0
1592438400 0 0 0 0
1592352000 0 0 0 0
1592265600 0 0 0 0
1592179200 0 0 0 0
1592092800 0 0 0 0
1592006400 0 0 0 0
1591920000 0 0 0 0
1591833600 0 0 0 0
1591747200 0 0 0 0
1591660800 0 0 0 0
1591574400 0 0 0 0
1591488000 0 0 0 0
1591401600 0 0 0 0
1591315200 0 0 0 0
1591228800 0 0 0 0
1591142400 0 0 0 0
1591056000 0 0 0 0
1590969600 0 0 0 0
1590883200 0 0 0 0
1590796800 0 0 0 0
1590710400 0 0 0 0
1590624000 0 0 0 0
1590537600 0 0 0 0
1590451200 0 0 0 0
1590364800 0 0 0 0
1590278400 0 0 0 0
1590192000 0 0 0 0
1590105600 0 0 0 0
1590019200 0 0 0 0
1589932800 0 0 0 0
1589846400 0 0 0 0
1589760000 0 0 0 0
1589673600 0 0 0 0
1589587200 0 0 0 0
1589500800 0 0 0 0
1589414400 0 0 0 0
1589328000 0 0 0 0
1589241600 0 0 0 0
1589155200 0 0 0 0
1589068800 0 0 0 0
1588982400 0 0 0 0
