1657800946 2494497576 1168762591
1657800946 68401 3856 68401 3856
1657800684 63009 10440 63009 10440
1657800600 62215 10228 63009 10440
1657800300 56495 9209 59232 9434
1657800000 51436 8343 75258 8633
1657799700 85340 6237 212745 23707
1657799400 205569 22895 212745 23707
1657799100 109131 11514 114894 12647
1657798800 133943 9936 328719 18144
1657798500 267448 18617 328719 19855
1657798200 111235 21368 126200 27063
1657797900 126682 26754 150337 27063
1657797600 146424 11229 150337 11656
1657797300 112130 7898 123037 8677
1657797000 72075 4983 217500 7181
1657796700 194273 7870 217500 12109
1657796400 53512 11501 71407 12109
1657796100 81799 6331 117939 8098
1657795800 105072 7543 117939 8098
1657795500 57221 5921 85843 8322
1657795200 95905 9819 154448 18533
1657794900 144020 17192 154448 18533
1657794600 58891 6268 59651 6346
1657794300 49870 4868 114833 7547
1657794000 124697 9446 149650 14252
1657793700 131337 13311 149650 14252
1657793400 64350 8332 72199 9700
1657793100 93443 5712 173361 8053
1657792800 211869 10174 333811 16892
1657792500 302229 35130 333811 147170
1657792200 115993 125624 144061 147170
1657791900 156567 42458 231319 47729
1657791600 232928 10939 242816 10960
1657791300 241443 10702 242816 10817
1657791000 202117 7971 208504 8022
1657790700 187567 10563 189903 24597
1657790400 164224 22459 174670 24597
1657790100 82132 6423 82506 22875
1657789800 78256 22077 142648 22875
1657789500 142443 11963 142648 11995
1657789200 109474 7221 111995 7272
1657788900 86289 24901 190599 245542
1657788600 201002 354165 228203 638157
1657788300 205813 491614 228203 638157
1657788000 147350 109207 158274 216667
1657787700 142284 170049 158274 216667
1657787400 99747 41357 100482 48170
1657787100 93726 7998 96076 12334
1657786800 79029 12266 79296 12334
1657786500 40013 2550 44208 4201
1657786200 43046 3915 44208 4201
1657785900 38488 3379 40824 3413
1657785600 27058 6955 29702 17971
1657785300 35632 17736 247873 17971
1657785000 262343 13204 314660 14774
1657784700 328415 8099 381221 10278
1657784400 343465 9308 381221 10278
1657784100 113285 59416 117812 393511
1657783800 83783 327586 86234 393511
1657783500 74397 74080 77583 74521
1657783200 78020 8373 83287 8406
1657782900 79803 8542 83287 8888
1657782600 72635 8477 78345 8888
1657782300 89986 7605 126188 9336
1657782000 125215 9235 126188 9336
1657781700 115571 8345 117072 8397
1657781400 77438 7115 82300 7556
1657781100 81937 7631 82300 8097
1657780800 112263 8196 267514 8670
1657780500 254788 9091 267514 11681
1657780200 194013 11634 260780 11681
1657779900 242781 10923 260780 11456
1657779600 173446 9111 177712 10063
1657779300 127460 9360 137723 10063
1657779000 101453 6580 293571 11346
1657778700 283159 11067 293571 11346
1657778400 217159 9970 234637 11135
1657778100 109260 10825 115469 11135
1657777800 71301 8762 73319 8922
1657777500 73583 6770 74276 6924
1657777200 73582 6397 74276 6507
1657776900 71980 6477 75111 6507
1657776600 75535 6494 76645 6784
1657776300 76371 6939 76645 7869
1657776000 77467 8055 87937 8769
1657775700 91017 9417 109426 13293
1657775400 101894 11667 109426 13293
1657775100 85065 7576 95835 8175
1657774800 95902 8179 115958 9457
1657774500 116868 9210 120096 9457
1657774200 118795 8608 120096 9901
1657773900 108350 9523 112591 9901
1657773600 90026 7781 124546 8149
1657773300 119202 8070 124546 8149
1657773000 91107 7487 95399 7721
1657772700 74914 6519 75281 6628
1657772400 71870 6144 73535 6231
1657772100 68393 6425 77225 8766
1657771800 78135 11222 79827 15784
1657771500 79718 15700 79827 15784
1657771200 69986 7297 76311 7480
1657770900 74668 6147 76311 6176
1657770600 71532 6091 244334 8990
1657770300 238035 8922 244334 8990
1657770000 72476 7110 72564 7136
1657769700 74811 6494 86628 6506
1657769400 83316 6518 86628 6721
1657769100 70598 6659 70861 6721
1657768800 71534 6541 80232 7302
1657768500 79095 7439 80232 8146
1657768200 75279 9694 84406 16746
1657767900 83301 15821 84406 16746
1657767600 74326 8455 74656 8591
1657767300 73323 6958 84299 7696
1657767000 80104 8393 84299 10603
1657766700 67641 9324 70733 10603
1657766400 70857 4516 89362 4904
1657766100 88666 4961 89362 5694
1657765800 87209 6060 124785 7938
1657765500 123671 7847 124785 7938
1657765200 109358 6875 109602 23629
1657764900 85145 23580 85286 23629
1657764600 64322 16348 70522 16417
1657764300 70888 6146 98003 7243
1657764000 97803 7240 98003 7243
1657763700 65975 6534 68151 6875
1657763400 57963 5069 70104 6275
1657763100 68906 6218 70104 6275
1657762800 58581 5741 71836 6425
1657762500 71320 6282 71836 6425
1657762200 75228 5864 114760 6471
1657761900 110170 6441 114760 6471
1657761600 79254 6068 81981 6257
1657761300 61334 7028 62957 12872
1657761000 56978 15602 57304 20458
1657760700 62000 17678 81186 20458
1657760400 89993 6989 124504 9601
1657760100 135466 9684 398554 11684
1657759800 420174 12700 482791 15646
1657759500 467298 15204 482791 15646
1657759200 262642 11327 341950 11629
1657758900 96600 11464 96669 17896
1657758600 75500 14317 96024 17896
1657758300 10513 3135 11680 3190
1657758000 4240 2900 6681 3220
1657757700 6061 3431 6681 4335
1657757400 3887 5175 9755 15793
1657757100 10646 12458 13015 15793
1657756800 11797 3619 13015 3715
1657756500 7553 3700 15585 3715
1657756200 15618 3384 15776 3518
1657755900 21135 3547 66025 3797
1657755600 57728 3509 66025 3797
1657755300 26226 2411 77776 3156
1657755000 81074 3302 122756 5158
1657754700 113976 4896 122756 5158
1657754400 5466 1771 14601 2436
1657754100 12862 2365 14601 2436
1657753800 7056 4504 13080 11503
1657753500 11725 10201 13080 11503
1657753200 3307 2104 3407 2209
1657752900 2884 1514 5235 2208
1657752600 38688 3234 461422 16199
1657752300 433867 15034 461422 16199
1657752000 363473 12264 381165 12806
1657751700 271785 9728 279098 9909
1657751400 247507 9815 262062 9909
1657751100 242447 9082 262062 9456
1657750800 148872 7577 168658 7678
1657750500 72086 7154 77341 7216
1657750200 5353 6599 5689 7687
1657749900 3673 6766 3753 7687
1657749600 3888 2238 5769 2375
1657749300 30405 2179 94816 3156
1657749000 75449 2859 94816 3156
1657748700 3500 1646 6981 1744
1657748400 10345 1704 31010 4367
1657748100 30186 4406 31010 4908
1657747800 19728 5093 19774 5580
1657747500 22761 8795 34617 20893
1657747200 30635 18526 34617 20893
1657746900 5933 3958 6841 4383
1657746600 8800 2748 32422 4202
1657746300 36226 3848 46010 4202
1657746000 54431 3012 86110 3294
1657745700 80332 3192 86110 3294
1657745400 9744 2511 45674 6438
1657745100 44780 6229 45674 6438
1657744800 26357 37928 33494 114350
1657744500 20768 155963 57992 306414
1657744200 54637 304945 57992 306414
1657743900 15527 287478 46574 292781
1657743600 70595 294564 210360 304941
1657743300 203584 305077 210360 306225
1657743000 145833 305928 146836 306225
1657742700 136518 298954 274162 305599
1657742400 264343 305236 274162 305599
1657742100 29804 295448 36539 296548
1657741800 33124 288538 36539 288692
1657741500 18950 290732 57258 309845
1657741200 48990 310619 57258 312191
1657740900 79411 314948 228899 323682
1657740600 223208 322822 228899 323682
1657740300 173973 316803 190960 317955
1657740000 98690 312616 110073 313177
1657739700 92322 312203 270346 313177
1657739400 246048 306934 270346 307561
1657739100 156005 313157 369818 334780
1657738800 313782 328171 369818 334780
1657738500 152848 309568 159685 309998
1657738200 85942 306618 97538 309447
1657737900 23257 307696 23523 309447
1657737600 23086 303152 26204 307801
1657737300 46504 307148 99579 307801
1657737000 111135 306619 257165 321507
1657736700 239465 321251 257165 321507
1657736400 25943 319240 47164 321779
1657736100 49965 321915 111821 324929
1657735800 100230 315163 111821 324929
1657735500 141558 277970 362233 278727
1657735200 354538 281677 362233 288142
1657734900 377699 289367 712897 299631
1657734600 649681 307039 712897 330076
1657734300 473442 328382 536676 330076
1657734000 434593 374186 536676 469034
1657733700 228399 510325 245013 653921
1657733400 174300 651835 270918 653921
1657733100 283012 600598 384303 630437
1657732800 335586 625438 384303 630437
1657732500 252796 613584 421635 621178
1657732200 404784 628927 421635 669615
1657731900 305707 658886 316318 669615
1657731600 317318 634365 420314 652533
1657731300 416096 661306 420314 750015
1657731000 268555 735978 373449 750015
1657730700 44162 701268 45656 706151
1657730400 39249 668309 59101 689037
1657730100 49647 671649 59101 689037
1657729800 31097 627847 37346 629762
1657729500 44093 624047 61444 625015
1657729200 50570 622025 61444 623209
1657728900 62070 630600 154539 648123
1657728600 136647 656461 154539 706298
1657728300 40946 700746 108057 706298
1657728000 138591 659923 291264 667564
1657727700 258801 623062 291264 628775
1657727400 124590 626271 150288 628775
1657727100 146757 609953 150288 610892
1657726800 149490 613755 180124 627777
1657726500 171825 624821 180124 627777
1657726200 98423 602187 122230 607157
1657725900 56844 598225 73021 630588
1657725600 75117 630219 85857 630588
1657725300 86667 628649 96916 632684
1657725000 95587 633355 96916 637369
1657724700 77247 638302 87650 640087
1657724400 70529 635947 149295 640087
1657724100 146204 614813 149295 645039
1657723800 117429 646585 120319 653962
1657723500 100081 674425 103650 800132
1657723200 80185 800112 87365 800132
1657722900 137897 797658 265714 800045
1657722600 265076 791604 265714 791621
1657722300 273036 792008 341143 794605
1657722000 300726 793325 341143 794605
1657721700 164292 788816 175046 789346
1657721400 125016 787481 127270 791179
1657721100 127820 791142 182323 791179
1657720800 184595 787129 198556 787491
1657720500 200040 785891 203794 788380
1657720200 176096 789796 203794 792629
1657719900 219519 792283 680045 792629
1657719600 837506 791902 2156244 802193
1657719300 1784221 805864 2156244 812888
1657719000 1016352 812389 1072682 812888
1657718700 277087 736016 304548 806092
1657718400 200526 527730 205294 552808
1657718100 270141 381755 457788 389222
1657717800 444334 381383 457788 389222
1657717500 392114 333065 498150 334536
1657717200 450345 328405 498150 331444
1657716900 259563 331650 284099 332918
1657716600 145347 339380 239209 355998
1657716300 221895 353270 239209 355998
1657716000 151432 339797 680000 354227
1657715700 707250 356103 1035435 378700
1657715400 1030609 381088 1035435 401094
1657715100 1002597 400011 1300194 401094
1657714800 925817 356876 1300194 374033
1657714500 213788 327248 228881 339231
1657714200 240072 338927 508659 339231
1657713900 519980 329057 663038 331642
1657713600 837544 304440 2757118 392851
1657713300 2370299 383056 2757118 392851
1657713000 849997 343539 1050565 349641
1657712700 224301 322300 248295 325236
1657712400 110069 308638 130020 312171
1657712100 121581 312473 130020 313764
1657711800 89152 315802 129897 339246
1657711500 447661 345811 2075396 379440
1657711200 1924251 331648 2075396 379440
1657710900 1135209 128413 1377807 158866
1657710600 212380 13339 222579 13854
1657710300 164730 10808 192011 11716
1657710000 185105 11423 192011 11716
1657709700 170806 13699 201342 22529
1657709400 204264 25644 215259 37367
1657709100 213455 48246 215259 133366
1657708800 198026 128424 199342 133366
1657708500 171452 9836 195312 9889
1657708200 243960 10119 352242 10632
1657707900 318284 11014 352242 12841
1657707600 159139 12348 176378 12841
1657707300 175244 9147 176378 9324
1657707000 160128 7854 168467 8092
1657706700 106156 6381 108906 6399
1657706400 140466 7350 311885 11327
1657706100 363686 12123 681894 17018
1657705800 670408 16080 681894 17018
1657705500 606611 12476 627203 12555
1657705200 318586 10976 346416 11486
1657704900 279338 10871 1067498 32680
1657704600 1204114 37382 2020636 65485
1657704300 1931883 62502 2020636 65485
1657704000 620763 19652 810373 24814
1657703700 270141 8947 459989 11031
1657703400 416978 13728 459989 23876
1657703100 261966 23595 347755 23876
1657702800 318416 18369 347755 20049
1657702500 200980 11635 220198 12745
1657702200 78258 5021 82933 5540
1657701900 77515 5747 215766 8253
1657701600 243851 47113 318516 150424
1657701300 293002 130135 318516 150424
1657701000 115636 31236 140514 89691
1657700700 51842 90502 56624 93620
1657700400 57589 87063 69794 93620
1657700100 72588 4330 109710 5873
1657699800 118338 5857 222255 5873
1657699500 177081 4939 222255 5670
1657699200 6254 2744 7144 4194
1657698900 13869 4339 60190 5020
1657698600 63071 5075 76501 5332
1657698300 61995 4731 76501 5332
1657698000 6770 16674 12537 196696
1657697700 12008 181857 12537 196696
1657697400 5281 3930 5637 6004
1657697100 4188 5759 4335 6004
1657696800 4655 4740 15857 4841
1657696500 16987 3689 40086 4704
1657696200 32490 4251 40086 4704
1657695900 4327 2521 4482 2585
1657695600 2678 1855 3851 2551
1657695300 3480 2202 3851 2551
1657695000 2610 1522 2682 1734
1657694700 8325 1891 76534 3697
1657694400 75625 3803 76534 5089
1657694100 62001 4808 64678 5089
1657693800 51289 3779 51934 4145
1657693500 65059 4754 147511 7049
1657693200 166663 6470 227314 7049
1657692900 580149 10219 1502623 24809
1657692600 1483262 24541 1502623 24809
1657692300 1251872 22355 1367550 22945
1657692000 225751 14247 283075 17420
1657691700 4968 2002 5704 2069
1657691400 4004 1862 14443 2504
1657691100 23202 3178 56156 5718
1657690800 50122 5687 56156 5718
1657690500 36209 5575 39736 5612
1657690200 43583 5422 58059 5479
1657689900 59887 20422 65371 66062
1657689600 66154 63559 84964 66062
1657689300 82544 3705 84964 6470
1657689000 62871 6855 103863 8304
1657688700 118957 8030 189302 8304
1657688400 178296 6532 189302 6756
1657688100 134288 5470 143447 5826
1657687800 61928 2716 62639 2909
1657687500 62494 3001 124773 4167
1657687200 117834 4199 124773 4396
1657686900 60288 3848 75209 4396
1657686600 4304 1921 6141 3577
1657686300 8359 3324 16703 3577
1657686000 15682 2345 16703 2376
1657685700 3896 1961 10728 1978
1657685400 11365 2102 13764 2572
1657685100 13691 2625 13764 3069
1657684800 12897 2786 13080 3069
1657684500 12558 2175 12876 2254
1657684200 15627 2263 26191 2300
1657683900 26024 2308 26191 2918
1657683600 13659 2809 13683 2918
1657683300 13585 2555 13599 2631
1657683000 13482 2581 13552 2631
1657682700 12658 2010 12722 2147
1657682400 12885 2157 13403 2189
1657682100 13362 2191 13403 2198
1657681800 22491 27157 40123 74897
1657681500 36266 60916 40123 74897
1657681200 21279 7938 21760 8325
1657680900 15147 2988 15204 3058
1657680600 20602 3539 31125 5045
1657680300 30934 4886 31125 5045
1657680000 26287 3090 28526 3483
1657679700 20663 3269 22068 3483
1657679400 12727 2176 12870 2889
1657679100 12869 2829 12870 2889
1657678800 13112 2276 13754 2790
1657678500 13675 2707 13754 2790
1657678200 13273 2234 14269 2618
1657677900 14875 2744 18598 3518
1657677600 17043 3208 18598 3518
1657677300 13581 2499 13582 2519
1657677000 13547 2340 13574 2358
1657676700 13208 2356 13547 2358
1657676400 20621 2719 47233 4888
1657676100 41886 4260 47233 4888
1657675800 25412 2611 27907 2621
1657675500 13478 2575 13518 2656
1657675200 13179 2636 13288 2656
1657674900 13350 2522 22615 3133
1657674600 26756 4208 51509 10636
1657674300 85440 10865 293880 12274
1657674000 288728 12631 293880 13977
1657673700 264750 14031 269350 14369
1657673400 236172 14351 236499 14369
1657673100 194762 12028 217238 12896
1657672800 181513 11237 217238 12896
1657672500 10188 3488 11134 4495
1657672200 4520 4377 6257 4495
1657671900 16635 3542 78663 7443
1657671600 77800 7163 78663 7443
1657671300 57602 3705 67887 3946
1657671000 27468 3359 30713 5062
1657670700 6796 4259 8080 5062
1657670400 4142 2500 4342 2726
1657670100 5152 1917 15763 3606
1657669800 15328 3554 15763 3606
1657669500 4723 2357 4896 2571
1657669200 3939 2492 4074 2571
1657668900 60632 3504 398668 12434
1657668600 399422 12464 474139 15447
1657668300 443561 14428 474139 15447
1657668000 364208 11778 452212 13823
1657667700 454705 14052 470021 15460
1657667400 470215 15364 472669 15460
1657667100 447864 13803 472669 14162
1657666800 380616 12744 383014 12865
1657666500 347008 11258 350321 11422
1657666200 328576 11251 331572 11422
1657665900 316216 10570 317080 10597
1657665600 205759 6221 262542 6614
1657665300 268393 5688 290856 8323
1657665000 251988 7555 290856 8323
1657664700 39841 3313 141987 5136
1657664400 168902 5353 509022 8098
1657664100 467848 7927 509022 8098
1657663800 314027 7294 316022 7297
1657663500 41392 7350 351476 12296
1657663200 357897 12588 435235 16111
1657662900 401767 15167 435235 16111
1657662600 213231 10076 256445 12151
1657662300 195729 10000 256445 12151
1657662000 20032 3532 20397 3774
1657661700 17927 3436 20397 4856
1657661400 10997 4847 11364 4856
1657661100 6628 4431 8254 4743
1657660800 35139 4597 374873 30916
1657660500 346737 28966 374873 30916
1657660200 7934 5452 8553 5487
1657659900 8898 4684 10966 5010
1657659600 10712 2848 10966 3504
1657659300 8681 3610 9197 4232
1657659000 5725 3905 5940 4232
1657658700 9092 2743 23786 4570
1657658400 18707 3979 23786 4570
1657658100 73815 3478 482530 9723
1657657800 434915 9279 482530 9723
1657657500 306457 8077 308332 8101
1657657200 27878 4503 37012 4555
1657656900 37079 3895 47076 5132
1657656600 130138 7294 347301 12947
1657656300 311288 12950 347301 12968
1657656000 90989 12236 96049 12968
1657655700 74602 8136 162417 10467
1657655400 157537 10630 162417 12697
1657655100 136558 11501 214360 12697
1657654800 228015 8912 400565 9214
1657654500 303690 6303 400565 8591
1657654200 165756 8827 664755 11315
1657653900 552722 10947 664755 11315
1657653600 134891 10528 156559 16284
1657653300 135236 14739 156559 16284
1657653000 79761 9531 229214 13600
1657652700 233765 13524 250549 13600
1657652400 253100 14606 258693 17589
1657652100 268641 18035 349130 21652
1657651800 351685 20344 363874 21652
1657651500 371178 14246 432357 15415
1657651200 420070 16647 432357 21283
1657650900 398598 21745 696628 27319
1657650600 713712 27767 2405033 72205
1657650300 2303904 69407 2405033 72205
1657650000 889933 31899 960335 32245
1657649700 452251 28966 469160 29835
1657649400 232440 17593 238590 17992
1657649100 172063 12225 206684 12795
1657648800 214090 11096 258357 12954
1657648500 256753 13542 258357 15757
1657648200 263730 28105 339414 99949
1657647900 289821 80109 339414 99949
1657647600 96860 7048 106948 7663
1657647300 52992 7638 93274 7663
1657647000 86506 6780 93274 7583
1657646700 55790 4254 63849 5228
1657646400 13612 5621 36601 7131
1657646100 34505 7329 36601 9610
1657645800 10918 9549 14906 9610
1657645500 48657 10902 113212 14401
1657645200 113851 14360 161198 14401
1657644900 159456 11288 161198 11343
1657644600 172099 10996 286833 11082
1657644300 283069 10522 286833 10888
1657644000 281688 11116 387890 11779
1657643700 350965 10812 387890 11779
1657643400 209016 7097 209221 7104
1657643100 171235 6168 178608 6176
1657642800 91997 6101 259716 6445
1657642500 244491 6787 259716 7669
1657642200 187661 9354 205344 14693
1657641900 136562 13350 152070 14693
1657641600 193104 8803 296898 9099
1657641300 266067 8885 296898 11945
1657641000 148122 11652 152380 11945
1657640700 92064 7618 94327 7958
1657640400 114032 14399 184870 32320
1657640100 165705 25765 184870 32320
1657639800 122957 9872 185954 17414
1657639500 174472 15980 185954 17414
1657639200 130055 10967 131280 15984
1657638900 1103812 1459661 10355499 14950577
1657638600 8205283 11814665 10355499 14950577
1657638300 113382 15172 116376 17663
1657638000 115888 9412 240145 13658
1657637700 240238 13661 249539 14036
1657637400 244918 19945 249539 66177
1657637100 194771 57312 208768 66177
1657636800 129018 14516 137397 15036
1657636500 270721 13831 619291 23415
1657636200 522518 22271 619291 23415
1657635900 269543 19645 273676 21138
1657635600 249871 21656 250309 28209
1657635300 248656 29104 250309 34454
1657635000 269246 34705 524428 36811
1657634700 536940 35441 595255 36811
1657634400 601368 26611 620378 29060
1657634100 552178 17610 620378 18999
1657633800 154846 9522 155382 9534
1657633500 97014 12923 152438 25856
1657633200 156788 24196 181442 25856
1657632900 179069 14687 181442 14795
1657632600 182165 14460 248481 16066
1657632300 247559 16974 248481 20391
1657632000 225146 20172 244093 20391
1657631700 179021 20623 246314 23884
1657631400 242896 24575 246314 28596
1657631100 221175 25747 223014 28596
1657630800 252019 17975 430826 30015
1657630500 399769 28829 430826 30015
1657630200 157261 19069 176189 19237
1657629900 183913 17747 207505 18708
1657629600 203707 14132 207505 14815
1657629300 187534 12964 189979 20723
1657629000 157120 17927 172925 20723
1657628700 125958 20623 159117 57359
1657628400 161983 48985 172555 57359
1657628100 171805 16798 172555 18107
1657627800 186663 14674 284135 21580
1657627500 274342 21684 284135 22888
1657627200 183621 21543 256900 22888
1657626900 249658 16835 256900 17043
1657626600 180464 15875 189012 20627
1657626300 166953 21759 246121 24060
1657626000 264820 24133 354005 24485
1657625700 383421 21032 438859 24485
1657625400 439449 14563 527398 20309
1657625100 503288 30140 527398 90533
1657624800 362471 86677 380309 90533
1657624500 356954 70661 380309 77237
1657624200 171652 17124 218535 24104
1657623900 219828 24645 236178 31494
1657623600 215292 29143 236178 31494
1657623300 138666 18519 139783 20647
1657623000 181164 14740 267200 16569
1657622700 254473 20498 267200 67826
1657622400 102036 68291 225556 137694
1657622100 241009 119770 333369 137694
1657621800 303135 12505 333369 12645
1657621500 170016 11065 193831 12003
1657621200 115984 44432 181283 155400
1657620900 194308 49944 294912 155400
1657620000 140914 9808 314445 13898
1657618200 134559 36715 314445 206327
1657616400 190561 8949 358371 13452
1657614600 202699 7516 362559 12999
1657612800 256551 52968 362559 192961
1657611000 81613 5724 158284 16655
1657609200 54647 3031 105230 3821
1657607400 29728 2397 34955 3178
1657605600 49799 4753 292173 11500
1657603800 178360 7230 292173 13381
1657602000 57797 3731 110234 8570
1657600200 37993 3838 47483 13054
1657598400 34148 3466 45163 4337
1657596600 26192 4496 54704 12261
1657594800 50247 3905 63427 6822
1657593000 77589 9984 117324 20080
1657591200 148708 6761 204665 8726
1657589400 60681 20216 71837 85994
1657587600 109950 114156 215597 279487
1657585800 146382 258890 306142 265294
1657584000 66850 264332 163573 270897
1657582200 168709 261717 341474 271514
1657580400 51949 257107 341474 262850
1657578600 111425 256371 335664 270187
1657576800 191997 263750 294892 271700
1657575000 42730 268865 108959 279813
1657573200 18301 289625 28209 301920
1657571400 54512 405424 209373 638862
1657569600 182276 628779 552523 644507
1657567800 197707 625445 654640 656452
1657566000 122491 615162 292163 635024
1657564200 84109 638827 221518 674773
1657562400 70300 629520 192383 660971
1657560600 116572 626095 1053295 640933
1657558800 346636 719680 1053295 872010
1657557000 202717 835566 469226 872116
1657555200 167339 739634 253157 765239
1657553400 140789 747653 211433 788856
1657551600 214930 732476 291886 744124
1657549800 85588 719923 495632 734874
1657548000 308099 756091 925258 809176
1657546200 131928 795192 270004 809176
1657544400 115771 792936 359376 809159
1657542600 293739 793601 391122 812577
1657540800 187942 601664 282296 748418
1657539000 657044 213105 1285121 276441
1657537200 70932 23773 102876 108249
1657535400 87572 7984 129804 14928
1657533600 125012 9846 333195 13305
1657531800 91974 11346 242614 25026
1657530000 134919 9450 242614 14899
1657528200 67900 4463 353272 12685
1657526400 61360 24034 353272 140513
1657524600 33395 25491 168883 140513
1657522800 108410 4504 337433 8032
1657521000 18455 3596 67670 6106
1657519200 34294 5406 56695 7797
1657517400 117783 6562 232779 10384
1657515600 6429 2279 13488 3620
1657513800 3034 1909 4054 2405
1657512000 11908 4503 40344 43974
1657510200 22530 20884 44691 79665
1657508400 3252 2658 3923 6009
1657506600 7318 2612 23013 2979
1657504800 4402 2573 7038 4178
1657503000 8610 2730 17668 3613
1657501200 69880 8659 159330 31958
1657499400 23980 3052 75174 4559
1657497600 61326 4825 154679 9170
1657495800 113022 7508 139630 9585
1657494000 107258 7636 143339 8546
1657492200 116126 8821 129885 9841
1657490400 113422 8872 124160 9373
1657488600 87560 6431 149674 9198
1657486800 34596 3438 57735 4875
1657485000 50349 3977 153810 6469
1657483200 61017 4315 153810 6964
1657481400 34823 3660 75891 5982
1657479600 42079 3703 364805 11438
1657477800 193038 7568 364805 11438
1657476000 82889 25367 393642 101777
1657474200 72725 4619 393642 16345
1657472400 8976 2984 39261 6059
1657470600 2906 1853 3972 2403
1657468800 4750 2149 37329 3303
1657467000 143969 9921 379413 18759
1657465200 89146 9519 225422 13261
1657463400 126614 15593 417724 56250
1657461600 21086 3642 93650 8932
1657459800 5670 2490 22942 3617
1657458000 4785 1600 22942 2500
1657456200 2701 1802 3849 2190
1657454400 2504 1871 3053 2972
1657452600 6290 2032 16673 3123
1657450800 3935 2206 8908 2662
1657449000 42991 25542 193664 89236
1657447200 2606 2027 2955 2645
1657445400 3694 1963 7430 2924
1657443600 3580 2207 7785 3307
1657441800 3175 2041 4942 2733
1657440000 3053 2293 3453 3741
1657438200 172177 6849 420214 14659
1657436400 38380 2459 171589 5809
1657434600 7481 1947 34780 3547
1657432800 4780 2248 13540 3175
1657431000 9063 2103 93163 4992
1657429200 100837 6113 182645 10513
1657427400 77822 4890 240996 10341
1657425600 8263 2959 27644 5150
1657423800 68434 3738 168161 9223
1657422000 36506 8358 74945 22457
1657420200 23195 2699 48171 3849
1657418400 2690 1777 3297 2130
1657416600 4259 2146 8552 2540
1657414800 3824 2022 8552 2700
1657413000 5173 2676 10889 4021
1657411200 8985 2856 87360 6483
1657409400 56957 4652 125624 10457
1657407600 14291 5717 65811 24456
1657405800 14947 2448 34076 3667
1657404000 101245 6761 172412 9248
1657402200 53850 3435 246916 6689
1657400400 22130 3934 97527 8200
1657398600 51250 4165 142291 6617
1657396800 21136 2661 142291 6617
1657395000 6050 1936 20214 2621
1657393200 6590 2160 21520 3543
1657391400 3930 2287 7549 3543
1657389600 3213 2251 4283 2614
1657387800 71085 5746 137280 10038
1657386000 131428 6939 296876 11584
1657384200 99311 8321 238612 11829
1657382400 117440 14926 249694 50437
1657380600 77222 13934 398481 28827
1657378800 186229 13775 398481 48140
1657377000 90757 9772 194970 63838
1657375200 159920 15278 275107 63838
1657373400 107459 26964 170351 124605
1657371600 133690 7619 318997 12305
1657369800 192685 6974 290137 16278
1657368000 262370 14940 544299 28066
1657366200 249235 8044 433250 12089
1657364400 165566 8106 247211 12089
1657362600 131011 7903 168234 13862
1657360800 152891 10359 293991 168439
1657359000 105647 46693 286063 168439
1657357200 13173 2636 83177 9035
1657355400 11930 30208 64508 216514
1657353600 131698 6605 320852 11538
1657351800 261782 11377 320852 12141
1657350000 153848 9582 210531 11150
1657348200 102674 8299 167959 11466
1657346400 53862 6568 97598 8509
1657344600 57355 4571 187390 6772
1657342800 6086 3860 10834 4287
1657341000 61373 5380 179108 8286
1657339200 89651 7512 156858 9622
1657337400 83784 6503 119035 8694
1657335600 3672 2138 4683 2644
1657333800 5171 2387 15666 4182
1657332000 10155 5967 19094 16729
1657330200 71329 8297 262755 24907
1657328400 229491 10434 393304 15661
1657326600 94440 5431 256542 8299
1657324800 35318 4189 129162 25316
1657323000 144122 8040 284552 25316
1657321200 82947 5230 141540 8373
1657319400 30497 23905 204077 72767
1657317600 218956 6214 360396 8712
1657315800 82290 4512 335447 8712
1657314000 35424 3857 101938 6879
1657312200 95990 4386 198903 8543
1657310400 151561 8688 262430 13995
1657308600 78792 7135 169349 12331
1657306800 145382 8024 236167 10206
1657305000 95939 8429 389844 21557
1657303200 16380 4501 35639 6244
1657301400 81157 8648 211877 11486
1657299600 148423 9746 251256 16205
1657297800 128501 10394 299657 15632
1657296000 233747 10372 452295 13683
1657294200 115516 9958 247561 30822
1657292400 371162 21376 564670 30822
1657290600 362606 20862 551396 41750
1657288800 651194 37178 1972394 74738
1657287000 222277 22875 586400 56618
1657285200 373911 21571 786616 37642
1657283400 219817 17898 340401 29276
1657281600 330243 29189 555279 53550
1657279800 291791 20377 616476 36077
1657278000 77843 11543 103540 24214
1657276200 88241 7345 118532 13661
1657274400 86671 7237 102963 16519
1657272600 88151 22059 197872 300897
1657270800 223360 74455 414827 300897
1657269000 110460 5336 305297 23849
1657267200 49168 31659 189477 159607
1657265400 6363 2728 18406 3971
1657263600 2864 1741 3599 3101
1657261800 13912 3404 51168 7910
1657260000 81179 7760 437640 13217
1657258200 167934 6454 437640 13217
1657256400 68963 2947 257018 9576
1657254600 17538 5466 109278 14913
1657252800 14230 2811 40199 4256
1657251000 89560 23632 476574 127460
1657249200 71597 3103 257723 6390
1657247400 13680 5766 18808 15439
1657245600 14446 2931 18808 3584
1657243800 21535 6717 44912 18011
1657242000 94533 7936 242625 20027
1657240200 25264 6326 58677 14170
1657238400 201324 9729 414562 36966
1657236600 384138 25509 831439 36966
1657234800 465109 18389 831439 24632
1657233000 102121 6337 225806 11323
1657231200 147292 6604 413983 10729
1657229400 145680 5991 416501 12713
1657227600 39187 5410 109360 8068
1657225800 204048 6533 739037 10874
1657224000 140352 8932 257462 16262
1657222200 91336 4987 255822 8324
1657220400 35908 5188 128033 8545
1657218600 9050 2746 65478 6011
1657216800 39491 5740 73459 8631
1657215000 58658 7121 197685 13286
1657213200 73599 9091 202420 31013
1657211400 28681 26024 33290 31013
1657209600 49741 6085 142973 13034
1657207800 135240 11779 436677 18739
1657206000 167615 14606 384633 36166
1657204200 205869 13316 384633 28682
1657202400 103751 15427 171622 33975
1657200600 96603 5985 225557 9436
1657198800 137075 13204 419910 25695
1657197000 239239 19035 567228 34136
1657195200 516477 15917 780480 22253
1657193400 70992 11616 169852 41596
1657191600 85218 6385 161126 10657
1657189800 155864 9809 346060 106389
1657188000 46440 51791 140521 118315
1657186200 46709 7034 150972 12589
1657184400 132254 8443 253493 12063
1657182600 15042 2747 196922 12203
1657180800 179039 6115 280350 12203
1657179000 194806 4751 240466 5879
1657177200 161976 4689 298416 6792
1657175400 159950 80930 199118 537986
1657173600 133664 7332 210562 9329
1657171800 105481 5067 428210 11392
1657170000 35880 2774 158710 5639
1657168200 143457 6312 211062 9914
1657166400 129429 13890 198498 45411
1657164600 14574 4300 16887 10208
1657162800 18579 2324 31971 4101
1657161000 19072 4568 26303 12733
1657159200 16666 2072 26303 2349
1657157400 28945 5457 376830 14879
1657155600 264688 9351 542485 14879
1657153800 22988 5832 168348 13294
1657152000 270295 10657 605687 17885
1657150200 207611 8446 438443 16400
1657148400 186748 7033 370473 11943
1657146600 107961 6237 322757 9744
1657144800 53705 4292 99678 7111
1657143000 32866 3737 89919 5981
1657141200 17208 2222 89919 5981
1657139400 18017 2953 89846 7620
1657137600 6221 2473 16083 4018
1657135800 36743 30267 82775 100227
1657134000 86570 6893 241712 13099
1657132200 27300 8152 100281 15647
1657130400 148916 6945 375072 9040
1657128600 99163 9161 225876 26013
1657126800 308787 17307 480673 42182
1657125000 113220 11909 448547 16710
1657123200 174040 14407 483714 28289
1657121400 242445 102176 329919 345952
1657119600 139077 17018 274357 70790
1657117800 120806 11344 252249 19330
1657116000 324631 32429 492248 49812
1657114200 142612 12015 339794 31478
1657112400 193907 13954 289766 41091
1657110600 233411 13611 434295 23867
1657108800 214781 13650 395614 25662
1657107000 315400 13265 613475 25662
1657105200 137728 20202 313649 116121
1657103400 108476 42188 313649 112310
1657101600 152718 53285 357369 172023
1657099800 88096 11769 163797 29934
1657098000 141152 92830 340134 448750
1657096200 83804 43966 187109 208142
1657094400 80973 4861 373952 15449
1657092600 4640 2332 8962 3834
1657090800 12787 2160 36657 4154
1657089000 33667 4614 80899 7991
1657087200 16242 2228 24115 2606
1657085400 317705 7918 731448 16753
1657083600 346705 55808 562493 315500
1657081800 119270 6241 263464 10846
1657080000 159643 13530 660650 27503
1657078200 112937 7765 646365 21210
1657076400 137351 5054 184194 5852
1657074600 145925 11885 185238 24486
1657072800 45188 4012 134675 8030
1657071000 211134 11512 485077 24498
1657069200 274244 14737 480648 28924
1657067400 123802 11086 480648 23339
1657065600 31974 3544 113020 5496
1657063800 59081 8311 158969 14193
1657062000 74394 26466 163876 89824
1657060200 3841 1791 6734 2281
1657058400 32542 8074 160404 37803
1657056600 13121 3883 26339 7808
1657054800 76638 6367 212919 14272
1657053000 75326 7246 258101 14272
1657051200 125593 7789 302236 14247
1657049400 296986 11658 497498 19430
1657047600 209588 8080 308192 10253
1657045800 200155 12406 301060 26353
1657044000 271737 9589 438093 11389
1657042200 227334 10380 438093 13219
1657040400 324688 12696 571515 20287
1657038600 344918 12055 593662 20144
1657036800 99336 7160 200224 11479
1657035000 155824 20261 267225 56122
1657033200 98431 12675 174408 32921
1657031400 208394 62277 398126 187732
1657029600 184136 8836 398126 12212
1657027800 125068 18296 176306 44297
1657026000 175687 11911 344108 18723
1657024200 120750 14086 237771 29542
1657022400 120733 8349 188394 12255
1657020600 167004 21509 350793 35070
1657018800 135651 26841 266013 110802
1657017000 137847 22491 364782 110802
1657015200 118721 6601 290490 11428
1657013400 121621 10920 225071 22738
1657011600 176230 9547 548340 20577
1657009800 84475 4800 246569 7629
1657008000 174955 36869 330225 144954
1657006200 122951 5831 214484 8877
1657004400 190754 6457 249228 8431
1657002600 148093 4842 523870 10885
1657000800 21989 2753 109169 4482
1656999000 287370 6532 719407 15532
1656997200 260383 6088 675256 14308
1656995400 214606 7334 419313 16380
1656993600 142932 8508 548484 66454
1656991800 154659 33777 548484 81223
1656990000 25591 2606 75345 3514
1656988200 21873 18513 44230 69782
1656986400 37542 3493 76321 5975
1656984600 107007 8088 278568 18018
1656982800 277506 22132 450193 84879
1656981000 194176 21911 238445 84879
1656979200 71445 13973 165526 43785
1656977400 34532 3992 141650 10875
1656975600 5867 2447 14227 3702
1656973800 112453 6234 224291 10410
1656972000 269014 11097 355438 13111
1656970200 59536 29593 258783 129547
1656968400 86474 4648 241454 12628
1656966600 120679 8268 205787 12628
1656964800 158798 4871 362314 10214
1656963000 0 0 0 0
1656961200 0 0 0 0
1656959400 0 0 0 0
1656957600 0 0 0 0
1656955800 0 0 0 0
1656954000 0 0 0 0
1656952200 0 0 0 0
1656950400 0 0 0 0
1656948600 0 0 0 0
1656946800 0 0 0 0
1656945000 0 0 0 0
1656943200 0 0 0 0
1656941400 0 0 0 0
1656939600 0 0 0 0
1656937800 0 0 0 0
1656936000 0 0 0 0
1656934200 0 0 0 0
1656932400 0 0 0 0
1656930600 0 0 0 0
1656928800 0 0 0 0
1656927000 0 0 0 0
1656925200 0 0 0 0
1656923400 0 0 0 0
1656921600 0 0 0 0
1656919800 0 0 0 0
1656918000 0 0 0 0
1656916200 0 0 0 0
1656914400 0 0 0 0
1656912600 0 0 0 0
1656910800 0 0 0 0
1656909000 0 0 0 0
1656907200 0 0 0 0
1656905400 0 0 0 0
1656903600 0 0 0 0
1656901800 0 0 0 0
1656900000 0 0 0 0
1656898200 0 0 0 0
1656896400 0 0 0 0
1656894600 0 0 0 0
1656892800 0 0 0 0
1656891000 0 0 0 0
1656889200 0 0 0 0
1656887400 0 0 0 0
1656885600 0 0 0 0
1656883800 0 0 0 0
1656882000 0 0 0 0
1656880200 0 0 0 0
1656878400 0 0 0 0
1656876600 0 0 0 0
1656874800 0 0 0 0
1656873000 0 0 0 0
1656871200 0 0 0 0
1656869400 0 0 0 0
1656867600 0 0 0 0
1656865800 0 0 0 0
1656864000 0 0 0 0
1656862200 0 0 0 0
1656860400 0 0 0 0
1656858600 0 0 0 0
1656856800 0 0 0 0
1656855000 0 0 0 0
1656853200 0 0 0 0
1656851400 0 0 0 0
1656849600 0 0 0 0
1656847800 0 0 0 0
1656846000 0 0 0 0
1656844200 0 0 0 0
1656842400 0 0 0 0
1656840600 0 0 0 0
1656838800 0 0 0 0
1656837000 0 0 0 0
1656835200 0 0 0 0
1656833400 0 0 0 0
1656831600 0 0 0 0
1656829800 0 0 0 0
1656828000 0 0 0 0
1656826200 0 0 0 0
1656824400 0 0 0 0
1656822600 0 0 0 0
1656820800 0 0 0 0
1656819000 0 0 0 0
1656817200 0 0 0 0
1656815400 0 0 0 0
1656813600 0 0 0 0
1656811800 0 0 0 0
1656810000 0 0 0 0
1656808200 0 0 0 0
1656806400 0 0 0 0
1656804600 0 0 0 0
1656802800 0 0 0 0
1656801000 0 0 0 0
1656799200 0 0 0 0
1656797400 0 0 0 0
1656795600 0 0 0 0
1656793800 0 0 0 0
1656792000 0 0 0 0
1656790200 0 0 0 0
1656788400 0 0 0 0
1656786600 0 0 0 0
1656784800 0 0 0 0
1656783000 0 0 0 0
1656781200 0 0 0 0
1656779400 0 0 0 0
1656777600 0 0 0 0
1656775800 0 0 0 0
1656774000 0 0 0 0
1656772200 0 0 0 0
1656770400 0 0 0 0
1656768600 0 0 0 0
1656766800 0 0 0 0
1656765000 0 0 0 0
1656763200 0 0 0 0
1656761400 0 0 0 0
1656759600 0 0 0 0
1656757800 0 0 0 0
1656756000 0 0 0 0
1656754200 0 0 0 0
1656752400 0 0 0 0
1656750600 0 0 0 0
1656748800 0 0 0 0
1656747000 0 0 0 0
1656745200 0 0 0 0
1656743400 0 0 0 0
1656741600 0 0 0 0
1656739800 0 0 0 0
1656738000 0 0 0 0
1656736200 0 0 0 0
1656734400 0 0 0 0
1656732600 0 0 0 0
1656730800 0 0 0 0
1656729000 0 0 0 0
1656727200 0 0 0 0
1656725400 0 0 0 0
1656723600 0 0 0 0
1656721800 0 0 0 0
1656720000 0 0 0 0
1656718200 0 0 0 0
1656716400 0 0 0 0
1656714600 0 0 0 0
1656712800 0 0 0 0
1656711000 0 0 0 0
1656709200 0 0 0 0
1656707400 0 0 0 0
1656705600 0 0 0 0
1656703800 0 0 0 0
1656702000 0 0 0 0
1656700200 0 0 0 0
1656698400 0 0 0 0
1656696600 0 0 0 0
1656694800 0 0 0 0
1656693000 0 0 0 0
1656691200 0 0 0 0
1656689400 0 0 0 0
1656687600 0 0 0 0
1656685800 0 0 0 0
1656684000 0 0 0 0
1656682200 0 0 0 0
1656680400 0 0 0 0
1656678600 0 0 0 0
1656676800 0 0 0 0
1656675000 0 0 0 0
1656673200 0 0 0 0
1656671400 0 0 0 0
1656669600 0 0 0 0
1656667800 0 0 0 0
1656666000 0 0 0 0
1656664200 0 0 0 0
1656662400 0 0 0 0
1656660600 0 0 0 0
1656658800 0 0 0 0
1656657000 0 0 0 0
1656655200 0 0 0 0
1656653400 0 0 0 0
1656651600 0 0 0 0
1656649800 0 0 0 0
1656648000 0 0 0 0
1656646200 0 0 0 0
1656644400 0 0 0 0
1656642600 0 0 0 0
1656640800 0 0 0 0
1656639000 0 0 0 0
1656637200 0 0 0 0
1656635400 0 0 0 0
1656633600 0 0 0 0
1656631800 0 0 0 0
1656630000 0 0 0 0
1656628200 0 0 0 0
1656626400 0 0 0 0
1656624600 0 0 0 0
1656622800 0 0 0 0
1656621000 0 0 0 0
1656619200 0 0 0 0
1656617400 0 0 0 0
1656615600 0 0 0 0
1656613800 0 0 0 0
1656612000 0 0 0 0
1656610200 0 0 0 0
1656608400 0 0 0 0
1656606600 0 0 0 0
1656604800 0 0 0 0
1656603000 0 0 0 0
1656601200 0 0 0 0
1656599400 0 0 0 0
1656597600 0 0 0 0
1656595800 0 0 0 0
1656594000 0 0 0 0
1656592200 0 0 0 0
1656590400 0 0 0 0
1656588600 0 0 0 0
1656586800 0 0 0 0
1656585000 0 0 0 0
1656583200 0 0 0 0
1656581400 0 0 0 0
1656579600 0 0 0 0
1656577800 0 0 0 0
1656576000 0 0 0 0
1656574200 0 0 0 0
1656572400 0 0 0 0
1656570600 0 0 0 0
1656568800 0 0 0 0
1656567000 0 0 0 0
1656565200 0 0 0 0
1656563400 0 0 0 0
1656561600 0 0 0 0
1656559800 0 0 0 0
1656558000 0 0 0 0
1656556200 0 0 0 0
1656554400 0 0 0 0
1656552600 0 0 0 0
1656550800 0 0 0 0
1656549000 0 0 0 0
1656547200 0 0 0 0
1656545400 0 0 0 0
1656543600 0 0 0 0
1656541800 0 0 0 0
1656540000 0 0 0 0
1656532800 0 0 0 0
1656525600 0 0 0 0
1656518400 0 0 0 0
1656511200 0 0 0 0
1656504000 0 0 0 0
1656496800 0 0 0 0
1656489600 0 0 0 0
1656482400 0 0 0 0
1656475200 0 0 0 0
1656468000 0 0 0 0
1656460800 0 0 0 0
1656453600 0 0 0 0
1656446400 0 0 0 0
1656439200 0 0 0 0
1656432000 0 0 0 0
1656424800 0 0 0 0
1656417600 0 0 0 0
1656410400 0 0 0 0
1656403200 0 0 0 0
1656396000 0 0 0 0
1656388800 0 0 0 0
1656381600 0 0 0 0
1656374400 0 0 0 0
1656367200 0 0 0 0
1656360000 0 0 0 0
1656352800 0 0 0 0
1656345600 0 0 0 0
1656338400 0 0 0 0
1656331200 0 0 0 0
1656324000 0 0 0 0
1656316800 0 0 0 0
1656309600 0 0 0 0
1656302400 0 0 0 0
1656295200 0 0 0 0
1656288000 0 0 0 0
1656280800 0 0 0 0
1656273600 0 0 0 0
1656266400 0 0 0 0
1656259200 0 0 0 0
1656252000 0 0 0 0
1656244800 0 0 0 0
1656237600 0 0 0 0
1656230400 0 0 0 0
1656223200 0 0 0 0
1656216000 0 0 0 0
1656208800 0 0 0 0
1656201600 0 0 0 0
1656194400 0 0 0 0
1656187200 0 0 0 0
1656180000 0 0 0 0
1656172800 0 0 0 0
1656165600 0 0 0 0
1656158400 0 0 0 0
1656151200 0 0 0 0
1656144000 0 0 0 0
1656136800 0 0 0 0
1656129600 0 0 0 0
1656122400 0 0 0 0
1656115200 0 0 0 0
1656108000 0 0 0 0
1656100800 0 0 0 0
1656093600 0 0 0 0
1656086400 0 0 0 0
1656079200 0 0 0 0
1656072000 0 0 0 0
1656064800 0 0 0 0
1656057600 0 0 0 0
1656050400 0 0 0 0
1656043200 0 0 0 0
1656036000 0 0 0 0
1656028800 0 0 0 0
1656021600 0 0 0 0
1656014400 0 0 0 0
1656007200 0 0 0 0
1656000000 0 0 0 0
1655992800 0 0 0 0
1655985600 0 0 0 0
1655978400 0 0 0 0
1655971200 0 0 0 0
1655964000 0 0 0 0
1655956800 0 0 0 0
1655949600 0 0 0 0
1655942400 0 0 0 0
1655935200 0 0 0 0
1655928000 0 0 0 0
1655920800 0 0 0 0
1655913600 0 0 0 0
1655906400 0 0 0 0
1655899200 0 0 0 0
1655892000 0 0 0 0
1655884800 0 0 0 0
1655877600 0 0 0 0
1655870400 0 0 0 0
1655863200 0 0 0 0
1655856000 0 0 0 0
1655848800 0 0 0 0
1655841600 0 0 0 0
1655834400 0 0 0 0
1655827200 0 0 0 0
1655820000 0 0 0 0
1655812800 0 0 0 0
1655805600 0 0 0 0
1655798400 0 0 0 0
1655791200 0 0 0 0
1655784000 0 0 0 0
1655776800 0 0 0 0
1655769600 0 0 0 0
1655762400 0 0 0 0
1655755200 0 0 0 0
1655748000 0 0 0 0
1655740800 0 0 0 0
1655733600 0 0 0 0
1655726400 0 0 0 0
1655719200 0 0 0 0
1655712000 0 0 0 0
1655704800 0 0 0 0
1655697600 0 0 0 0
1655690400 0 0 0 0
1655683200 0 0 0 0
1655676000 0 0 0 0
1655668800 0 0 0 0
1655661600 0 0 0 0
1655654400 0 0 0 0
1655647200 0 0 0 0
1655640000 0 0 0 0
1655632800 0 0 0 0
1655625600 0 0 0 0
1655618400 0 0 0 0
1655611200 0 0 0 0
1655604000 0 0 0 0
1655596800 0 0 0 0
1655589600 0 0 0 0
1655582400 0 0 0 0
1655575200 0 0 0 0
1655568000 0 0 0 0
1655560800 0 0 0 0
1655553600 0 0 0 0
1655546400 0 0 0 0
1655539200 0 0 0 0
1655532000 0 0 0 0
1655524800 0 0 0 0
1655517600 0 0 0 0
1655510400 0 0 0 0
1655503200 0 0 0 0
1655496000 0 0 0 0
1655488800 0 0 0 0
1655481600 0 0 0 0
1655474400 0 0 0 0
1655467200 0 0 0 0
1655460000 0 0 0 0
1655452800 0 0 0 0
1655445600 0 0 0 0
1655438400 0 0 0 0
1655431200 0 0 0 0
1655424000 0 0 0 0
1655416800 0 0 0 0
1655409600 0 0 0 0
1655402400 0 0 0 0
1655395200 0 0 0 0
1655388000 0 0 0 0
1655380800 0 0 0 0
1655373600 0 0 0 0
1655366400 0 0 0 0
1655359200 0 0 0 0
1655352000 0 0 0 0
1655344800 0 0 0 0
1655337600 0 0 0 0
1655330400 0 0 0 0
1655323200 0 0 0 0
1655316000 0 0 0 0
1655308800 0 0 0 0
1655301600 0 0 0 0
1655294400 0 0 0 0
1655287200 0 0 0 0
1655280000 0 0 0 0
1655272800 0 0 0 0
1655265600 0 0 0 0
1655258400 0 0 0 0
1655251200 0 0 0 0
1655244000 0 0 0 0
1655236800 0 0 0 0
1655229600 0 0 0 0
1655222400 0 0 0 0
1655215200 0 0 0 0
1655208000 0 0 0 0
1655200800 0 0 0 0
1655193600 0 0 0 0
1655186400 0 0 0 0
1655179200 0 0 0 0
1655172000 0 0 0 0
1655164800 0 0 0 0
1655157600 0 0 0 0
1655150400 0 0 0 0
1655143200 0 0 0 0
1655136000 0 0 0 0
1655128800 0 0 0 0
1655121600 0 0 0 0
1655114400 0 0 0 0
1655107200 0 0 0 0
1655100000 0 0 0 0
1655092800 0 0 0 0
1655085600 0 0 0 0
1655078400 0 0 0 0
1655071200 0 0 0 0
1655064000 0 0 0 0
1655056800 0 0 0 0
1655049600 0 0 0 0
1655042400 0 0 0 0
1655035200 0 0 0 0
1655028000 0 0 0 0
1655020800 0 0 0 0
1655013600 0 0 0 0
1655006400 0 0 0 0
1654999200 0 0 0 0
1654992000 0 0 0 0
1654984800 0 0 0 0
1654977600 0 0 0 0
1654970400 0 0 0 0
1654963200 0 0 0 0
1654956000 0 0 0 0
1654948800 0 0 0 0
1654941600 0 0 0 0
1654934400 0 0 0 0
1654927200 0 0 0 0
1654920000 0 0 0 0
1654912800 0 0 0 0
1654905600 0 0 0 0
1654898400 0 0 0 0
1654891200 0 0 0 0
1654884000 0 0 0 0
1654876800 0 0 0 0
1654869600 0 0 0 0
1654862400 0 0 0 0
1654855200 0 0 0 0
1654848000 0 0 0 0
1654840800 0 0 0 0
1654833600 0 0 0 0
1654826400 0 0 0 0
1654819200 0 0 0 0
1654812000 0 0 0 0
1654804800 0 0 0 0
1654797600 0 0 0 0
1654790400 0 0 0 0
1654783200 0 0 0 0
1654776000 0 0 0 0
1654768800 0 0 0 0
1654761600 0 0 0 0
1654754400 0 0 0 0
1654747200 0 0 0 0
1654740000 0 0 0 0
1654732800 0 0 0 0
1654725600 0 0 0 0
1654718400 0 0 0 0
1654711200 0 0 0 0
1654704000 0 0 0 0
1654696800 0 0 0 0
1654689600 0 0 0 0
1654682400 0 0 0 0
1654675200 0 0 0 0
1654668000 0 0 0 0
1654660800 0 0 0 0
1654653600 0 0 0 0
1654646400 0 0 0 0
1654639200 0 0 0 0
1654632000 0 0 0 0
1654624800 0 0 0 0
1654617600 0 0 0 0
1654610400 0 0 0 0
1654603200 0 0 0 0
1654596000 0 0 0 0
1654588800 0 0 0 0
1654581600 0 0 0 0
1654574400 0 0 0 0
1654567200 0 0 0 0
1654560000 0 0 0 0
1654552800 0 0 0 0
1654545600 0 0 0 0
1654538400 0 0 0 0
1654531200 0 0 0 0
1654524000 0 0 0 0
1654516800 0 0 0 0
1654509600 0 0 0 0
1654502400 0 0 0 0
1654495200 0 0 0 0
1654488000 0 0 0 0
1654480800 0 0 0 0
1654473600 0 0 0 0
1654466400 0 0 0 0
1654459200 0 0 0 0
1654452000 0 0 0 0
1654444800 0 0 0 0
1654437600 0 0 0 0
1654430400 0 0 0 0
1654423200 0 0 0 0
1654416000 0 0 0 0
1654408800 0 0 0 0
1654401600 0 0 0 0
1654394400 0 0 0 0
1654387200 0 0 0 0
1654380000 0 0 0 0
1654372800 0 0 0 0
1654365600 0 0 0 0
1654358400 0 0 0 0
1654351200 0 0 0 0
1654344000 0 0 0 0
1654336800 0 0 0 0
1654329600 0 0 0 0
1654322400 0 0 0 0
1654315200 0 0 0 0
1654308000 0 0 0 0
1654300800 0 0 0 0
1654293600 0 0 0 0
1654286400 0 0 0 0
1654279200 0 0 0 0
1654272000 0 0 0 0
1654264800 0 0 0 0
1654257600 0 0 0 0
1654250400 0 0 0 0
1654243200 0 0 0 0
1654236000 0 0 0 0
1654228800 0 0 0 0
1654221600 0 0 0 0
1654214400 0 0 0 0
1654207200 0 0 0 0
1654200000 0 0 0 0
1654192800 0 0 0 0
1654185600 0 0 0 0
1654178400 0 0 0 0
1654171200 0 0 0 0
1654164000 0 0 0 0
1654156800 0 0 0 0
1654149600 0 0 0 0
1654142400 0 0 0 0
1654135200 0 0 0 0
1654128000 0 0 0 0
1654120800 0 0 0 0
1654113600 0 0 0 0
1654106400 0 0 0 0
1654099200 0 0 0 0
1654092000 0 0 0 0
1654084800 0 0 0 0
1654077600 0 0 0 0
1654070400 0 0 0 0
1654063200 0 0 0 0
1654056000 0 0 0 0
1654048800 0 0 0 0
1654041600 0 0 0 0
1654034400 0 0 0 0
1654027200 0 0 0 0
1654020000 0 0 0 0
1654012800 0 0 0 0
1654005600 0 0 0 0
1653998400 0 0 0 0
1653991200 0 0 0 0
1653984000 0 0 0 0
1653976800 0 0 0 0
1653969600 0 0 0 0
1653962400 0 0 0 0
1653955200 0 0 0 0
1653948000 0 0 0 0
1653940800 0 0 0 0
1653933600 0 0 0 0
1653926400 0 0 0 0
1653919200 0 0 0 0
1653912000 0 0 0 0
1653904800 0 0 0 0
1653897600 0 0 0 0
1653890400 0 0 0 0
1653883200 0 0 0 0
1653876000 0 0 0 0
1653868800 0 0 0 0
1653861600 0 0 0 0
1653854400 0 0 0 0
1653847200 0 0 0 0
1653840000 0 0 0 0
1653832800 0 0 0 0
1653825600 0 0 0 0
1653818400 0 0 0 0
1653811200 0 0 0 0
1653804000 0 0 0 0
1653796800 0 0 0 0
1653789600 0 0 0 0
1653782400 0 0 0 0
1653775200 0 0 0 0
1653768000 0 0 0 0
1653760800 0 0 0 0
1653753600 0 0 0 0
1653746400 0 0 0 0
1653739200 0 0 0 0
1653732000 0 0 0 0
1653724800 0 0 0 0
1653717600 0 0 0 0
1653710400 0 0 0 0
1653703200 0 0 0 0
1653696000 0 0 0 0
1653688800 0 0 0 0
1653681600 0 0 0 0
1653674400 0 0 0 0
1653667200 0 0 0 0
1653660000 0 0 0 0
1653652800 0 0 0 0
1653645600 0 0 0 0
1653638400 0 0 0 0
1653631200 0 0 0 0
1653624000 0 0 0 0
1653616800 0 0 0 0
1653609600 0 0 0 0
1653602400 0 0 0 0
1653595200 0 0 0 0
1653588000 0 0 0 0
1653580800 0 0 0 0
1653573600 0 0 0 0
1653566400 0 0 0 0
1653559200 0 0 0 0
1653552000 0 0 0 0
1653544800 0 0 0 0
1653537600 0 0 0 0
1653530400 0 0 0 0
1653523200 0 0 0 0
1653516000 0 0 0 0
1653508800 0 0 0 0
1653501600 0 0 0 0
1653494400 0 0 0 0
1653487200 0 0 0 0
1653480000 0 0 0 0
1653472800 0 0 0 0
1653465600 0 0 0 0
1653458400 0 0 0 0
1653451200 0 0 0 0
1653444000 0 0 0 0
1653436800 0 0 0 0
1653429600 0 0 0 0
1653422400 0 0 0 0
1653415200 0 0 0 0
1653408000 0 0 0 0
1653400800 0 0 0 0
1653393600 0 0 0 0
1653386400 0 0 0 0
1653379200 0 0 0 0
1653372000 0 0 0 0
1653364800 0 0 0 0
1653357600 0 0 0 0
1653350400 0 0 0 0
1653343200 0 0 0 0
1653336000 0 0 0 0
1653328800 0 0 0 0
1653321600 0 0 0 0
1653314400 0 0 0 0
1653307200 0 0 0 0
1653300000 0 0 0 0
1653292800 0 0 0 0
1653285600 0 0 0 0
1653278400 0 0 0 0
1653271200 0 0 0 0
1653264000 0 0 0 0
1653256800 0 0 0 0
1653249600 0 0 0 0
1653242400 0 0 0 0
1653235200 0 0 0 0
1653228000 0 0 0 0
1653220800 0 0 0 0
1653213600 0 0 0 0
1653206400 0 0 0 0
1653199200 0 0 0 0
1653192000 0 0 0 0
1653184800 0 0 0 0
1653177600 0 0 0 0
1653170400 0 0 0 0
1653163200 0 0 0 0
1653156000 0 0 0 0
1653148800 0 0 0 0
1653141600 0 0 0 0
1653134400 0 0 0 0
1653127200 0 0 0 0
1653120000 0 0 0 0
1653112800 0 0 0 0
1653105600 0 0 0 0
1653098400 0 0 0 0
1653091200 0 0 0 0
1653084000 0 0 0 0
1653076800 0 0 0 0
1653069600 0 0 0 0
1653062400 0 0 0 0
1653055200 0 0 0 0
1653048000 0 0 0 0
1653040800 0 0 0 0
1653033600 0 0 0 0
1653026400 0 0 0 0
1653019200 0 0 0 0
1653012000 0 0 0 0
1653004800 0 0 0 0
1652997600 0 0 0 0
1652990400 0 0 0 0
1652983200 0 0 0 0
1652976000 0 0 0 0
1652968800 0 0 0 0
1652961600 0 0 0 0
1652954400 0 0 0 0
1652947200 0 0 0 0
1652940000 0 0 0 0
1652932800 0 0 0 0
1652925600 0 0 0 0
1652918400 0 0 0 0
1652911200 0 0 0 0
1652904000 0 0 0 0
1652896800 0 0 0 0
1652889600 0 0 0 0
1652882400 0 0 0 0
1652875200 0 0 0 0
1652868000 0 0 0 0
1652860800 0 0 0 0
1652853600 0 0 0 0
1652846400 0 0 0 0
1652839200 0 0 0 0
1652832000 0 0 0 0
1652824800 0 0 0 0
1652817600 0 0 0 0
1652810400 0 0 0 0
1652803200 0 0 0 0
1652796000 0 0 0 0
1652788800 0 0 0 0
1652781600 0 0 0 0
1652774400 0 0 0 0
1652767200 0 0 0 0
1652760000 0 0 0 0
1652752800 0 0 0 0
1652745600 0 0 0 0
1652738400 0 0 0 0
1652731200 0 0 0 0
1652724000 0 0 0 0
1652716800 0 0 0 0
1652709600 0 0 0 0
1652702400 0 0 0 0
1652695200 0 0 0 0
1652688000 0 0 0 0
1652680800 0 0 0 0
1652673600 0 0 0 0
1652666400 0 0 0 0
1652659200 0 0 0 0
1652652000 0 0 0 0
1652644800 0 0 0 0
1652637600 0 0 0 0
1652630400 0 0 0 0
1652623200 0 0 0 0
1652616000 0 0 0 0
1652608800 0 0 0 0
1652601600 0 0 0 0
1652594400 0 0 0 0
1652587200 0 0 0 0
1652580000 0 0 0 0
1652572800 0 0 0 0
1652565600 0 0 0 0
1652558400 0 0 0 0
1652551200 0 0 0 0
1652544000 0 0 0 0
1652536800 0 0 0 0
1652529600 0 0 0 0
1652522400 0 0 0 0
1652515200 0 0 0 0
1652508000 0 0 0 0
1652500800 0 0 0 0
1652493600 0 0 0 0
1652486400 0 0 0 0
1652479200 0 0 0 0
1652472000 0 0 0 0
1652464800 0 0 0 0
1652457600 0 0 0 0
1652450400 0 0 0 0
1652443200 0 0 0 0
1652436000 0 0 0 0
1652428800 0 0 0 0
1652421600 0 0 0 0
1652414400 0 0 0 0
1652407200 0 0 0 0
1652400000 0 0 0 0
1652392800 0 0 0 0
1652385600 0 0 0 0
1652378400 0 0 0 0
1652371200 0 0 0 0
1652364000 0 0 0 0
1652356800 0 0 0 0
1652349600 0 0 0 0
1652342400 0 0 0 0
1652335200 0 0 0 0
1652328000 0 0 0 0
1652320800 0 0 0 0
1652313600 0 0 0 0
1652306400 0 0 0 0
1652299200 0 0 0 0
1652292000 0 0 0 0
1652284800 0 0 0 0
1652277600 0 0 0 0
1652270400 0 0 0 0
1652263200 0 0 0 0
1652256000 0 0 0 0
1652248800 0 0 0 0
1652241600 0 0 0 0
1652234400 0 0 0 0
1652227200 0 0 0 0
1652220000 0 0 0 0
1652140800 0 0 0 0
1652054400 0 0 0 0
1651968000 0 0 0 0
1651881600 0 0 0 0
1651795200 0 0 0 0
1651708800 0 0 0 0
1651622400 0 0 0 0
1651536000 0 0 0 0
1651449600 0 0 0 0
1651363200 0 0 0 0
1651276800 0 0 0 0
1651190400 0 0 0 0
1651104000 0 0 0 0
1651017600 0 0 0 0
1650931200 0 0 0 0
1650844800 0 0 0 0
1650758400 0 0 0 0
1650672000 0 0 0 0
1650585600 0 0 0 0
1650499200 0 0 0 0
1650412800 0 0 0 0
1650326400 0 0 0 0
1650240000 0 0 0 0
1650153600 0 0 0 0
1650067200 0 0 0 0
1649980800 0 0 0 0
1649894400 0 0 0 0
1649808000 0 0 0 0
1649721600 0 0 0 0
1649635200 0 0 0 0
1649548800 0 0 0 0
1649462400 0 0 0 0
1649376000 0 0 0 0
1649289600 0 0 0 0
1649203200 0 0 0 0
1649116800 0 0 0 0
1649030400 0 0 0 0
1648944000 0 0 0 0
1648857600 0 0 0 0
1648771200 0 0 0 0
1648684800 0 0 0 0
1648598400 0 0 0 0
1648512000 0 0 0 0
1648425600 0 0 0 0
1648339200 0 0 0 0
1648252800 0 0 0 0
1648166400 0 0 0 0
1648080000 0 0 0 0
1647993600 0 0 0 0
1647907200 0 0 0 0
1647820800 0 0 0 0
1647734400 0 0 0 0
1647648000 0 0 0 0
1647561600 0 0 0 0
1647475200 0 0 0 0
1647388800 0 0 0 0
1647302400 0 0 0 0
1647216000 0 0 0 0
1647129600 0 0 0 0
1647043200 0 0 0 0
1646956800 0 0 0 0
1646870400 0 0 0 0
1646784000 0 0 0 0
1646697600 0 0 0 0
1646611200 0 0 0 0
1646524800 0 0 0 0
1646438400 0 0 0 0
1646352000 0 0 0 0
1646265600 0 0 0 0
1646179200 0 0 0 0
1646092800 0 0 0 0
1646006400 0 0 0 0
1645920000 0 0 0 0
1645833600 0 0 0 0
1645747200 0 0 0 0
1645660800 0 0 0 0
1645574400 0 0 0 0
1645488000 0 0 0 0
1645401600 0 0 0 0
1645315200 0 0 0 0
1645228800 0 0 0 0
1645142400 0 0 0 0
1645056000 0 0 0 0
1644969600 0 0 0 0
1644883200 0 0 0 0
1644796800 0 0 0 0
1644710400 0 0 0 0
1644624000 0 0 0 0
1644537600 0 0 0 0
1644451200 0 0 0 0
1644364800 0 0 0 0
1644278400 0 0 0 0
1644192000 0 0 0 0
1644105600 0 0 0 0
1644019200 0 0 0 0
1643932800 0 0 0 0
1643846400 0 0 0 0
1643760000 0 0 0 0
1643673600 0 0 0 0
1643587200 0 0 0 0
1643500800 0 0 0 0
1643414400 0 0 0 0
1643328000 0 0 0 0
1643241600 0 0 0 0
1643155200 0 0 0 0
1643068800 0 0 0 0
1642982400 0 0 0 0
1642896000 0 0 0 0
1642809600 0 0 0 0
1642723200 0 0 0 0
1642636800 0 0 0 0
1642550400 0 0 0 0
1642464000 0 0 0 0
1642377600 0 0 0 0
1642291200 0 0 0 0
1642204800 0 0 0 0
1642118400 0 0 0 0
1642032000 0 0 0 0
1641945600 0 0 0 0
1641859200 0 0 0 0
1641772800 0 0 0 0
1641686400 0 0 0 0
1641600000 0 0 0 0
1641513600 0 0 0 0
1641427200 0 0 0 0
1641340800 0 0 0 0
1641254400 0 0 0 0
1641168000 0 0 0 0
1641081600 0 0 0 0
1640995200 0 0 0 0
1640908800 0 0 0 0
1640822400 0 0 0 0
1640736000 0 0 0 0
1640649600 0 0 0 0
1640563200 0 0 0 0
1640476800 0 0 0 0
1640390400 0 0 0 0
1640304000 0 0 0 0
1640217600 0 0 0 0
1640131200 0 0 0 0
1640044800 0 0 0 0
1639958400 0 0 0 0
1639872000 0 0 0 0
1639785600 0 0 0 0
1639699200 0 0 0 0
1639612800 0 0 0 0
1639526400 0 0 0 0
1639440000 0 0 0 0
1639353600 0 0 0 0
1639267200 0 0 0 0
1639180800 0 0 0 0
1639094400 0 0 0 0
1639008000 0 0 0 0
1638921600 0 0 0 0
1638835200 0 0 0 0
1638748800 0 0 0 0
1638662400 0 0 0 0
1638576000 0 0 0 0
1638489600 0 0 0 0
1638403200 0 0 0 0
1638316800 0 0 0 0
1638230400 0 0 0 0
1638144000 0 0 0 0
1638057600 0 0 0 0
1637971200 0 0 0 0
1637884800 0 0 0 0
1637798400 0 0 0 0
1637712000 0 0 0 0
1637625600 0 0 0 0
1637539200 0 0 0 0
1637452800 0 0 0 0
1637366400 0 0 0 0
1637280000 0 0 0 0
1637193600 0 0 0 0
1637107200 0 0 0 0
1637020800 0 0 0 0
1636934400 0 0 0 0
1636848000 0 0 0 0
1636761600 0 0 0 0
1636675200 0 0 0 0
1636588800 0 0 0 0
1636502400 0 0 0 0
1636416000 0 0 0 0
1636329600 0 0 0 0
1636243200 0 0 0 0
1636156800 0 0 0 0
1636070400 0 0 0 0
1635984000 0 0 0 0
1635897600 0 0 0 0
1635811200 0 0 0 0
1635724800 0 0 0 0
1635638400 0 0 0 0
1635552000 0 0 0 0
1635465600 0 0 0 0
1635379200 0 0 0 0
1635292800 0 0 0 0
1635206400 0 0 0 0
1635120000 0 0 0 0
1635033600 0 0 0 0
1634947200 0 0 0 0
1634860800 0 0 0 0
1634774400 0 0 0 0
1634688000 0 0 0 0
1634601600 0 0 0 0
1634515200 0 0 0 0
1634428800 0 0 0 0
1634342400 0 0 0 0
1634256000 0 0 0 0
1634169600 0 0 0 0
1634083200 0 0 0 0
1633996800 0 0 0 0
1633910400 0 0 0 0
1633824000 0 0 0 0
1633737600 0 0 0 0
1633651200 0 0 0 0
1633564800 0 0 0 0
1633478400 0 0 0 0
1633392000 0 0 0 0
1633305600 0 0 0 0
1633219200 0 0 0 0
1633132800 0 0 0 0
1633046400 0 0 0 0
1632960000 0 0 0 0
1632873600 0 0 0 0
1632787200 0 0 0 0
1632700800 0 0 0 0
1632614400 0 0 0 0
1632528000 0 0 0 0
1632441600 0 0 0 0
1632355200 0 0 0 0
1632268800 0 0 0 0
1632182400 0 0 0 0
1632096000 0 0 0 0
1632009600 0 0 0 0
1631923200 0 0 0 0
1631836800 0 0 0 0
1631750400 0 0 0 0
1631664000 0 0 0 0
1631577600 0 0 0 0
1631491200 0 0 0 0
1631404800 0 0 0 0
1631318400 0 0 0 0
1631232000 0 0 0 0
1631145600 0 0 0 0
1631059200 0 0 0 0
1630972800 0 0 0 0
1630886400 0 0 0 0
1630800000 0 0 0 0
1630713600 0 0 0 0
1630627200 0 0 0 0
1630540800 0 0 0 0
1630454400 0 0 0 0
1630368000 0 0 0 0
1630281600 0 0 0 0
1630195200 0 0 0 0
1630108800 0 0 0 0
1630022400 0 0 0 0
1629936000 0 0 0 0
1629849600 0 0 0 0
1629763200 0 0 0 0
1629676800 0 0 0 0
1629590400 0 0 0 0
1629504000 0 0 0 0
1629417600 0 0 0 0
1629331200 0 0 0 0
1629244800 0 0 0 0
1629158400 0 0 0 0
1629072000 0 0 0 0
1628985600 0 0 0 0
1628899200 0 0 0 0
1628812800 0 0 0 0
1628726400 0 0 0 0
1628640000 0 0 0 0
1628553600 0 0 0 0
1628467200 0 0 0 0
1628380800 0 0 0 0
1628294400 0 0 0 0
1628208000 0 0 0 0
1628121600 0 0 0 0
1628035200 0 0 0 0
1627948800 0 0 0 0
1627862400 0 0 0 0
1627776000 0 0 0 0
1627689600 0 0 0 0
1627603200 0 0 0 0
1627516800 0 0 0 0
1627430400 0 0 0 0
1627344000 0 0 0 0
1627257600 0 0 0 0
1627171200 0 0 0 0
1627084800 0 0 0 0
1626998400 0 0 0 0
1626912000 0 0 0 0
1626825600 0 0 0 0
1626739200 0 0 0 0
1626652800 0 0 0 0
1626566400 0 0 0 0
1626480000 0 0 0 0
1626393600 0 0 0 0
1626307200 0 0 0 0
1626220800 0 0 0 0
1626134400 0 0 0 0
1626048000 0 0 0 0
1625961600 0 0 0 0
1625875200 0 0 0 0
1625788800 0 0 0 0
1625702400 0 0 0 0
1625616000 0 0 0 0
1625529600 0 0 0 0
1625443200 0 0 0 0
1625356800 0 0 0 0
1625270400 0 0 0 0
1625184000 0 0 0 0
1625097600 0 0 0 0
1625011200 0 0 0 0
1624924800 0 0 0 0
1624838400 0 0 0 0
1624752000 0 0 0 0
1624665600 0 0 0 0
1624579200 0 0 0 0
1624492800 0 0 0 0
1624406400 0 0 0 0
1624320000 0 0 0 0
1624233600 0 0 0 0
1624147200 0 0 0 0
1624060800 0 0 0 0
1623974400 0 0 0 0
1623888000 0 0 0 0
1623801600 0 0 0 0
1623715200 0 0 0 0
1623628800 0 0 0 0
1623542400 0 0 0 0
1623456000 0 0 0 0
1623369600 0 0 0 0
1623283200 0 0 0 0
1623196800 0 0 0 0
1623110400 0 0 0 0
1623024000 0 0 0 0
1622937600 0 0 0 0
1622851200 0 0 0 0
1622764800 0 0 0 0
1622678400 0 0 0 0
1622592000 0 0 0 0
1622505600 0 0 0 0
1622419200 0 0 0 0
1622332800 0 0 0 0
1622246400 0 0 0 0
1622160000 0 0 0 0
1622073600 0 0 0 0
1621987200 0 0 0 0
1621900800 0 0 0 0
1621814400 0 0 0 0
1621728000 0 0 0 0
1621641600 0 0 0 0
1621555200 0 0 0 0
1621468800 0 0 0 0
1621382400 0 0 0 0
1621296000 0 0 0 0
1621209600 0 0 0 0
1621123200 0 0 0 0
1621036800 0 0 0 0
1620950400 0 0 0 0
1620864000 0 0 0 0
1620777600 0 0 0 0
1620691200 0 0 0 0
1620604800 0 0 0 0
1620518400 0 0 0 0
1620432000 0 0 0 0
1620345600 0 0 0 0
1620259200 0 0 0 0
1620172800 0 0 0 0
1620086400 0 0 0 0
1620000000 0 0 0 0
1619913600 0 0 0 0
1619827200 0 0 0 0
1619740800 0 0 0 0
1619654400 0 0 0 0
1619568000 0 0 0 0
1619481600 0 0 0 0
1619395200 0 0 0 0
1619308800 0 0 0 0
1619222400 0 0 0 0
1619136000 0 0 0 0
1619049600 0 0 0 0
1618963200 0 0 0 0
1618876800 0 0 0 0
1618790400 0 0 0 0
1618704000 0 0 0 0
1618617600 0 0 0 0
1618531200 0 0 0 0
1618444800 0 0 0 0
1618358400 0 0 0 0
1618272000 0 0 0 0
1618185600 0 0 0 0
1618099200 0 0 0 0
1618012800 0 0 0 0
1617926400 0 0 0 0
1617840000 0 0 0 0
1617753600 0 0 0 0
1617667200 0 0 0 0
1617580800 0 0 0 0
1617494400 0 0 0 0
1617408000 0 0 0 0
1617321600 0 0 0 0
1617235200 0 0 0 0
1617148800 0 0 0 0
1617062400 0 0 0 0
1616976000 0 0 0 0
1616889600 0 0 0 0
1616803200 0 0 0 0
1616716800 0 0 0 0
1616630400 0 0 0 0
1616544000 0 0 0 0
1616457600 0 0 0 0
1616371200 0 0 0 0
1616284800 0 0 0 0
1616198400 0 0 0 0
1616112000 0 0 0 0
1616025600 0 0 0 0
1615939200 0 0 0 0
1615852800 0 0 0 0
1615766400 0 0 0 0
1615680000 0 0 0 0
1615593600 0 0 0 0
1615507200 0 0 0 0
1615420800 0 0 0 0
1615334400 0 0 0 0
1615248000 0 0 0 0
1615161600 0 0 0 0
1615075200 0 0 0 0
1614988800 0 0 0 0
1614902400 0 0 0 0
1614816000 0 0 0 0
1614729600 0 0 0 0
1614643200 0 0 0 0
1614556800 0 0 0 0
1614470400 0 0 0 0
1614384000 0 0 0 0
1614297600 0 0 0 0
1614211200 0 0 0 0
1614124800 0 0 0 0
1614038400 0 0 0 0
1613952000 0 0 0 0
1613865600 0 0 0 0
1613779200 0 0 0 0
1613692800 0 0 0 0
1613606400 0 0 0 0
1613520000 0 0 0 0
1613433600 0 0 0 0
1613347200 0 0 0 0
1613260800 0 0 0 0
1613174400 0 0 0 0
1613088000 0 0 0 0
1613001600 0 0 0 0
1612915200 0 0 0 0
1612828800 0 0 0 0
1612742400 0 0 0 0
1612656000 0 0 0 0
1612569600 0 0 0 0
1612483200 0 0 0 0
1612396800 0 0 0 0
1612310400 0 0 0 0
1612224000 0 0 0 0
1612137600 0 0 0 0
1612051200 0 0 0 0
1611964800 0 0 0 0
1611878400 0 0 0 0
1611792000 0 0 0 0
1611705600 0 0 0 0
1611619200 0 0 0 0
1611532800 0 0 0 0
1611446400 0 0 0 0
1611360000 0 0 0 0
1611273600 0 0 0 0
1611187200 0 0 0 0
1611100800 0 0 0 0
1611014400 0 0 0 0
1610928000 0 0 0 0
1610841600 0 0 0 0
1610755200 0 0 0 0
1610668800 0 0 0 0
1610582400 0 0 0 0
1610496000 0 0 0 0
1610409600 0 0 0 0
1610323200 0 0 0 0
1610236800 0 0 0 0
1610150400 0 0 0 0
1610064000 0 0 0 0
1609977600 0 0 0 0
1609891200 0 0 0 0
1609804800 0 0 0 0
1609718400 0 0 0 0
1609632000 0 0 0 0
1609545600 0 0 0 0
1609459200 0 0 0 0
1609372800 0 0 0 0
1609286400 0 0 0 0
1609200000 0 0 0 0
1609113600 0 0 0 0
1609027200 0 0 0 0
1608940800 0 0 0 0
1608854400 0 0 0 0
1608768000 0 0 0 0
1608681600 0 0 0 0
1608595200 0 0 0 0
1608508800 0 0 0 0
1608422400 0 0 0 0
1608336000 0 0 0 0
1608249600 0 0 0 0
1608163200 0 0 0 0
1608076800 0 0 0 0
1607990400 0 0 0 0
1607904000 0 0 0 0
1607817600 0 0 0 0
1607731200 0 0 0 0
1607644800 0 0 0 0
1607558400 0 0 0 0
1607472000 0 0 0 0
1607385600 0 0 0 0
1607299200 0 0 0 0
1607212800 0 0 0 0
1607126400 0 0 0 0
1607040000 0 0 0 0
1606953600 0 0 0 0
1606867200 0 0 0 0
1606780800 0 0 0 0
1606694400 0 0 0 0
1606608000 0 0 0 0
1606521600 0 0 0 0
1606435200 0 0 0 0
1606348800 0 0 0 0
1606262400 0 0 0 0
1606176000 0 0 0 0
1606089600 0 0 0 0
1606003200 0 0 0 0
1605916800 0 0 0 0
1605830400 0 0 0 0
1605744000 0 0 0 0
1605657600 0 0 0 0
1605571200 0 0 0 0
1605484800 0 0 0 0
1605398400 0 0 0 0
1605312000 0 0 0 0
1605225600 0 0 0 0
1605139200 0 0 0 0
1605052800 0 0 0 0
1604966400 0 0 0 0
1604880000 0 0 0 0
1604793600 0 0 0 0
1604707200 0 0 0 0
1604620800 0 0 0 0
1604534400 0 0 0 0
1604448000 0 0 0 0
1604361600 0 0 0 0
1604275200 0 0 0 0
1604188800 0 0 0 0
1604102400 0 0 0 0
1604016000 0 0 0 0
1603929600 0 0 0 0
1603843200 0 0 0 0
1603756800 0 0 0 0
1603670400 0 0 0 0
1603584000 0 0 0 0
1603497600 0 0 0 0
1603411200 0 0 0 0
1603324800 0 0 0 0
1603238400 0 0 0 0
1603152000 0 0 0 0
1603065600 0 0 0 0
1602979200 0 0 0 0
1602892800 0 0 0 0
1602806400 0 0 0 0
1602720000 0 0 0 0
1602633600 0 0 0 0
1602547200 0 0 0 0
1602460800 0 0 0 0
1602374400 0 0 0 0
1602288000 0 0 0 0
1602201600 0 0 0 0
1602115200 0 0 0 0
1602028800 0 0 0 0
1601942400 0 0 0 0
1601856000 0 0 0 0
1601769600 0 0 0 0
1601683200 0 0 0 0
1601596800 0 0 0 0
1601510400 0 0 0 0
1601424000 0 0 0 0
1601337600 0 0 0 0
1601251200 0 0 0 0
1601164800 0 0 0 0
1601078400 0 0 0 0
1600992000 0 0 0 0
1600905600 0 0 0 0
1600819200 0 0 0 0
1600732800 0 0 0 0
1600646400 0 0 0 0
1600560000 0 0 0 0
1600473600 0 0 0 0
1600387200 0 0 0 0
1600300800 0 0 0 0
1600214400 0 0 0 0
1600128000 0 0 0 0
1600041600 0 0 0 0
1599955200 0 0 0 0
1599868800 0 0 0 0
1599782400 0 0 0 0
1599696000 0 0 0 0
1599609600 0 0 0 0
1599523200 0 0 0 0
1599436800 0 0 0 0
1599350400 0 0 0 0
1599264000 0 0 0 0
1599177600 0 0 0 0
1599091200 0 0 0 0
1599004800 0 0 0 0
1598918400 0 0 0 0
1598832000 0 0 0 0
1598745600 0 0 0 0
1598659200 0 0 0 0
1598572800 0 0 0 0
1598486400 0 0 0 0
1598400000 0 0 0 0
1598313600 0 0 0 0
1598227200 0 0 0 0
1598140800 0 0 0 0
1598054400 0 0 0 0
1597968000 0 0 0 0
1597881600 0 0 0 0
1597795200 0 0 0 0
1597708800 0 0 0 0
1597622400 0 0 0 0
1597536000 0 0 0 0
1597449600 0 0 0 0
1597363200 0 0 0 0
1597276800 0 0 0 0
1597190400 0 0 0 0
1597104000 0 0 0 0
1597017600 0 0 0 0
1596931200 0 0 0 0
1596844800 0 0 0 0
1596758400 0 0 0 0
1596672000 0 0 0 0
1596585600 0 0 0 0
1596499200 0 0 0 0
1596412800 0 0 0 0
1596326400 0 0 0 0
1596240000 0 0 0 0
1596153600 0 0 0 0
1596067200 0 0 0 0
1595980800 0 0 0 0
1595894400 0 0 0 0
1595808000 0 0 0 0
1595721600 0 0 0 0
1595635200 0 0 0 0
1595548800 0 0 0 0
1595462400 0 0 0 0
1595376000 0 0 0 0
1595289600 0 0 0 0
1595203200 0 0 0 0
1595116800 0 0 0 0
1595030400 0 0 0 0
1594944000 0 0 0 0
1594857600 0 0 0 0
1594771200 0 0 0 0
1594684800 0 0 0 0
1594598400 0 0 0 0
1594512000 0 0 0 0
1594425600 0 0 0 0
1594339200 0 0 0 0
1594252800 0 0 0 0
1594166400 0 0 0 0
1594080000 0 0 0 0
1593993600 0 0 0 0
1593907200 0 0 0 0
1593820800 0 0 0 0
1593734400 0 0 0 0
1593648000 0 0 0 0
1593561600 0 0 0 0
1593475200 0 0 0 0
1593388800 0 0 0 0
1593302400 0 0 0 0
1593216000 0 0 0 0
1593129600 0 0 0 0
1593043200 0 0 0 0
1592956800 0 0 0 0
1592870400 0 0 0 0
1592784000 0 0 0 0
1592697600 0 0 0 0
1592611200 0 0 0 0
1592524800 0 0 0 0
1592438400 0 0 0 0
1592352000 0 0 0 0
1592265600 0 0 0 0
1592179200 0 0 0 0
1592092800 0 0 0 0
1592006400 0 0 0 0
1591920000 0 0 0 0
1591833600 0 0 0 0
1591747200 0 0 0 0
1591660800 0 0 0 0
1591574400 0 0 0 0
1591488000 0 0 0 0
1591401600 0 0 0 0
1591315200 0 0 0 0
1591228800 0 0 0 0
1591142400 0 0 0 0
1591056000 0 0 0 0
1590969600 0 0 0 0
1590883200 0 0 0 0
1590796800 0 0 0 0
1590710400 0 0 0 0
1590624000 0 0 0 0
1590537600 0 0 0 0
1590451200 0 0 0 0
1590364800 0 0 0 0
1590278400 0 0 0 0
1590192000 0 0 0 0
1590105600 0 0 0 0
1590019200 0 0 0 0
1589932800 0 0 0 0
1589846400 0 0 0 0
1589760000 0 0 0 0
1589673600 0 0 0 0
1589587200 0 0 0 0
1589500800 0 0 0 0
1589414400 0 0 0 0
1589328000 0 0 0 0
1589241600 0 0 0 0
1589155200 0 0 0 0
1589068800 0 0 0 0
1588982400 0 0 0 0
