1657800903 1054474144 2501203996
1657800903 907519 64563 907519 64563
1657800622 1300253 70845 1300253 70845
1657800600 1323774 71414 1621006 78606
1657800300 1663577 80373 2201524 102706
1657800000 2198282 102478 2201524 102706
1657799700 1666392 68244 1715321 68585
1657799400 1046557 64087 1048118 65945
1657799100 990508 64575 1026844 65945
1657798800 587312 48181 1413231 50418
1657798500 1406092 51475 1413231 65520
1657798200 1314077 66659 1349730 81057
1657797900 1349391 80916 1349730 81057
1657797600 1282122 59312 1299018 59917
1657797300 1022897 50475 1068631 51670
1657797000 742639 43110 842930 43135
1657796700 901390 41188 1270687 52420
1657796400 1268751 52305 1270687 52420
1657796100 961839 34687 980409 35231
1657795800 768943 29113 850250 33629
1657795500 913652 34391 1756001 44519
1657795200 1680230 45279 1756001 54885
1657794900 719209 59585 722764 172386
1657794600 635064 188313 660700 539943
1657794300 660259 485548 660700 539943
1657794000 648151 30148 656574 32231
1657793700 593305 34092 1314218 57610
1657793400 1269763 56504 1314218 57610
1657793100 709083 42558 867215 45277
1657792800 847838 44478 867215 45277
1657792500 333060 23291 338753 23494
1657792200 309080 27458 836583 101422
1657791900 846656 95561 973947 101422
1657791600 972285 21539 973947 30389
1657791300 483941 31896 704197 71498
1657791000 734368 70337 919711 71498
1657790700 941712 68742 1194730 132409
1657790400 1216437 129960 1659896 132409
1657790100 1717832 80774 3108304 100558
1657789800 2994848 99256 3108304 100558
1657789500 1486146 85155 1487509 1040142
1657789200 1079257 1037700 1263704 1040142
1657788900 1260084 305904 1263704 307763
1657788600 724160 29138 766715 31993
1657788300 765552 32219 766715 35082
1657788000 750112 35057 750868 35082
1657787700 539944 29501 737958 51763
1657787400 728084 51612 737958 51763
1657787100 672486 48748 920142 50150
1657786800 919140 40109 920142 40136
1657786500 619554 32096 622436 32104
1657786200 567472 28583 622436 29950
1657785900 229886 20160 244894 20186
1657785600 250417 12808 395526 16352
1657785300 383916 15709 395526 16352
1657785000 242284 7806 306400 10549
1657784700 282257 10039 306400 10549
1657784400 137419 6853 181187 6913
1657784100 181503 6134 185507 6556
1657783800 182671 7181 185507 15493
1657783500 145026 15463 153376 15493
1657783200 155546 6797 182972 7559
1657782900 180846 7656 182972 8885
1657782600 157285 9169 198994 12758
1657782300 217846 12828 375736 13415
1657782000 383249 13569 580659 17623
1657781700 577002 17641 580659 18137
1657781400 463632 17192 480923 18137
1657781100 355202 11339 357416 11393
1657780800 24209 3408 25432 3433
1657780500 15425 3332 39657 5113
1657780200 41592 5261 66044 7135
1657779900 62530 7002 66044 7135
1657779600 19004 5410 40056 7334
1657779300 37554 6873 40056 7334
1657779000 18009 2880 74742 2979
1657778700 91327 134811 230230 1238912
1657778400 244044 1067723 328902 1238912
1657778100 329001 16120 358732 16137
1657777800 359942 11279 540353 12094
1657777500 522954 12064 540353 12094
1657777200 299598 11459 303100 11690
1657776900 282760 9096 512254 13753
1657776600 501268 13420 512254 13753
1657776300 343930 8834 362446 9214
1657776000 105227 4011 109956 4042
1657775700 45876 3637 105920 6202
1657775400 108590 6123 142331 6202
1657775100 143926 5169 381710 10939
1657774800 381536 10933 381710 10939
1657774500 330649 9293 471866 17363
1657774200 501050 18235 1267797 41150
1657773900 1271075 40838 1349763 41150
1657773600 1314515 32783 1349763 33373
1657773300 380156 16963 388470 17289
1657773000 178247 9045 180634 9162
1657772700 163060 8348 163175 13646
1657772400 145869 13326 145997 13646
1657772100 144707 9538 200950 18183
1657771800 207433 17368 247261 18183
1657771500 247244 12590 247261 79794
1657771200 244638 79448 588371 79794
1657770900 593462 29531 657797 48384
1657770600 654790 48113 657797 48384
1657770300 204384 7751 206804 7851
1657770000 141605 5201 162341 6663
1657769700 154764 6621 162341 6663
1657769400 110133 6404 394871 11470
1657769100 395127 11492 433405 14836
1657768800 432824 14980 433405 36506
1657768500 341309 34536 346347 36506
1657768200 292474 12302 531408 23335
1657767900 522220 23001 531408 23335
1657767600 290566 14282 419783 14785
1657767300 417912 14494 419783 14785
1657767000 466542 12560 1053946 24328
1657766700 1027573 23870 1053946 24328
1657766400 694162 18126 694317 28832
1657766100 662326 29074 841954 32144
1657765800 846430 30936 893605 32144
1657765500 892704 18366 893605 20493
1657765200 878755 20479 880736 20493
1657764900 585845 18507 1245604 33793
1657764600 1246890 33811 1438575 36511
1657764300 1437777 36563 1438575 44337
1657764000 1319442 44304 1388196 44337
1657763700 1388196 39492 1388196 39492
1657763400 1388196 39492 1388196 39492
1657763100 1386774 39501 1388196 40862
1657762800 1158718 39843 1175013 40862
1657762500 1034084 32425 1102935 38878
1657762200 1119353 39036 1232553 40126
1657761900 1199659 39950 1232553 40126
1657761600 1005969 39230 1184124 44154
1657761300 1175513 43813 1184124 44154
1657761000 1069377 38602 1321601 44945
1657760700 1319893 44756 1321601 44945
1657760400 1249587 41253 1278901 48348
1657760100 1055727 47629 1253682 48348
1657759800 1256191 30308 1316410 30376
1657759500 1309198 28675 1316410 28676
1657759200 1072863 28362 1136128 28662
1657758900 537638 25745 543021 25858
1657758600 394451 22961 396224 27307
1657758300 350733 27116 386908 27307
1657758000 377365 25507 386908 29924
1657757700 322795 29769 324677 29924
1657757400 322565 25864 919299 26073
1657757100 885482 23283 919299 24458
1657756800 670082 24552 671860 38654
1657756500 435429 38609 1227968 38654
1657756200 1228130 37639 1232024 42369
1657755900 1205692 41605 1232024 42369
1657755600 505203 21347 513886 21550
1657755300 389919 18631 400159 18654
1657755000 402820 15456 1198612 47107
1657754700 1125694 47483 1198612 52243
1657754400 224894 50136 485275 52243
1657754100 480009 23586 485275 25471
1657753800 344066 28686 386524 85758
1657753500 416302 79432 599228 85758
1657753200 572912 38829 599228 40573
1657752900 223136 15639 223297 15672
1657752600 175787 5995 325837 11144
1657752300 328449 11442 344495 13278
1657752000 338863 13274 344495 13278
1657751700 182781 12589 190920 13178
1657751400 74827 6105 77141 23875
1657751100 77492 24226 81936 28664
1657750800 85620 25457 108251 28664
1657750500 108471 5772 174458 9944
1657750200 192872 11564 352658 25628
1657749900 365736 26813 709344 57970
1657749600 711042 56439 725782 57970
1657749300 736531 42166 872371 43154
1657749000 875712 29767 917932 30766
1657748700 914575 30845 917932 31852
1657748400 832309 31059 872162 31852
1657748100 582010 26075 798168 29477
1657747800 788665 47918 798168 280953
1657747500 666956 282276 668587 479407
1657747200 435561 479464 581797 480195
1657746900 578247 481009 581797 491299
1657746600 531026 490105 533399 491299
1657746300 248195 322699 1140816 454137
1657746000 1168896 457085 1523730 494350
1657745700 1528153 484677 1586926 494350
1657745400 1606061 367726 1847867 513676
1657745100 1820034 512265 1847867 513676
1657744800 1431073 487194 1468338 494442
1657744500 1122340 430676 1141854 454996
1657744200 1142158 454878 1187571 454996
1657743900 1202419 436405 1558794 437410
1657743600 1552371 411835 1558794 412308
1657743300 1442191 412341 1467049 469202
1657743000 1225966 467944 1234006 469202
1657742700 1002648 427224 1014742 434912
1657742400 719077 250695 894262 459851
1657742100 967243 448030 1415556 459851
1657741800 1416259 375171 1521108 375421
1657741500 1541863 329071 1817610 338019
1657741200 1817096 224566 1817610 344927
1657740900 1820472 346648 2022110 391879
1657740600 2041928 393622 2292358 415648
1657740300 2279552 409127 2292358 415648
1657740000 2178761 374278 2196320 474380
1657739700 1951811 469087 2006710 474380
1657739400 1990867 427698 2006710 465718
1657739100 1707735 424301 1858190 465718
1657738800 824850 206148 944706 421602
1657738500 933017 423499 944706 469037
1657738200 729948 485721 1708717 696559
1657737900 1618168 670815 1708717 696559
1657737600 851759 455898 859822 470977
1657737300 683793 470953 810439 470977
1657737000 801423 470133 810439 470663
1657736700 642382 456665 687495 463443
1657736400 86101 376205 201536 419596
1657736100 219481 418273 615662 419596
1657735800 609935 393271 615662 448902
1657735500 524051 440071 533857 448902
1657735200 424345 325152 583933 333719
1657734900 591833 270093 781443 732702
1657734600 782195 731955 801961 732702
1657734300 805604 698641 893055 712340
1657734000 871510 326053 893055 369872
1657733700 744943 54592 808471 56881
1657733400 810367 37105 860198 239163
1657733100 859596 239284 860198 242480
1657732800 854257 233223 1067900 242480
1657732500 1056689 44101 1067900 44125
1657732200 767458 46808 787639 63994
1657731900 654937 62764 661510 63994
1657731600 467140 30660 482272 33278
1657731300 328743 34297 988866 45043
1657731000 1000978 44681 1146851 45043
1657730700 1122785 40734 1146851 44177
1657730400 940953 42918 1030774 44177
1657730100 1027751 37559 1030774 42040
1657729800 953202 40691 991350 42040
1657729500 710724 32996 718870 40099
1657729200 585474 40667 612626 43977
1657728900 425798 43406 427502 43977
1657728600 406845 36831 501723 36844
1657728300 502710 35079 649858 44670
1657728000 678297 45267 843764 48741
1657727700 825748 48030 843764 48741
1657727400 305233 27456 884163 40682
1657727100 883264 40767 884163 53555
1657726800 726082 52223 749363 53555
1657726500 574923 43254 579020 43815
1657726200 520687 37304 523158 44263
1657725900 504982 44344 505511 68590
1657725600 343759 71148 346861 103478
1657725300 305276 103312 518892 103478
1657725000 519359 53839 589034 53929
1657724700 645852 53311 994880 131549
1657724400 1011224 126462 1217765 131549
1657724100 1163808 60530 1217765 62186
1657723800 725951 46729 1094463 48365
1657723500 1083927 48106 1094463 48365
1657723200 964093 46375 1110410 63197
1657722900 1113894 64497 1157920 80929
1657722600 1138416 79643 1157920 80929
1657722300 895980 66762 903526 89284
1657722000 858462 94962 1092589 142516
1657721700 1069638 139992 1092589 142516
1657721400 925243 124691 932467 124909
1657721100 834329 122262 889461 169182
1657720800 926229 163482 1152090 169182
1657720500 1149459 128859 1152090 133806
1657720200 1116223 133806 1116223 133806
1657719900 1116223 133806 1116223 133806
1657719600 1106593 132918 1116223 133806
1657719300 1048489 126814 1186965 134965
1657719000 1185357 133947 1186965 134965
1657718700 1157824 122763 1165045 143949
1657718400 1078488 143060 1228994 143949
1657718100 1185539 130543 1228994 131834
1657717800 936069 123173 1156719 130200
1657717500 1157107 129944 1273230 130200
1657717200 1273896 53978 1373140 100747
1657716900 1372758 105452 1373140 806543
1657716600 1260231 749498 1315981 806543
1657716300 640064 64039 1287636 83652
1657716000 1273862 82306 1287636 83652
1657715700 831245 41498 864012 74129
1657715400 957458 72685 1740069 74129
1657715100 1712318 60022 1740069 60596
1657714800 1056660 47648 1120232 56200
1657714500 1218057 58002 2454215 80775
1657714200 2458745 81956 2577765 112998
1657713900 2489554 108656 2577765 112998
1657713600 1376727 53950 1650122 77198
1657713300 1632481 76152 1650122 77198
1657713000 1339093 61911 1398121 62267
1657712700 942855 64380 1617604 96718
1657712400 1661007 104422 2702693 289323
1657712100 2726563 284132 3299457 289323
1657711800 3220876 157382 3299457 159568
1657711500 2172175 128081 2176882 128342
1657711200 1468893 89490 1470932 166956
1657710900 864516 167498 1639811 248402
1657710600 1670323 240504 1991873 248402
1657710300 1988813 157034 1991873 157272
1657710000 1488565 163996 1532988 424119
1657709700 1251986 396269 1710736 424119
1657709400 1699937 44486 1710736 46217
1657709100 1494375 44424 1563478 46217
1657708800 907928 29284 915640 29415
1657708500 729448 26456 902680 34664
1657708200 900055 33252 902680 34664
1657707900 939206 22665 1469671 33406
1657707600 1521961 33866 1852285 36777
1657707300 1764591 37108 1852285 41301
1657707000 647172 42696 656469 51513
1657706700 598277 52720 722505 67985
1657706400 722082 68368 722505 182956
1657706100 595345 186028 595893 1104637
1657705800 422442 1026107 431611 1104637
1657705500 303791 35057 306591 52023
1657705200 316078 52382 941242 56931
1657704900 921805 57530 941242 65107
1657704600 794019 64740 2282823 65107
1657704300 2218449 65971 2282823 139977
1657704000 1307434 193356 1405003 640409
1657703700 467152 629428 490301 640409
1657703400 317044 521874 324953 561977
1657703100 217046 15136 217109 17800
1657702800 587137 22776 2627713 48900
1657702500 2612741 48940 2627713 54935
1657702200 380065 53368 382057 54935
1657701900 374290 33561 607814 33575
1657701600 565763 32555 607814 33401
1657701300 306011 28030 380363 38388
1657701000 395384 37040 585207 38388
1657700700 659619 21756 1648236 44951
1657700400 1662683 45540 1845249 52994
1657700100 1752124 51850 1845249 52994
1657699800 512703 36577 514899 36662
1657699500 187128 23914 414114 23977
1657699200 397015 14045 414114 14556
1657698900 174620 7374 180952 7590
1657698600 43432 2716 217386 6943
1657698300 244124 7116 413031 8214
1657698000 412683 8218 413031 9581
1657697700 308695 9580 308751 9581
1657697400 312474 9588 335347 10437
1657697100 322101 10182 335347 10437
1657696800 154793 6932 160267 6964
1657696500 158048 4544 160267 4583
1657696200 119264 3890 197932 5441
1657695900 199163 5620 214720 7895
1657695600 219452 8100 333036 13040
1657695300 326334 12538 333036 13040
1657695000 270283 8380 272075 9508
1657694700 263269 9250 272075 9508
1657694400 146641 5850 199943 8362
1657694100 208365 8163 260101 8362
1657693800 260409 6944 264309 6988
1657693500 264289 6991 264309 7583
1657693200 262123 7638 283109 9109
1657692900 306011 9696 446695 13303
1657692600 443888 13207 446695 13303
1657692300 402917 11840 408430 11995
1657692000 270542 8272 270629 10007
1657691700 269475 10007 291964 10071
1657691400 290925 10102 291964 10494
1657691100 277820 10610 277919 11326
1657690800 276240 11275 277919 11326
1657690500 239310 9978 255031 10640
1657690200 141260 6101 142740 8448
1657689900 130322 8565 316582 11380
1657689600 318411 11327 362320 11380
1657689300 371341 10398 485338 14543
1657689000 487500 14588 809729 21370
1657688700 780265 20750 809729 21370
1657688400 530617 15357 533509 15560
1657688100 453053 10035 454657 10063
1657687800 442847 10588 462631 13814
1657687500 464812 13512 492375 13814
1657687200 497344 9770 1983358 32037
1657686900 1992838 31972 2112638 32037
1657686600 1985815 29881 2112638 31156
1657686300 301437 12982 382538 18354
1657686000 491194 19440 1934767 33881
1657685700 1923649 33729 1934767 33881
1657685400 267147 11083 267147 11083
1657685100 267147 11083 267147 11083
1657684800 278806 11397 376457 14029
1657684500 366532 13775 376457 14029
1657684200 142287 8116 318390 13515
1657683900 318381 13505 318390 13515
1657683600 325639 12599 377839 15782
1657683300 390655 16154 552613 20862
1657683000 551107 20820 552613 20862
1657682700 326909 14615 382795 14617
1657682400 391760 14363 469554 16490
1657682100 475990 16330 531838 16490
1657681800 515009 14943 531838 14946
1657681500 409312 14666 411632 14931
1657681200 425895 12922 1005818 33130
1657680900 993807 33210 1005818 34225
1657680600 857595 35294 953122 41865
1657680300 947320 40952 953122 41865
1657680000 883217 28897 939748 29417
1657679700 934697 26214 939748 32026
1657679400 871958 31726 876622 32026
1657679100 830457 28207 1050627 31607
1657678800 1024970 31001 1050627 31607
1657678500 867755 27306 872903 27673
1657678200 872186 27663 872903 27673
1657677900 666357 25280 835876 32454
1657677600 819034 32435 835876 32454
1657677300 670321 31718 677987 32283
1657677000 608660 26972 642399 26993
1657676700 642454 26678 650794 26706
1657676400 651259 22610 720682 27818
1657676100 713298 27919 720682 29201
1657675800 626116 29300 773007 31696
1657675500 788882 33173 1169902 68622
1657675200 1122030 63911 1169902 68622
1657674900 819440 34137 819620 34155
1657674600 766114 28964 833300 32865
1657674300 756357 30646 833300 32865
1657674000 285614 17028 569019 19089
1657673700 566694 19024 569019 19089
1657673400 537019 18226 537323 21372
1657673100 492418 21599 506527 27053
1657672800 512850 27115 664612 28604
1657672500 648049 28087 664612 28604
1657672200 426159 21143 428005 21221
1657671900 161407 10142 290037 17451
1657671600 311143 18670 577855 34082
1657671300 731080 35242 2667288 49911
1657671000 2653501 49724 2667288 49911
1657670700 574181 22266 599356 24299
1657670400 419698 24205 421715 24299
1657670100 422922 23737 438177 32779
1657669800 438245 32859 458737 56855
1657669500 455959 55189 458737 56855
1657669200 388506 14966 389301 15222
1657668900 383443 13374 383488 16213
1657668600 377023 16247 417704 21431
1657668300 459309 21682 985047 24862
1657668000 983546 24870 985047 27505
1657667700 534425 27506 534997 27736
1657667400 446971 26962 449327 27736
1657667100 395324 17293 417204 18636
1657666800 118851 18636 118851 18636
1657666500 118851 18636 118851 18636
1657666200 113139 17349 118851 18636
1657665900 79658 9492 318346 15879
1657665600 310923 15637 318346 15879
1657665300 217713 12589 304528 13078
1657665000 304288 13072 304528 13078
1657664700 268798 12314 349092 14695
1657664400 348459 14712 349092 17281
1657664100 255777 17100 274426 17281
1657663800 274361 14920 274426 14928
1657663500 256513 12653 462926 17274
1657663200 454082 17343 462926 18177
1657662900 328297 19100 347581 30765
1657662600 79357 35534 84621 64833
1657662300 47826 60543 57987 64833
1657662000 89335 6658 912958 14936
1657661700 1052884 16935 1912433 29221
1657661400 1792825 27570 1912433 29221
1657661100 274795 6851 281415 8736
1657660800 187686 8738 437883 9494
1657660500 421260 9188 437883 9494
1657660200 248211 6082 591209 13287
1657659900 591014 13313 591209 17320
1657659600 555868 17865 562102 24764
1657659300 493482 25928 690835 39953
1657659000 707166 39941 843941 39953
1657658700 808523 39382 843941 39844
1657658400 557975 35776 840977 37386
1657658100 856333 37578 1050387 40010
1657657800 1061494 40626 1209072 48820
1657657500 1212490 49206 1721916 106821
1657657200 1692005 101859 1721916 106821
1657656900 1341240 42171 2750454 51317
1657656600 2600196 49218 2750454 51317
1657656300 687419 24831 701489 37938
1657656000 600200 37835 600994 37938
1657655700 497857 23667 699394 38160
1657655400 726540 37955 1069580 38160
1657655100 1105275 43495 1324546 93407
1657654800 1323005 93215 1324546 93407
1657654500 849978 36344 862371 38340
1657654200 772731 38327 773853 38340
1657653900 437380 34598 446091 34628
1657653600 445223 30155 446091 30497
1657653300 313606 32960 315957 64087
1657653000 297231 62095 465610 64087
1657652700 464203 36889 465610 36930
1657652400 333808 33017 408083 33918
1657652100 399537 33595 408083 33918
1657651800 195696 26294 228794 37543
1657651500 237334 37271 308863 37543
1657651200 303513 34148 308863 35000
1657650900 236422 23431 311535 30316
1657650600 309674 30143 311535 30316
1657650300 149505 13865 468488 24954
1657650000 500912 25651 910636 34461
1657649700 900984 40349 910636 114760
1657649400 762386 108502 779019 114760
1657649100 537767 29448 552212 29601
1657648800 368991 29756 542815 31715
1657648500 541400 33854 542815 60894
1657648200 510485 57660 523520 60894
1657647900 431327 37763 566808 37800
1657647600 557799 31573 566808 32257
1657647300 517925 30531 695732 66849
1657647000 694865 66716 695732 66849
1657646700 435981 27070 470515 30216
1657646400 484160 65417 656594 510239
1657646100 654382 505391 656594 510239
1657645800 407037 27416 435421 43271
1657645500 193342 42355 345085 43271
1657645200 346597 36578 571984 37237
1657644900 560954 36629 571984 37237
1657644600 477128 33883 493201 46306
1657644300 276697 46347 673752 52462
1657644000 672491 55437 673752 126853
1657643700 630095 114121 642237 126853
1657643400 555388 36072 555514 83015
1657643100 518761 82975 746470 83015
1657642800 760282 71191 2818325 91641
1657642500 2733129 90326 2818325 91641
1657642200 1577178 75114 1707084 80477
1657641900 454933 80215 586215 80477
1657641600 598192 72561 757316 73357
1657641300 760108 62012 1595008 69856
1657641000 1546094 70852 1595008 83451
1657640700 925262 82881 928012 83451
1657640400 765063 54200 790527 54990
1657640100 557709 47201 565845 48023
1657639800 506838 42176 507733 43839
1657639500 454519 45510 630243 66632
1657639200 642490 67155 805213 74114
1657638900 804484 74162 805213 81424
1657638600 690687 78837 695877 81424
1657638300 640347 46028 832836 46150
1657638000 831427 44457 832836 44499
1657637700 410609 32130 451350 35475
1657637400 456919 38703 590597 116176
1657637100 581934 114074 590597 116176
1657636800 358082 57916 447514 58862
1657636500 432007 35470 447514 36945
1657636200 385244 38417 969281 56151
1657635900 958965 56243 969281 58470
1657635600 702742 60258 711401 82864
1657635300 582032 79838 593330 82864
1657635000 444252 43034 485930 55019
1657634700 550230 54665 1088747 55019
1657634400 1075412 51138 1088747 51709
1657634100 806131 38354 1480269 50536
1657633800 1479185 50549 1480269 54477
1657633500 1111708 53200 1155131 54477
1657633200 691643 40129 1603527 58569
1657632900 1601161 58506 1603527 58569
1657632600 1334038 52800 2467899 101292
1657632300 2460033 100899 2467899 101292
1657632000 1297217 43082 1411906 52217
1657631700 1425570 56267 1598245 107445
1657631400 1568335 106121 1598245 107445
1657631100 1382480 98219 1384609 115212
1657630800 1214078 113111 1225007 115212
1657630500 1031996 61672 1911711 93052
1657630200 1854874 90098 1911711 93052
1657629900 1410375 65037 1683743 65363
1657629600 1558649 63973 1683743 74804
1657629300 818583 73763 1177027 74804
1657629000 1187833 61254 1312108 68679
1657628700 1312378 68591 1352670 68679
1657628400 1405240 56220 2069538 65256
1657628100 2164952 67962 3432607 103922
1657627800 3421054 103702 3432607 103922
1657627500 1682172 70832 1699719 70965
1657627200 1481505 69341 1814067 78577
1657626900 1806972 78403 1814067 78577
1657626600 1580967 70623 1620583 73835
1657626300 1321363 54533 1337614 89846
1657626000 1149480 88711 1163504 89846
1657625700 931812 59605 1857895 63924
1657625400 1855776 63977 1857895 71885
1657625100 1595154 144755 1933641 592387
1657624800 1935432 600990 1958075 709704
1657624500 1932344 644663 1958075 709704
1657624200 1708767 100908 1716852 126142
1657623900 1505915 120705 1632887 126142
1657623600 1635881 52139 1673715 98404
1657623300 1620444 98998 1673715 103978
1657623000 1137564 99843 1174303 103978
1657622700 905040 73711 905484 73725
1657622400 838710 71680 838907 71748
1657622100 785677 60563 809489 61549
1657621800 474347 47282 484790 48110
1657621500 425248 95405 1019832 578099
1657621200 975253 535265 1019832 578099
1657620900 459109 68425 601913 176538
1657620000 816673 207422 1100614 839808
1657618200 634274 38636 2089245 58002
1657616400 721253 72148 2089245 237597
1657614600 1335136 35618 2704308 88270
1657612800 246320 66550 391054 256121
1657611000 271713 12060 423342 20194
1657609200 519179 31130 726991 420684
1657607400 737671 89297 922550 420684
1657605600 588974 165906 865739 438256
1657603800 360414 122953 705705 265052
1657602000 624756 38484 2346033 128605
1657600200 810230 278403 3011534 623550
1657598400 842379 707891 3011534 1204368
1657596600 720319 469527 838398 1010963
1657594800 1026964 472884 1406227 870747
1657593000 935142 62864 1406227 137319
1657591200 569901 15266 932630 22405
1657589400 1007602 32173 1406435 46622
1657587600 563693 21214 687237 39255
1657585800 837920 31340 3530747 84210
1657584000 1119702 36610 3530747 84210
1657582200 611319 30912 806655 52761
1657580400 565804 33987 1352057 48636
1657578600 892764 115717 2820315 230166
1657576800 518220 161244 813642 320108
1657575000 606780 390119 813642 862477
1657573200 590325 72271 700304 335779
1657571400 750373 47630 2115488 93392
1657569600 842691 36346 2115488 60337
1657567800 561367 33345 865240 42500
1657566000 570759 30677 828562 71723
1657564200 763612 49330 1179001 71723
1657562400 1153639 74620 1564790 167813
1657560600 1112323 139936 1757340 491768
1657558800 985894 45326 1142148 59684
1657557000 987775 56595 4097006 131942
1657555200 1215049 73236 4097006 131942
1657553400 579087 45649 758371 62510
1657551600 526149 38481 901163 62727
1657549800 989796 91221 1676408 459986
1657548000 1211086 121511 1676408 459986
1657546200 1412165 63000 1908584 70782
1657544400 1224988 51349 1735862 57008
1657542600 869569 46226 3505615 99475
1657540800 1657652 287314 3505615 1159977
1657539000 1543699 89821 2192055 126058
1657537200 1444771 56342 2188124 81827
1657535400 1045683 36980 1218334 45706
1657533600 666220 742047 931738 1425558
1657531800 816590 126160 971718 371736
1657530000 1043627 77617 2755653 201027
1657528200 453200 35796 829337 44676
1657526400 690202 15377 2171331 37576
1657524600 260944 94748 571461 379293
1657522800 624648 16998 838839 29673
1657521000 357892 8972 507865 11113
1657519200 402910 10793 1014990 35630
1657517400 1007270 27724 3108745 47788
1657515600 1012879 22712 2961851 39021
1657513800 454710 11455 1705710 28061
1657512000 582687 13838 850566 18114
1657510200 853726 25524 1217884 55257
1657508400 1111601 33238 1471161 55257
1657506600 1153309 27107 1471161 36944
1657504800 1316321 41750 1516001 47053
1657503000 1516001 47053 1516001 47053
1657501200 1405343 49615 1660136 72283
1657499400 1275940 45884 1775974 69423
1657497600 687707 22164 1144474 32427
1657495800 263092 12940 663193 33373
1657494000 415182 15213 1105092 25829
1657492200 717685 28772 1138321 67086
1657490400 447032 8558 635836 12112
1657488600 199743 6171 446532 9525
1657486800 597490 34750 1338952 75982
1657485000 150267 5053 473044 8772
1657483200 391693 6106 516465 7755
1657481400 400371 5066 466620 6274
1657479600 458515 6280 527545 8424
1657477800 568569 8028 862241 11528
1657476000 430549 9944 775798 13732
1657474200 351418 11547 650811 18278
1657472400 31044 3427 89703 12541
1657470600 11279 1185 12793 1455
1657468800 12459 1276 21357 1741
1657467000 61729 2718 181028 4580
1657465200 59361 3677 165290 30431
1657463400 140677 10985 228025 30431
1657461600 119079 3857 364472 6597
1657459800 73433 3129 350904 6452
1657458000 161581 4285 350904 9072
1657456200 557722 10663 2419103 33188
1657454400 178263 8477 436508 14417
1657452600 459150 15108 618932 22508
1657450800 397458 10844 560487 33476
1657449000 241342 10502 439143 33476
1657447200 346954 9513 673475 15988
1657445400 301898 7358 870390 16352
1657443600 351146 7625 1267383 15276
1657441800 123144 17499 187355 69080
1657440000 144657 4509 479494 11800
1657438200 64272 3117 299458 11882
1657436400 291861 10202 308457 11382
1657434600 292714 11033 348091 12457
1657432800 220335 7549 509756 22357
1657431000 75871 2897 127336 4318
1657429200 90806 3447 123575 4623
1657427400 90365 7376 119144 25379
1657425600 164340 5268 563196 14854
1657423800 229856 6092 652781 14808
1657422000 85562 3062 127735 3957
1657420200 68849 2860 74849 3239
1657418400 99008 3286 364812 9250
1657416600 730460 11176 970757 12768
1657414800 663307 10899 685942 14273
1657413000 612507 9155 653335 14273
1657411200 680825 9477 843328 14918
1657409400 400010 11249 663008 21088
1657407600 214916 5438 388719 11435
1657405800 141351 3569 239407 7199
1657404000 161697 5025 196830 7199
1657402200 98119 3746 431016 11054
1657400400 1130808 44973 2237369 68491
1657398600 2210715 72599 2817002 92729
1657396800 1855000 62290 2737003 88587
1657395000 1070551 30125 1499169 35760
1657393200 972175 24235 1266718 27282
1657391400 532787 28707 766855 85791
1657389600 297560 13742 486348 17810
1657387800 333698 18062 667571 70313
1657386000 649752 28171 982355 70313
1657384200 499930 18272 699633 20366
1657382400 830997 33675 1310464 98115
1657380600 678312 22382 965720 29611
1657378800 896055 32780 1142922 38507
1657377000 643964 23536 970791 28927
1657375200 479578 21436 649802 30863
1657373400 685220 101592 1055343 401877
1657371600 616207 21623 1031611 34745
1657369800 876177 26026 1632154 50139
1657368000 1939934 56080 2463399 73629
1657366200 1972916 168055 3444693 706531
1657364400 1933288 46013 2658319 56510
1657362600 1178300 143815 1514181 428438
1657360800 828067 84072 1341286 277936
1657359000 1125712 45191 1545152 93810
1657357200 539615 38508 937246 319469
1657355400 659641 63591 1072843 319469
1657353600 552295 16828 750606 27644
1657351800 173815 7674 261199 11462
1657350000 398161 15200 640995 24521
1657348200 329424 11836 588824 19511
1657346400 335830 12710 588824 19511
1657344600 283511 10681 550827 14516
1657342800 249849 10514 363367 16911
1657341000 399438 15973 564403 23873
1657339200 257438 10790 355538 14422
1657337400 354157 14252 465777 24013
1657335600 413738 21445 911470 32573
1657333800 532887 19340 911470 28797
1657332000 244262 13851 294220 21739
1657330200 223459 10207 365495 17263
1657328400 516587 20142 722856 138391
1657326600 682914 84801 978565 272789
1657324800 710795 27402 978565 37140
1657323000 940252 53086 1356726 163182
1657321200 916286 33195 1311757 50957
1657319400 814694 25599 891532 35718
1657317600 513302 154330 1032108 467693
1657315800 675877 176280 1532732 461775
1657314000 749303 90211 1351398 118436
1657312200 570892 93949 718507 104983
1657310400 378636 24977 534727 31566
1657308600 359625 31310 485072 104366
1657306800 360343 94308 725335 274695
1657305000 826848 108695 1212631 246597
1657303200 1057326 309147 1362551 613225
1657301400 1291095 500692 3003089 975469
1657299600 891161 55680 1482917 179038
1657297800 726059 43454 1150489 103351
1657296000 995554 51179 1622383 70802
1657294200 1375974 62161 2094320 74021
1657292400 1304143 67745 1522496 81050
1657290600 1186430 73247 2312253 90080
1657288800 2075563 85220 2361505 106152
1657287000 1275218 60643 1867089 67790
1657285200 1563758 63331 1959858 79914
1657283400 1553907 63645 1959858 98232
1657281600 1604033 80543 1928784 111324
1657279800 1634638 214835 2091797 402990
1657278000 1592800 49996 4187155 126588
1657276200 1648564 74107 4187155 521874
1657274400 999758 260127 1184432 934330
1657272600 814460 61552 1178426 176177
1657270800 1190267 41873 3369046 88834
1657269000 288087 20516 429967 44958
1657267200 216272 8151 363805 11988
1657265400 100658 5454 762442 28935
1657263600 599375 38852 825813 115843
1657261800 478384 16519 825813 24810
1657260000 215451 8862 635016 17803
1657258200 410279 12805 875381 23186
1657256400 193212 10238 322578 19965
1657254600 442747 17395 576379 19116
1657252800 279786 11327 459237 14133
1657251000 399204 15857 714570 23232
1657249200 174494 10032 220487 16106
1657247400 274693 14678 373214 22208
1657245600 335356 15832 420122 24065
1657243800 1346530 48313 1921535 66900
1657242000 560082 31956 940941 51895
1657240200 676331 16960 991885 26249
1657238400 794560 33358 1048421 46474
1657236600 283785 23509 510557 34356
1657234800 544430 29969 973219 35456
1657233000 210199 14966 355972 27373
1657231200 298053 58251 448027 276340
1657229400 384074 38837 1672992 206725
1657227600 805632 53029 1672992 206725
1657225800 444777 31350 1405665 76390
1657224000 476357 31780 1405665 76390
1657222200 316638 22671 375998 29987
1657220400 362779 37042 568567 101392
1657218600 706644 46001 898138 63649
1657216800 799427 42811 1072726 57068
1657215000 816962 43067 1338831 57068
1657213200 909936 37001 1338831 56125
1657211400 796927 66932 1111268 185931
1657209600 898769 154542 1111268 185931
1657207800 549613 58588 910925 141149
1657206000 904668 47174 990736 62499
1657204200 672178 37130 873779 52449
1657202400 939669 45571 1575967 54627
1657200600 1438910 65835 1726602 101266
1657198800 1334331 68880 1628792 109385
1657197000 1382894 128871 1706870 305685
1657195200 1019003 107102 1295872 277454
1657193400 1056407 256130 1365884 779948
1657191600 2035425 101755 2989869 161825
1657189800 1375999 166688 2655483 572172
1657188000 1437945 309299 2524572 730110
1657186200 761752 41867 1473476 102089
1657184400 1235355 44549 2381620 102089
1657182600 696911 57924 1203401 232904
1657180800 214069 7237 591841 30806
1657179000 225713 11833 480199 30806
1657177200 352670 12336 935580 26631
1657175400 448897 14015 1076420 28031
1657173600 482454 14626 1075277 30809
1657171800 190928 8430 266374 12691
1657170000 636428 14064 1623227 34212
1657168200 431911 16982 784896 26117
1657166400 291340 11644 491075 16298
1657164600 410934 14414 516708 18229
1657162800 403686 17734 998762 49698
1657161000 1788748 52525 2467353 69770
1657159200 1894930 56267 2740518 67718
1657157400 1731348 65108 2170686 92430
1657155600 2681732 93236 3425448 119966
1657153800 2441437 57381 2593177 61840
1657152000 2602085 71353 2649166 87467
1657150200 1902075 59047 2473230 68879
1657148400 1582984 56667 2052323 73225
1657146600 744197 31152 1033911 53671
1657144800 532637 14402 740794 17374
1657143000 428161 21769 605310 39741
1657141200 424916 44037 837252 60573
1657139400 603166 125759 1041797 270702
1657137600 509837 27192 707497 33596
1657135800 447260 31157 661082 38120
1657134000 456857 29199 666703 92793
1657132200 760595 124643 1091006 192045
1657130400 652744 160455 944428 399583
1657128600 515816 38713 658412 71029
1657126800 617526 33072 769615 46861
1657125000 536852 38338 1041404 51145
1657123200 1031582 62246 1376580 253508
1657121400 1002566 90912 1588103 253508
1657119600 977833 52989 1357316 78066
1657117800 786403 92037 927988 150922
1657116000 1022214 104293 1453667 115817
1657114200 905181 72497 1334687 99517
1657112400 979453 54564 1390065 65212
1657110600 1009558 40750 1383731 50938
1657108800 799379 43580 1004879 60241
1657107000 1281119 67004 1711405 124913
1657105200 823759 57368 1361753 124913
1657103400 899122 53095 1361753 95712
1657101600 625252 87846 829414 370835
1657099800 731632 204071 1673355 672232
1657098000 538660 55023 943986 119622
1657096200 40608 3748 111248 6734
1657094400 12866 843 22839 2018
1657092600 8755 613 10086 898
1657090800 42712 1422 103284 2670
1657089000 67975 2443 80749 3050
1657087200 54547 1940 61153 2158
1657085400 107927 3435 258479 8209
1657083600 68628 2204 390829 11049
1657081800 10265 614 27443 1940
1657080000 14329 1494 181051 8078
1657078200 539664 20627 757743 29789
1657076400 1579717 38809 1915462 50163
1657074600 1936721 46249 2486287 55577
1657072800 2171453 60170 3615092 97077
1657071000 2932572 78241 3615092 97077
1657069200 1939955 54007 2383419 66533
1657067400 1330080 36274 1545003 50809
1657065600 1263922 39030 1562951 50809
1657063800 1355677 186507 1798193 424094
1657062000 1374360 397163 1785579 658057
1657060200 975579 71934 1369180 147919
1657058400 529669 24126 784703 61910
1657056600 808037 137544 1767528 493768
1657054800 406000 67821 550366 301583
1657053000 543027 26377 877714 41790
1657051200 466500 26665 625958 36189
1657049400 831294 45295 1439832 65996
1657047600 874061 55148 1285378 125101
1657045800 1111681 91973 1458573 136806
1657044000 1216565 58755 2137624 75610
1657042200 728435 35721 1482271 75237
1657040400 646423 32587 754830 44821
1657038600 639121 37369 869363 51200
1657036800 1056219 49597 2695917 83701
1657035000 1240782 52641 2695917 80234
1657033200 1653092 62690 1946345 78881
1657031400 1297845 66676 1711398 89389
1657029600 971439 53663 1113945 79803
1657027800 862975 71462 1424282 154420
1657026000 946029 62277 1152195 71449
1657024200 825278 64838 1363107 76676
1657022400 1099131 60184 1363107 87764
1657020600 872814 44135 1098459 68192
1657018800 1127978 115505 1772264 535456
1657017000 929795 28873 1517116 44614
1657015200 827163 54331 1433729 193193
1657013400 737214 68931 2144957 235849
1657011600 1060148 124410 2144957 330798
1657009800 276874 12583 339224 15674
1657008000 337210 9824 506816 15509
1657006200 392071 14704 530398 19912
1657004400 731745 19179 2134617 42197
1657002600 502214 61852 714265 225487
1657000800 538147 29718 759238 87228
1656999000 1170802 156134 2148773 416295
1656997200 517506 15109 1103872 27851
1656995400 611197 13628 816370 22080
1656993600 474135 12318 801854 22911
1656991800 1144697 28055 2235449 50433
1656990000 1826712 41299 2327715 56691
1656988200 1329715 38950 1471935 44296
1656986400 1096028 29427 1262859 40461
1656984600 1200261 35476 1618862 49369
1656982800 1036249 30001 1332577 37254
1656981000 1103170 29575 1343766 37254
1656979200 716698 27313 1000624 40679
1656977400 541877 23909 1028911 55996
1656975600 497599 22545 694232 43572
1656973800 434460 15507 658517 22288
1656972000 501528 21175 609426 39924
1656970200 228423 12556 347958 17106
1656968400 183389 17164 312070 24811
1656966600 598052 27321 1414002 57320
1656964800 1148643 53041 1460340 68241
1656963000 660364 31977 895253 43680
1656961200 762757 74535 1042842 232706
1656959400 1289857 76053 1436042 123809
1656957600 864008 44834 1095338 53142
1656955800 791529 41247 977149 50996
1656954000 870933 48137 1281616 59582
1656952200 1081903 64266 1530911 92527
1656950400 1053641 56089 1530911 62239
1656948600 682877 54535 1051815 95414
1656946800 0 0 0 0
1656945000 0 0 0 0
1656943200 0 0 0 0
1656941400 0 0 0 0
1656939600 0 0 0 0
1656937800 0 0 0 0
1656936000 0 0 0 0
1656934200 0 0 0 0
1656932400 0 0 0 0
1656930600 0 0 0 0
1656928800 0 0 0 0
1656927000 0 0 0 0
1656925200 0 0 0 0
1656923400 0 0 0 0
1656921600 0 0 0 0
1656919800 0 0 0 0
1656918000 0 0 0 0
1656916200 0 0 0 0
1656914400 0 0 0 0
1656912600 0 0 0 0
1656910800 0 0 0 0
1656909000 0 0 0 0
1656907200 0 0 0 0
1656905400 0 0 0 0
1656903600 0 0 0 0
1656901800 0 0 0 0
1656900000 0 0 0 0
1656898200 0 0 0 0
1656896400 0 0 0 0
1656894600 0 0 0 0
1656892800 0 0 0 0
1656891000 0 0 0 0
1656889200 0 0 0 0
1656887400 0 0 0 0
1656885600 0 0 0 0
1656883800 0 0 0 0
1656882000 0 0 0 0
1656880200 0 0 0 0
1656878400 0 0 0 0
1656876600 0 0 0 0
1656874800 0 0 0 0
1656873000 0 0 0 0
1656871200 0 0 0 0
1656869400 0 0 0 0
1656867600 0 0 0 0
1656865800 0 0 0 0
1656864000 0 0 0 0
1656862200 0 0 0 0
1656860400 0 0 0 0
1656858600 0 0 0 0
1656856800 0 0 0 0
1656855000 0 0 0 0
1656853200 0 0 0 0
1656851400 0 0 0 0
1656849600 0 0 0 0
1656847800 0 0 0 0
1656846000 0 0 0 0
1656844200 0 0 0 0
1656842400 0 0 0 0
1656840600 0 0 0 0
1656838800 0 0 0 0
1656837000 0 0 0 0
1656835200 0 0 0 0
1656833400 0 0 0 0
1656831600 0 0 0 0
1656829800 0 0 0 0
1656828000 0 0 0 0
1656826200 0 0 0 0
1656824400 0 0 0 0
1656822600 0 0 0 0
1656820800 0 0 0 0
1656819000 0 0 0 0
1656817200 0 0 0 0
1656815400 0 0 0 0
1656813600 0 0 0 0
1656811800 0 0 0 0
1656810000 0 0 0 0
1656808200 0 0 0 0
1656806400 0 0 0 0
1656804600 0 0 0 0
1656802800 0 0 0 0
1656801000 0 0 0 0
1656799200 0 0 0 0
1656797400 0 0 0 0
1656795600 0 0 0 0
1656793800 0 0 0 0
1656792000 0 0 0 0
1656790200 0 0 0 0
1656788400 0 0 0 0
1656786600 0 0 0 0
1656784800 0 0 0 0
1656783000 0 0 0 0
1656781200 0 0 0 0
1656779400 0 0 0 0
1656777600 0 0 0 0
1656775800 0 0 0 0
1656774000 0 0 0 0
1656772200 0 0 0 0
1656770400 0 0 0 0
1656768600 0 0 0 0
1656766800 0 0 0 0
1656765000 0 0 0 0
1656763200 0 0 0 0
1656761400 0 0 0 0
1656759600 0 0 0 0
1656757800 0 0 0 0
1656756000 0 0 0 0
1656754200 0 0 0 0
1656752400 0 0 0 0
1656750600 0 0 0 0
1656748800 0 0 0 0
1656747000 0 0 0 0
1656745200 0 0 0 0
1656743400 0 0 0 0
1656741600 0 0 0 0
1656739800 0 0 0 0
1656738000 0 0 0 0
1656736200 0 0 0 0
1656734400 0 0 0 0
1656732600 0 0 0 0
1656730800 0 0 0 0
1656729000 0 0 0 0
1656727200 0 0 0 0
1656725400 0 0 0 0
1656723600 0 0 0 0
1656721800 0 0 0 0
1656720000 0 0 0 0
1656718200 0 0 0 0
1656716400 0 0 0 0
1656714600 0 0 0 0
1656712800 0 0 0 0
1656711000 0 0 0 0
1656709200 0 0 0 0
1656707400 0 0 0 0
1656705600 0 0 0 0
1656703800 0 0 0 0
1656702000 0 0 0 0
1656700200 0 0 0 0
1656698400 0 0 0 0
1656696600 0 0 0 0
1656694800 0 0 0 0
1656693000 0 0 0 0
1656691200 0 0 0 0
1656689400 0 0 0 0
1656687600 0 0 0 0
1656685800 0 0 0 0
1656684000 0 0 0 0
1656682200 0 0 0 0
1656680400 0 0 0 0
1656678600 0 0 0 0
1656676800 0 0 0 0
1656675000 0 0 0 0
1656673200 0 0 0 0
1656671400 0 0 0 0
1656669600 0 0 0 0
1656667800 0 0 0 0
1656666000 0 0 0 0
1656664200 0 0 0 0
1656662400 0 0 0 0
1656660600 0 0 0 0
1656658800 0 0 0 0
1656657000 0 0 0 0
1656655200 0 0 0 0
1656653400 0 0 0 0
1656651600 0 0 0 0
1656649800 0 0 0 0
1656648000 0 0 0 0
1656646200 0 0 0 0
1656644400 0 0 0 0
1656642600 0 0 0 0
1656640800 0 0 0 0
1656639000 0 0 0 0
1656637200 0 0 0 0
1656635400 0 0 0 0
1656633600 0 0 0 0
1656631800 0 0 0 0
1656630000 0 0 0 0
1656628200 0 0 0 0
1656626400 0 0 0 0
1656624600 0 0 0 0
1656622800 0 0 0 0
1656621000 0 0 0 0
1656619200 0 0 0 0
1656617400 0 0 0 0
1656615600 0 0 0 0
1656613800 0 0 0 0
1656612000 0 0 0 0
1656610200 0 0 0 0
1656608400 0 0 0 0
1656606600 0 0 0 0
1656604800 0 0 0 0
1656603000 0 0 0 0
1656601200 0 0 0 0
1656599400 0 0 0 0
1656597600 0 0 0 0
1656595800 0 0 0 0
1656594000 0 0 0 0
1656592200 0 0 0 0
1656590400 0 0 0 0
1656588600 0 0 0 0
1656586800 0 0 0 0
1656585000 0 0 0 0
1656583200 0 0 0 0
1656581400 0 0 0 0
1656579600 0 0 0 0
1656577800 0 0 0 0
1656576000 0 0 0 0
1656574200 0 0 0 0
1656572400 0 0 0 0
1656570600 0 0 0 0
1656568800 0 0 0 0
1656567000 0 0 0 0
1656565200 0 0 0 0
1656563400 0 0 0 0
1656561600 0 0 0 0
1656559800 0 0 0 0
1656558000 0 0 0 0
1656556200 0 0 0 0
1656554400 0 0 0 0
1656552600 0 0 0 0
1656550800 0 0 0 0
1656549000 0 0 0 0
1656547200 0 0 0 0
1656545400 0 0 0 0
1656543600 0 0 0 0
1656541800 0 0 0 0
1656540000 0 0 0 0
1656532800 0 0 0 0
1656525600 0 0 0 0
1656518400 0 0 0 0
1656511200 0 0 0 0
1656504000 0 0 0 0
1656496800 0 0 0 0
1656489600 0 0 0 0
1656482400 0 0 0 0
1656475200 0 0 0 0
1656468000 0 0 0 0
1656460800 0 0 0 0
1656453600 0 0 0 0
1656446400 0 0 0 0
1656439200 0 0 0 0
1656432000 0 0 0 0
1656424800 0 0 0 0
1656417600 0 0 0 0
1656410400 0 0 0 0
1656403200 0 0 0 0
1656396000 0 0 0 0
1656388800 0 0 0 0
1656381600 0 0 0 0
1656374400 0 0 0 0
1656367200 0 0 0 0
1656360000 0 0 0 0
1656352800 0 0 0 0
1656345600 0 0 0 0
1656338400 0 0 0 0
1656331200 0 0 0 0
1656324000 0 0 0 0
1656316800 0 0 0 0
1656309600 0 0 0 0
1656302400 0 0 0 0
1656295200 0 0 0 0
1656288000 0 0 0 0
1656280800 0 0 0 0
1656273600 0 0 0 0
1656266400 0 0 0 0
1656259200 0 0 0 0
1656252000 0 0 0 0
1656244800 0 0 0 0
1656237600 0 0 0 0
1656230400 0 0 0 0
1656223200 0 0 0 0
1656216000 0 0 0 0
1656208800 0 0 0 0
1656201600 0 0 0 0
1656194400 0 0 0 0
1656187200 0 0 0 0
1656180000 0 0 0 0
1656172800 0 0 0 0
1656165600 0 0 0 0
1656158400 0 0 0 0
1656151200 0 0 0 0
1656144000 0 0 0 0
1656136800 0 0 0 0
1656129600 0 0 0 0
1656122400 0 0 0 0
1656115200 0 0 0 0
1656108000 0 0 0 0
1656100800 0 0 0 0
1656093600 0 0 0 0
1656086400 0 0 0 0
1656079200 0 0 0 0
1656072000 0 0 0 0
1656064800 0 0 0 0
1656057600 0 0 0 0
1656050400 0 0 0 0
1656043200 0 0 0 0
1656036000 0 0 0 0
1656028800 0 0 0 0
1656021600 0 0 0 0
1656014400 0 0 0 0
1656007200 0 0 0 0
1656000000 0 0 0 0
1655992800 0 0 0 0
1655985600 0 0 0 0
1655978400 0 0 0 0
1655971200 0 0 0 0
1655964000 0 0 0 0
1655956800 0 0 0 0
1655949600 0 0 0 0
1655942400 0 0 0 0
1655935200 0 0 0 0
1655928000 0 0 0 0
1655920800 0 0 0 0
1655913600 0 0 0 0
1655906400 0 0 0 0
1655899200 0 0 0 0
1655892000 0 0 0 0
1655884800 0 0 0 0
1655877600 0 0 0 0
1655870400 0 0 0 0
1655863200 0 0 0 0
1655856000 0 0 0 0
1655848800 0 0 0 0
1655841600 0 0 0 0
1655834400 0 0 0 0
1655827200 0 0 0 0
1655820000 0 0 0 0
1655812800 0 0 0 0
1655805600 0 0 0 0
1655798400 0 0 0 0
1655791200 0 0 0 0
1655784000 0 0 0 0
1655776800 0 0 0 0
1655769600 0 0 0 0
1655762400 0 0 0 0
1655755200 0 0 0 0
1655748000 0 0 0 0
1655740800 0 0 0 0
1655733600 0 0 0 0
1655726400 0 0 0 0
1655719200 0 0 0 0
1655712000 0 0 0 0
1655704800 0 0 0 0
1655697600 0 0 0 0
1655690400 0 0 0 0
1655683200 0 0 0 0
1655676000 0 0 0 0
1655668800 0 0 0 0
1655661600 0 0 0 0
1655654400 0 0 0 0
1655647200 0 0 0 0
1655640000 0 0 0 0
1655632800 0 0 0 0
1655625600 0 0 0 0
1655618400 0 0 0 0
1655611200 0 0 0 0
1655604000 0 0 0 0
1655596800 0 0 0 0
1655589600 0 0 0 0
1655582400 0 0 0 0
1655575200 0 0 0 0
1655568000 0 0 0 0
1655560800 0 0 0 0
1655553600 0 0 0 0
1655546400 0 0 0 0
1655539200 0 0 0 0
1655532000 0 0 0 0
1655524800 0 0 0 0
1655517600 0 0 0 0
1655510400 0 0 0 0
1655503200 0 0 0 0
1655496000 0 0 0 0
1655488800 0 0 0 0
1655481600 0 0 0 0
1655474400 0 0 0 0
1655467200 0 0 0 0
1655460000 0 0 0 0
1655452800 0 0 0 0
1655445600 0 0 0 0
1655438400 0 0 0 0
1655431200 0 0 0 0
1655424000 0 0 0 0
1655416800 0 0 0 0
1655409600 0 0 0 0
1655402400 0 0 0 0
1655395200 0 0 0 0
1655388000 0 0 0 0
1655380800 0 0 0 0
1655373600 0 0 0 0
1655366400 0 0 0 0
1655359200 0 0 0 0
1655352000 0 0 0 0
1655344800 0 0 0 0
1655337600 0 0 0 0
1655330400 0 0 0 0
1655323200 0 0 0 0
1655316000 0 0 0 0
1655308800 0 0 0 0
1655301600 0 0 0 0
1655294400 0 0 0 0
1655287200 0 0 0 0
1655280000 0 0 0 0
1655272800 0 0 0 0
1655265600 0 0 0 0
1655258400 0 0 0 0
1655251200 0 0 0 0
1655244000 0 0 0 0
1655236800 0 0 0 0
1655229600 0 0 0 0
1655222400 0 0 0 0
1655215200 0 0 0 0
1655208000 0 0 0 0
1655200800 0 0 0 0
1655193600 0 0 0 0
1655186400 0 0 0 0
1655179200 0 0 0 0
1655172000 0 0 0 0
1655164800 0 0 0 0
1655157600 0 0 0 0
1655150400 0 0 0 0
1655143200 0 0 0 0
1655136000 0 0 0 0
1655128800 0 0 0 0
1655121600 0 0 0 0
1655114400 0 0 0 0
1655107200 0 0 0 0
1655100000 0 0 0 0
1655092800 0 0 0 0
1655085600 0 0 0 0
1655078400 0 0 0 0
1655071200 0 0 0 0
1655064000 0 0 0 0
1655056800 0 0 0 0
1655049600 0 0 0 0
1655042400 0 0 0 0
1655035200 0 0 0 0
1655028000 0 0 0 0
1655020800 0 0 0 0
1655013600 0 0 0 0
1655006400 0 0 0 0
1654999200 0 0 0 0
1654992000 0 0 0 0
1654984800 0 0 0 0
1654977600 0 0 0 0
1654970400 0 0 0 0
1654963200 0 0 0 0
1654956000 0 0 0 0
1654948800 0 0 0 0
1654941600 0 0 0 0
1654934400 0 0 0 0
1654927200 0 0 0 0
1654920000 0 0 0 0
1654912800 0 0 0 0
1654905600 0 0 0 0
1654898400 0 0 0 0
1654891200 0 0 0 0
1654884000 0 0 0 0
1654876800 0 0 0 0
1654869600 0 0 0 0
1654862400 0 0 0 0
1654855200 0 0 0 0
1654848000 0 0 0 0
1654840800 0 0 0 0
1654833600 0 0 0 0
1654826400 0 0 0 0
1654819200 0 0 0 0
1654812000 0 0 0 0
1654804800 0 0 0 0
1654797600 0 0 0 0
1654790400 0 0 0 0
1654783200 0 0 0 0
1654776000 0 0 0 0
1654768800 0 0 0 0
1654761600 0 0 0 0
1654754400 0 0 0 0
1654747200 0 0 0 0
1654740000 0 0 0 0
1654732800 0 0 0 0
1654725600 0 0 0 0
1654718400 0 0 0 0
1654711200 0 0 0 0
1654704000 0 0 0 0
1654696800 0 0 0 0
1654689600 0 0 0 0
1654682400 0 0 0 0
1654675200 0 0 0 0
1654668000 0 0 0 0
1654660800 0 0 0 0
1654653600 0 0 0 0
1654646400 0 0 0 0
1654639200 0 0 0 0
1654632000 0 0 0 0
1654624800 0 0 0 0
1654617600 0 0 0 0
1654610400 0 0 0 0
1654603200 0 0 0 0
1654596000 0 0 0 0
1654588800 0 0 0 0
1654581600 0 0 0 0
1654574400 0 0 0 0
1654567200 0 0 0 0
1654560000 0 0 0 0
1654552800 0 0 0 0
1654545600 0 0 0 0
1654538400 0 0 0 0
1654531200 0 0 0 0
1654524000 0 0 0 0
1654516800 0 0 0 0
1654509600 0 0 0 0
1654502400 0 0 0 0
1654495200 0 0 0 0
1654488000 0 0 0 0
1654480800 0 0 0 0
1654473600 0 0 0 0
1654466400 0 0 0 0
1654459200 0 0 0 0
1654452000 0 0 0 0
1654444800 0 0 0 0
1654437600 0 0 0 0
1654430400 0 0 0 0
1654423200 0 0 0 0
1654416000 0 0 0 0
1654408800 0 0 0 0
1654401600 0 0 0 0
1654394400 0 0 0 0
1654387200 0 0 0 0
1654380000 0 0 0 0
1654372800 0 0 0 0
1654365600 0 0 0 0
1654358400 0 0 0 0
1654351200 0 0 0 0
1654344000 0 0 0 0
1654336800 0 0 0 0
1654329600 0 0 0 0
1654322400 0 0 0 0
1654315200 0 0 0 0
1654308000 0 0 0 0
1654300800 0 0 0 0
1654293600 0 0 0 0
1654286400 0 0 0 0
1654279200 0 0 0 0
1654272000 0 0 0 0
1654264800 0 0 0 0
1654257600 0 0 0 0
1654250400 0 0 0 0
1654243200 0 0 0 0
1654236000 0 0 0 0
1654228800 0 0 0 0
1654221600 0 0 0 0
1654214400 0 0 0 0
1654207200 0 0 0 0
1654200000 0 0 0 0
1654192800 0 0 0 0
1654185600 0 0 0 0
1654178400 0 0 0 0
1654171200 0 0 0 0
1654164000 0 0 0 0
1654156800 0 0 0 0
1654149600 0 0 0 0
1654142400 0 0 0 0
1654135200 0 0 0 0
1654128000 0 0 0 0
1654120800 0 0 0 0
1654113600 0 0 0 0
1654106400 0 0 0 0
1654099200 0 0 0 0
1654092000 0 0 0 0
1654084800 0 0 0 0
1654077600 0 0 0 0
1654070400 0 0 0 0
1654063200 0 0 0 0
1654056000 0 0 0 0
1654048800 0 0 0 0
1654041600 0 0 0 0
1654034400 0 0 0 0
1654027200 0 0 0 0
1654020000 0 0 0 0
1654012800 0 0 0 0
1654005600 0 0 0 0
1653998400 0 0 0 0
1653991200 0 0 0 0
1653984000 0 0 0 0
1653976800 0 0 0 0
1653969600 0 0 0 0
1653962400 0 0 0 0
1653955200 0 0 0 0
1653948000 0 0 0 0
1653940800 0 0 0 0
1653933600 0 0 0 0
1653926400 0 0 0 0
1653919200 0 0 0 0
1653912000 0 0 0 0
1653904800 0 0 0 0
1653897600 0 0 0 0
1653890400 0 0 0 0
1653883200 0 0 0 0
1653876000 0 0 0 0
1653868800 0 0 0 0
1653861600 0 0 0 0
1653854400 0 0 0 0
1653847200 0 0 0 0
1653840000 0 0 0 0
1653832800 0 0 0 0
1653825600 0 0 0 0
1653818400 0 0 0 0
1653811200 0 0 0 0
1653804000 0 0 0 0
1653796800 0 0 0 0
1653789600 0 0 0 0
1653782400 0 0 0 0
1653775200 0 0 0 0
1653768000 0 0 0 0
1653760800 0 0 0 0
1653753600 0 0 0 0
1653746400 0 0 0 0
1653739200 0 0 0 0
1653732000 0 0 0 0
1653724800 0 0 0 0
1653717600 0 0 0 0
1653710400 0 0 0 0
1653703200 0 0 0 0
1653696000 0 0 0 0
1653688800 0 0 0 0
1653681600 0 0 0 0
1653674400 0 0 0 0
1653667200 0 0 0 0
1653660000 0 0 0 0
1653652800 0 0 0 0
1653645600 0 0 0 0
1653638400 0 0 0 0
1653631200 0 0 0 0
1653624000 0 0 0 0
1653616800 0 0 0 0
1653609600 0 0 0 0
1653602400 0 0 0 0
1653595200 0 0 0 0
1653588000 0 0 0 0
1653580800 0 0 0 0
1653573600 0 0 0 0
1653566400 0 0 0 0
1653559200 0 0 0 0
1653552000 0 0 0 0
1653544800 0 0 0 0
1653537600 0 0 0 0
1653530400 0 0 0 0
1653523200 0 0 0 0
1653516000 0 0 0 0
1653508800 0 0 0 0
1653501600 0 0 0 0
1653494400 0 0 0 0
1653487200 0 0 0 0
1653480000 0 0 0 0
1653472800 0 0 0 0
1653465600 0 0 0 0
1653458400 0 0 0 0
1653451200 0 0 0 0
1653444000 0 0 0 0
1653436800 0 0 0 0
1653429600 0 0 0 0
1653422400 0 0 0 0
1653415200 0 0 0 0
1653408000 0 0 0 0
1653400800 0 0 0 0
1653393600 0 0 0 0
1653386400 0 0 0 0
1653379200 0 0 0 0
1653372000 0 0 0 0
1653364800 0 0 0 0
1653357600 0 0 0 0
1653350400 0 0 0 0
1653343200 0 0 0 0
1653336000 0 0 0 0
1653328800 0 0 0 0
1653321600 0 0 0 0
1653314400 0 0 0 0
1653307200 0 0 0 0
1653300000 0 0 0 0
1653292800 0 0 0 0
1653285600 0 0 0 0
1653278400 0 0 0 0
1653271200 0 0 0 0
1653264000 0 0 0 0
1653256800 0 0 0 0
1653249600 0 0 0 0
1653242400 0 0 0 0
1653235200 0 0 0 0
1653228000 0 0 0 0
1653220800 0 0 0 0
1653213600 0 0 0 0
1653206400 0 0 0 0
1653199200 0 0 0 0
1653192000 0 0 0 0
1653184800 0 0 0 0
1653177600 0 0 0 0
1653170400 0 0 0 0
1653163200 0 0 0 0
1653156000 0 0 0 0
1653148800 0 0 0 0
1653141600 0 0 0 0
1653134400 0 0 0 0
1653127200 0 0 0 0
1653120000 0 0 0 0
1653112800 0 0 0 0
1653105600 0 0 0 0
1653098400 0 0 0 0
1653091200 0 0 0 0
1653084000 0 0 0 0
1653076800 0 0 0 0
1653069600 0 0 0 0
1653062400 0 0 0 0
1653055200 0 0 0 0
1653048000 0 0 0 0
1653040800 0 0 0 0
1653033600 0 0 0 0
1653026400 0 0 0 0
1653019200 0 0 0 0
1653012000 0 0 0 0
1653004800 0 0 0 0
1652997600 0 0 0 0
1652990400 0 0 0 0
1652983200 0 0 0 0
1652976000 0 0 0 0
1652968800 0 0 0 0
1652961600 0 0 0 0
1652954400 0 0 0 0
1652947200 0 0 0 0
1652940000 0 0 0 0
1652932800 0 0 0 0
1652925600 0 0 0 0
1652918400 0 0 0 0
1652911200 0 0 0 0
1652904000 0 0 0 0
1652896800 0 0 0 0
1652889600 0 0 0 0
1652882400 0 0 0 0
1652875200 0 0 0 0
1652868000 0 0 0 0
1652860800 0 0 0 0
1652853600 0 0 0 0
1652846400 0 0 0 0
1652839200 0 0 0 0
1652832000 0 0 0 0
1652824800 0 0 0 0
1652817600 0 0 0 0
1652810400 0 0 0 0
1652803200 0 0 0 0
1652796000 0 0 0 0
1652788800 0 0 0 0
1652781600 0 0 0 0
1652774400 0 0 0 0
1652767200 0 0 0 0
1652760000 0 0 0 0
1652752800 0 0 0 0
1652745600 0 0 0 0
1652738400 0 0 0 0
1652731200 0 0 0 0
1652724000 0 0 0 0
1652716800 0 0 0 0
1652709600 0 0 0 0
1652702400 0 0 0 0
1652695200 0 0 0 0
1652688000 0 0 0 0
1652680800 0 0 0 0
1652673600 0 0 0 0
1652666400 0 0 0 0
1652659200 0 0 0 0
1652652000 0 0 0 0
1652644800 0 0 0 0
1652637600 0 0 0 0
1652630400 0 0 0 0
1652623200 0 0 0 0
1652616000 0 0 0 0
1652608800 0 0 0 0
1652601600 0 0 0 0
1652594400 0 0 0 0
1652587200 0 0 0 0
1652580000 0 0 0 0
1652572800 0 0 0 0
1652565600 0 0 0 0
1652558400 0 0 0 0
1652551200 0 0 0 0
1652544000 0 0 0 0
1652536800 0 0 0 0
1652529600 0 0 0 0
1652522400 0 0 0 0
1652515200 0 0 0 0
1652508000 0 0 0 0
1652500800 0 0 0 0
1652493600 0 0 0 0
1652486400 0 0 0 0
1652479200 0 0 0 0
1652472000 0 0 0 0
1652464800 0 0 0 0
1652457600 0 0 0 0
1652450400 0 0 0 0
1652443200 0 0 0 0
1652436000 0 0 0 0
1652428800 0 0 0 0
1652421600 0 0 0 0
1652414400 0 0 0 0
1652407200 0 0 0 0
1652400000 0 0 0 0
1652392800 0 0 0 0
1652385600 0 0 0 0
1652378400 0 0 0 0
1652371200 0 0 0 0
1652364000 0 0 0 0
1652356800 0 0 0 0
1652349600 0 0 0 0
1652342400 0 0 0 0
1652335200 0 0 0 0
1652328000 0 0 0 0
1652320800 0 0 0 0
1652313600 0 0 0 0
1652306400 0 0 0 0
1652299200 0 0 0 0
1652292000 0 0 0 0
1652284800 0 0 0 0
1652277600 0 0 0 0
1652270400 0 0 0 0
1652263200 0 0 0 0
1652256000 0 0 0 0
1652248800 0 0 0 0
1652241600 0 0 0 0
1652234400 0 0 0 0
1652227200 0 0 0 0
1652220000 0 0 0 0
1652140800 0 0 0 0
1652054400 0 0 0 0
1651968000 0 0 0 0
1651881600 0 0 0 0
1651795200 0 0 0 0
1651708800 0 0 0 0
1651622400 0 0 0 0
1651536000 0 0 0 0
1651449600 0 0 0 0
1651363200 0 0 0 0
1651276800 0 0 0 0
1651190400 0 0 0 0
1651104000 0 0 0 0
1651017600 0 0 0 0
1650931200 0 0 0 0
1650844800 0 0 0 0
1650758400 0 0 0 0
1650672000 0 0 0 0
1650585600 0 0 0 0
1650499200 0 0 0 0
1650412800 0 0 0 0
1650326400 0 0 0 0
1650240000 0 0 0 0
1650153600 0 0 0 0
1650067200 0 0 0 0
1649980800 0 0 0 0
1649894400 0 0 0 0
1649808000 0 0 0 0
1649721600 0 0 0 0
1649635200 0 0 0 0
1649548800 0 0 0 0
1649462400 0 0 0 0
1649376000 0 0 0 0
1649289600 0 0 0 0
1649203200 0 0 0 0
1649116800 0 0 0 0
1649030400 0 0 0 0
1648944000 0 0 0 0
1648857600 0 0 0 0
1648771200 0 0 0 0
1648684800 0 0 0 0
1648598400 0 0 0 0
1648512000 0 0 0 0
1648425600 0 0 0 0
1648339200 0 0 0 0
1648252800 0 0 0 0
1648166400 0 0 0 0
1648080000 0 0 0 0
1647993600 0 0 0 0
1647907200 0 0 0 0
1647820800 0 0 0 0
1647734400 0 0 0 0
1647648000 0 0 0 0
1647561600 0 0 0 0
1647475200 0 0 0 0
1647388800 0 0 0 0
1647302400 0 0 0 0
1647216000 0 0 0 0
1647129600 0 0 0 0
1647043200 0 0 0 0
1646956800 0 0 0 0
1646870400 0 0 0 0
1646784000 0 0 0 0
1646697600 0 0 0 0
1646611200 0 0 0 0
1646524800 0 0 0 0
1646438400 0 0 0 0
1646352000 0 0 0 0
1646265600 0 0 0 0
1646179200 0 0 0 0
1646092800 0 0 0 0
1646006400 0 0 0 0
1645920000 0 0 0 0
1645833600 0 0 0 0
1645747200 0 0 0 0
1645660800 0 0 0 0
1645574400 0 0 0 0
1645488000 0 0 0 0
1645401600 0 0 0 0
1645315200 0 0 0 0
1645228800 0 0 0 0
1645142400 0 0 0 0
1645056000 0 0 0 0
1644969600 0 0 0 0
1644883200 0 0 0 0
1644796800 0 0 0 0
1644710400 0 0 0 0
1644624000 0 0 0 0
1644537600 0 0 0 0
1644451200 0 0 0 0
1644364800 0 0 0 0
1644278400 0 0 0 0
1644192000 0 0 0 0
1644105600 0 0 0 0
1644019200 0 0 0 0
1643932800 0 0 0 0
1643846400 0 0 0 0
1643760000 0 0 0 0
1643673600 0 0 0 0
1643587200 0 0 0 0
1643500800 0 0 0 0
1643414400 0 0 0 0
1643328000 0 0 0 0
1643241600 0 0 0 0
1643155200 0 0 0 0
1643068800 0 0 0 0
1642982400 0 0 0 0
1642896000 0 0 0 0
1642809600 0 0 0 0
1642723200 0 0 0 0
1642636800 0 0 0 0
1642550400 0 0 0 0
1642464000 0 0 0 0
1642377600 0 0 0 0
1642291200 0 0 0 0
1642204800 0 0 0 0
1642118400 0 0 0 0
1642032000 0 0 0 0
1641945600 0 0 0 0
1641859200 0 0 0 0
1641772800 0 0 0 0
1641686400 0 0 0 0
1641600000 0 0 0 0
1641513600 0 0 0 0
1641427200 0 0 0 0
1641340800 0 0 0 0
1641254400 0 0 0 0
1641168000 0 0 0 0
1641081600 0 0 0 0
1640995200 0 0 0 0
1640908800 0 0 0 0
1640822400 0 0 0 0
1640736000 0 0 0 0
1640649600 0 0 0 0
1640563200 0 0 0 0
1640476800 0 0 0 0
1640390400 0 0 0 0
1640304000 0 0 0 0
1640217600 0 0 0 0
1640131200 0 0 0 0
1640044800 0 0 0 0
1639958400 0 0 0 0
1639872000 0 0 0 0
1639785600 0 0 0 0
1639699200 0 0 0 0
1639612800 0 0 0 0
1639526400 0 0 0 0
1639440000 0 0 0 0
1639353600 0 0 0 0
1639267200 0 0 0 0
1639180800 0 0 0 0
1639094400 0 0 0 0
1639008000 0 0 0 0
1638921600 0 0 0 0
1638835200 0 0 0 0
1638748800 0 0 0 0
1638662400 0 0 0 0
1638576000 0 0 0 0
1638489600 0 0 0 0
1638403200 0 0 0 0
1638316800 0 0 0 0
1638230400 0 0 0 0
1638144000 0 0 0 0
1638057600 0 0 0 0
1637971200 0 0 0 0
1637884800 0 0 0 0
1637798400 0 0 0 0
1637712000 0 0 0 0
1637625600 0 0 0 0
1637539200 0 0 0 0
1637452800 0 0 0 0
1637366400 0 0 0 0
1637280000 0 0 0 0
1637193600 0 0 0 0
1637107200 0 0 0 0
1637020800 0 0 0 0
1636934400 0 0 0 0
1636848000 0 0 0 0
1636761600 0 0 0 0
1636675200 0 0 0 0
1636588800 0 0 0 0
1636502400 0 0 0 0
1636416000 0 0 0 0
1636329600 0 0 0 0
1636243200 0 0 0 0
1636156800 0 0 0 0
1636070400 0 0 0 0
1635984000 0 0 0 0
1635897600 0 0 0 0
1635811200 0 0 0 0
1635724800 0 0 0 0
1635638400 0 0 0 0
1635552000 0 0 0 0
1635465600 0 0 0 0
1635379200 0 0 0 0
1635292800 0 0 0 0
1635206400 0 0 0 0
1635120000 0 0 0 0
1635033600 0 0 0 0
1634947200 0 0 0 0
1634860800 0 0 0 0
1634774400 0 0 0 0
1634688000 0 0 0 0
1634601600 0 0 0 0
1634515200 0 0 0 0
1634428800 0 0 0 0
1634342400 0 0 0 0
1634256000 0 0 0 0
1634169600 0 0 0 0
1634083200 0 0 0 0
1633996800 0 0 0 0
1633910400 0 0 0 0
1633824000 0 0 0 0
1633737600 0 0 0 0
1633651200 0 0 0 0
1633564800 0 0 0 0
1633478400 0 0 0 0
1633392000 0 0 0 0
1633305600 0 0 0 0
1633219200 0 0 0 0
1633132800 0 0 0 0
1633046400 0 0 0 0
1632960000 0 0 0 0
1632873600 0 0 0 0
1632787200 0 0 0 0
1632700800 0 0 0 0
1632614400 0 0 0 0
1632528000 0 0 0 0
1632441600 0 0 0 0
1632355200 0 0 0 0
1632268800 0 0 0 0
1632182400 0 0 0 0
1632096000 0 0 0 0
1632009600 0 0 0 0
1631923200 0 0 0 0
1631836800 0 0 0 0
1631750400 0 0 0 0
1631664000 0 0 0 0
1631577600 0 0 0 0
1631491200 0 0 0 0
1631404800 0 0 0 0
1631318400 0 0 0 0
1631232000 0 0 0 0
1631145600 0 0 0 0
1631059200 0 0 0 0
1630972800 0 0 0 0
1630886400 0 0 0 0
1630800000 0 0 0 0
1630713600 0 0 0 0
1630627200 0 0 0 0
1630540800 0 0 0 0
1630454400 0 0 0 0
1630368000 0 0 0 0
1630281600 0 0 0 0
1630195200 0 0 0 0
1630108800 0 0 0 0
1630022400 0 0 0 0
1629936000 0 0 0 0
1629849600 0 0 0 0
1629763200 0 0 0 0
1629676800 0 0 0 0
1629590400 0 0 0 0
1629504000 0 0 0 0
1629417600 0 0 0 0
1629331200 0 0 0 0
1629244800 0 0 0 0
1629158400 0 0 0 0
1629072000 0 0 0 0
1628985600 0 0 0 0
1628899200 0 0 0 0
1628812800 0 0 0 0
1628726400 0 0 0 0
1628640000 0 0 0 0
1628553600 0 0 0 0
1628467200 0 0 0 0
1628380800 0 0 0 0
1628294400 0 0 0 0
1628208000 0 0 0 0
1628121600 0 0 0 0
1628035200 0 0 0 0
1627948800 0 0 0 0
1627862400 0 0 0 0
1627776000 0 0 0 0
1627689600 0 0 0 0
1627603200 0 0 0 0
1627516800 0 0 0 0
1627430400 0 0 0 0
1627344000 0 0 0 0
1627257600 0 0 0 0
1627171200 0 0 0 0
1627084800 0 0 0 0
1626998400 0 0 0 0
1626912000 0 0 0 0
1626825600 0 0 0 0
1626739200 0 0 0 0
1626652800 0 0 0 0
1626566400 0 0 0 0
1626480000 0 0 0 0
1626393600 0 0 0 0
1626307200 0 0 0 0
1626220800 0 0 0 0
1626134400 0 0 0 0
1626048000 0 0 0 0
1625961600 0 0 0 0
1625875200 0 0 0 0
1625788800 0 0 0 0
1625702400 0 0 0 0
1625616000 0 0 0 0
1625529600 0 0 0 0
1625443200 0 0 0 0
1625356800 0 0 0 0
1625270400 0 0 0 0
1625184000 0 0 0 0
1625097600 0 0 0 0
1625011200 0 0 0 0
1624924800 0 0 0 0
1624838400 0 0 0 0
1624752000 0 0 0 0
1624665600 0 0 0 0
1624579200 0 0 0 0
1624492800 0 0 0 0
1624406400 0 0 0 0
1624320000 0 0 0 0
1624233600 0 0 0 0
1624147200 0 0 0 0
1624060800 0 0 0 0
1623974400 0 0 0 0
1623888000 0 0 0 0
1623801600 0 0 0 0
1623715200 0 0 0 0
1623628800 0 0 0 0
1623542400 0 0 0 0
1623456000 0 0 0 0
1623369600 0 0 0 0
1623283200 0 0 0 0
1623196800 0 0 0 0
1623110400 0 0 0 0
1623024000 0 0 0 0
1622937600 0 0 0 0
1622851200 0 0 0 0
1622764800 0 0 0 0
1622678400 0 0 0 0
1622592000 0 0 0 0
1622505600 0 0 0 0
1622419200 0 0 0 0
1622332800 0 0 0 0
1622246400 0 0 0 0
1622160000 0 0 0 0
1622073600 0 0 0 0
1621987200 0 0 0 0
1621900800 0 0 0 0
1621814400 0 0 0 0
1621728000 0 0 0 0
1621641600 0 0 0 0
1621555200 0 0 0 0
1621468800 0 0 0 0
1621382400 0 0 0 0
1621296000 0 0 0 0
1621209600 0 0 0 0
1621123200 0 0 0 0
1621036800 0 0 0 0
1620950400 0 0 0 0
1620864000 0 0 0 0
1620777600 0 0 0 0
1620691200 0 0 0 0
1620604800 0 0 0 0
1620518400 0 0 0 0
1620432000 0 0 0 0
1620345600 0 0 0 0
1620259200 0 0 0 0
1620172800 0 0 0 0
1620086400 0 0 0 0
1620000000 0 0 0 0
1619913600 0 0 0 0
1619827200 0 0 0 0
1619740800 0 0 0 0
1619654400 0 0 0 0
1619568000 0 0 0 0
1619481600 0 0 0 0
1619395200 0 0 0 0
1619308800 0 0 0 0
1619222400 0 0 0 0
1619136000 0 0 0 0
1619049600 0 0 0 0
1618963200 0 0 0 0
1618876800 0 0 0 0
1618790400 0 0 0 0
1618704000 0 0 0 0
1618617600 0 0 0 0
1618531200 0 0 0 0
1618444800 0 0 0 0
1618358400 0 0 0 0
1618272000 0 0 0 0
1618185600 0 0 0 0
1618099200 0 0 0 0
1618012800 0 0 0 0
1617926400 0 0 0 0
1617840000 0 0 0 0
1617753600 0 0 0 0
1617667200 0 0 0 0
1617580800 0 0 0 0
1617494400 0 0 0 0
1617408000 0 0 0 0
1617321600 0 0 0 0
1617235200 0 0 0 0
1617148800 0 0 0 0
1617062400 0 0 0 0
1616976000 0 0 0 0
1616889600 0 0 0 0
1616803200 0 0 0 0
1616716800 0 0 0 0
1616630400 0 0 0 0
1616544000 0 0 0 0
1616457600 0 0 0 0
1616371200 0 0 0 0
1616284800 0 0 0 0
1616198400 0 0 0 0
1616112000 0 0 0 0
1616025600 0 0 0 0
1615939200 0 0 0 0
1615852800 0 0 0 0
1615766400 0 0 0 0
1615680000 0 0 0 0
1615593600 0 0 0 0
1615507200 0 0 0 0
1615420800 0 0 0 0
1615334400 0 0 0 0
1615248000 0 0 0 0
1615161600 0 0 0 0
1615075200 0 0 0 0
1614988800 0 0 0 0
1614902400 0 0 0 0
1614816000 0 0 0 0
1614729600 0 0 0 0
1614643200 0 0 0 0
1614556800 0 0 0 0
1614470400 0 0 0 0
1614384000 0 0 0 0
1614297600 0 0 0 0
1614211200 0 0 0 0
1614124800 0 0 0 0
1614038400 0 0 0 0
1613952000 0 0 0 0
1613865600 0 0 0 0
1613779200 0 0 0 0
1613692800 0 0 0 0
1613606400 0 0 0 0
1613520000 0 0 0 0
1613433600 0 0 0 0
1613347200 0 0 0 0
1613260800 0 0 0 0
1613174400 0 0 0 0
1613088000 0 0 0 0
1613001600 0 0 0 0
1612915200 0 0 0 0
1612828800 0 0 0 0
1612742400 0 0 0 0
1612656000 0 0 0 0
1612569600 0 0 0 0
1612483200 0 0 0 0
1612396800 0 0 0 0
1612310400 0 0 0 0
1612224000 0 0 0 0
1612137600 0 0 0 0
1612051200 0 0 0 0
1611964800 0 0 0 0
1611878400 0 0 0 0
1611792000 0 0 0 0
1611705600 0 0 0 0
1611619200 0 0 0 0
1611532800 0 0 0 0
1611446400 0 0 0 0
1611360000 0 0 0 0
1611273600 0 0 0 0
1611187200 0 0 0 0
1611100800 0 0 0 0
1611014400 0 0 0 0
1610928000 0 0 0 0
1610841600 0 0 0 0
1610755200 0 0 0 0
1610668800 0 0 0 0
1610582400 0 0 0 0
1610496000 0 0 0 0
1610409600 0 0 0 0
1610323200 0 0 0 0
1610236800 0 0 0 0
1610150400 0 0 0 0
1610064000 0 0 0 0
1609977600 0 0 0 0
1609891200 0 0 0 0
1609804800 0 0 0 0
1609718400 0 0 0 0
1609632000 0 0 0 0
1609545600 0 0 0 0
1609459200 0 0 0 0
1609372800 0 0 0 0
1609286400 0 0 0 0
1609200000 0 0 0 0
1609113600 0 0 0 0
1609027200 0 0 0 0
1608940800 0 0 0 0
1608854400 0 0 0 0
1608768000 0 0 0 0
1608681600 0 0 0 0
1608595200 0 0 0 0
1608508800 0 0 0 0
1608422400 0 0 0 0
1608336000 0 0 0 0
1608249600 0 0 0 0
1608163200 0 0 0 0
1608076800 0 0 0 0
1607990400 0 0 0 0
1607904000 0 0 0 0
1607817600 0 0 0 0
1607731200 0 0 0 0
1607644800 0 0 0 0
1607558400 0 0 0 0
1607472000 0 0 0 0
1607385600 0 0 0 0
1607299200 0 0 0 0
1607212800 0 0 0 0
1607126400 0 0 0 0
1607040000 0 0 0 0
1606953600 0 0 0 0
1606867200 0 0 0 0
1606780800 0 0 0 0
1606694400 0 0 0 0
1606608000 0 0 0 0
1606521600 0 0 0 0
1606435200 0 0 0 0
1606348800 0 0 0 0
1606262400 0 0 0 0
1606176000 0 0 0 0
1606089600 0 0 0 0
1606003200 0 0 0 0
1605916800 0 0 0 0
1605830400 0 0 0 0
1605744000 0 0 0 0
1605657600 0 0 0 0
1605571200 0 0 0 0
1605484800 0 0 0 0
1605398400 0 0 0 0
1605312000 0 0 0 0
1605225600 0 0 0 0
1605139200 0 0 0 0
1605052800 0 0 0 0
1604966400 0 0 0 0
1604880000 0 0 0 0
1604793600 0 0 0 0
1604707200 0 0 0 0
1604620800 0 0 0 0
1604534400 0 0 0 0
1604448000 0 0 0 0
1604361600 0 0 0 0
1604275200 0 0 0 0
1604188800 0 0 0 0
1604102400 0 0 0 0
1604016000 0 0 0 0
1603929600 0 0 0 0
1603843200 0 0 0 0
1603756800 0 0 0 0
1603670400 0 0 0 0
1603584000 0 0 0 0
1603497600 0 0 0 0
1603411200 0 0 0 0
1603324800 0 0 0 0
1603238400 0 0 0 0
1603152000 0 0 0 0
1603065600 0 0 0 0
1602979200 0 0 0 0
1602892800 0 0 0 0
1602806400 0 0 0 0
1602720000 0 0 0 0
1602633600 0 0 0 0
1602547200 0 0 0 0
1602460800 0 0 0 0
1602374400 0 0 0 0
1602288000 0 0 0 0
1602201600 0 0 0 0
1602115200 0 0 0 0
1602028800 0 0 0 0
1601942400 0 0 0 0
1601856000 0 0 0 0
1601769600 0 0 0 0
1601683200 0 0 0 0
1601596800 0 0 0 0
1601510400 0 0 0 0
1601424000 0 0 0 0
1601337600 0 0 0 0
1601251200 0 0 0 0
1601164800 0 0 0 0
1601078400 0 0 0 0
1600992000 0 0 0 0
1600905600 0 0 0 0
1600819200 0 0 0 0
1600732800 0 0 0 0
1600646400 0 0 0 0
1600560000 0 0 0 0
1600473600 0 0 0 0
1600387200 0 0 0 0
1600300800 0 0 0 0
1600214400 0 0 0 0
1600128000 0 0 0 0
1600041600 0 0 0 0
1599955200 0 0 0 0
1599868800 0 0 0 0
1599782400 0 0 0 0
1599696000 0 0 0 0
1599609600 0 0 0 0
1599523200 0 0 0 0
1599436800 0 0 0 0
1599350400 0 0 0 0
1599264000 0 0 0 0
1599177600 0 0 0 0
1599091200 0 0 0 0
1599004800 0 0 0 0
1598918400 0 0 0 0
1598832000 0 0 0 0
1598745600 0 0 0 0
1598659200 0 0 0 0
1598572800 0 0 0 0
1598486400 0 0 0 0
1598400000 0 0 0 0
1598313600 0 0 0 0
1598227200 0 0 0 0
1598140800 0 0 0 0
1598054400 0 0 0 0
1597968000 0 0 0 0
1597881600 0 0 0 0
1597795200 0 0 0 0
1597708800 0 0 0 0
1597622400 0 0 0 0
1597536000 0 0 0 0
1597449600 0 0 0 0
1597363200 0 0 0 0
1597276800 0 0 0 0
1597190400 0 0 0 0
1597104000 0 0 0 0
1597017600 0 0 0 0
1596931200 0 0 0 0
1596844800 0 0 0 0
1596758400 0 0 0 0
1596672000 0 0 0 0
1596585600 0 0 0 0
1596499200 0 0 0 0
1596412800 0 0 0 0
1596326400 0 0 0 0
1596240000 0 0 0 0
1596153600 0 0 0 0
1596067200 0 0 0 0
1595980800 0 0 0 0
1595894400 0 0 0 0
1595808000 0 0 0 0
1595721600 0 0 0 0
1595635200 0 0 0 0
1595548800 0 0 0 0
1595462400 0 0 0 0
1595376000 0 0 0 0
1595289600 0 0 0 0
1595203200 0 0 0 0
1595116800 0 0 0 0
1595030400 0 0 0 0
1594944000 0 0 0 0
1594857600 0 0 0 0
1594771200 0 0 0 0
1594684800 0 0 0 0
1594598400 0 0 0 0
1594512000 0 0 0 0
1594425600 0 0 0 0
1594339200 0 0 0 0
1594252800 0 0 0 0
1594166400 0 0 0 0
1594080000 0 0 0 0
1593993600 0 0 0 0
1593907200 0 0 0 0
1593820800 0 0 0 0
1593734400 0 0 0 0
1593648000 0 0 0 0
1593561600 0 0 0 0
1593475200 0 0 0 0
1593388800 0 0 0 0
1593302400 0 0 0 0
1593216000 0 0 0 0
1593129600 0 0 0 0
1593043200 0 0 0 0
1592956800 0 0 0 0
1592870400 0 0 0 0
1592784000 0 0 0 0
1592697600 0 0 0 0
1592611200 0 0 0 0
1592524800 0 0 0 0
1592438400 0 0 0 0
1592352000 0 0 0 0
1592265600 0 0 0 0
1592179200 0 0 0 0
1592092800 0 0 0 0
1592006400 0 0 0 0
1591920000 0 0 0 0
1591833600 0 0 0 0
1591747200 0 0 0 0
1591660800 0 0 0 0
1591574400 0 0 0 0
1591488000 0 0 0 0
1591401600 0 0 0 0
1591315200 0 0 0 0
1591228800 0 0 0 0
1591142400 0 0 0 0
1591056000 0 0 0 0
1590969600 0 0 0 0
1590883200 0 0 0 0
1590796800 0 0 0 0
1590710400 0 0 0 0
1590624000 0 0 0 0
1590537600 0 0 0 0
1590451200 0 0 0 0
1590364800 0 0 0 0
1590278400 0 0 0 0
1590192000 0 0 0 0
1590105600 0 0 0 0
1590019200 0 0 0 0
1589932800 0 0 0 0
1589846400 0 0 0 0
1589760000 0 0 0 0
1589673600 0 0 0 0
1589587200 0 0 0 0
1589500800 0 0 0 0
1589414400 0 0 0 0
1589328000 0 0 0 0
1589241600 0 0 0 0
1589155200 0 0 0 0
1589068800 0 0 0 0
1588982400 0 0 0 0
