1657800903 997653210 1503933129
1657800903 1445494 229281 1445494 229281
1657800622 1636575 262511 1636575 262511
1657800600 1603964 257997 1636575 262511
1657800300 1173490 194694 1191882 200968
1657800000 942110 115691 1093841 155261
1657799700 1081841 155901 1093841 163992
1657799400 960369 165452 1341501 183905
1657799100 1314600 182265 1341501 183905
1657798800 1001599 163710 1264885 192200
1657798500 1298670 195132 1747531 234097
1657798200 1729597 230684 1747531 234097
1657797900 1507566 188923 2191335 392491
1657797600 2122282 374833 2191335 392491
1657797300 1270051 153069 1395044 161406
1657797000 1394901 161045 1395044 161406
1657796700 1319859 104988 1373657 107375
1657796400 978321 89825 980016 89912
1657796100 482363 62927 604459 64020
1657795800 624586 51953 1208291 97980
1657795500 1256863 97117 1902185 97980
1657795200 1825163 84613 1902185 85665
1657794900 845955 71055 851898 71322
1657794600 706220 64387 781887 64661
1657794300 825268 56846 1188587 57193
1657794000 1176921 55292 1188587 73166
1657793700 991114 70981 1021943 73166
1657793400 591323 44852 601553 63415
1657793100 462691 63441 557193 67337
1657792800 549505 66953 557193 67337
1657792500 341616 57716 347524 68477
1657792200 265443 91088 266963 339810
1657791900 273905 318567 592126 339810
1657791600 593517 50226 1009698 76440
1657791300 999291 75843 1009698 76440
1657791000 735989 59670 798025 60172
1657790700 796565 57203 798025 64555
1657790400 804748 65405 1331032 82780
1657790100 1296119 81758 1331032 82780
1657789800 440703 56287 458223 57236
1657789500 209662 43740 723917 59672
1657789200 722190 59577 723917 59672
1657788900 206151 31330 249509 37853
1657788600 250162 39477 258419 60006
1657788300 265554 60961 355726 73031
1657788000 356334 72913 538210 73031
1657787700 526636 40446 538210 74288
1657787400 378275 72936 380387 74288
1657787100 334646 55055 351589 55864
1657786800 230766 50079 290137 50088
1657786500 289940 47582 290137 66983
1657786200 281246 83065 588307 181858
1657785900 587495 181368 588307 181858
1657785600 353080 35488 571380 48117
1657785300 572961 48597 592947 54673
1657785000 588619 54336 592947 54673
1657784700 549992 49454 648615 50086
1657784400 640543 45406 648615 45577
1657784100 570803 43492 978417 46545
1657783800 944023 45891 978417 46545
1657783500 487299 37205 553022 37216
1657783200 537057 33598 553022 34011
1657782900 332618 28147 335331 28391
1657782600 292091 25401 298336 29497
1657782300 210883 29073 213180 29497
1657782000 202125 25960 477285 37461
1657781700 472008 37194 477285 37461
1657781400 324536 28748 333367 30206
1657781100 270576 19818 355081 27695
1657780800 361830 27689 420403 27695
1657780500 421756 27927 439738 31704
1657780200 437107 31656 439738 31704
1657779900 431356 31707 778741 39951
1657779600 769751 39596 778741 39951
1657779300 588360 31227 886572 32380
1657779000 882801 32547 886572 36952
1657778700 780613 36104 783738 36952
1657778400 760494 29035 797630 29186
1657778100 796901 29184 797630 29186
1657777800 581320 28721 1236235 57369
1657777500 1214021 56216 1236235 57369
1657777200 896877 40328 933328 41651
1657776900 438215 23773 454410 25092
1657776600 472032 25228 694715 26959
1657776300 692912 27712 694715 37230
1657776000 688620 37560 934117 41951
1657775700 936123 41972 1235134 45213
1657775400 1243197 46064 1345096 56826
1657775100 1345750 56959 1443237 76888
1657774800 1442695 76789 1443237 76888
1657774500 1282151 47509 1484499 55561
1657774200 1471831 55378 1484499 55561
1657773900 1107205 51195 1139018 65845
1657773600 341724 64439 343715 65845
1657773300 285237 27379 289425 27511
1657773000 209037 24735 362544 27900
1657772700 366543 28044 962462 49585
1657772400 913266 47979 962462 49585
1657772100 259051 26628 259667 26647
1657771800 166207 23404 167392 23833
1657771500 159449 20780 313764 24196
1657771200 316087 24256 662230 33305
1657770900 687933 34328 1012734 47260
1657770600 1006794 47105 1012734 47260
1657770300 125427 24149 219479 27402
1657770000 219550 27407 221417 27558
1657769700 259393 30879 492679 51286
1657769400 494263 51464 730283 78068
1657769100 730851 78031 900757 78068
1657768800 897311 67014 900757 67085
1657768500 388214 55442 436842 56475
1657768200 444045 44314 633304 63993
1657767900 650611 63693 1105328 63993
1657767600 1053505 56542 1105328 66123
1657767300 383688 64614 598586 66123
1657767000 618274 48311 789121 57420
1657766700 801393 57681 956479 60989
1657766400 956841 61017 1065343 69605
1657766100 1080937 70332 1288126 79999
1657765800 1259297 78351 1288126 79999
1657765500 942377 59962 955485 60991
1657765200 769479 46499 955238 76263
1657764900 956648 76250 1378319 76263
1657764600 1380994 72568 1779596 77499
1657764300 1779167 77594 1779596 91892
1657764000 1712427 91844 1715248 91892
1657763700 1292203 84717 1292203 84717
1657763400 1292203 84717 1292203 84717
1657763100 1290470 84597 1292203 84717
1657762800 1023179 64850 1032350 66748
1657762500 884775 49276 946376 51106
1657762200 580040 53247 950068 68012
1657761900 1052227 69924 1697580 82006
1657761600 1709623 83330 1861804 100063
1657761300 1845166 98991 1861804 100063
1657761000 1443037 74856 1445873 82758
1657760700 1430850 83113 1478620 91651
1657760400 1412518 89152 1478620 91651
1657760100 948200 71787 956768 71929
1657759800 751101 69066 955591 85013
1657759500 953359 83866 955591 85013
1657759200 903204 61280 932805 103971
1657758900 917950 102699 932805 103971
1657758600 535871 68300 750897 69293
1657758300 743882 45690 750897 89394
1657758000 636514 84755 655246 89394
1657757700 538065 58947 657565 59145
1657757400 640613 67364 657565 242297
1657757100 412122 221866 415398 242297
1657756800 391983 92452 473973 92803
1657756500 482553 41005 707998 61521
1657756200 716630 61833 943421 70046
1657755900 933770 69314 943421 70046
1657755600 689316 51629 810133 72134
1657755300 810611 72118 953552 72134
1657755000 954608 67667 1270543 83505
1657754700 1253935 83450 1270543 83505
1657754400 1061701 83183 1284422 88574
1657754100 1274700 88343 1284422 88574
1657753800 1006569 81384 1019303 82296
1657753500 732201 64695 924093 96636
1657753200 900682 93726 924093 96636
1657752900 591093 55122 1019105 72357
1657752600 1018212 72297 1019105 72357
1657752300 778532 55961 944562 64537
1657752000 966954 64438 1555280 64537
1657751700 1559432 61759 1614597 61856
1657751400 1533663 60720 1614597 63924
1657751100 461521 62858 500886 63924
1657750800 564783 49512 957296 50245
1657750500 956606 50236 957296 50245
1657750200 714660 47763 750302 49059
1657749900 408061 48685 478404 49059
1657749600 508456 40068 769233 50411
1657749300 759051 49522 769233 50411
1657749000 627967 40991 630395 75071
1657748700 567985 71759 597290 75071
1657748400 197283 32033 197681 45394
1657748100 195200 45325 259479 45394
1657747800 259252 34750 259479 35077
1657747500 259147 30793 670963 55450
1657747200 685078 57013 863449 76768
1657746900 856930 74500 863449 76768
1657746600 776030 45941 994202 59181
1657746300 1001072 59166 1087887 59181
1657746000 1128654 61904 1643808 98892
1657745700 1626232 96419 1643808 98892
1657745400 1377218 63223 1392733 63571
1657745100 1177939 58955 1181175 60553
1657744800 1130385 63313 1137061 86434
1657744500 1116746 87199 1362693 91655
1657744200 1363515 91604 1486005 91655
1657743900 1485805 84445 1486005 93876
1657743600 1463456 95332 1481010 114687
1657743300 1219320 123228 1230243 194763
1657743000 1136674 193565 1368561 194763
1657742700 1398351 163332 2113313 193008
1657742400 2124723 194643 2424519 237611
1657742100 2418933 234413 2424519 237611
1657741800 2384822 215019 2415080 252126
1657741500 2420382 251923 2490824 252126
1657741200 2453317 247485 2490824 249234
1657740900 2142681 233560 2234031 252509
1657740600 2242656 251857 2351649 252509
1657740300 2328245 240726 2351649 243625
1657740000 2155726 225144 2176121 268397
1657739700 1894832 273030 1982122 313241
1657739400 1986296 307920 2022518 313241
1657739100 2028738 258622 2066948 261748
1657738800 2035138 238598 2066948 239424
1657738500 1743563 232837 1768737 260522
1657738200 1164914 280648 1487414 534981
1657737900 1467389 524467 1487414 534981
1657737600 1305062 434251 1434101 436415
1657737300 1397843 377162 1434101 382319
1657737000 989511 312015 1619209 312244
1657736700 1657764 310042 2144971 312244
1657736400 2126468 283649 2144971 296056
1657736100 1992720 296086 2636028 296813
1657735800 2556169 290484 2636028 296813
1657735500 1472473 203275 1495187 206410
1657735200 1201873 163856 1472312 183217
1657734900 1470036 185357 1472312 236727
1657734600 1417583 234647 1474471 236727
1657734300 1473536 182463 1474471 240966
1657734000 1530064 308891 2015080 726151
1657733700 1962959 735859 2015080 842647
1657733400 1403680 827178 1772815 842647
1657733100 1773968 437675 1804261 881461
1657732800 1815603 871781 2066022 881461
1657732500 2049308 659714 2066022 698738
1657732200 1766827 699042 2389709 700638
1657731900 2373228 701286 2389709 718337
1657731600 1937554 708552 1940250 718337
1657731300 1863053 549145 1901745 578563
1657731000 1442001 226849 1729790 419546
1657730700 1728870 447380 1729790 688914
1657730400 1736508 673592 1807642 688914
1657730100 1782290 604815 1807642 617083
1657729800 1500585 607000 1645647 617083
1657729500 1610958 522648 1645647 545065
1657729200 1229050 281898 1437709 451926
1657728900 1428753 431491 1437709 451926
1657728600 1324854 173824 2705690 256554
1657728300 2708368 256490 3107397 256554
1657728000 3004962 250376 3107397 270633
1657727700 2375912 270613 2432637 270633
1657727400 2432943 264609 2524689 264772
1657727100 2524844 216143 2548004 216161
1657726800 2552285 216016 2579334 231587
1657726500 2575280 229508 2579334 231587
1657726200 2517210 204402 2524063 211547
1657725900 2474911 211467 2475114 211547
1657725600 2426415 188068 2577369 193718
1657725300 2577810 194057 2709933 295674
1657725000 2708843 294983 2709933 295674
1657724700 2552056 208468 2586555 308682
1657724400 2582573 299578 2586555 308682
1657724100 2642099 197571 3561947 306682
1657723800 3531034 305334 3561947 306682
1657723500 2707477 269135 2718881 269920
1657723200 2553299 255596 2555967 258713
1657722900 2522104 234526 2523961 401488
1657722600 2505323 386580 2585831 401488
1657722300 2562506 217354 2585831 306850
1657722000 2366457 295816 2419639 306850
1657721700 2407740 204881 2419639 213696
1657721400 2336661 212769 2337130 213696
1657721100 2340788 201527 2885944 271335
1657720800 2895261 270059 2952494 271335
1657720500 2912189 259116 2952494 262224
1657720200 2398305 219207 2402886 219854
1657719900 2298882 203139 2551362 203689
1657719600 2555666 190640 2591719 196445
1657719300 2585203 197582 2591719 204570
1657719000 2543288 203221 2545183 204570
1657718700 2506065 201044 2519348 388826
1657718400 2328464 376443 2338220 388826
1657718100 2205999 220914 2211118 226878
1657717800 2216989 226076 2291187 226878
1657717500 2290832 216097 2291187 258787
1657717200 2185534 258405 2299649 258787
1657716900 2299951 201622 2345000 210294
1657716600 2338316 211488 2345000 226578
1657716300 2255808 229634 2280489 268263
1657716000 2292666 267547 2686421 268263
1657715700 2663751 240654 2686421 244428
1657715400 2393056 241174 2412565 626116
1657715100 2416322 610265 2515046 626116
1657714800 2491596 190663 2515046 193818
1657714500 2338313 174885 2343465 227357
1657714200 2281503 226369 2499242 227357
1657713900 2501795 198642 2534063 200434
1657713600 2533962 176276 2534063 217527
1657713300 2527849 221960 2645100 280864
1657713000 2633135 269499 2645100 280864
1657712700 2536911 172391 2603591 202490
1657712400 2604511 201966 2626598 202490
1657712100 2622401 189709 2626598 197220
1657711800 2519575 197783 2521696 205263
1657711500 2491028 205226 2491399 205263
1657711200 2436400 199725 2630280 199825
1657710900 2629090 170068 2630280 192822
1657710600 2390361 190521 2451907 192822
1657710300 1569335 159852 1572691 159959
1657710000 1028265 137599 1069372 143966
1657709700 767391 96238 775753 98493
1657709400 653877 64825 656306 66292
1657709100 640537 49074 785860 72346
1657708800 772883 71474 785860 72346
1657708500 470278 50817 702059 57930
1657708200 717382 57541 845716 57930
1657707900 830307 62187 845716 130766
1657707600 690079 161300 696597 354192
1657707300 638325 383524 648908 754186
1657707000 540576 657719 767796 754186
1657706700 764748 48448 767796 49878
1657706400 724874 49809 726239 49878
1657706100 318827 29473 861429 49241
1657705800 830620 49128 861429 49241
1657705500 447959 48466 536289 58607
1657705200 591637 58656 1291045 59276
1657704900 1212846 58861 1291045 59276
1657704600 276051 54117 924966 60299
1657704300 904902 58310 924966 60299
1657704000 641330 34840 651376 48696
1657703700 562916 49285 598019 52910
1657703400 576622 53121 598019 55789
1657703100 306451 55753 365089 55789
1657702800 408232 45912 673254 51276
1657702500 673422 51324 723819 65721
1657702200 696373 64855 723819 65721
1657701900 362713 55408 528885 74239
1657701600 516463 75057 528885 80227
1657701300 427971 78543 437995 80227
1657701000 293028 56666 301317 57276
1657700700 187018 49149 188291 51517
1657700400 168318 51833 170118 55837
1657700100 162599 54410 388656 55837
1657699800 387998 35586 388656 55347
1657699500 289914 55196 290064 55347
1657699200 275366 34045 373194 50197
1657698900 371033 49976 373194 50197
1657698600 346346 43615 573958 44677
1657698300 611661 35897 849835 43270
1657698000 848190 43262 849835 43270
1657697700 357529 40919 497263 40983
1657697400 493447 30738 497263 31427
1657697100 473555 26943 518331 32403
1657696800 518789 32381 587147 32403
1657696500 589767 35373 652666 182372
1657696200 640581 171830 652666 182372
1657695900 496199 32200 700444 37584
1657695600 719419 37755 1174829 41882
1657695300 1211915 43821 1522515 60062
1657695000 1501012 58946 1522515 60062
1657694700 993697 32490 1109843 36601
1657694400 1111300 36620 1328428 39471
1657694100 1313542 39644 1328428 40708
1657693800 1231989 40883 1356962 43104
1657693500 1354554 43064 1356962 43104
1657693200 634989 31356 641492 34604
1657692900 633435 34059 641492 34604
1657692600 606231 31115 887803 36209
1657692300 884704 36303 887803 38582
1657692000 801485 38638 810348 39382
1657691700 683235 39359 683735 39382
1657691400 554760 33197 818280 39488
1657691100 789102 38397 818280 39488
1657690800 600541 31398 609871 31699
1657690500 495037 28056 571143 30812
1657690200 560499 30420 571143 30812
1657689900 439178 25902 755462 36128
1657689600 768433 37570 1079748 72178
1657689300 1102735 70620 1393215 72178
1657689000 1394085 50972 1523778 56417
1657688700 1555973 56788 1825615 59897
1657688400 1820429 59863 1825615 59897
1657688100 1631687 56932 1684197 58985
1657687800 1181023 40361 1211612 47959
1657687500 1164386 47006 1211612 47959
1657687200 567829 34969 629619 36511
1657686900 652431 37574 940700 51014
1657686600 928266 50166 940700 51014
1657686300 763874 38970 881995 48708
1657686000 888928 48929 981042 51869
1657685700 980161 51819 981042 51869
1657685400 703418 36881 716764 36985
1657685100 526667 35516 534778 35576
1657684800 317644 33507 351607 33955
1657684500 357313 30364 494270 44821
1657684200 483339 44188 494270 44821
1657683900 337416 35870 338126 48409
1657683600 311149 51095 799430 67598
1657683300 805708 68712 885052 82791
1657683000 883319 82971 885052 109845
1657682700 625474 109650 722745 109845
1657682400 718996 53246 722745 68389
1657682100 765041 69633 1446872 80429
1657681800 1492534 79430 1773036 80429
1657681500 1750194 73003 1773036 73299
1657681200 1436722 68762 1461559 69266
1657680900 1069543 60729 1122880 62403
1657680600 457996 41748 852349 55475
1657680300 847181 58254 852349 93372
1657680000 784403 122850 799892 303936
1657679700 823516 290318 1122050 303936
1657679400 1139112 114633 1365794 118248
1657679100 1329251 66049 1365794 66614
1657678800 840633 57522 867481 58913
1657678500 649490 49845 675710 61363
1657678200 302767 61362 787885 61363
1657677900 772718 61730 787885 74914
1657677600 467941 78256 963909 106252
1657677300 934604 100599 963909 106252
1657677000 723793 53028 1183684 53256
1657676700 1183986 50009 1229011 50652
1657676400 1224678 50523 1229011 50652
1657676100 571117 35495 579117 88051
1657675800 476521 86216 632305 88051
1657675500 636220 43097 730199 64769
1657675200 696292 62940 730199 64769
1657674900 481811 51339 482104 51387
1657674600 395630 37298 570156 48719
1657674300 574675 49589 602441 54940
1657674000 601092 54850 602441 54940
1657673700 410957 43095 547791 62417
1657673400 547352 62298 547791 62417
1657673100 492224 46037 737534 80779
1657672800 718542 79373 737534 80779
1657672500 228503 41821 346875 42436
1657672200 348953 33853 658634 63578
1657671900 673715 62553 864284 63578
1657671600 848757 50023 864284 55328
1657671300 662127 55546 782977 58314
1657671000 780043 58211 782977 58314
1657670700 388522 45439 668743 60394
1657670400 688114 61895 932905 80865
1657670100 960193 83398 1305025 115416
1657669800 1306221 115434 1664024 121002
1657669500 1652479 120000 1664024 121002
1657669200 1319313 94026 1375404 95956
1657668900 962994 82007 964986 107574
1657668600 665414 107326 666273 107574
1657668300 549593 70429 701724 70459
1657668000 701200 69983 701724 70060
1657667700 544901 47211 588938 101540
1657667400 599758 98698 743517 101540
1657667100 714721 62543 743517 82795
1657666800 353317 82608 720310 82795
1657666500 729075 54455 939455 54805
1657666200 918562 48074 939455 60452
1657665900 793515 60554 1283829 75797
1657665600 1328639 76468 1894883 84959
1657665300 1897497 85067 2286995 101165
1657665000 2286282 103136 2286995 396830
1657664700 2180079 395866 2180187 396830
1657664400 2149198 107769 2332759 107837
1657664100 2341347 97761 2444787 98986
1657663800 2444668 99036 2444787 114044
1657663500 2409391 113980 2436839 114044
1657663200 2440470 104237 2484201 104583
1657662900 2473076 99388 2484201 100077
1657662600 2341931 90727 2399834 90996
1657662300 2399949 95835 2401405 156991
1657662000 2404056 156166 2473721 156991
1657661700 2414372 132095 2473721 134513
1657661400 2074190 116822 2512995 116845
1657661100 2516483 116665 2562837 116845
1657660800 2562350 114212 2562837 114279
1657660500 2403786 95429 2416771 109545
1657660200 2246827 107123 2336856 109545
1657659900 2335873 77355 2336856 200938
1657659600 2170331 193712 2189453 200938
1657659300 1922354 101497 1928699 102410
1657659000 1860098 94857 2015566 137265
1657658700 2052549 134039 2362289 137265
1657658400 2372499 107026 2435219 107027
1657658100 2440864 106662 2512209 107023
1657657800 2501636 102207 2512209 103535
1657657500 2360480 103556 2361168 106801
1657657200 2268502 109803 2393787 145959
1657656900 2394180 145935 2452880 145959
1657656600 2444027 146018 2452880 191105
1657656300 2337311 193307 2368926 206840
1657656000 2369410 206782 2441617 206840
1657655700 2437985 196707 2441617 198159
1657655400 2436149 180947 2992845 213521
1657655100 2784508 214578 2992845 221072
1657654800 1502517 220905 1504725 221072
1657654500 908102 169585 1311590 171081
1657654200 1310336 160525 1311590 199001
1657653900 933450 199080 935535 210898
1657653600 632782 210755 2117705 210898
1657653300 2136583 192456 2375143 229968
1657653000 2386451 226659 2529349 229968
1657652700 2527497 184787 2529349 184852
1657652400 2354966 183395 2445151 225427
1657652100 2450275 228658 2573260 306204
1657651800 2564220 303923 2573260 306204
1657651500 2163767 237594 2326723 244000
1657651200 800069 186150 813363 213916
1657650900 816763 213645 1323396 213916
1657650600 1329041 174163 2170148 304152
1657650300 2186134 307455 2398533 351350
1657650000 2407110 343185 2515501 351350
1657649700 2455667 237695 2515501 240018
1657649400 1644128 210734 1699583 240948
1657649100 918616 235558 943386 240948
1657648800 639688 171038 1070235 216314
1657648500 1035234 213394 1070235 216314
1657648200 722085 179293 1515290 196437
1657647900 1514065 196506 1515290 206872
1657647600 1359911 214926 1533986 264401
1657647300 1537877 266958 1582630 296368
1657647000 1582531 295934 1582630 296368
1657646700 1554185 166615 1711173 206345
1657646400 1704351 205431 1711173 206345
1657646100 1616264 193919 1618150 198938
1657645800 1373211 199751 1690339 206565
1657645500 1670261 206593 1690339 206773
1657645200 1543509 206452 1555850 206773
1657644900 1559070 190378 1578856 385447
1657644600 1593143 374551 1773688 385447
1657644300 1775118 236432 1988249 236873
1657644000 1988209 172189 1988249 205415
1657643700 1938679 206572 1987269 213684
1657643400 1640616 213706 1764301 220341
1657643100 1763143 220241 1764301 220341
1657642800 1419081 190643 1725477 217051
1657642500 1691156 217076 1725477 217387
1657642200 1293715 215736 1431701 217387
1657641900 1441947 202149 1711146 221564
1657641600 1781720 226734 2719351 295432
1657641300 2722158 295751 3561661 391430
1657641000 3543891 392739 3561661 409288
1657640700 3321435 411991 3632618 814745
1657640400 3534543 771444 3632618 814745
1657640100 2731432 409686 2767254 432683
1657639800 2510388 268684 2511386 287926
1657639500 2433577 292858 2436549 355190
1657639200 2431473 350551 2902325 355190
1657638900 2900489 288839 2902325 288928
1657638600 2597968 278715 2626975 317793
1657638300 2248273 314373 2461063 317793
1657638000 2461203 272648 2503291 717802
1657637700 2496636 715561 2503291 717802
1657637400 1498959 386178 1505156 502679
1657637100 1329986 507918 1336147 645584
1657636800 1205786 628443 2109208 645584
1657636500 2165071 219871 2508234 237068
1657636200 2526132 238429 2752301 255635
1657635900 2713499 252327 2752301 255635
1657635600 1834525 176748 2494955 224855
1657635300 2492352 224993 2494955 226737
1657635000 2454653 245668 2459468 404217
1657634700 2424790 386018 2512406 404217
1657634400 2462733 230527 2512406 233609
1657634100 1243608 156134 1270598 156578
1657633800 885115 150553 908592 244072
1657633500 899735 237911 908592 244072
1657633200 829104 170352 1243849 214048
1657632900 1244057 214120 1275049 224912
1657632600 1324770 222512 1985359 224912
1657632300 1986378 190918 2291346 276335
1657632000 2232040 273221 2291346 276335
1657631700 1404674 229655 1444124 231855
1657631400 919439 209266 1000888 254747
1657631100 1000243 254274 1000888 254747
1657630800 907402 182017 992447 183881
1657630500 965374 139127 992447 189911
1657630200 809757 198701 1405327 272319
1657629900 1389458 294015 1405327 482289
1657629600 1190491 437640 1251763 482289
1657629300 816427 164730 845723 181885
1657629000 847928 179620 873292 181885
1657628700 874122 153550 997822 153580
1657628400 1014962 149515 1231560 153717
1657628100 1210209 154881 1231560 170355
1657627800 925198 170561 926557 201314
1657627500 728421 200622 800304 201314
1657627200 801933 191847 1289124 191882
1657626900 1286410 182099 1289124 199905
1657626600 1209959 208603 1215112 262039
1657626300 1191650 272670 1360207 407019
1657626000 1350844 408360 1360207 443600
1657625700 1161954 440503 1512570 443600
1657625400 1510905 421266 1512570 421485
1657625100 1329294 397162 1737579 449522
1657624800 1711367 443099 1737579 449522
1657624500 1412815 374349 1686372 478309
1657624200 1691303 475972 1820873 478309
1657623900 1791632 408561 1820873 414596
1657623600 1406262 328801 1445556 333973
1657623300 1430020 329094 1445556 333973
1657623000 1263238 289726 1299908 299115
1657622700 1035011 299042 1544058 299115
1657622400 1546988 287300 1983566 288220
1657622100 1878813 144884 1983566 150226
1657621800 553715 76755 555121 77383
1657621500 542277 68538 595261 68820
1657621200 560494 63107 595261 66184
1657620900 596038 60206 1179516 92826
1657620000 801557 105329 1179516 315121
1657618200 347453 69492 548081 121345
1657616400 703044 109837 1224620 299496
1657614600 330356 63695 578643 72859
1657612800 967347 102370 1433572 200260
1657611000 816559 196166 924971 591082
1657609200 785972 41672 1100357 56681
1657607400 613427 32851 781535 43283
1657605600 669892 41947 1138528 51501
1657603800 950479 44318 1138528 52389
1657602000 1751004 86798 2166695 109183
1657600200 1027092 82375 1512306 1678680
1657598400 1088996 1938074 1512306 2456452
1657596600 1477838 787555 2525942 1784685
1657594800 2415468 310697 2473899 409569
1657593000 2372336 329243 2462403 826790
1657591200 2049347 375142 2130137 605634
1657589400 2163327 237019 2384294 345783
1657587600 2320567 201461 2364731 446147
1657585800 2364632 320381 2481909 496598
1657584000 2327888 289370 2510423 496598
1657582200 2449177 337558 2511411 501074
1657580400 2319673 266504 2434551 379823
1657578600 2197492 306823 2417020 399659
1657576800 2214920 221326 2479095 320043
1657575000 2407904 193483 2479095 257803
1657573200 2383190 216982 2409196 372797
1657571400 2406129 248115 2537388 286452
1657569600 2505744 441424 2538498 644883
1657567800 2173944 384854 2532614 628887
1657566000 726148 276959 1253831 435714
1657564200 1282063 371400 1935327 501865
1657562400 2015792 441321 2605854 551476
1657560600 2345263 355192 2605854 477129
1657558800 1941491 311888 2175775 477129
1657557000 2340906 375173 2726394 639221
1657555200 2028227 382698 2546031 639221
1657553400 1296090 290443 2189535 408549
1657551600 1165793 202078 1348768 257406
1657549800 964329 141614 2428903 253584
1657548000 2451696 340988 2867888 542296
1657546200 2496165 392143 2579362 542296
1657544400 2466523 445489 2539486 917081
1657542600 2440501 409576 2567725 485574
1657540800 2492827 351608 2610887 515383
1657539000 1646717 339925 2316261 433069
1657537200 1041976 235800 1698660 268235
1657535400 826268 250907 1167478 426446
1657533600 735838 295362 1198223 425906
1657531800 734181 400332 1559271 571595
1657530000 303372 425740 598870 586710
1657528200 290084 484599 597542 783476
1657526400 460202 373479 722999 526340
1657524600 550995 157275 943301 248889
1657522800 920905 121280 1521792 225818
1657521000 373702 98725 535584 116500
1657519200 425829 93652 994457 110421
1657517400 459693 93432 847474 115339
1657515600 698793 120743 978592 149010
1657513800 1271249 191847 1769638 286484
1657512000 586076 342231 929439 540240
1657510200 681059 306455 929439 528476
1657508400 818689 212991 1121256 396782
1657506600 1040934 157130 1568477 263568
1657504800 824922 109696 1047783 112262
1657503000 785937 112262 785937 112262
1657501200 750594 114472 1060385 198798
1657499400 538596 145634 899706 248537
1657497600 893300 146266 1109191 254975
1657495800 619955 91894 837847 178308
1657494000 655421 45834 1434847 111228
1657492200 444093 68769 1434847 295398
1657490400 719402 149031 1196080 295398
1657488600 584422 104557 938085 131804
1657486800 575480 96351 915610 208733
1657485000 444480 107844 582110 142846
1657483200 390146 101973 522533 155849
1657481400 325439 119281 385653 173844
1657479600 819206 115117 1291718 184588
1657477800 472946 100904 719696 174489
1657476000 350455 113253 538509 176808
1657474200 425412 138546 538509 189905
1657472400 393564 113619 479346 165899
1657470600 378499 78641 641005 106824
1657468800 522537 86953 1125214 137730
1657467000 1137911 90137 1380513 115857
1657465200 427297 80698 914953 114225
1657463400 347175 79656 563104 99038
1657461600 347108 85967 604092 147597
1657459800 241303 74466 415901 105592
1657458000 225242 107019 569689 207398
1657456200 157620 136834 302087 287391
1657454400 360497 27619 791406 56850
1657452600 262451 50298 659561 97342
1657450800 755449 67282 953267 111590
1657449000 1144208 123025 1732260 364547
1657447200 858870 101924 1095310 326338
1657445400 697752 180657 834702 326338
1657443600 479389 240469 731961 367381
1657441800 356334 303635 648612 451394
1657440000 246774 154245 407286 238992
1657438200 284696 90162 632031 113057
1657436400 420028 89115 876786 119856
1657434600 412465 89808 876786 119856
1657432800 246850 90423 485144 101557
1657431000 269664 91104 640373 166487
1657429200 613018 111547 1077274 166487
1657427400 614180 161911 1077274 416784
1657425600 277155 194439 518707 390066
1657423800 415312 345851 553377 564096
1657422000 509836 157884 963345 195481
1657420200 857250 141162 1173559 219521
1657418400 914215 119083 1173559 159571
1657416600 578326 133271 946360 175284
1657414800 597000 158075 793351 219781
1657413000 573233 187448 904562 322660
1657411200 407860 145276 606376 231957
1657409400 352657 129564 520367 308405
1657407600 636036 140919 860134 235252
1657405800 363505 131659 733899 218895
1657404000 599515 158253 733899 297758
1657402200 388114 268525 542722 524888
1657400400 687048 140510 1208230 305681
1657398600 1205752 123830 1356950 201602
1657396800 1078618 114793 1358944 181079
1657395000 1246384 149755 1488754 271690
1657393200 651855 137603 931698 205969
1657391400 618282 105513 1547906 147537
1657389600 630530 108241 1547906 174011
1657387800 375486 93602 565851 119059
1657386000 444644 145896 552587 314265
1657384200 408264 94409 639092 166663
1657382400 684166 146866 874986 247796
1657380600 1099237 141744 1340627 207831
1657378800 752333 140333 917218 263493
1657377000 405931 103677 608618 144028
1657375200 302290 102473 361273 183705
1657373400 395332 94146 516251 149545
1657371600 760034 104838 981504 155448
1657369800 753576 88277 898698 117939
1657368000 1012902 110941 1459846 147974
1657366200 460942 114136 856123 133646
1657364400 1118906 95623 1928489 121884
1657362600 868939 128919 1504861 183125
1657360800 534605 138283 683643 214381
1657359000 406079 202079 626472 375541
1657357200 330142 184896 480868 375541
1657355400 314433 305809 480868 597772
1657353600 214714 215449 450002 463134
1657351800 228096 87651 448318 106651
1657350000 277737 90042 682059 102734
1657348200 311818 147453 682059 2236117
1657346400 386846 485136 718554 2236117
1657344600 1085856 158244 1618453 468950
1657342800 821387 130330 1209108 257208
1657341000 399999 135725 700509 410001
1657339200 193095 257614 305264 669309
1657337400 422248 445468 745113 669309
1657335600 680629 305207 1120768 543680
1657333800 657113 166409 1107605 322810
1657332000 1422187 237916 2414403 356593
1657330200 2300795 281273 2474929 346473
1657328400 2215981 323021 2301085 443645
1657326600 2174614 375177 2291681 602220
1657324800 2005327 423463 2361525 602220
1657323000 2235215 390351 2506814 543062
1657321200 2394479 350765 2488392 573390
1657319400 2390401 311645 2510577 416084
1657317600 2388759 308116 2446859 416084
1657315800 2422347 224006 2527493 332320
1657314000 2450421 250850 2503671 323761
1657312200 2467558 296595 2512708 470423
1657310400 2395163 288391 2510443 501836
1657308600 2322931 383383 2380392 616340
1657306800 2430981 473000 2519367 616340
1657305000 2443423 412807 2585614 518966
1657303200 2466047 419069 2681461 541763
1657301400 2520465 382811 2715552 483897
1657299600 1861681 425458 2433510 642651
1657297800 1572971 287931 2070933 419097
1657296000 1556468 316764 2010012 419097
1657294200 1566833 360566 1672424 530677
1657292400 1695631 319369 2684441 530677
1657290600 2606623 282998 2852195 319825
1657288800 2543546 362063 2778856 459956
1657287000 2505095 280019 2562912 345625
1657285200 2354894 253922 2544070 353165
1657283400 963912 137852 2126749 294448
1657281600 1158703 152071 2584835 472498
1657279800 1577645 225355 2216560 351824
1657278000 1288134 151522 1633203 202644
1657276200 431560 266955 877911 424986
1657274400 634342 309935 850238 575031
1657272600 636150 408028 861303 531783
1657270800 270237 372548 453893 588469
1657269000 324194 366230 599152 588469
1657267200 831910 345788 1372689 486796
1657265400 666055 205447 844264 486796
1657263600 429425 306863 709703 708472
1657261800 283059 96451 337063 120451
1657260000 655517 98912 832725 130712
1657258200 735127 114582 1540556 159223
1657256400 956019 112353 1540921 143417
1657254600 750427 141440 1452956 377042
1657252800 865156 387631 1716505 552245
1657251000 912900 418303 1716505 657966
1657249200 484910 239336 802900 399690
1657247400 598655 184581 801874 291271
1657245600 509809 220234 814415 400862
1657243800 980228 183283 1313977 400103
1657242000 720905 332916 1046572 546416
1657240200 375669 400339 605859 751902
1657238400 512574 514487 605859 751902
1657236600 633377 486834 983809 681293
1657234800 598054 338735 924669 435825
1657233000 732691 345239 1104245 560560
1657231200 1109303 309219 2364741 451192
1657229400 2363469 331586 2517424 392458
1657227600 2440397 344230 2515161 443093
1657225800 2515568 362632 2722186 470182
1657224000 2376516 495220 2706680 632562
1657222200 1882394 392994 2643272 500597
1657220400 2553005 326561 2643272 420162
1657218600 2646295 323206 3023662 556397
1657216800 2505220 435875 2581789 556397
1657215000 2511442 388489 2571174 514725
1657213200 2497477 542450 2933475 833217
1657211400 2546442 804697 2933475 989410
1657209600 2280160 705071 2627765 831780
1657207800 2328314 418262 2556899 532541
1657206000 2299969 407744 2474800 558505
1657204200 2551146 529421 2669089 698442
1657202400 2798304 380804 3217206 540043
1657200600 2511236 385905 2595690 517684
1657198800 2518385 375402 2681103 551885
1657197000 2495273 361604 2652588 428133
1657195200 2392179 323454 2621900 572964
1657193400 2166912 276176 2605974 361049
1657191600 1206462 132209 1629333 180421
1657189800 1483739 381997 1860245 904193
1657188000 650914 530340 977594 653378
1657186200 432016 552667 636150 940482
1657184400 720153 506908 1157283 680409
1657182600 501572 498354 768115 680409
1657180800 884922 471546 1275062 1205827
1657179000 838052 146209 1084088 220265
1657177200 894639 105551 1653272 168446
1657175400 813408 108864 1144291 132725
1657173600 899040 108933 1132005 123846
1657171800 1021817 101792 1471552 158765
1657170000 1250847 144534 1670074 235438
1657168200 959311 209475 1229283 379620
1657166400 699510 372535 1085350 622720
1657164600 647751 416908 1311213 533994
1657162800 1287116 254155 1921539 413597
1657161000 1716022 221326 2029524 339772
1657159200 1850006 313673 2168573 424118
1657157400 1909924 210775 2168573 297812
1657155600 1781369 344219 1884183 494601
1657153800 1628177 314426 2210314 594410
1657152000 2022462 403624 2222147 594410
1657150200 1688260 322888 1874248 507930
1657148400 2096329 313109 2338756 460009
1657146600 2276849 295504 2488366 407731
1657144800 2235735 196260 2364861 407731
1657143000 2116900 166010 2193595 200791
1657141200 2240689 155206 2334362 196142
1657139400 2210905 201377 2314434 281961
1657137600 2422825 295361 2538467 326405
1657135800 2343796 305567 2538467 378228
1657134000 2441147 360694 2751537 455130
1657132200 2565456 378371 2660331 464848
1657130400 2466465 391736 2542260 468539
1657128600 2462630 379388 2609024 441668
1657126800 2390313 340549 2892524 412547
1657125000 2281075 325757 2392744 412547
1657123200 1963549 336677 2438326 730710
1657121400 2343723 561516 2485204 1093582
1657119600 2481851 525621 2603044 1093582
1657117800 2360976 343643 2519930 405062
1657116000 2447819 307447 2610156 343308
1657114200 2387310 563698 2610156 985110
1657112400 1390883 441834 1823750 523823
1657110600 1173430 314485 1823750 383570
1657108800 1409275 694522 1817772 2017322
1657107000 1712687 481500 2048195 943448
1657105200 1295138 332077 1870366 636496
1657103400 790403 200572 893701 354099
1657101600 1010489 359240 1677663 494572
1657099800 1156388 543824 1594115 689715
1657098000 805082 450301 1398031 583205
1657096200 151816 521793 203330 716095
1657094400 443353 434685 766673 754263
1657092600 480140 164164 654591 266665
1657090800 686668 94470 1309014 123162
1657089000 619143 96770 1525928 137865
1657087200 497282 100255 598900 133631
1657085400 1015668 116199 1680282 139446
1657083600 1031715 112389 1652134 138888
1657081800 1001525 234258 1813221 372829
1657080000 563137 340298 792725 692011
1657078200 371386 435826 590987 692011
1657076400 1425130 265920 2001188 384181
1657074600 1794470 282323 2109399 337192
1657072800 1397648 245890 2039204 381334
1657071000 2079432 257367 2390624 386776
1657069200 1666548 261345 2390624 332928
1657067400 327780 334104 549651 463703
1657065600 626030 345890 915424 454339
1657063800 577176 301284 1128991 442382
1657062000 359910 141686 1279518 273724
1657060200 2163433 192411 2432671 273724
1657058400 2252032 187657 2464459 246353
1657056600 2500162 154849 2535153 209419
1657054800 2382611 175241 2472493 218962
1657053000 2475023 199399 2588190 546329
1657051200 2283416 391303 2588190 609697
1657049400 1367053 324509 1843234 443718
1657047600 1444909 324845 1791542 499571
1657045800 1812058 396009 2166569 496611
1657044000 1911307 449909 2166569 560241
1657042200 2101779 406750 2504835 564455
1657040400 1963883 390309 2234115 592962
1657038600 1595600 377450 2049745 610340
1657036800 2136243 286772 2403434 356197
1657035000 2215415 446239 2455750 610577
1657033200 2092464 474699 2413252 802136
1657031400 1879743 362106 2177350 655249
1657029600 1747248 335328 2120507 546330
1657027800 2042033 332128 2396592 458020
1657026000 1582747 319372 2357195 444672
1657024200 1648881 326795 2267511 513069
1657022400 1118219 423623 1254747 867084
1657020600 1401591 418583 1940191 529716
1657018800 1674750 329904 1940191 373627
1657017000 1107083 258162 1593834 300939
1657015200 601463 351276 1377770 951338
1657013400 644938 484692 1024497 888070
1657011600 363219 551421 552542 888070
1657009800 354726 524197 1124653 1124531
1657008000 893726 307344 1169111 431372
1657006200 564469 203299 851275 399199
1657004400 401371 73420 607458 87233
1657002600 336007 76120 645820 113814
1657000800 312394 156938 432744 505007
1656999000 735059 92895 1464515 127560
1656997200 1576892 124530 1892665 188868
1656995400 535922 187040 840380 441647
1656993600 453795 353980 887091 520303
1656991800 385761 384724 655351 504087
1656990000 319597 150517 442317 212325
1656988200 483881 167446 807006 217625
1656986400 476541 165361 717859 195553
1656984600 414737 189798 660135 289045
1656982800 397679 261655 577937 299217
1656981000 417801 274360 592369 445306
1656979200 504079 325025 757606 445306
1656977400 481967 362259 882326 416797
1656975600 801306 263752 1818229 336906
1656973800 706116 235213 1387869 436239
1656972000 560715 153548 741514 281849
1656970200 327301 134879 542034 203683
1656968400 456509 188364 558622 282330
1656966600 696424 218327 1216517 294130
1656964800 1347452 347652 1757284 499059
1656963000 1182617 293598 1815745 389853
1656961200 1555541 326796 2529592 394002
1656959400 1752785 342169 2120492 460207
1656957600 1560229 377716 1739840 526538
1656955800 1129580 389082 1361482 526538
1656954000 1421266 324245 1786324 449215
1656952200 1287739 375347 1692890 530063
1656950400 1357318 302562 1714526 388976
1656948600 1813887 421294 2241599 604013
1656946800 1518639 404476 1802717 516327
1656945000 1380247 334442 1752011 516327
1656943200 1451084 410784 1745514 540300
1656941400 1674828 378742 2146260 499723
1656939600 2036591 425780 2398438 965649
1656937800 1676012 300018 3866656 436389
1656936000 2040315 308969 3866656 534790
1656934200 1592069 244347 2084683 284285
1656932400 1427907 184745 1756643 338008
1656930600 704381 222954 961258 314223
1656928800 547790 313725 942186 430814
1656927000 297834 260189 405881 363748
1656925200 198141 262959 324820 369713
1656923400 237499 286174 367425 431650
1656921600 589299 467721 853234 761158
1656919800 596060 141564 794060 245046
1656918000 523855 64227 627665 80857
1656916200 664672 166432 1015823 321788
1656914400 250738 182796 511467 509148
1656912600 1106552 84914 1918919 128747
1656910800 1124218 95382 1795308 115949
1656909000 886931 119504 1294090 217134
1656907200 346247 200499 505458 400106
1656905400 333991 288764 614712 400106
1656903600 673337 120460 1329895 202067
1656901800 505118 132937 1205049 326558
1656900000 915864 114093 1205049 165809
1656898200 614445 133677 1343749 234363
1656896400 853358 127917 1153859 234363
1656894600 444959 119706 629378 216775
1656892800 266290 91277 392985 114890
1656891000 177318 91386 322637 134243
1656889200 369316 95081 586547 186665
1656887400 578177 123360 929026 186665
1656885600 241167 127581 400382 285854
1656883800 321734 108092 471979 141319
1656882000 399370 104871 542005 160345
1656880200 429735 118631 542005 234417
1656878400 366000 109774 738678 195052
1656876600 749468 111041 1049552 195052
1656874800 577159 84104 1032589 161591
1656873000 459122 120610 1032589 180496
1656871200 275580 108798 517185 162919
1656869400 415336 111129 752667 198954
1656867600 393139 110316 552964 176432
1656865800 458918 119248 610931 177833
1656864000 399088 96568 690865 180879
1656862200 558772 77261 937732 104005
1656860400 546108 89944 1008488 185054
1656858600 266718 79291 484090 105033
1656856800 265700 64852 356844 88617
1656855000 436782 71188 744497 92563
1656853200 111393 70724 245926 142323
1656851400 411232 99486 747967 227484
1656849600 653329 40254 1332919 86410
1656847800 844071 75677 1332919 117337
1656846000 671653 124524 1019710 233505
1656844200 548622 188793 992121 405306
1656842400 623509 167966 797098 292227
1656840600 499884 140963 920590 205235
1656838800 393712 175556 602463 252833
1656837000 494613 221213 687329 314650
1656835200 420765 91561 548806 170796
1656833400 436455 70003 734293 91467
1656831600 727158 86946 1049853 133290
1656829800 919439 91440 994983 174301
1656828000 1223922 92843 1625520 118039
1656826200 873093 87433 1007616 99665
1656824400 848447 80686 1386370 110745
1656822600 142300 135605 363195 199961
1656820800 136196 218528 220113 278294
1656819000 246377 239635 309195 278294
1656817200 545412 180031 1238209 374732
1656815400 207742 139476 359770 398349
1656813600 277724 135966 709480 276208
1656811800 621485 137127 966775 234163
1656810000 493293 106632 888931 164538
1656808200 613042 89033 989938 147815
1656806400 825855 110869 986588 186833
1656804600 816791 172119 1079754 233574
1656802800 668463 187900 1065003 338019
1656801000 327946 160257 434780 236107
1656799200 477330 119826 677039 271979
1656797400 335271 71684 465234 90146
1656795600 406324 101560 846980 158610
1656793800 741971 100848 924089 199881
1656792000 917560 124464 1105213 207460
1656790200 766787 123390 973411 186802
1656788400 574174 103666 806060 182069
1656786600 493771 99399 603202 164216
1656784800 302347 116524 468725 168739
1656783000 276979 119878 369638 162192
1656781200 401103 108606 590536 170312
1656779400 518630 192692 671213 264452
1656777600 585061 144604 972949 193792
1656775800 501581 114529 845481 342121
1656774000 472468 136796 845481 342121
1656772200 469237 118156 684399 254344
1656770400 562457 132140 603629 196851
1656768600 570908 147837 603629 196851
1656766800 411439 119816 713715 162913
1656765000 695876 64107 901143 110234
1656763200 757148 58713 1087986 82339
1656761400 810956 73257 1087986 146052
1656759600 571697 94429 863707 146052
1656757800 449697 201593 654506 255799
1656756000 590869 157140 958128 256930
1656754200 262644 342768 446531 529449
1656752400 292628 264604 504126 396912
1656750600 585490 295669 743285 444669
1656748800 255005 100169 590297 206218
1656747000 149200 58455 241427 167714
1656745200 528637 53605 731748 74775
1656743400 606815 52548 694072 75784
1656741600 387232 29493 547104 54731
1656739800 1301324 69399 2036476 221056
1656738000 1255072 127456 1751465 221056
1656736200 475658 146850 844529 324061
1656734400 114730 300386 196080 525179
1656732600 255085 394102 927542 580884
1656730800 639004 218899 927542 389143
1656729000 1089401 98260 1529591 163763
1656727200 1096025 90058 1358040 121575
1656725400 923345 77270 1877466 119912
1656723600 466302 89317 661807 151929
1656721800 652367 160001 1245059 456616
1656720000 859988 153814 1105959 291833
1656718200 703811 187618 1296336 517108
1656716400 1221876 136790 1399059 192813
1656714600 1153932 114877 1536085 150561
1656712800 715079 81769 1330755 104416
1656711000 555917 70859 887344 102674
1656709200 1029134 88566 1337318 99839
1656707400 840442 115193 1260010 147478
1656705600 1191840 185411 1412353 252012
1656703800 1496612 209468 1939792 255116
1656702000 1255804 224062 1806127 265119
1656700200 1433957 237578 1816088 464726
1656698400 1559518 287664 1816088 464726
1656696600 1658281 220004 1997891 249351
1656694800 0 0 0 0
1656693000 0 0 0 0
1656691200 0 0 0 0
1656689400 0 0 0 0
1656687600 0 0 0 0
1656685800 0 0 0 0
1656684000 0 0 0 0
1656682200 0 0 0 0
1656680400 0 0 0 0
1656678600 0 0 0 0
1656676800 0 0 0 0
1656675000 0 0 0 0
1656673200 0 0 0 0
1656671400 0 0 0 0
1656669600 0 0 0 0
1656667800 0 0 0 0
1656666000 0 0 0 0
1656664200 0 0 0 0
1656662400 0 0 0 0
1656660600 0 0 0 0
1656658800 0 0 0 0
1656657000 0 0 0 0
1656655200 0 0 0 0
1656653400 0 0 0 0
1656651600 0 0 0 0
1656649800 0 0 0 0
1656648000 0 0 0 0
1656646200 0 0 0 0
1656644400 0 0 0 0
1656642600 0 0 0 0
1656640800 0 0 0 0
1656639000 0 0 0 0
1656637200 0 0 0 0
1656635400 0 0 0 0
1656633600 0 0 0 0
1656631800 0 0 0 0
1656630000 0 0 0 0
1656628200 0 0 0 0
1656626400 0 0 0 0
1656624600 0 0 0 0
1656622800 0 0 0 0
1656621000 0 0 0 0
1656619200 0 0 0 0
1656617400 0 0 0 0
1656615600 0 0 0 0
1656613800 0 0 0 0
1656612000 0 0 0 0
1656610200 0 0 0 0
1656608400 0 0 0 0
1656606600 0 0 0 0
1656604800 0 0 0 0
1656603000 0 0 0 0
1656601200 0 0 0 0
1656599400 0 0 0 0
1656597600 0 0 0 0
1656595800 0 0 0 0
1656594000 0 0 0 0
1656592200 0 0 0 0
1656590400 0 0 0 0
1656588600 0 0 0 0
1656586800 0 0 0 0
1656585000 0 0 0 0
1656583200 0 0 0 0
1656581400 0 0 0 0
1656579600 0 0 0 0
1656577800 0 0 0 0
1656576000 0 0 0 0
1656574200 0 0 0 0
1656572400 0 0 0 0
1656570600 0 0 0 0
1656568800 0 0 0 0
1656567000 0 0 0 0
1656565200 0 0 0 0
1656563400 0 0 0 0
1656561600 0 0 0 0
1656559800 0 0 0 0
1656558000 0 0 0 0
1656556200 0 0 0 0
1656554400 0 0 0 0
1656552600 0 0 0 0
1656550800 0 0 0 0
1656549000 0 0 0 0
1656547200 0 0 0 0
1656545400 0 0 0 0
1656543600 0 0 0 0
1656541800 0 0 0 0
1656540000 0 0 0 0
1656532800 0 0 0 0
1656525600 0 0 0 0
1656518400 0 0 0 0
1656511200 0 0 0 0
1656504000 0 0 0 0
1656496800 0 0 0 0
1656489600 0 0 0 0
1656482400 0 0 0 0
1656475200 0 0 0 0
1656468000 0 0 0 0
1656460800 0 0 0 0
1656453600 0 0 0 0
1656446400 0 0 0 0
1656439200 0 0 0 0
1656432000 0 0 0 0
1656424800 0 0 0 0
1656417600 0 0 0 0
1656410400 0 0 0 0
1656403200 0 0 0 0
1656396000 0 0 0 0
1656388800 0 0 0 0
1656381600 0 0 0 0
1656374400 0 0 0 0
1656367200 0 0 0 0
1656360000 0 0 0 0
1656352800 0 0 0 0
1656345600 0 0 0 0
1656338400 0 0 0 0
1656331200 0 0 0 0
1656324000 0 0 0 0
1656316800 0 0 0 0
1656309600 0 0 0 0
1656302400 0 0 0 0
1656295200 0 0 0 0
1656288000 0 0 0 0
1656280800 0 0 0 0
1656273600 0 0 0 0
1656266400 0 0 0 0
1656259200 0 0 0 0
1656252000 0 0 0 0
1656244800 0 0 0 0
1656237600 0 0 0 0
1656230400 0 0 0 0
1656223200 0 0 0 0
1656216000 0 0 0 0
1656208800 0 0 0 0
1656201600 0 0 0 0
1656194400 0 0 0 0
1656187200 0 0 0 0
1656180000 0 0 0 0
1656172800 0 0 0 0
1656165600 0 0 0 0
1656158400 0 0 0 0
1656151200 0 0 0 0
1656144000 0 0 0 0
1656136800 0 0 0 0
1656129600 0 0 0 0
1656122400 0 0 0 0
1656115200 0 0 0 0
1656108000 0 0 0 0
1656100800 0 0 0 0
1656093600 0 0 0 0
1656086400 0 0 0 0
1656079200 0 0 0 0
1656072000 0 0 0 0
1656064800 0 0 0 0
1656057600 0 0 0 0
1656050400 0 0 0 0
1656043200 0 0 0 0
1656036000 0 0 0 0
1656028800 0 0 0 0
1656021600 0 0 0 0
1656014400 0 0 0 0
1656007200 0 0 0 0
1656000000 0 0 0 0
1655992800 0 0 0 0
1655985600 0 0 0 0
1655978400 0 0 0 0
1655971200 0 0 0 0
1655964000 0 0 0 0
1655956800 0 0 0 0
1655949600 0 0 0 0
1655942400 0 0 0 0
1655935200 0 0 0 0
1655928000 0 0 0 0
1655920800 0 0 0 0
1655913600 0 0 0 0
1655906400 0 0 0 0
1655899200 0 0 0 0
1655892000 0 0 0 0
1655884800 0 0 0 0
1655877600 0 0 0 0
1655870400 0 0 0 0
1655863200 0 0 0 0
1655856000 0 0 0 0
1655848800 0 0 0 0
1655841600 0 0 0 0
1655834400 0 0 0 0
1655827200 0 0 0 0
1655820000 0 0 0 0
1655812800 0 0 0 0
1655805600 0 0 0 0
1655798400 0 0 0 0
1655791200 0 0 0 0
1655784000 0 0 0 0
1655776800 0 0 0 0
1655769600 0 0 0 0
1655762400 0 0 0 0
1655755200 0 0 0 0
1655748000 0 0 0 0
1655740800 0 0 0 0
1655733600 0 0 0 0
1655726400 0 0 0 0
1655719200 0 0 0 0
1655712000 0 0 0 0
1655704800 0 0 0 0
1655697600 0 0 0 0
1655690400 0 0 0 0
1655683200 0 0 0 0
1655676000 0 0 0 0
1655668800 0 0 0 0
1655661600 0 0 0 0
1655654400 0 0 0 0
1655647200 0 0 0 0
1655640000 0 0 0 0
1655632800 0 0 0 0
1655625600 0 0 0 0
1655618400 0 0 0 0
1655611200 0 0 0 0
1655604000 0 0 0 0
1655596800 0 0 0 0
1655589600 0 0 0 0
1655582400 0 0 0 0
1655575200 0 0 0 0
1655568000 0 0 0 0
1655560800 0 0 0 0
1655553600 0 0 0 0
1655546400 0 0 0 0
1655539200 0 0 0 0
1655532000 0 0 0 0
1655524800 0 0 0 0
1655517600 0 0 0 0
1655510400 0 0 0 0
1655503200 0 0 0 0
1655496000 0 0 0 0
1655488800 0 0 0 0
1655481600 0 0 0 0
1655474400 0 0 0 0
1655467200 0 0 0 0
1655460000 0 0 0 0
1655452800 0 0 0 0
1655445600 0 0 0 0
1655438400 0 0 0 0
1655431200 0 0 0 0
1655424000 0 0 0 0
1655416800 0 0 0 0
1655409600 0 0 0 0
1655402400 0 0 0 0
1655395200 0 0 0 0
1655388000 0 0 0 0
1655380800 0 0 0 0
1655373600 0 0 0 0
1655366400 0 0 0 0
1655359200 0 0 0 0
1655352000 0 0 0 0
1655344800 0 0 0 0
1655337600 0 0 0 0
1655330400 0 0 0 0
1655323200 0 0 0 0
1655316000 0 0 0 0
1655308800 0 0 0 0
1655301600 0 0 0 0
1655294400 0 0 0 0
1655287200 0 0 0 0
1655280000 0 0 0 0
1655272800 0 0 0 0
1655265600 0 0 0 0
1655258400 0 0 0 0
1655251200 0 0 0 0
1655244000 0 0 0 0
1655236800 0 0 0 0
1655229600 0 0 0 0
1655222400 0 0 0 0
1655215200 0 0 0 0
1655208000 0 0 0 0
1655200800 0 0 0 0
1655193600 0 0 0 0
1655186400 0 0 0 0
1655179200 0 0 0 0
1655172000 0 0 0 0
1655164800 0 0 0 0
1655157600 0 0 0 0
1655150400 0 0 0 0
1655143200 0 0 0 0
1655136000 0 0 0 0
1655128800 0 0 0 0
1655121600 0 0 0 0
1655114400 0 0 0 0
1655107200 0 0 0 0
1655100000 0 0 0 0
1655092800 0 0 0 0
1655085600 0 0 0 0
1655078400 0 0 0 0
1655071200 0 0 0 0
1655064000 0 0 0 0
1655056800 0 0 0 0
1655049600 0 0 0 0
1655042400 0 0 0 0
1655035200 0 0 0 0
1655028000 0 0 0 0
1655020800 0 0 0 0
1655013600 0 0 0 0
1655006400 0 0 0 0
1654999200 0 0 0 0
1654992000 0 0 0 0
1654984800 0 0 0 0
1654977600 0 0 0 0
1654970400 0 0 0 0
1654963200 0 0 0 0
1654956000 0 0 0 0
1654948800 0 0 0 0
1654941600 0 0 0 0
1654934400 0 0 0 0
1654927200 0 0 0 0
1654920000 0 0 0 0
1654912800 0 0 0 0
1654905600 0 0 0 0
1654898400 0 0 0 0
1654891200 0 0 0 0
1654884000 0 0 0 0
1654876800 0 0 0 0
1654869600 0 0 0 0
1654862400 0 0 0 0
1654855200 0 0 0 0
1654848000 0 0 0 0
1654840800 0 0 0 0
1654833600 0 0 0 0
1654826400 0 0 0 0
1654819200 0 0 0 0
1654812000 0 0 0 0
1654804800 0 0 0 0
1654797600 0 0 0 0
1654790400 0 0 0 0
1654783200 0 0 0 0
1654776000 0 0 0 0
1654768800 0 0 0 0
1654761600 0 0 0 0
1654754400 0 0 0 0
1654747200 0 0 0 0
1654740000 0 0 0 0
1654732800 0 0 0 0
1654725600 0 0 0 0
1654718400 0 0 0 0
1654711200 0 0 0 0
1654704000 0 0 0 0
1654696800 0 0 0 0
1654689600 0 0 0 0
1654682400 0 0 0 0
1654675200 0 0 0 0
1654668000 0 0 0 0
1654660800 0 0 0 0
1654653600 0 0 0 0
1654646400 0 0 0 0
1654639200 0 0 0 0
1654632000 0 0 0 0
1654624800 0 0 0 0
1654617600 0 0 0 0
1654610400 0 0 0 0
1654603200 0 0 0 0
1654596000 0 0 0 0
1654588800 0 0 0 0
1654581600 0 0 0 0
1654574400 0 0 0 0
1654567200 0 0 0 0
1654560000 0 0 0 0
1654552800 0 0 0 0
1654545600 0 0 0 0
1654538400 0 0 0 0
1654531200 0 0 0 0
1654524000 0 0 0 0
1654516800 0 0 0 0
1654509600 0 0 0 0
1654502400 0 0 0 0
1654495200 0 0 0 0
1654488000 0 0 0 0
1654480800 0 0 0 0
1654473600 0 0 0 0
1654466400 0 0 0 0
1654459200 0 0 0 0
1654452000 0 0 0 0
1654444800 0 0 0 0
1654437600 0 0 0 0
1654430400 0 0 0 0
1654423200 0 0 0 0
1654416000 0 0 0 0
1654408800 0 0 0 0
1654401600 0 0 0 0
1654394400 0 0 0 0
1654387200 0 0 0 0
1654380000 0 0 0 0
1654372800 0 0 0 0
1654365600 0 0 0 0
1654358400 0 0 0 0
1654351200 0 0 0 0
1654344000 0 0 0 0
1654336800 0 0 0 0
1654329600 0 0 0 0
1654322400 0 0 0 0
1654315200 0 0 0 0
1654308000 0 0 0 0
1654300800 0 0 0 0
1654293600 0 0 0 0
1654286400 0 0 0 0
1654279200 0 0 0 0
1654272000 0 0 0 0
1654264800 0 0 0 0
1654257600 0 0 0 0
1654250400 0 0 0 0
1654243200 0 0 0 0
1654236000 0 0 0 0
1654228800 0 0 0 0
1654221600 0 0 0 0
1654214400 0 0 0 0
1654207200 0 0 0 0
1654200000 0 0 0 0
1654192800 0 0 0 0
1654185600 0 0 0 0
1654178400 0 0 0 0
1654171200 0 0 0 0
1654164000 0 0 0 0
1654156800 0 0 0 0
1654149600 0 0 0 0
1654142400 0 0 0 0
1654135200 0 0 0 0
1654128000 0 0 0 0
1654120800 0 0 0 0
1654113600 0 0 0 0
1654106400 0 0 0 0
1654099200 0 0 0 0
1654092000 0 0 0 0
1654084800 0 0 0 0
1654077600 0 0 0 0
1654070400 0 0 0 0
1654063200 0 0 0 0
1654056000 0 0 0 0
1654048800 0 0 0 0
1654041600 0 0 0 0
1654034400 0 0 0 0
1654027200 0 0 0 0
1654020000 0 0 0 0
1654012800 0 0 0 0
1654005600 0 0 0 0
1653998400 0 0 0 0
1653991200 0 0 0 0
1653984000 0 0 0 0
1653976800 0 0 0 0
1653969600 0 0 0 0
1653962400 0 0 0 0
1653955200 0 0 0 0
1653948000 0 0 0 0
1653940800 0 0 0 0
1653933600 0 0 0 0
1653926400 0 0 0 0
1653919200 0 0 0 0
1653912000 0 0 0 0
1653904800 0 0 0 0
1653897600 0 0 0 0
1653890400 0 0 0 0
1653883200 0 0 0 0
1653876000 0 0 0 0
1653868800 0 0 0 0
1653861600 0 0 0 0
1653854400 0 0 0 0
1653847200 0 0 0 0
1653840000 0 0 0 0
1653832800 0 0 0 0
1653825600 0 0 0 0
1653818400 0 0 0 0
1653811200 0 0 0 0
1653804000 0 0 0 0
1653796800 0 0 0 0
1653789600 0 0 0 0
1653782400 0 0 0 0
1653775200 0 0 0 0
1653768000 0 0 0 0
1653760800 0 0 0 0
1653753600 0 0 0 0
1653746400 0 0 0 0
1653739200 0 0 0 0
1653732000 0 0 0 0
1653724800 0 0 0 0
1653717600 0 0 0 0
1653710400 0 0 0 0
1653703200 0 0 0 0
1653696000 0 0 0 0
1653688800 0 0 0 0
1653681600 0 0 0 0
1653674400 0 0 0 0
1653667200 0 0 0 0
1653660000 0 0 0 0
1653652800 0 0 0 0
1653645600 0 0 0 0
1653638400 0 0 0 0
1653631200 0 0 0 0
1653624000 0 0 0 0
1653616800 0 0 0 0
1653609600 0 0 0 0
1653602400 0 0 0 0
1653595200 0 0 0 0
1653588000 0 0 0 0
1653580800 0 0 0 0
1653573600 0 0 0 0
1653566400 0 0 0 0
1653559200 0 0 0 0
1653552000 0 0 0 0
1653544800 0 0 0 0
1653537600 0 0 0 0
1653530400 0 0 0 0
1653523200 0 0 0 0
1653516000 0 0 0 0
1653508800 0 0 0 0
1653501600 0 0 0 0
1653494400 0 0 0 0
1653487200 0 0 0 0
1653480000 0 0 0 0
1653472800 0 0 0 0
1653465600 0 0 0 0
1653458400 0 0 0 0
1653451200 0 0 0 0
1653444000 0 0 0 0
1653436800 0 0 0 0
1653429600 0 0 0 0
1653422400 0 0 0 0
1653415200 0 0 0 0
1653408000 0 0 0 0
1653400800 0 0 0 0
1653393600 0 0 0 0
1653386400 0 0 0 0
1653379200 0 0 0 0
1653372000 0 0 0 0
1653364800 0 0 0 0
1653357600 0 0 0 0
1653350400 0 0 0 0
1653343200 0 0 0 0
1653336000 0 0 0 0
1653328800 0 0 0 0
1653321600 0 0 0 0
1653314400 0 0 0 0
1653307200 0 0 0 0
1653300000 0 0 0 0
1653292800 0 0 0 0
1653285600 0 0 0 0
1653278400 0 0 0 0
1653271200 0 0 0 0
1653264000 0 0 0 0
1653256800 0 0 0 0
1653249600 0 0 0 0
1653242400 0 0 0 0
1653235200 0 0 0 0
1653228000 0 0 0 0
1653220800 0 0 0 0
1653213600 0 0 0 0
1653206400 0 0 0 0
1653199200 0 0 0 0
1653192000 0 0 0 0
1653184800 0 0 0 0
1653177600 0 0 0 0
1653170400 0 0 0 0
1653163200 0 0 0 0
1653156000 0 0 0 0
1653148800 0 0 0 0
1653141600 0 0 0 0
1653134400 0 0 0 0
1653127200 0 0 0 0
1653120000 0 0 0 0
1653112800 0 0 0 0
1653105600 0 0 0 0
1653098400 0 0 0 0
1653091200 0 0 0 0
1653084000 0 0 0 0
1653076800 0 0 0 0
1653069600 0 0 0 0
1653062400 0 0 0 0
1653055200 0 0 0 0
1653048000 0 0 0 0
1653040800 0 0 0 0
1653033600 0 0 0 0
1653026400 0 0 0 0
1653019200 0 0 0 0
1653012000 0 0 0 0
1653004800 0 0 0 0
1652997600 0 0 0 0
1652990400 0 0 0 0
1652983200 0 0 0 0
1652976000 0 0 0 0
1652968800 0 0 0 0
1652961600 0 0 0 0
1652954400 0 0 0 0
1652947200 0 0 0 0
1652940000 0 0 0 0
1652932800 0 0 0 0
1652925600 0 0 0 0
1652918400 0 0 0 0
1652911200 0 0 0 0
1652904000 0 0 0 0
1652896800 0 0 0 0
1652889600 0 0 0 0
1652882400 0 0 0 0
1652875200 0 0 0 0
1652868000 0 0 0 0
1652860800 0 0 0 0
1652853600 0 0 0 0
1652846400 0 0 0 0
1652839200 0 0 0 0
1652832000 0 0 0 0
1652824800 0 0 0 0
1652817600 0 0 0 0
1652810400 0 0 0 0
1652803200 0 0 0 0
1652796000 0 0 0 0
1652788800 0 0 0 0
1652781600 0 0 0 0
1652774400 0 0 0 0
1652767200 0 0 0 0
1652760000 0 0 0 0
1652752800 0 0 0 0
1652745600 0 0 0 0
1652738400 0 0 0 0
1652731200 0 0 0 0
1652724000 0 0 0 0
1652716800 0 0 0 0
1652709600 0 0 0 0
1652702400 0 0 0 0
1652695200 0 0 0 0
1652688000 0 0 0 0
1652680800 0 0 0 0
1652673600 0 0 0 0
1652666400 0 0 0 0
1652659200 0 0 0 0
1652652000 0 0 0 0
1652644800 0 0 0 0
1652637600 0 0 0 0
1652630400 0 0 0 0
1652623200 0 0 0 0
1652616000 0 0 0 0
1652608800 0 0 0 0
1652601600 0 0 0 0
1652594400 0 0 0 0
1652587200 0 0 0 0
1652580000 0 0 0 0
1652572800 0 0 0 0
1652565600 0 0 0 0
1652558400 0 0 0 0
1652551200 0 0 0 0
1652544000 0 0 0 0
1652536800 0 0 0 0
1652529600 0 0 0 0
1652522400 0 0 0 0
1652515200 0 0 0 0
1652508000 0 0 0 0
1652500800 0 0 0 0
1652493600 0 0 0 0
1652486400 0 0 0 0
1652479200 0 0 0 0
1652472000 0 0 0 0
1652464800 0 0 0 0
1652457600 0 0 0 0
1652450400 0 0 0 0
1652443200 0 0 0 0
1652436000 0 0 0 0
1652428800 0 0 0 0
1652421600 0 0 0 0
1652414400 0 0 0 0
1652407200 0 0 0 0
1652400000 0 0 0 0
1652392800 0 0 0 0
1652385600 0 0 0 0
1652378400 0 0 0 0
1652371200 0 0 0 0
1652364000 0 0 0 0
1652356800 0 0 0 0
1652349600 0 0 0 0
1652342400 0 0 0 0
1652335200 0 0 0 0
1652328000 0 0 0 0
1652320800 0 0 0 0
1652313600 0 0 0 0
1652306400 0 0 0 0
1652299200 0 0 0 0
1652292000 0 0 0 0
1652284800 0 0 0 0
1652277600 0 0 0 0
1652270400 0 0 0 0
1652263200 0 0 0 0
1652256000 0 0 0 0
1652248800 0 0 0 0
1652241600 0 0 0 0
1652234400 0 0 0 0
1652227200 0 0 0 0
1652220000 0 0 0 0
1652140800 0 0 0 0
1652054400 0 0 0 0
1651968000 0 0 0 0
1651881600 0 0 0 0
1651795200 0 0 0 0
1651708800 0 0 0 0
1651622400 0 0 0 0
1651536000 0 0 0 0
1651449600 0 0 0 0
1651363200 0 0 0 0
1651276800 0 0 0 0
1651190400 0 0 0 0
1651104000 0 0 0 0
1651017600 0 0 0 0
1650931200 0 0 0 0
1650844800 0 0 0 0
1650758400 0 0 0 0
1650672000 0 0 0 0
1650585600 0 0 0 0
1650499200 0 0 0 0
1650412800 0 0 0 0
1650326400 0 0 0 0
1650240000 0 0 0 0
1650153600 0 0 0 0
1650067200 0 0 0 0
1649980800 0 0 0 0
1649894400 0 0 0 0
1649808000 0 0 0 0
1649721600 0 0 0 0
1649635200 0 0 0 0
1649548800 0 0 0 0
1649462400 0 0 0 0
1649376000 0 0 0 0
1649289600 0 0 0 0
1649203200 0 0 0 0
1649116800 0 0 0 0
1649030400 0 0 0 0
1648944000 0 0 0 0
1648857600 0 0 0 0
1648771200 0 0 0 0
1648684800 0 0 0 0
1648598400 0 0 0 0
1648512000 0 0 0 0
1648425600 0 0 0 0
1648339200 0 0 0 0
1648252800 0 0 0 0
1648166400 0 0 0 0
1648080000 0 0 0 0
1647993600 0 0 0 0
1647907200 0 0 0 0
1647820800 0 0 0 0
1647734400 0 0 0 0
1647648000 0 0 0 0
1647561600 0 0 0 0
1647475200 0 0 0 0
1647388800 0 0 0 0
1647302400 0 0 0 0
1647216000 0 0 0 0
1647129600 0 0 0 0
1647043200 0 0 0 0
1646956800 0 0 0 0
1646870400 0 0 0 0
1646784000 0 0 0 0
1646697600 0 0 0 0
1646611200 0 0 0 0
1646524800 0 0 0 0
1646438400 0 0 0 0
1646352000 0 0 0 0
1646265600 0 0 0 0
1646179200 0 0 0 0
1646092800 0 0 0 0
1646006400 0 0 0 0
1645920000 0 0 0 0
1645833600 0 0 0 0
1645747200 0 0 0 0
1645660800 0 0 0 0
1645574400 0 0 0 0
1645488000 0 0 0 0
1645401600 0 0 0 0
1645315200 0 0 0 0
1645228800 0 0 0 0
1645142400 0 0 0 0
1645056000 0 0 0 0
1644969600 0 0 0 0
1644883200 0 0 0 0
1644796800 0 0 0 0
1644710400 0 0 0 0
1644624000 0 0 0 0
1644537600 0 0 0 0
1644451200 0 0 0 0
1644364800 0 0 0 0
1644278400 0 0 0 0
1644192000 0 0 0 0
1644105600 0 0 0 0
1644019200 0 0 0 0
1643932800 0 0 0 0
1643846400 0 0 0 0
1643760000 0 0 0 0
1643673600 0 0 0 0
1643587200 0 0 0 0
1643500800 0 0 0 0
1643414400 0 0 0 0
1643328000 0 0 0 0
1643241600 0 0 0 0
1643155200 0 0 0 0
1643068800 0 0 0 0
1642982400 0 0 0 0
1642896000 0 0 0 0
1642809600 0 0 0 0
1642723200 0 0 0 0
1642636800 0 0 0 0
1642550400 0 0 0 0
1642464000 0 0 0 0
1642377600 0 0 0 0
1642291200 0 0 0 0
1642204800 0 0 0 0
1642118400 0 0 0 0
1642032000 0 0 0 0
1641945600 0 0 0 0
1641859200 0 0 0 0
1641772800 0 0 0 0
1641686400 0 0 0 0
1641600000 0 0 0 0
1641513600 0 0 0 0
1641427200 0 0 0 0
1641340800 0 0 0 0
1641254400 0 0 0 0
1641168000 0 0 0 0
1641081600 0 0 0 0
1640995200 0 0 0 0
1640908800 0 0 0 0
1640822400 0 0 0 0
1640736000 0 0 0 0
1640649600 0 0 0 0
1640563200 0 0 0 0
1640476800 0 0 0 0
1640390400 0 0 0 0
1640304000 0 0 0 0
1640217600 0 0 0 0
1640131200 0 0 0 0
1640044800 0 0 0 0
1639958400 0 0 0 0
1639872000 0 0 0 0
1639785600 0 0 0 0
1639699200 0 0 0 0
1639612800 0 0 0 0
1639526400 0 0 0 0
1639440000 0 0 0 0
1639353600 0 0 0 0
1639267200 0 0 0 0
1639180800 0 0 0 0
1639094400 0 0 0 0
1639008000 0 0 0 0
1638921600 0 0 0 0
1638835200 0 0 0 0
1638748800 0 0 0 0
1638662400 0 0 0 0
1638576000 0 0 0 0
1638489600 0 0 0 0
1638403200 0 0 0 0
1638316800 0 0 0 0
1638230400 0 0 0 0
1638144000 0 0 0 0
1638057600 0 0 0 0
1637971200 0 0 0 0
1637884800 0 0 0 0
1637798400 0 0 0 0
1637712000 0 0 0 0
1637625600 0 0 0 0
1637539200 0 0 0 0
1637452800 0 0 0 0
1637366400 0 0 0 0
1637280000 0 0 0 0
1637193600 0 0 0 0
1637107200 0 0 0 0
1637020800 0 0 0 0
1636934400 0 0 0 0
1636848000 0 0 0 0
1636761600 0 0 0 0
1636675200 0 0 0 0
1636588800 0 0 0 0
1636502400 0 0 0 0
1636416000 0 0 0 0
1636329600 0 0 0 0
1636243200 0 0 0 0
1636156800 0 0 0 0
1636070400 0 0 0 0
1635984000 0 0 0 0
1635897600 0 0 0 0
1635811200 0 0 0 0
1635724800 0 0 0 0
1635638400 0 0 0 0
1635552000 0 0 0 0
1635465600 0 0 0 0
1635379200 0 0 0 0
1635292800 0 0 0 0
1635206400 0 0 0 0
1635120000 0 0 0 0
1635033600 0 0 0 0
1634947200 0 0 0 0
1634860800 0 0 0 0
1634774400 0 0 0 0
1634688000 0 0 0 0
1634601600 0 0 0 0
1634515200 0 0 0 0
1634428800 0 0 0 0
1634342400 0 0 0 0
1634256000 0 0 0 0
1634169600 0 0 0 0
1634083200 0 0 0 0
1633996800 0 0 0 0
1633910400 0 0 0 0
1633824000 0 0 0 0
1633737600 0 0 0 0
1633651200 0 0 0 0
1633564800 0 0 0 0
1633478400 0 0 0 0
1633392000 0 0 0 0
1633305600 0 0 0 0
1633219200 0 0 0 0
1633132800 0 0 0 0
1633046400 0 0 0 0
1632960000 0 0 0 0
1632873600 0 0 0 0
1632787200 0 0 0 0
1632700800 0 0 0 0
1632614400 0 0 0 0
1632528000 0 0 0 0
1632441600 0 0 0 0
1632355200 0 0 0 0
1632268800 0 0 0 0
1632182400 0 0 0 0
1632096000 0 0 0 0
1632009600 0 0 0 0
1631923200 0 0 0 0
1631836800 0 0 0 0
1631750400 0 0 0 0
1631664000 0 0 0 0
1631577600 0 0 0 0
1631491200 0 0 0 0
1631404800 0 0 0 0
1631318400 0 0 0 0
1631232000 0 0 0 0
1631145600 0 0 0 0
1631059200 0 0 0 0
1630972800 0 0 0 0
1630886400 0 0 0 0
1630800000 0 0 0 0
1630713600 0 0 0 0
1630627200 0 0 0 0
1630540800 0 0 0 0
1630454400 0 0 0 0
1630368000 0 0 0 0
1630281600 0 0 0 0
1630195200 0 0 0 0
1630108800 0 0 0 0
1630022400 0 0 0 0
1629936000 0 0 0 0
1629849600 0 0 0 0
1629763200 0 0 0 0
1629676800 0 0 0 0
1629590400 0 0 0 0
1629504000 0 0 0 0
1629417600 0 0 0 0
1629331200 0 0 0 0
1629244800 0 0 0 0
1629158400 0 0 0 0
1629072000 0 0 0 0
1628985600 0 0 0 0
1628899200 0 0 0 0
1628812800 0 0 0 0
1628726400 0 0 0 0
1628640000 0 0 0 0
1628553600 0 0 0 0
1628467200 0 0 0 0
1628380800 0 0 0 0
1628294400 0 0 0 0
1628208000 0 0 0 0
1628121600 0 0 0 0
1628035200 0 0 0 0
1627948800 0 0 0 0
1627862400 0 0 0 0
1627776000 0 0 0 0
1627689600 0 0 0 0
1627603200 0 0 0 0
1627516800 0 0 0 0
1627430400 0 0 0 0
1627344000 0 0 0 0
1627257600 0 0 0 0
1627171200 0 0 0 0
1627084800 0 0 0 0
1626998400 0 0 0 0
1626912000 0 0 0 0
1626825600 0 0 0 0
1626739200 0 0 0 0
1626652800 0 0 0 0
1626566400 0 0 0 0
1626480000 0 0 0 0
1626393600 0 0 0 0
1626307200 0 0 0 0
1626220800 0 0 0 0
1626134400 0 0 0 0
1626048000 0 0 0 0
1625961600 0 0 0 0
1625875200 0 0 0 0
1625788800 0 0 0 0
1625702400 0 0 0 0
1625616000 0 0 0 0
1625529600 0 0 0 0
1625443200 0 0 0 0
1625356800 0 0 0 0
1625270400 0 0 0 0
1625184000 0 0 0 0
1625097600 0 0 0 0
1625011200 0 0 0 0
1624924800 0 0 0 0
1624838400 0 0 0 0
1624752000 0 0 0 0
1624665600 0 0 0 0
1624579200 0 0 0 0
1624492800 0 0 0 0
1624406400 0 0 0 0
1624320000 0 0 0 0
1624233600 0 0 0 0
1624147200 0 0 0 0
1624060800 0 0 0 0
1623974400 0 0 0 0
1623888000 0 0 0 0
1623801600 0 0 0 0
1623715200 0 0 0 0
1623628800 0 0 0 0
1623542400 0 0 0 0
1623456000 0 0 0 0
1623369600 0 0 0 0
1623283200 0 0 0 0
1623196800 0 0 0 0
1623110400 0 0 0 0
1623024000 0 0 0 0
1622937600 0 0 0 0
1622851200 0 0 0 0
1622764800 0 0 0 0
1622678400 0 0 0 0
1622592000 0 0 0 0
1622505600 0 0 0 0
1622419200 0 0 0 0
1622332800 0 0 0 0
1622246400 0 0 0 0
1622160000 0 0 0 0
1622073600 0 0 0 0
1621987200 0 0 0 0
1621900800 0 0 0 0
1621814400 0 0 0 0
1621728000 0 0 0 0
1621641600 0 0 0 0
1621555200 0 0 0 0
1621468800 0 0 0 0
1621382400 0 0 0 0
1621296000 0 0 0 0
1621209600 0 0 0 0
1621123200 0 0 0 0
1621036800 0 0 0 0
1620950400 0 0 0 0
1620864000 0 0 0 0
1620777600 0 0 0 0
1620691200 0 0 0 0
1620604800 0 0 0 0
1620518400 0 0 0 0
1620432000 0 0 0 0
1620345600 0 0 0 0
1620259200 0 0 0 0
1620172800 0 0 0 0
1620086400 0 0 0 0
1620000000 0 0 0 0
1619913600 0 0 0 0
1619827200 0 0 0 0
1619740800 0 0 0 0
1619654400 0 0 0 0
1619568000 0 0 0 0
1619481600 0 0 0 0
1619395200 0 0 0 0
1619308800 0 0 0 0
1619222400 0 0 0 0
1619136000 0 0 0 0
1619049600 0 0 0 0
1618963200 0 0 0 0
1618876800 0 0 0 0
1618790400 0 0 0 0
1618704000 0 0 0 0
1618617600 0 0 0 0
1618531200 0 0 0 0
1618444800 0 0 0 0
1618358400 0 0 0 0
1618272000 0 0 0 0
1618185600 0 0 0 0
1618099200 0 0 0 0
1618012800 0 0 0 0
1617926400 0 0 0 0
1617840000 0 0 0 0
1617753600 0 0 0 0
1617667200 0 0 0 0
1617580800 0 0 0 0
1617494400 0 0 0 0
1617408000 0 0 0 0
1617321600 0 0 0 0
1617235200 0 0 0 0
1617148800 0 0 0 0
1617062400 0 0 0 0
1616976000 0 0 0 0
1616889600 0 0 0 0
1616803200 0 0 0 0
1616716800 0 0 0 0
1616630400 0 0 0 0
1616544000 0 0 0 0
1616457600 0 0 0 0
1616371200 0 0 0 0
1616284800 0 0 0 0
1616198400 0 0 0 0
1616112000 0 0 0 0
1616025600 0 0 0 0
1615939200 0 0 0 0
1615852800 0 0 0 0
1615766400 0 0 0 0
1615680000 0 0 0 0
1615593600 0 0 0 0
1615507200 0 0 0 0
1615420800 0 0 0 0
1615334400 0 0 0 0
1615248000 0 0 0 0
1615161600 0 0 0 0
1615075200 0 0 0 0
1614988800 0 0 0 0
1614902400 0 0 0 0
1614816000 0 0 0 0
1614729600 0 0 0 0
1614643200 0 0 0 0
1614556800 0 0 0 0
1614470400 0 0 0 0
1614384000 0 0 0 0
1614297600 0 0 0 0
1614211200 0 0 0 0
1614124800 0 0 0 0
1614038400 0 0 0 0
1613952000 0 0 0 0
1613865600 0 0 0 0
1613779200 0 0 0 0
1613692800 0 0 0 0
1613606400 0 0 0 0
1613520000 0 0 0 0
1613433600 0 0 0 0
1613347200 0 0 0 0
1613260800 0 0 0 0
1613174400 0 0 0 0
1613088000 0 0 0 0
1613001600 0 0 0 0
1612915200 0 0 0 0
1612828800 0 0 0 0
1612742400 0 0 0 0
1612656000 0 0 0 0
1612569600 0 0 0 0
1612483200 0 0 0 0
1612396800 0 0 0 0
1612310400 0 0 0 0
1612224000 0 0 0 0
1612137600 0 0 0 0
1612051200 0 0 0 0
1611964800 0 0 0 0
1611878400 0 0 0 0
1611792000 0 0 0 0
1611705600 0 0 0 0
1611619200 0 0 0 0
1611532800 0 0 0 0
1611446400 0 0 0 0
1611360000 0 0 0 0
1611273600 0 0 0 0
1611187200 0 0 0 0
1611100800 0 0 0 0
1611014400 0 0 0 0
1610928000 0 0 0 0
1610841600 0 0 0 0
1610755200 0 0 0 0
1610668800 0 0 0 0
1610582400 0 0 0 0
1610496000 0 0 0 0
1610409600 0 0 0 0
1610323200 0 0 0 0
1610236800 0 0 0 0
1610150400 0 0 0 0
1610064000 0 0 0 0
1609977600 0 0 0 0
1609891200 0 0 0 0
1609804800 0 0 0 0
1609718400 0 0 0 0
1609632000 0 0 0 0
1609545600 0 0 0 0
1609459200 0 0 0 0
1609372800 0 0 0 0
1609286400 0 0 0 0
1609200000 0 0 0 0
1609113600 0 0 0 0
1609027200 0 0 0 0
1608940800 0 0 0 0
1608854400 0 0 0 0
1608768000 0 0 0 0
1608681600 0 0 0 0
1608595200 0 0 0 0
1608508800 0 0 0 0
1608422400 0 0 0 0
1608336000 0 0 0 0
1608249600 0 0 0 0
1608163200 0 0 0 0
1608076800 0 0 0 0
1607990400 0 0 0 0
1607904000 0 0 0 0
1607817600 0 0 0 0
1607731200 0 0 0 0
1607644800 0 0 0 0
1607558400 0 0 0 0
1607472000 0 0 0 0
1607385600 0 0 0 0
1607299200 0 0 0 0
1607212800 0 0 0 0
1607126400 0 0 0 0
1607040000 0 0 0 0
1606953600 0 0 0 0
1606867200 0 0 0 0
1606780800 0 0 0 0
1606694400 0 0 0 0
1606608000 0 0 0 0
1606521600 0 0 0 0
1606435200 0 0 0 0
1606348800 0 0 0 0
1606262400 0 0 0 0
1606176000 0 0 0 0
1606089600 0 0 0 0
1606003200 0 0 0 0
1605916800 0 0 0 0
1605830400 0 0 0 0
1605744000 0 0 0 0
1605657600 0 0 0 0
1605571200 0 0 0 0
1605484800 0 0 0 0
1605398400 0 0 0 0
1605312000 0 0 0 0
1605225600 0 0 0 0
1605139200 0 0 0 0
1605052800 0 0 0 0
1604966400 0 0 0 0
1604880000 0 0 0 0
1604793600 0 0 0 0
1604707200 0 0 0 0
1604620800 0 0 0 0
1604534400 0 0 0 0
1604448000 0 0 0 0
1604361600 0 0 0 0
1604275200 0 0 0 0
1604188800 0 0 0 0
1604102400 0 0 0 0
1604016000 0 0 0 0
1603929600 0 0 0 0
1603843200 0 0 0 0
1603756800 0 0 0 0
1603670400 0 0 0 0
1603584000 0 0 0 0
1603497600 0 0 0 0
1603411200 0 0 0 0
1603324800 0 0 0 0
1603238400 0 0 0 0
1603152000 0 0 0 0
1603065600 0 0 0 0
1602979200 0 0 0 0
1602892800 0 0 0 0
1602806400 0 0 0 0
1602720000 0 0 0 0
1602633600 0 0 0 0
1602547200 0 0 0 0
1602460800 0 0 0 0
1602374400 0 0 0 0
1602288000 0 0 0 0
1602201600 0 0 0 0
1602115200 0 0 0 0
1602028800 0 0 0 0
1601942400 0 0 0 0
1601856000 0 0 0 0
1601769600 0 0 0 0
1601683200 0 0 0 0
1601596800 0 0 0 0
1601510400 0 0 0 0
1601424000 0 0 0 0
1601337600 0 0 0 0
1601251200 0 0 0 0
1601164800 0 0 0 0
1601078400 0 0 0 0
1600992000 0 0 0 0
1600905600 0 0 0 0
1600819200 0 0 0 0
1600732800 0 0 0 0
1600646400 0 0 0 0
1600560000 0 0 0 0
1600473600 0 0 0 0
1600387200 0 0 0 0
1600300800 0 0 0 0
1600214400 0 0 0 0
1600128000 0 0 0 0
1600041600 0 0 0 0
1599955200 0 0 0 0
1599868800 0 0 0 0
1599782400 0 0 0 0
1599696000 0 0 0 0
1599609600 0 0 0 0
1599523200 0 0 0 0
1599436800 0 0 0 0
1599350400 0 0 0 0
1599264000 0 0 0 0
1599177600 0 0 0 0
1599091200 0 0 0 0
1599004800 0 0 0 0
1598918400 0 0 0 0
1598832000 0 0 0 0
1598745600 0 0 0 0
1598659200 0 0 0 0
1598572800 0 0 0 0
1598486400 0 0 0 0
1598400000 0 0 0 0
1598313600 0 0 0 0
1598227200 0 0 0 0
1598140800 0 0 0 0
1598054400 0 0 0 0
1597968000 0 0 0 0
1597881600 0 0 0 0
1597795200 0 0 0 0
1597708800 0 0 0 0
1597622400 0 0 0 0
1597536000 0 0 0 0
1597449600 0 0 0 0
1597363200 0 0 0 0
1597276800 0 0 0 0
1597190400 0 0 0 0
1597104000 0 0 0 0
1597017600 0 0 0 0
1596931200 0 0 0 0
1596844800 0 0 0 0
1596758400 0 0 0 0
1596672000 0 0 0 0
1596585600 0 0 0 0
1596499200 0 0 0 0
1596412800 0 0 0 0
1596326400 0 0 0 0
1596240000 0 0 0 0
1596153600 0 0 0 0
1596067200 0 0 0 0
1595980800 0 0 0 0
1595894400 0 0 0 0
1595808000 0 0 0 0
1595721600 0 0 0 0
1595635200 0 0 0 0
1595548800 0 0 0 0
1595462400 0 0 0 0
1595376000 0 0 0 0
1595289600 0 0 0 0
1595203200 0 0 0 0
1595116800 0 0 0 0
1595030400 0 0 0 0
1594944000 0 0 0 0
1594857600 0 0 0 0
1594771200 0 0 0 0
1594684800 0 0 0 0
1594598400 0 0 0 0
1594512000 0 0 0 0
1594425600 0 0 0 0
1594339200 0 0 0 0
1594252800 0 0 0 0
1594166400 0 0 0 0
1594080000 0 0 0 0
1593993600 0 0 0 0
1593907200 0 0 0 0
1593820800 0 0 0 0
1593734400 0 0 0 0
1593648000 0 0 0 0
1593561600 0 0 0 0
1593475200 0 0 0 0
1593388800 0 0 0 0
1593302400 0 0 0 0
1593216000 0 0 0 0
1593129600 0 0 0 0
1593043200 0 0 0 0
1592956800 0 0 0 0
1592870400 0 0 0 0
1592784000 0 0 0 0
1592697600 0 0 0 0
1592611200 0 0 0 0
1592524800 0 0 0 0
1592438400 0 0 0 0
1592352000 0 0 0 0
1592265600 0 0 0 0
1592179200 0 0 0 0
1592092800 0 0 0 0
1592006400 0 0 0 0
1591920000 0 0 0 0
1591833600 0 0 0 0
1591747200 0 0 0 0
1591660800 0 0 0 0
1591574400 0 0 0 0
1591488000 0 0 0 0
1591401600 0 0 0 0
1591315200 0 0 0 0
1591228800 0 0 0 0
1591142400 0 0 0 0
1591056000 0 0 0 0
1590969600 0 0 0 0
1590883200 0 0 0 0
1590796800 0 0 0 0
1590710400 0 0 0 0
1590624000 0 0 0 0
1590537600 0 0 0 0
1590451200 0 0 0 0
1590364800 0 0 0 0
1590278400 0 0 0 0
1590192000 0 0 0 0
1590105600 0 0 0 0
1590019200 0 0 0 0
1589932800 0 0 0 0
1589846400 0 0 0 0
1589760000 0 0 0 0
1589673600 0 0 0 0
1589587200 0 0 0 0
1589500800 0 0 0 0
1589414400 0 0 0 0
1589328000 0 0 0 0
1589241600 0 0 0 0
1589155200 0 0 0 0
1589068800 0 0 0 0
1588982400 0 0 0 0
