1657800960 -1 -1
1657800960 106 77 106 77
1657800707 106 77 106 77
1657800600 106 77 106 77
1657800300 106 77 106 77
1657800000 106 77 106 77
1657799700 106 77 106 77
1657799400 106 77 106 77
1657799100 106 77 106 77
1657798800 106 77 106 77
1657798500 106 77 106 77
1657798200 106 77 106 77
1657797900 106 77 106 77
1657797600 106 77 106 77
1657797300 106 77 106 77
1657797000 106 77 106 77
1657796700 106 77 106 77
1657796400 106 77 106 77
1657796100 105 76 106 77
1657795800 105 76 105 76
1657795500 105 76 106 77
1657795200 105 76 106 77
1657794900 105 76 105 76
1657794600 105 76 105 76
1657794300 105 76 106 77
1657794000 105 76 106 77
1657793700 105 76 105 76
1657793400 105 76 105 76
1657793100 105 76 105 76
1657792800 105 76 105 76
1657792500 105 76 105 76
1657792200 105 76 106 77
1657791900 106 77 106 77
1657791600 106 77 106 77
1657791300 106 77 106 77
1657791000 106 77 106 77
1657790700 106 77 106 77
1657790400 106 77 106 77
1657790100 106 77 106 77
1657789800 106 77 106 77
1657789500 106 77 106 77
1657789200 106 77 106 77
1657788900 106 77 106 77
1657788600 106 77 106 77
1657788300 106 77 106 77
1657788000 106 77 106 77
1657787700 106 77 106 77
1657787400 106 77 106 77
1657787100 106 77 106 77
1657786800 106 77 106 77
1657786500 106 77 106 77
1657786200 106 77 106 77
1657785900 106 77 106 77
1657785600 106 77 106 77
1657785300 106 77 106 77
1657785000 106 77 106 77
1657784700 106 77 106 77
1657784400 106 77 106 77
1657784100 106 77 106 77
1657783800 106 77 106 77
1657783500 106 77 106 77
1657783200 106 77 106 77
1657782900 106 77 106 77
1657782600 105 76 106 77
1657782300 105 76 105 76
1657782000 105 76 105 76
1657781700 105 76 105 76
1657781400 105 76 105 76
1657781100 105 76 105 76
1657780800 105 76 105 76
1657780500 105 76 105 76
1657780200 105 76 105 76
1657779900 105 76 107 77
1657779600 107 77 107 77
1657779300 107 77 107 77
1657779000 107 77 107 77
1657778700 107 77 107 77
1657778400 107 77 107 77
1657778100 107 77 107 77
1657777800 107 77 107 77
1657777500 107 77 107 77
1657777200 106 76 107 77
1657776900 104 76 105 76
1657776600 104 76 104 76
1657776300 104 76 104 76
1657776000 104 76 106 77
1657775700 106 77 106 77
1657775400 106 77 106 77
1657775100 106 77 106 77
1657774800 105 76 106 77
1657774500 105 76 105 76
1657774200 105 76 105 76
1657773900 105 76 105 76
1657773600 105 76 105 76
1657773300 105 76 105 76
1657773000 105 76 105 76
1657772700 105 76 105 76
1657772400 105 76 105 76
1657772100 105 76 106 77
1657771800 105 76 106 77
1657771500 105 76 106 77
1657771200 106 77 106 77
1657770900 106 77 106 77
1657770600 106 77 106 77
1657770300 106 77 106 77
1657770000 106 77 106 77
1657769700 106 77 106 77
1657769400 106 77 106 77
1657769100 106 77 106 77
1657768800 106 77 106 77
1657768500 106 77 106 77
1657768200 106 77 106 77
1657767900 106 77 106 77
1657767600 106 77 106 77
1657767300 106 77 106 77
1657767000 106 77 106 77
1657766700 105 76 106 77
1657766400 105 76 105 76
1657766100 105 76 105 76
1657765800 105 76 105 76
1657765500 105 76 106 77
1657765200 106 77 106 77
1657764900 105 76 106 77
1657764600 105 76 105 76
1657764300 105 76 105 76
1657764000 105 76 105 76
1657763700 105 76 106 77
1657763400 106 77 106 77
1657763100 106 77 106 77
1657762800 106 77 106 77
1657762500 106 77 106 77
1657762200 105 76 106 77
1657761900 105 76 105 76
1657761600 105 76 106 77
1657761300 105 76 106 77
1657761000 105 76 105 76
1657760700 105 76 105 76
1657760400 105 76 105 76
1657760100 105 76 105 76
1657759800 105 76 105 76
1657759500 105 76 105 76
1657759200 105 76 105 76
1657758900 105 76 105 76
1657758600 104 76 105 76
1657758300 104 76 104 76
1657758000 104 76 104 76
1657757700 104 76 104 76
1657757400 104 76 104 76
1657757100 104 76 104 76
1657756800 104 76 104 76
1657756500 104 76 104 76
1657756200 104 76 104 76
1657755900 104 76 104 76
1657755600 104 76 104 76
1657755300 104 76 104 76
1657755000 104 76 104 76
1657754700 104 76 106 77
1657754400 106 77 106 77
1657754100 105 76 106 77
1657753800 105 76 106 76
1657753500 106 76 106 76
1657753200 106 76 106 76
1657752900 106 76 106 76
1657752600 106 76 106 76
1657752300 106 76 106 76
1657752000 106 76 106 76
1657751700 106 76 106 77
1657751400 105 76 106 77
1657751100 105 76 105 76
1657750800 105 76 105 76
1657750500 105 76 105 76
1657750200 105 76 105 76
1657749900 105 76 105 76
1657749600 105 76 105 76
1657749300 105 76 105 76
1657749000 105 76 105 76
1657748700 105 76 105 76
1657748400 105 76 105 76
1657748100 105 76 105 76
1657747800 105 76 105 76
1657747500 105 76 105 76
1657747200 105 76 105 76
1657746900 105 76 105 76
1657746600 105 76 105 76
1657746300 105 76 105 76
1657746000 105 76 105 76
1657745700 105 76 105 76
1657745400 105 76 105 76
1657745100 105 76 105 76
1657744800 105 76 105 76
1657744500 105 76 105 76
1657744200 105 76 105 76
1657743900 105 76 106 77
1657743600 106 77 106 77
1657743300 106 77 106 77
1657743000 106 77 106 77
1657742700 106 77 106 77
1657742400 106 77 107 77
1657742100 106 77 107 77
1657741800 106 77 106 77
1657741500 105 76 106 77
1657741200 105 76 106 77
1657740900 106 77 106 77
1657740600 106 77 106 77
1657740300 106 77 106 77
1657740000 106 77 106 77
1657739700 106 77 106 77
1657739400 106 77 106 77
1657739100 106 77 106 77
1657738800 105 76 106 77
1657738500 105 76 105 76
1657738200 105 76 105 76
1657737900 105 76 105 76
1657737600 105 76 105 76
1657737300 105 76 105 76
1657737000 105 76 105 76
1657736700 105 76 106 77
1657736400 105 76 106 77
1657736100 105 76 106 77
1657735800 106 77 106 77
1657735500 106 76 106 77
1657735200 106 76 106 76
1657734900 106 76 106 76
1657734600 105 76 106 76
1657734300 105 76 106 77
1657734000 106 77 106 77
1657733700 106 77 106 77
1657733400 105 76 106 77
1657733100 105 76 105 76
1657732800 105 76 106 77
1657732500 105 76 106 77
1657732200 105 76 105 76
1657731900 105 76 105 76
1657731600 105 76 105 76
1657731300 105 76 106 77
1657731000 106 77 106 77
1657730700 106 77 106 77
1657730400 105 76 106 77
1657730100 105 76 106 77
1657729800 106 77 106 77
1657729500 106 77 106 77
1657729200 106 77 106 77
1657728900 106 77 106 77
1657728600 106 77 106 77
1657728300 106 77 106 77
1657728000 106 77 106 77
1657727700 106 77 106 77
1657727400 106 77 106 77
1657727100 106 77 106 77
1657726800 106 77 106 77
1657726500 106 77 106 77
1657726200 106 77 106 77
1657725900 106 77 106 77
1657725600 106 77 106 77
1657725300 106 77 106 77
1657725000 106 77 106 77
1657724700 106 77 106 77
1657724400 106 77 106 77
1657724100 106 77 106 77
1657723800 105 76 106 77
1657723500 105 76 105 76
1657723200 105 76 105 76
1657722900 105 76 105 76
1657722600 105 76 105 76
1657722300 105 76 105 76
1657722000 105 76 105 76
1657721700 105 76 105 76
1657721400 105 76 105 76
1657721100 105 76 105 76
1657720800 105 76 105 76
1657720500 105 76 105 76
1657720200 105 76 105 76
1657719900 105 76 105 76
1657719600 105 76 105 76
1657719300 105 76 105 76
1657719000 105 76 106 77
1657718700 105 76 106 77
1657718400 105 76 105 76
1657718100 105 76 105 76
1657717800 105 76 105 76
1657717500 105 76 105 76
1657717200 105 76 105 76
1657716900 105 76 105 76
1657716600 105 76 105 76
1657716300 105 76 105 76
1657716000 105 76 105 76
1657715700 105 76 105 76
1657715400 105 76 105 76
1657715100 105 76 105 76
1657714800 105 76 105 76
1657714500 105 76 105 76
1657714200 105 76 105 76
1657713900 105 76 105 76
1657713600 105 76 105 76
1657713300 105 76 105 76
1657713000 105 76 105 76
1657712700 105 76 105 76
1657712400 105 76 106 77
1657712100 105 76 106 77
1657711800 105 76 105 76
1657711500 105 76 105 76
1657711200 105 76 105 76
1657710900 105 76 105 76
1657710600 105 76 105 76
1657710300 105 76 105 76
1657710000 105 76 105 76
1657709700 105 76 105 76
1657709400 105 76 105 76
1657709100 105 76 105 76
1657708800 105 76 105 76
1657708500 105 76 105 76
1657708200 105 76 106 77
1657707900 105 76 106 77
1657707600 105 76 105 76
1657707300 105 76 105 76
1657707000 105 76 105 76
1657706700 105 76 105 76
1657706400 105 76 105 76
1657706100 105 76 105 76
1657705800 105 76 105 76
1657705500 105 76 105 76
1657705200 105 76 105 76
1657704900 105 76 105 76
1657704600 105 76 105 76
1657704300 105 76 105 76
1657704000 105 76 105 76
1657703700 105 76 105 76
1657703400 105 76 105 76
1657703100 105 76 105 76
1657702800 105 76 105 76
1657702500 105 76 105 76
1657702200 105 76 106 77
1657701900 106 77 106 77
1657701600 106 77 106 77
1657701300 106 77 106 77
1657701000 106 77 106 77
1657700700 106 77 106 77
1657700400 106 77 106 77
1657700100 106 77 106 77
1657699800 106 77 106 77
1657699500 106 77 106 77
1657699200 106 77 106 77
1657698900 106 77 106 77
1657698600 106 77 106 77
1657698300 106 77 106 77
1657698000 105 76 106 77
1657697700 104 76 105 76
1657697400 104 76 104 76
1657697100 104 76 104 76
1657696800 104 76 104 76
1657696500 104 76 104 76
1657696200 104 76 104 76
1657695900 104 76 104 76
1657695600 104 76 104 76
1657695300 104 76 104 76
1657695000 104 76 104 76
1657694700 104 76 104 76
1657694400 104 76 104 76
1657694100 104 76 104 76
1657693800 104 76 104 76
1657693500 104 76 105 76
1657693200 105 76 105 76
1657692900 105 76 105 76
1657692600 105 76 105 76
1657692300 105 76 105 76
1657692000 105 76 105 76
1657691700 105 76 105 76
1657691400 105 76 106 77
1657691100 106 77 106 77
1657690800 106 77 106 77
1657690500 106 77 106 77
1657690200 106 77 106 77
1657689900 105 76 106 77
1657689600 105 76 106 77
1657689300 106 77 106 77
1657689000 106 77 106 77
1657688700 106 77 106 77
1657688400 106 77 106 77
1657688100 106 77 106 77
1657687800 106 77 106 77
1657687500 105 76 106 77
1657687200 105 76 105 76
1657686900 105 76 105 76
1657686600 105 76 105 76
1657686300 105 76 105 76
1657686000 105 76 105 76
1657685700 105 76 105 76
1657685400 105 76 105 76
1657685100 105 76 105 76
1657684800 105 76 105 76
1657684500 105 76 105 76
1657684200 104 76 105 76
1657683900 104 76 106 77
1657683600 106 77 107 77
1657683300 106 76 107 77
1657683000 104 76 104 76
1657682700 104 76 104 76
1657682400 104 76 107 77
1657682100 107 77 107 77
1657681800 107 77 107 77
1657681500 107 77 107 77
1657681200 107 77 107 77
1657680900 107 77 107 77
1657680600 107 77 107 77
1657680300 107 77 107 77
1657680000 107 77 107 77
1657679700 107 77 107 77
1657679400 107 77 107 77
1657679100 107 77 107 77
1657678800 107 77 107 77
1657678500 106 76 107 77
1657678200 105 76 105 76
1657677900 105 76 106 77
1657677600 106 77 107 77
1657677300 107 77 107 77
1657677000 107 77 107 77
1657676700 107 77 107 77
1657676400 107 77 107 77
1657676100 107 77 107 77
1657675800 107 77 107 77
1657675500 106 76 107 77
1657675200 105 76 105 76
1657674900 105 76 105 76
1657674600 105 76 105 76
1657674300 105 76 105 76
1657674000 105 76 105 76
1657673700 104 76 105 76
1657673400 104 76 104 76
1657673100 104 76 104 76
1657672800 104 76 104 76
1657672500 104 76 104 76
1657672200 104 76 106 77
1657671900 105 76 106 77
1657671600 105 76 105 76
1657671300 105 76 105 76
1657671000 105 76 107 77
1657670700 106 76 107 77
1657670400 105 76 105 76
1657670100 105 76 105 76
1657669800 105 76 105 76
1657669500 105 76 105 76
1657669200 105 76 105 76
1657668900 105 76 105 76
1657668600 105 76 105 76
1657668300 105 76 105 76
1657668000 105 76 105 76
1657667700 105 76 105 76
1657667400 105 76 105 76
1657667100 105 76 105 76
1657666800 105 76 105 76
1657666500 105 76 105 76
1657666200 105 76 105 76
1657665900 105 76 105 76
1657665600 105 76 105 76
1657665300 105 76 105 76
1657665000 105 76 106 77
1657664700 105 76 106 77
1657664400 105 76 105 76
1657664100 105 76 105 76
1657663800 105 76 105 76
1657663500 105 76 105 76
1657663200 105 76 105 76
1657662900 105 76 105 76
1657662600 105 76 105 76
1657662300 105 76 105 76
1657662000 105 76 106 77
1657661700 106 77 106 77
1657661400 106 77 106 77
1657661100 106 77 106 77
1657660800 105 76 106 77
1657660500 105 76 106 77
1657660200 105 76 106 77
1657659900 105 76 106 77
1657659600 106 77 106 77
1657659300 106 77 106 77
1657659000 106 77 106 77
1657658700 106 77 106 77
1657658400 106 77 106 77
1657658100 106 77 106 77
1657657800 106 77 107 77
1657657500 107 77 107 77
1657657200 107 77 107 77
1657656900 106 76 107 77
1657656600 105 76 105 76
1657656300 105 76 105 76
1657656000 105 76 105 76
1657655700 105 76 105 76
1657655400 105 76 105 76
1657655100 105 76 105 76
1657654800 105 76 105 76
1657654500 104 76 105 76
1657654200 104 76 104 76
1657653900 104 76 104 76
1657653600 104 76 104 76
1657653300 104 76 105 76
1657653000 105 76 105 76
1657652700 105 76 105 76
1657652400 105 76 106 77
1657652100 105 76 106 77
1657651800 105 76 105 76
1657651500 105 76 105 76
1657651200 105 76 106 77
1657650900 106 77 106 77
1657650600 105 76 106 77
1657650300 105 76 105 76
1657650000 105 76 105 76
1657649700 105 76 105 76
1657649400 105 76 105 76
1657649100 105 76 105 76
1657648800 105 76 105 76
1657648500 105 76 105 76
1657648200 105 76 105 76
1657647900 105 76 105 76
1657647600 105 76 105 76
1657647300 105 76 105 76
1657647000 105 76 105 76
1657646700 105 76 105 76
1657646400 105 76 107 77
1657646100 107 77 107 77
1657645800 107 77 107 77
1657645500 107 77 107 77
1657645200 107 77 107 77
1657644900 107 77 107 77
1657644600 106 76 107 77
1657644300 105 76 105 76
1657644000 105 76 105 76
1657643700 105 76 105 76
1657643400 105 76 106 77
1657643100 106 77 106 77
1657642800 106 77 106 77
1657642500 106 77 106 77
1657642200 106 77 106 77
1657641900 106 77 106 77
1657641600 106 77 106 77
1657641300 106 77 106 77
1657641000 106 77 106 77
1657640700 106 77 106 77
1657640400 106 77 106 77
1657640100 106 77 106 77
1657639800 106 77 106 77
1657639500 106 77 106 77
1657639200 106 77 106 77
1657638900 106 77 106 77
1657638600 106 77 106 77
1657638300 106 77 106 77
1657638000 106 77 106 77
1657637700 106 77 106 77
1657637400 106 77 106 77
1657637100 106 77 106 77
1657636800 106 77 106 77
1657636500 106 77 106 77
1657636200 106 77 106 77
1657635900 106 77 106 77
1657635600 106 77 106 77
1657635300 106 77 106 77
1657635000 106 77 106 77
1657634700 105 76 106 77
1657634400 105 76 105 76
1657634100 105 76 105 76
1657633800 105 76 105 76
1657633500 105 76 105 76
1657633200 105 76 105 76
1657632900 105 76 106 77
1657632600 106 77 106 77
1657632300 105 76 106 77
1657632000 105 76 105 76
1657631700 105 76 105 76
1657631400 105 76 105 76
1657631100 105 76 105 76
1657630800 105 76 105 76
1657630500 105 76 105 76
1657630200 105 76 105 76
1657629900 105 76 105 76
1657629600 105 76 105 76
1657629300 105 76 105 76
1657629000 105 76 105 76
1657628700 105 76 105 76
1657628400 105 76 105 76
1657628100 105 76 105 76
1657627800 105 76 105 76
1657627500 105 76 105 76
1657627200 105 76 105 76
1657626900 105 76 106 77
1657626600 105 76 106 77
1657626300 105 76 105 76
1657626000 105 76 105 76
1657625700 105 76 105 76
1657625400 105 76 105 76
1657625100 105 76 105 76
1657624800 105 76 105 76
1657624500 105 76 105 76
1657624200 105 76 105 76
1657623900 105 76 105 76
1657623600 105 76 105 76
1657623300 105 76 105 76
1657623000 105 76 105 76
1657622700 105 76 105 76
1657622400 105 76 105 76
1657622100 105 76 105 76
1657621800 105 76 105 76
1657621500 105 76 105 76
1657621200 105 76 105 76
1657620900 105 76 105 76
1657620000 105 76 105 76
1657618200 105 76 105 76
1657616400 105 76 105 76
1657614600 105 76 105 76
1657612800 105 76 105 76
1657611000 105 76 106 77
1657609200 105 76 106 77
1657607400 105 76 106 77
1657605600 105 76 107 77
1657603800 104 75 105 76
1657602000 105 76 107 77
1657600200 106 77 107 77
1657598400 104 75 106 77
1657596600 106 77 106 77
1657594800 105 76 106 77
1657593000 105 76 107 77
1657591200 106 76 107 77
1657589400 105 76 106 77
1657587600 104 76 105 76
1657585800 104 76 106 77
1657584000 106 77 106 77
1657582200 104 75 106 77
1657580400 104 75 106 77
1657578600 104 76 106 77
1657576800 106 77 106 77
1657575000 105 76 106 77
1657573200 105 76 106 77
1657571400 105 76 105 76
1657569600 105 76 106 77
1657567800 105 76 106 77
1657566000 105 76 106 77
1657564200 105 76 106 77
1657562400 105 76 107 77
1657560600 105 76 106 77
1657558800 104 76 105 76
1657557000 104 76 105 76
1657555200 104 76 105 76
1657553400 104 76 106 77
1657551600 105 76 106 77
1657549800 105 76 106 77
1657548000 105 76 105 76
1657546200 105 76 106 77
1657544400 106 77 106 77
1657542600 106 77 106 77
1657540800 106 77 106 77
1657539000 106 77 106 77
1657537200 106 77 106 77
1657535400 106 77 106 77
1657533600 106 77 106 77
1657531800 106 77 106 77
1657530000 106 77 106 77
1657528200 106 77 106 77
1657526400 106 77 106 77
1657524600 105 76 106 77
1657522800 105 76 106 76
1657521000 105 76 106 76
1657519200 106 76 106 76
1657517400 105 76 106 76
1657515600 105 76 105 76
1657513800 105 76 105 76
1657512000 105 76 105 76
1657510200 105 76 105 76
1657508400 105 76 106 77
1657506600 106 77 106 77
1657504800 105 76 106 77
1657503000 105 76 105 76
1657501200 104 76 106 77
1657499400 105 76 105 76
1657497600 105 76 105 76
1657495800 105 76 105 76
1657494000 105 76 105 76
1657492200 105 76 105 76
1657490400 105 76 106 77
1657488600 105 76 105 76
1657486800 105 76 106 77
1657485000 106 77 106 77
1657483200 105 76 106 77
1657481400 105 76 105 76
1657479600 105 76 105 76
1657477800 105 76 106 77
1657476000 106 77 106 77
1657474200 105 76 106 77
1657472400 106 77 106 77
1657470600 106 77 106 77
1657468800 106 77 107 78
1657467000 106 77 106 77
1657465200 106 77 106 77
1657463400 106 77 106 77
1657461600 105 76 106 77
1657459800 106 76 106 77
1657458000 105 76 106 77
1657456200 105 76 106 77
1657454400 105 76 107 77
1657452600 105 76 107 77
1657450800 106 77 107 77
1657449000 104 76 106 77
1657447200 105 76 106 77
1657445400 105 76 105 76
1657443600 105 76 105 76
1657441800 105 76 105 76
1657440000 105 76 105 76
1657438200 105 76 105 76
1657436400 105 76 106 77
1657434600 105 76 106 77
1657432800 105 76 105 76
1657431000 105 76 105 76
1657429200 105 76 106 77
1657427400 105 76 105 76
1657425600 105 76 105 76
1657423800 105 76 105 76
1657422000 105 76 106 77
1657420200 105 76 106 77
1657418400 106 77 106 77
1657416600 106 77 106 77
1657414800 106 77 106 77
1657413000 105 76 106 77
1657411200 105 76 106 77
1657409400 105 76 105 76
1657407600 105 76 105 76
1657405800 105 76 106 77
1657404000 105 76 105 76
1657402200 105 76 105 76
1657400400 105 76 105 76
1657398600 105 76 105 76
1657396800 105 76 106 77
1657395000 105 76 106 77
1657393200 105 76 105 76
1657391400 105 76 105 76
1657389600 105 76 106 77
1657387800 105 76 105 76
1657386000 105 76 106 77
1657384200 106 77 106 77
1657382400 104 76 106 77
1657380600 104 76 106 77
1657378800 105 76 105 76
1657377000 105 76 106 77
1657375200 105 76 106 77
1657373400 105 76 105 76
1657371600 105 76 105 76
1657369800 105 76 105 76
1657368000 105 76 105 76
1657366200 105 76 106 77
1657364400 105 76 106 77
1657362600 105 76 105 76
1657360800 105 76 105 76
1657359000 105 76 105 76
1657357200 105 76 105 76
1657355400 105 76 105 76
1657353600 105 76 105 76
1657351800 105 76 107 77
1657350000 106 77 107 77
1657348200 106 77 106 77
1657346400 104 76 106 77
1657344600 105 76 105 76
1657342800 105 76 105 76
1657341000 105 76 107 78
1657339200 107 78 107 78
1657337400 107 78 107 78
1657335600 105 76 107 78
1657333800 106 77 107 78
1657332000 105 76 107 78
1657330200 104 76 106 77
1657328400 105 76 106 77
1657326600 105 76 105 76
1657324800 105 76 105 76
1657323000 105 76 107 77
1657321200 105 76 107 77
1657319400 105 76 106 77
1657317600 105 76 106 77
1657315800 104 76 105 76
1657314000 104 76 106 77
1657312200 106 77 106 77
1657310400 106 77 106 77
1657308600 105 76 106 77
1657306800 106 77 106 77
1657305000 104 76 106 77
1657303200 104 76 106 77
1657301400 105 76 106 77
1657299600 105 76 106 77
1657297800 106 77 106 77
1657296000 106 77 106 77
1657294200 105 76 106 77
1657292400 105 76 106 77
1657290600 105 76 105 76
1657288800 105 76 106 77
1657287000 105 76 106 77
1657285200 105 76 105 76
1657283400 105 76 105 76
1657281600 104 75 105 76
1657279800 105 76 106 77
1657278000 105 76 106 77
1657276200 106 77 106 77
1657274400 106 77 106 77
1657272600 106 77 106 77
1657270800 106 77 106 77
1657269000 106 77 106 77
1657267200 106 77 106 77
1657265400 106 77 106 77
1657263600 105 76 106 77
1657261800 105 76 105 76
1657260000 105 76 105 76
1657258200 105 76 106 77
1657256400 105 76 106 77
1657254600 105 76 105 76
1657252800 105 76 106 77
1657251000 105 76 106 76
1657249200 105 76 106 77
1657247400 105 76 106 77
1657245600 104 76 107 77
1657243800 104 76 104 76
1657242000 104 76 105 76
1657240200 105 76 105 76
1657238400 105 76 105 76
1657236600 105 76 105 76
1657234800 105 76 105 76
1657233000 105 76 105 76
1657231200 105 76 105 76
1657229400 105 76 106 77
1657227600 105 76 105 76
1657225800 105 76 106 77
1657224000 33 23 106 77
1657222200 0 0 0 0
1657220400 0 0 0 0
1657218600 0 0 0 0
1657216800 0 0 0 0
1657215000 0 0 0 0
1657213200 0 0 0 0
1657211400 0 0 0 0
1657209600 0 0 0 0
1657207800 0 0 0 0
1657206000 0 0 0 0
1657204200 0 0 0 0
1657202400 0 0 0 0
1657200600 0 0 0 0
1657198800 0 0 0 0
1657197000 0 0 0 0
1657195200 0 0 0 0
1657193400 0 0 0 0
1657191600 0 0 0 0
1657189800 0 0 0 0
1657188000 0 0 0 0
1657186200 0 0 0 0
1657184400 0 0 0 0
1657182600 0 0 0 0
1657180800 0 0 0 0
1657179000 0 0 0 0
1657177200 0 0 0 0
1657175400 0 0 0 0
1657173600 0 0 0 0
1657171800 0 0 0 0
1657170000 0 0 0 0
1657168200 0 0 0 0
1657166400 0 0 0 0
1657164600 0 0 0 0
1657162800 0 0 0 0
1657161000 0 0 0 0
1657159200 0 0 0 0
1657157400 0 0 0 0
1657155600 0 0 0 0
1657153800 0 0 0 0
1657152000 0 0 0 0
1657150200 0 0 0 0
1657148400 0 0 0 0
1657146600 0 0 0 0
1657144800 0 0 0 0
1657143000 0 0 0 0
1657141200 0 0 0 0
1657139400 0 0 0 0
1657137600 0 0 0 0
1657135800 0 0 0 0
1657134000 0 0 0 0
1657132200 0 0 0 0
1657130400 0 0 0 0
1657128600 0 0 0 0
1657126800 0 0 0 0
1657125000 0 0 0 0
1657123200 0 0 0 0
1657121400 0 0 0 0
1657119600 0 0 0 0
1657117800 0 0 0 0
1657116000 0 0 0 0
1657114200 0 0 0 0
1657112400 0 0 0 0
1657110600 0 0 0 0
1657108800 0 0 0 0
1657107000 0 0 0 0
1657105200 0 0 0 0
1657103400 0 0 0 0
1657101600 0 0 0 0
1657099800 0 0 0 0
1657098000 0 0 0 0
1657096200 0 0 0 0
1657094400 0 0 0 0
1657092600 0 0 0 0
1657090800 0 0 0 0
1657089000 0 0 0 0
1657087200 0 0 0 0
1657085400 0 0 0 0
1657083600 0 0 0 0
1657081800 0 0 0 0
1657080000 0 0 0 0
1657078200 0 0 0 0
1657076400 0 0 0 0
1657074600 0 0 0 0
1657072800 0 0 0 0
1657071000 0 0 0 0
1657069200 0 0 0 0
1657067400 0 0 0 0
1657065600 0 0 0 0
1657063800 0 0 0 0
1657062000 0 0 0 0
1657060200 0 0 0 0
1657058400 0 0 0 0
1657056600 0 0 0 0
1657054800 0 0 0 0
1657053000 0 0 0 0
1657051200 0 0 0 0
1657049400 0 0 0 0
1657047600 0 0 0 0
1657045800 0 0 0 0
1657044000 0 0 0 0
1657042200 0 0 0 0
1657040400 0 0 0 0
1657038600 0 0 0 0
1657036800 0 0 0 0
1657035000 0 0 0 0
1657033200 0 0 0 0
1657031400 0 0 0 0
1657029600 0 0 0 0
1657027800 0 0 0 0
1657026000 0 0 0 0
1657024200 0 0 0 0
1657022400 0 0 0 0
1657020600 0 0 0 0
1657018800 0 0 0 0
1657017000 0 0 0 0
1657015200 0 0 0 0
1657013400 0 0 0 0
1657011600 0 0 0 0
1657009800 0 0 0 0
1657008000 0 0 0 0
1657006200 0 0 0 0
1657004400 0 0 0 0
1657002600 0 0 0 0
1657000800 0 0 0 0
1656999000 0 0 0 0
1656997200 0 0 0 0
1656995400 0 0 0 0
1656993600 0 0 0 0
1656991800 0 0 0 0
1656990000 0 0 0 0
1656988200 0 0 0 0
1656986400 0 0 0 0
1656984600 0 0 0 0
1656982800 0 0 0 0
1656981000 0 0 0 0
1656979200 0 0 0 0
1656977400 0 0 0 0
1656975600 0 0 0 0
1656973800 0 0 0 0
1656972000 0 0 0 0
1656970200 0 0 0 0
1656968400 0 0 0 0
1656966600 0 0 0 0
1656964800 0 0 0 0
1656963000 0 0 0 0
1656961200 0 0 0 0
1656959400 0 0 0 0
1656957600 0 0 0 0
1656955800 0 0 0 0
1656954000 0 0 0 0
1656952200 0 0 0 0
1656950400 0 0 0 0
1656948600 0 0 0 0
1656946800 0 0 0 0
1656945000 0 0 0 0
1656943200 0 0 0 0
1656941400 0 0 0 0
1656939600 0 0 0 0
1656937800 0 0 0 0
1656936000 0 0 0 0
1656934200 0 0 0 0
1656932400 0 0 0 0
1656930600 0 0 0 0
1656928800 0 0 0 0
1656927000 0 0 0 0
1656925200 0 0 0 0
1656923400 0 0 0 0
1656921600 0 0 0 0
1656919800 0 0 0 0
1656918000 0 0 0 0
1656916200 0 0 0 0
1656914400 0 0 0 0
1656912600 0 0 0 0
1656910800 0 0 0 0
1656909000 0 0 0 0
1656907200 0 0 0 0
1656905400 0 0 0 0
1656903600 0 0 0 0
1656901800 0 0 0 0
1656900000 0 0 0 0
1656898200 0 0 0 0
1656896400 0 0 0 0
1656894600 0 0 0 0
1656892800 0 0 0 0
1656891000 0 0 0 0
1656889200 0 0 0 0
1656887400 0 0 0 0
1656885600 0 0 0 0
1656883800 0 0 0 0
1656882000 0 0 0 0
1656880200 0 0 0 0
1656878400 0 0 0 0
1656876600 0 0 0 0
1656874800 0 0 0 0
1656873000 0 0 0 0
1656871200 0 0 0 0
1656869400 0 0 0 0
1656867600 0 0 0 0
1656865800 0 0 0 0
1656864000 0 0 0 0
1656862200 0 0 0 0
1656860400 0 0 0 0
1656858600 0 0 0 0
1656856800 0 0 0 0
1656855000 0 0 0 0
1656853200 0 0 0 0
1656851400 0 0 0 0
1656849600 0 0 0 0
1656847800 0 0 0 0
1656846000 0 0 0 0
1656844200 0 0 0 0
1656842400 0 0 0 0
1656840600 0 0 0 0
1656838800 0 0 0 0
1656837000 0 0 0 0
1656835200 0 0 0 0
1656833400 0 0 0 0
1656831600 0 0 0 0
1656829800 0 0 0 0
1656828000 0 0 0 0
1656826200 0 0 0 0
1656824400 0 0 0 0
1656822600 0 0 0 0
1656820800 0 0 0 0
1656819000 0 0 0 0
1656817200 0 0 0 0
1656815400 0 0 0 0
1656813600 0 0 0 0
1656811800 0 0 0 0
1656810000 0 0 0 0
1656808200 0 0 0 0
1656806400 0 0 0 0
1656804600 0 0 0 0
1656802800 0 0 0 0
1656801000 0 0 0 0
1656799200 0 0 0 0
1656797400 0 0 0 0
1656795600 0 0 0 0
1656793800 0 0 0 0
1656792000 0 0 0 0
1656790200 0 0 0 0
1656788400 0 0 0 0
1656786600 0 0 0 0
1656784800 0 0 0 0
1656783000 0 0 0 0
1656781200 0 0 0 0
1656779400 0 0 0 0
1656777600 0 0 0 0
1656775800 0 0 0 0
1656774000 0 0 0 0
1656772200 0 0 0 0
1656770400 0 0 0 0
1656768600 0 0 0 0
1656766800 0 0 0 0
1656765000 0 0 0 0
1656763200 0 0 0 0
1656761400 0 0 0 0
1656759600 0 0 0 0
1656757800 0 0 0 0
1656756000 0 0 0 0
1656754200 0 0 0 0
1656752400 0 0 0 0
1656750600 0 0 0 0
1656748800 0 0 0 0
1656747000 0 0 0 0
1656745200 0 0 0 0
1656743400 0 0 0 0
1656741600 0 0 0 0
1656739800 0 0 0 0
1656738000 0 0 0 0
1656736200 0 0 0 0
1656734400 0 0 0 0
1656732600 0 0 0 0
1656730800 0 0 0 0
1656729000 0 0 0 0
1656727200 0 0 0 0
1656725400 0 0 0 0
1656723600 0 0 0 0
1656721800 0 0 0 0
1656720000 0 0 0 0
1656718200 0 0 0 0
1656716400 0 0 0 0
1656714600 0 0 0 0
1656712800 0 0 0 0
1656711000 0 0 0 0
1656709200 0 0 0 0
1656707400 0 0 0 0
1656705600 0 0 0 0
1656703800 0 0 0 0
1656702000 0 0 0 0
1656700200 0 0 0 0
1656698400 0 0 0 0
1656696600 0 0 0 0
1656694800 0 0 0 0
1656693000 0 0 0 0
1656691200 0 0 0 0
1656689400 0 0 0 0
1656687600 0 0 0 0
1656685800 0 0 0 0
1656684000 0 0 0 0
1656682200 0 0 0 0
1656680400 0 0 0 0
1656678600 0 0 0 0
1656676800 0 0 0 0
1656675000 0 0 0 0
1656673200 0 0 0 0
1656671400 0 0 0 0
1656669600 0 0 0 0
1656667800 0 0 0 0
1656666000 0 0 0 0
1656664200 0 0 0 0
1656662400 0 0 0 0
1656660600 0 0 0 0
1656658800 0 0 0 0
1656657000 0 0 0 0
1656655200 0 0 0 0
1656653400 0 0 0 0
1656651600 0 0 0 0
1656649800 0 0 0 0
1656648000 0 0 0 0
1656646200 0 0 0 0
1656644400 0 0 0 0
1656642600 0 0 0 0
1656640800 0 0 0 0
1656639000 0 0 0 0
1656637200 0 0 0 0
1656635400 0 0 0 0
1656633600 0 0 0 0
1656631800 0 0 0 0
1656630000 0 0 0 0
1656628200 0 0 0 0
1656626400 0 0 0 0
1656624600 0 0 0 0
1656622800 0 0 0 0
1656621000 0 0 0 0
1656619200 0 0 0 0
1656617400 0 0 0 0
1656615600 0 0 0 0
1656613800 0 0 0 0
1656612000 0 0 0 0
1656610200 0 0 0 0
1656608400 0 0 0 0
1656606600 0 0 0 0
1656604800 0 0 0 0
1656603000 0 0 0 0
1656601200 0 0 0 0
1656599400 0 0 0 0
1656597600 0 0 0 0
1656595800 0 0 0 0
1656594000 0 0 0 0
1656592200 0 0 0 0
1656590400 0 0 0 0
1656588600 0 0 0 0
1656586800 0 0 0 0
1656585000 0 0 0 0
1656583200 0 0 0 0
1656581400 0 0 0 0
1656579600 0 0 0 0
1656577800 0 0 0 0
1656576000 0 0 0 0
1656574200 0 0 0 0
1656572400 0 0 0 0
1656570600 0 0 0 0
1656568800 0 0 0 0
1656567000 0 0 0 0
1656565200 0 0 0 0
1656563400 0 0 0 0
1656561600 0 0 0 0
1656559800 0 0 0 0
1656558000 0 0 0 0
1656556200 0 0 0 0
1656554400 0 0 0 0
1656552600 0 0 0 0
1656550800 0 0 0 0
1656549000 0 0 0 0
1656547200 0 0 0 0
1656545400 0 0 0 0
1656543600 0 0 0 0
1656541800 0 0 0 0
1656540000 0 0 0 0
1656532800 0 0 0 0
1656525600 0 0 0 0
1656518400 0 0 0 0
1656511200 0 0 0 0
1656504000 0 0 0 0
1656496800 0 0 0 0
1656489600 0 0 0 0
1656482400 0 0 0 0
1656475200 0 0 0 0
1656468000 0 0 0 0
1656460800 0 0 0 0
1656453600 0 0 0 0
1656446400 0 0 0 0
1656439200 0 0 0 0
1656432000 0 0 0 0
1656424800 0 0 0 0
1656417600 0 0 0 0
1656410400 0 0 0 0
1656403200 0 0 0 0
1656396000 0 0 0 0
1656388800 0 0 0 0
1656381600 0 0 0 0
1656374400 0 0 0 0
1656367200 0 0 0 0
1656360000 0 0 0 0
1656352800 0 0 0 0
1656345600 0 0 0 0
1656338400 0 0 0 0
1656331200 0 0 0 0
1656324000 0 0 0 0
1656316800 0 0 0 0
1656309600 0 0 0 0
1656302400 0 0 0 0
1656295200 0 0 0 0
1656288000 0 0 0 0
1656280800 0 0 0 0
1656273600 0 0 0 0
1656266400 0 0 0 0
1656259200 0 0 0 0
1656252000 0 0 0 0
1656244800 0 0 0 0
1656237600 0 0 0 0
1656230400 0 0 0 0
1656223200 0 0 0 0
1656216000 0 0 0 0
1656208800 0 0 0 0
1656201600 0 0 0 0
1656194400 0 0 0 0
1656187200 0 0 0 0
1656180000 0 0 0 0
1656172800 0 0 0 0
1656165600 0 0 0 0
1656158400 0 0 0 0
1656151200 0 0 0 0
1656144000 0 0 0 0
1656136800 0 0 0 0
1656129600 0 0 0 0
1656122400 0 0 0 0
1656115200 0 0 0 0
1656108000 0 0 0 0
1656100800 0 0 0 0
1656093600 0 0 0 0
1656086400 0 0 0 0
1656079200 0 0 0 0
1656072000 0 0 0 0
1656064800 0 0 0 0
1656057600 0 0 0 0
1656050400 0 0 0 0
1656043200 0 0 0 0
1656036000 0 0 0 0
1656028800 0 0 0 0
1656021600 0 0 0 0
1656014400 0 0 0 0
1656007200 0 0 0 0
1656000000 0 0 0 0
1655992800 0 0 0 0
1655985600 0 0 0 0
1655978400 0 0 0 0
1655971200 0 0 0 0
1655964000 0 0 0 0
1655956800 0 0 0 0
1655949600 0 0 0 0
1655942400 0 0 0 0
1655935200 0 0 0 0
1655928000 0 0 0 0
1655920800 0 0 0 0
1655913600 0 0 0 0
1655906400 0 0 0 0
1655899200 0 0 0 0
1655892000 0 0 0 0
1655884800 0 0 0 0
1655877600 0 0 0 0
1655870400 0 0 0 0
1655863200 0 0 0 0
1655856000 0 0 0 0
1655848800 0 0 0 0
1655841600 0 0 0 0
1655834400 0 0 0 0
1655827200 0 0 0 0
1655820000 0 0 0 0
1655812800 0 0 0 0
1655805600 0 0 0 0
1655798400 0 0 0 0
1655791200 0 0 0 0
1655784000 0 0 0 0
1655776800 0 0 0 0
1655769600 0 0 0 0
1655762400 0 0 0 0
1655755200 0 0 0 0
1655748000 0 0 0 0
1655740800 0 0 0 0
1655733600 0 0 0 0
1655726400 0 0 0 0
1655719200 0 0 0 0
1655712000 0 0 0 0
1655704800 0 0 0 0
1655697600 0 0 0 0
1655690400 0 0 0 0
1655683200 0 0 0 0
1655676000 0 0 0 0
1655668800 0 0 0 0
1655661600 0 0 0 0
1655654400 0 0 0 0
1655647200 0 0 0 0
1655640000 0 0 0 0
1655632800 0 0 0 0
1655625600 0 0 0 0
1655618400 0 0 0 0
1655611200 0 0 0 0
1655604000 0 0 0 0
1655596800 0 0 0 0
1655589600 0 0 0 0
1655582400 0 0 0 0
1655575200 0 0 0 0
1655568000 0 0 0 0
1655560800 0 0 0 0
1655553600 0 0 0 0
1655546400 0 0 0 0
1655539200 0 0 0 0
1655532000 0 0 0 0
1655524800 0 0 0 0
1655517600 0 0 0 0
1655510400 0 0 0 0
1655503200 0 0 0 0
1655496000 0 0 0 0
1655488800 0 0 0 0
1655481600 0 0 0 0
1655474400 0 0 0 0
1655467200 0 0 0 0
1655460000 0 0 0 0
1655452800 0 0 0 0
1655445600 0 0 0 0
1655438400 0 0 0 0
1655431200 0 0 0 0
1655424000 0 0 0 0
1655416800 0 0 0 0
1655409600 0 0 0 0
1655402400 0 0 0 0
1655395200 0 0 0 0
1655388000 0 0 0 0
1655380800 0 0 0 0
1655373600 0 0 0 0
1655366400 0 0 0 0
1655359200 0 0 0 0
1655352000 0 0 0 0
1655344800 0 0 0 0
1655337600 0 0 0 0
1655330400 0 0 0 0
1655323200 0 0 0 0
1655316000 0 0 0 0
1655308800 0 0 0 0
1655301600 0 0 0 0
1655294400 0 0 0 0
1655287200 0 0 0 0
1655280000 0 0 0 0
1655272800 0 0 0 0
1655265600 0 0 0 0
1655258400 0 0 0 0
1655251200 0 0 0 0
1655244000 0 0 0 0
1655236800 0 0 0 0
1655229600 0 0 0 0
1655222400 0 0 0 0
1655215200 0 0 0 0
1655208000 0 0 0 0
1655200800 0 0 0 0
1655193600 0 0 0 0
1655186400 0 0 0 0
1655179200 0 0 0 0
1655172000 0 0 0 0
1655164800 0 0 0 0
1655157600 0 0 0 0
1655150400 0 0 0 0
1655143200 0 0 0 0
1655136000 0 0 0 0
1655128800 0 0 0 0
1655121600 0 0 0 0
1655114400 0 0 0 0
1655107200 0 0 0 0
1655100000 0 0 0 0
1655092800 0 0 0 0
1655085600 0 0 0 0
1655078400 0 0 0 0
1655071200 0 0 0 0
1655064000 0 0 0 0
1655056800 0 0 0 0
1655049600 0 0 0 0
1655042400 0 0 0 0
1655035200 0 0 0 0
1655028000 0 0 0 0
1655020800 0 0 0 0
1655013600 0 0 0 0
1655006400 0 0 0 0
1654999200 0 0 0 0
1654992000 0 0 0 0
1654984800 0 0 0 0
1654977600 0 0 0 0
1654970400 0 0 0 0
1654963200 0 0 0 0
1654956000 0 0 0 0
1654948800 0 0 0 0
1654941600 0 0 0 0
1654934400 0 0 0 0
1654927200 0 0 0 0
1654920000 0 0 0 0
1654912800 0 0 0 0
1654905600 0 0 0 0
1654898400 0 0 0 0
1654891200 0 0 0 0
1654884000 0 0 0 0
1654876800 0 0 0 0
1654869600 0 0 0 0
1654862400 0 0 0 0
1654855200 0 0 0 0
1654848000 0 0 0 0
1654840800 0 0 0 0
1654833600 0 0 0 0
1654826400 0 0 0 0
1654819200 0 0 0 0
1654812000 0 0 0 0
1654804800 0 0 0 0
1654797600 0 0 0 0
1654790400 0 0 0 0
1654783200 0 0 0 0
1654776000 0 0 0 0
1654768800 0 0 0 0
1654761600 0 0 0 0
1654754400 0 0 0 0
1654747200 0 0 0 0
1654740000 0 0 0 0
1654732800 0 0 0 0
1654725600 0 0 0 0
1654718400 0 0 0 0
1654711200 0 0 0 0
1654704000 0 0 0 0
1654696800 0 0 0 0
1654689600 0 0 0 0
1654682400 0 0 0 0
1654675200 0 0 0 0
1654668000 0 0 0 0
1654660800 0 0 0 0
1654653600 0 0 0 0
1654646400 0 0 0 0
1654639200 0 0 0 0
1654632000 0 0 0 0
1654624800 0 0 0 0
1654617600 0 0 0 0
1654610400 0 0 0 0
1654603200 0 0 0 0
1654596000 0 0 0 0
1654588800 0 0 0 0
1654581600 0 0 0 0
1654574400 0 0 0 0
1654567200 0 0 0 0
1654560000 0 0 0 0
1654552800 0 0 0 0
1654545600 0 0 0 0
1654538400 0 0 0 0
1654531200 0 0 0 0
1654524000 0 0 0 0
1654516800 0 0 0 0
1654509600 0 0 0 0
1654502400 0 0 0 0
1654495200 0 0 0 0
1654488000 0 0 0 0
1654480800 0 0 0 0
1654473600 0 0 0 0
1654466400 0 0 0 0
1654459200 0 0 0 0
1654452000 0 0 0 0
1654444800 0 0 0 0
1654437600 0 0 0 0
1654430400 0 0 0 0
1654423200 0 0 0 0
1654416000 0 0 0 0
1654408800 0 0 0 0
1654401600 0 0 0 0
1654394400 0 0 0 0
1654387200 0 0 0 0
1654380000 0 0 0 0
1654372800 0 0 0 0
1654365600 0 0 0 0
1654358400 0 0 0 0
1654351200 0 0 0 0
1654344000 0 0 0 0
1654336800 0 0 0 0
1654329600 0 0 0 0
1654322400 0 0 0 0
1654315200 0 0 0 0
1654308000 0 0 0 0
1654300800 0 0 0 0
1654293600 0 0 0 0
1654286400 0 0 0 0
1654279200 0 0 0 0
1654272000 0 0 0 0
1654264800 0 0 0 0
1654257600 0 0 0 0
1654250400 0 0 0 0
1654243200 0 0 0 0
1654236000 0 0 0 0
1654228800 0 0 0 0
1654221600 0 0 0 0
1654214400 0 0 0 0
1654207200 0 0 0 0
1654200000 0 0 0 0
1654192800 0 0 0 0
1654185600 0 0 0 0
1654178400 0 0 0 0
1654171200 0 0 0 0
1654164000 0 0 0 0
1654156800 0 0 0 0
1654149600 0 0 0 0
1654142400 0 0 0 0
1654135200 0 0 0 0
1654128000 0 0 0 0
1654120800 0 0 0 0
1654113600 0 0 0 0
1654106400 0 0 0 0
1654099200 0 0 0 0
1654092000 0 0 0 0
1654084800 0 0 0 0
1654077600 0 0 0 0
1654070400 0 0 0 0
1654063200 0 0 0 0
1654056000 0 0 0 0
1654048800 0 0 0 0
1654041600 0 0 0 0
1654034400 0 0 0 0
1654027200 0 0 0 0
1654020000 0 0 0 0
1654012800 0 0 0 0
1654005600 0 0 0 0
1653998400 0 0 0 0
1653991200 0 0 0 0
1653984000 0 0 0 0
1653976800 0 0 0 0
1653969600 0 0 0 0
1653962400 0 0 0 0
1653955200 0 0 0 0
1653948000 0 0 0 0
1653940800 0 0 0 0
1653933600 0 0 0 0
1653926400 0 0 0 0
1653919200 0 0 0 0
1653912000 0 0 0 0
1653904800 0 0 0 0
1653897600 0 0 0 0
1653890400 0 0 0 0
1653883200 0 0 0 0
1653876000 0 0 0 0
1653868800 0 0 0 0
1653861600 0 0 0 0
1653854400 0 0 0 0
1653847200 0 0 0 0
1653840000 0 0 0 0
1653832800 0 0 0 0
1653825600 0 0 0 0
1653818400 0 0 0 0
1653811200 0 0 0 0
1653804000 0 0 0 0
1653796800 0 0 0 0
1653789600 0 0 0 0
1653782400 0 0 0 0
1653775200 0 0 0 0
1653768000 0 0 0 0
1653760800 0 0 0 0
1653753600 0 0 0 0
1653746400 0 0 0 0
1653739200 0 0 0 0
1653732000 0 0 0 0
1653724800 0 0 0 0
1653717600 0 0 0 0
1653710400 0 0 0 0
1653703200 0 0 0 0
1653696000 0 0 0 0
1653688800 0 0 0 0
1653681600 0 0 0 0
1653674400 0 0 0 0
1653667200 0 0 0 0
1653660000 0 0 0 0
1653652800 0 0 0 0
1653645600 0 0 0 0
1653638400 0 0 0 0
1653631200 0 0 0 0
1653624000 0 0 0 0
1653616800 0 0 0 0
1653609600 0 0 0 0
1653602400 0 0 0 0
1653595200 0 0 0 0
1653588000 0 0 0 0
1653580800 0 0 0 0
1653573600 0 0 0 0
1653566400 0 0 0 0
1653559200 0 0 0 0
1653552000 0 0 0 0
1653544800 0 0 0 0
1653537600 0 0 0 0
1653530400 0 0 0 0
1653523200 0 0 0 0
1653516000 0 0 0 0
1653508800 0 0 0 0
1653501600 0 0 0 0
1653494400 0 0 0 0
1653487200 0 0 0 0
1653480000 0 0 0 0
1653472800 0 0 0 0
1653465600 0 0 0 0
1653458400 0 0 0 0
1653451200 0 0 0 0
1653444000 0 0 0 0
1653436800 0 0 0 0
1653429600 0 0 0 0
1653422400 0 0 0 0
1653415200 0 0 0 0
1653408000 0 0 0 0
1653400800 0 0 0 0
1653393600 0 0 0 0
1653386400 0 0 0 0
1653379200 0 0 0 0
1653372000 0 0 0 0
1653364800 0 0 0 0
1653357600 0 0 0 0
1653350400 0 0 0 0
1653343200 0 0 0 0
1653336000 0 0 0 0
1653328800 0 0 0 0
1653321600 0 0 0 0
1653314400 0 0 0 0
1653307200 0 0 0 0
1653300000 0 0 0 0
1653292800 0 0 0 0
1653285600 0 0 0 0
1653278400 0 0 0 0
1653271200 0 0 0 0
1653264000 0 0 0 0
1653256800 0 0 0 0
1653249600 0 0 0 0
1653242400 0 0 0 0
1653235200 0 0 0 0
1653228000 0 0 0 0
1653220800 0 0 0 0
1653213600 0 0 0 0
1653206400 0 0 0 0
1653199200 0 0 0 0
1653192000 0 0 0 0
1653184800 0 0 0 0
1653177600 0 0 0 0
1653170400 0 0 0 0
1653163200 0 0 0 0
1653156000 0 0 0 0
1653148800 0 0 0 0
1653141600 0 0 0 0
1653134400 0 0 0 0
1653127200 0 0 0 0
1653120000 0 0 0 0
1653112800 0 0 0 0
1653105600 0 0 0 0
1653098400 0 0 0 0
1653091200 0 0 0 0
1653084000 0 0 0 0
1653076800 0 0 0 0
1653069600 0 0 0 0
1653062400 0 0 0 0
1653055200 0 0 0 0
1653048000 0 0 0 0
1653040800 0 0 0 0
1653033600 0 0 0 0
1653026400 0 0 0 0
1653019200 0 0 0 0
1653012000 0 0 0 0
1653004800 0 0 0 0
1652997600 0 0 0 0
1652990400 0 0 0 0
1652983200 0 0 0 0
1652976000 0 0 0 0
1652968800 0 0 0 0
1652961600 0 0 0 0
1652954400 0 0 0 0
1652947200 0 0 0 0
1652940000 0 0 0 0
1652932800 0 0 0 0
1652925600 0 0 0 0
1652918400 0 0 0 0
1652911200 0 0 0 0
1652904000 0 0 0 0
1652896800 0 0 0 0
1652889600 0 0 0 0
1652882400 0 0 0 0
1652875200 0 0 0 0
1652868000 0 0 0 0
1652860800 0 0 0 0
1652853600 0 0 0 0
1652846400 0 0 0 0
1652839200 0 0 0 0
1652832000 0 0 0 0
1652824800 0 0 0 0
1652817600 0 0 0 0
1652810400 0 0 0 0
1652803200 0 0 0 0
1652796000 0 0 0 0
1652788800 0 0 0 0
1652781600 0 0 0 0
1652774400 0 0 0 0
1652767200 0 0 0 0
1652760000 0 0 0 0
1652752800 0 0 0 0
1652745600 0 0 0 0
1652738400 0 0 0 0
1652731200 0 0 0 0
1652724000 0 0 0 0
1652716800 0 0 0 0
1652709600 0 0 0 0
1652702400 0 0 0 0
1652695200 0 0 0 0
1652688000 0 0 0 0
1652680800 0 0 0 0
1652673600 0 0 0 0
1652666400 0 0 0 0
1652659200 0 0 0 0
1652652000 0 0 0 0
1652644800 0 0 0 0
1652637600 0 0 0 0
1652630400 0 0 0 0
1652623200 0 0 0 0
1652616000 0 0 0 0
1652608800 0 0 0 0
1652601600 0 0 0 0
1652594400 0 0 0 0
1652587200 0 0 0 0
1652580000 0 0 0 0
1652572800 0 0 0 0
1652565600 0 0 0 0
1652558400 0 0 0 0
1652551200 0 0 0 0
1652544000 0 0 0 0
1652536800 0 0 0 0
1652529600 0 0 0 0
1652522400 0 0 0 0
1652515200 0 0 0 0
1652508000 0 0 0 0
1652500800 0 0 0 0
1652493600 0 0 0 0
1652486400 0 0 0 0
1652479200 0 0 0 0
1652472000 0 0 0 0
1652464800 0 0 0 0
1652457600 0 0 0 0
1652450400 0 0 0 0
1652443200 0 0 0 0
1652436000 0 0 0 0
1652428800 0 0 0 0
1652421600 0 0 0 0
1652414400 0 0 0 0
1652407200 0 0 0 0
1652400000 0 0 0 0
1652392800 0 0 0 0
1652385600 0 0 0 0
1652378400 0 0 0 0
1652371200 0 0 0 0
1652364000 0 0 0 0
1652356800 0 0 0 0
1652349600 0 0 0 0
1652342400 0 0 0 0
1652335200 0 0 0 0
1652328000 0 0 0 0
1652320800 0 0 0 0
1652313600 0 0 0 0
1652306400 0 0 0 0
1652299200 0 0 0 0
1652292000 0 0 0 0
1652284800 0 0 0 0
1652277600 0 0 0 0
1652270400 0 0 0 0
1652263200 0 0 0 0
1652256000 0 0 0 0
1652248800 0 0 0 0
1652241600 0 0 0 0
1652234400 0 0 0 0
1652227200 0 0 0 0
1652220000 0 0 0 0
1652140800 0 0 0 0
1652054400 0 0 0 0
1651968000 0 0 0 0
1651881600 0 0 0 0
1651795200 0 0 0 0
1651708800 0 0 0 0
1651622400 0 0 0 0
1651536000 0 0 0 0
1651449600 0 0 0 0
1651363200 0 0 0 0
1651276800 0 0 0 0
1651190400 0 0 0 0
1651104000 0 0 0 0
1651017600 0 0 0 0
1650931200 0 0 0 0
1650844800 0 0 0 0
1650758400 0 0 0 0
1650672000 0 0 0 0
1650585600 0 0 0 0
1650499200 0 0 0 0
1650412800 0 0 0 0
1650326400 0 0 0 0
1650240000 0 0 0 0
1650153600 0 0 0 0
1650067200 0 0 0 0
1649980800 0 0 0 0
1649894400 0 0 0 0
1649808000 0 0 0 0
1649721600 0 0 0 0
1649635200 0 0 0 0
1649548800 0 0 0 0
1649462400 0 0 0 0
1649376000 0 0 0 0
1649289600 0 0 0 0
1649203200 0 0 0 0
1649116800 0 0 0 0
1649030400 0 0 0 0
1648944000 0 0 0 0
1648857600 0 0 0 0
1648771200 0 0 0 0
1648684800 0 0 0 0
1648598400 0 0 0 0
1648512000 0 0 0 0
1648425600 0 0 0 0
1648339200 0 0 0 0
1648252800 0 0 0 0
1648166400 0 0 0 0
1648080000 0 0 0 0
1647993600 0 0 0 0
1647907200 0 0 0 0
1647820800 0 0 0 0
1647734400 0 0 0 0
1647648000 0 0 0 0
1647561600 0 0 0 0
1647475200 0 0 0 0
1647388800 0 0 0 0
1647302400 0 0 0 0
1647216000 0 0 0 0
1647129600 0 0 0 0
1647043200 0 0 0 0
1646956800 0 0 0 0
1646870400 0 0 0 0
1646784000 0 0 0 0
1646697600 0 0 0 0
1646611200 0 0 0 0
1646524800 0 0 0 0
1646438400 0 0 0 0
1646352000 0 0 0 0
1646265600 0 0 0 0
1646179200 0 0 0 0
1646092800 0 0 0 0
1646006400 0 0 0 0
1645920000 0 0 0 0
1645833600 0 0 0 0
1645747200 0 0 0 0
1645660800 0 0 0 0
1645574400 0 0 0 0
1645488000 0 0 0 0
1645401600 0 0 0 0
1645315200 0 0 0 0
1645228800 0 0 0 0
1645142400 0 0 0 0
1645056000 0 0 0 0
1644969600 0 0 0 0
1644883200 0 0 0 0
1644796800 0 0 0 0
1644710400 0 0 0 0
1644624000 0 0 0 0
1644537600 0 0 0 0
1644451200 0 0 0 0
1644364800 0 0 0 0
1644278400 0 0 0 0
1644192000 0 0 0 0
1644105600 0 0 0 0
1644019200 0 0 0 0
1643932800 0 0 0 0
1643846400 0 0 0 0
1643760000 0 0 0 0
1643673600 0 0 0 0
1643587200 0 0 0 0
1643500800 0 0 0 0
1643414400 0 0 0 0
1643328000 0 0 0 0
1643241600 0 0 0 0
1643155200 0 0 0 0
1643068800 0 0 0 0
1642982400 0 0 0 0
1642896000 0 0 0 0
1642809600 0 0 0 0
1642723200 0 0 0 0
1642636800 0 0 0 0
1642550400 0 0 0 0
1642464000 0 0 0 0
1642377600 0 0 0 0
1642291200 0 0 0 0
1642204800 0 0 0 0
1642118400 0 0 0 0
1642032000 0 0 0 0
1641945600 0 0 0 0
1641859200 0 0 0 0
1641772800 0 0 0 0
1641686400 0 0 0 0
1641600000 0 0 0 0
1641513600 0 0 0 0
1641427200 0 0 0 0
1641340800 0 0 0 0
1641254400 0 0 0 0
1641168000 0 0 0 0
1641081600 0 0 0 0
1640995200 0 0 0 0
1640908800 0 0 0 0
1640822400 0 0 0 0
1640736000 0 0 0 0
1640649600 0 0 0 0
1640563200 0 0 0 0
1640476800 0 0 0 0
1640390400 0 0 0 0
1640304000 0 0 0 0
1640217600 0 0 0 0
1640131200 0 0 0 0
1640044800 0 0 0 0
1639958400 0 0 0 0
1639872000 0 0 0 0
1639785600 0 0 0 0
1639699200 0 0 0 0
1639612800 0 0 0 0
1639526400 0 0 0 0
1639440000 0 0 0 0
1639353600 0 0 0 0
1639267200 0 0 0 0
1639180800 0 0 0 0
1639094400 0 0 0 0
1639008000 0 0 0 0
1638921600 0 0 0 0
1638835200 0 0 0 0
1638748800 0 0 0 0
1638662400 0 0 0 0
1638576000 0 0 0 0
1638489600 0 0 0 0
1638403200 0 0 0 0
1638316800 0 0 0 0
1638230400 0 0 0 0
1638144000 0 0 0 0
1638057600 0 0 0 0
1637971200 0 0 0 0
1637884800 0 0 0 0
1637798400 0 0 0 0
1637712000 0 0 0 0
1637625600 0 0 0 0
1637539200 0 0 0 0
1637452800 0 0 0 0
1637366400 0 0 0 0
1637280000 0 0 0 0
1637193600 0 0 0 0
1637107200 0 0 0 0
1637020800 0 0 0 0
1636934400 0 0 0 0
1636848000 0 0 0 0
1636761600 0 0 0 0
1636675200 0 0 0 0
1636588800 0 0 0 0
1636502400 0 0 0 0
1636416000 0 0 0 0
1636329600 0 0 0 0
1636243200 0 0 0 0
1636156800 0 0 0 0
1636070400 0 0 0 0
1635984000 0 0 0 0
1635897600 0 0 0 0
1635811200 0 0 0 0
1635724800 0 0 0 0
1635638400 0 0 0 0
1635552000 0 0 0 0
1635465600 0 0 0 0
1635379200 0 0 0 0
1635292800 0 0 0 0
1635206400 0 0 0 0
1635120000 0 0 0 0
1635033600 0 0 0 0
1634947200 0 0 0 0
1634860800 0 0 0 0
1634774400 0 0 0 0
1634688000 0 0 0 0
1634601600 0 0 0 0
1634515200 0 0 0 0
1634428800 0 0 0 0
1634342400 0 0 0 0
1634256000 0 0 0 0
1634169600 0 0 0 0
1634083200 0 0 0 0
1633996800 0 0 0 0
1633910400 0 0 0 0
1633824000 0 0 0 0
1633737600 0 0 0 0
1633651200 0 0 0 0
1633564800 0 0 0 0
1633478400 0 0 0 0
1633392000 0 0 0 0
1633305600 0 0 0 0
1633219200 0 0 0 0
1633132800 0 0 0 0
1633046400 0 0 0 0
1632960000 0 0 0 0
1632873600 0 0 0 0
1632787200 0 0 0 0
1632700800 0 0 0 0
1632614400 0 0 0 0
1632528000 0 0 0 0
1632441600 0 0 0 0
1632355200 0 0 0 0
1632268800 0 0 0 0
1632182400 0 0 0 0
1632096000 0 0 0 0
1632009600 0 0 0 0
1631923200 0 0 0 0
1631836800 0 0 0 0
1631750400 0 0 0 0
1631664000 0 0 0 0
1631577600 0 0 0 0
1631491200 0 0 0 0
1631404800 0 0 0 0
1631318400 0 0 0 0
1631232000 0 0 0 0
1631145600 0 0 0 0
1631059200 0 0 0 0
1630972800 0 0 0 0
1630886400 0 0 0 0
1630800000 0 0 0 0
1630713600 0 0 0 0
1630627200 0 0 0 0
1630540800 0 0 0 0
1630454400 0 0 0 0
1630368000 0 0 0 0
1630281600 0 0 0 0
1630195200 0 0 0 0
1630108800 0 0 0 0
1630022400 0 0 0 0
1629936000 0 0 0 0
1629849600 0 0 0 0
1629763200 0 0 0 0
1629676800 0 0 0 0
1629590400 0 0 0 0
1629504000 0 0 0 0
1629417600 0 0 0 0
1629331200 0 0 0 0
1629244800 0 0 0 0
1629158400 0 0 0 0
1629072000 0 0 0 0
1628985600 0 0 0 0
1628899200 0 0 0 0
1628812800 0 0 0 0
1628726400 0 0 0 0
1628640000 0 0 0 0
1628553600 0 0 0 0
1628467200 0 0 0 0
1628380800 0 0 0 0
1628294400 0 0 0 0
1628208000 0 0 0 0
1628121600 0 0 0 0
1628035200 0 0 0 0
1627948800 0 0 0 0
1627862400 0 0 0 0
1627776000 0 0 0 0
1627689600 0 0 0 0
1627603200 0 0 0 0
1627516800 0 0 0 0
1627430400 0 0 0 0
1627344000 0 0 0 0
1627257600 0 0 0 0
1627171200 0 0 0 0
1627084800 0 0 0 0
1626998400 0 0 0 0
1626912000 0 0 0 0
1626825600 0 0 0 0
1626739200 0 0 0 0
1626652800 0 0 0 0
1626566400 0 0 0 0
1626480000 0 0 0 0
1626393600 0 0 0 0
1626307200 0 0 0 0
1626220800 0 0 0 0
1626134400 0 0 0 0
1626048000 0 0 0 0
1625961600 0 0 0 0
1625875200 0 0 0 0
1625788800 0 0 0 0
1625702400 0 0 0 0
1625616000 0 0 0 0
1625529600 0 0 0 0
1625443200 0 0 0 0
1625356800 0 0 0 0
1625270400 0 0 0 0
1625184000 0 0 0 0
1625097600 0 0 0 0
1625011200 0 0 0 0
1624924800 0 0 0 0
1624838400 0 0 0 0
1624752000 0 0 0 0
1624665600 0 0 0 0
1624579200 0 0 0 0
1624492800 0 0 0 0
1624406400 0 0 0 0
1624320000 0 0 0 0
1624233600 0 0 0 0
1624147200 0 0 0 0
1624060800 0 0 0 0
1623974400 0 0 0 0
1623888000 0 0 0 0
1623801600 0 0 0 0
1623715200 0 0 0 0
1623628800 0 0 0 0
1623542400 0 0 0 0
1623456000 0 0 0 0
1623369600 0 0 0 0
1623283200 0 0 0 0
1623196800 0 0 0 0
1623110400 0 0 0 0
1623024000 0 0 0 0
1622937600 0 0 0 0
1622851200 0 0 0 0
1622764800 0 0 0 0
1622678400 0 0 0 0
1622592000 0 0 0 0
1622505600 0 0 0 0
1622419200 0 0 0 0
1622332800 0 0 0 0
1622246400 0 0 0 0
1622160000 0 0 0 0
1622073600 0 0 0 0
1621987200 0 0 0 0
1621900800 0 0 0 0
1621814400 0 0 0 0
1621728000 0 0 0 0
1621641600 0 0 0 0
1621555200 0 0 0 0
1621468800 0 0 0 0
1621382400 0 0 0 0
1621296000 0 0 0 0
1621209600 0 0 0 0
1621123200 0 0 0 0
1621036800 0 0 0 0
1620950400 0 0 0 0
1620864000 0 0 0 0
1620777600 0 0 0 0
1620691200 0 0 0 0
1620604800 0 0 0 0
1620518400 0 0 0 0
1620432000 0 0 0 0
1620345600 0 0 0 0
1620259200 0 0 0 0
1620172800 0 0 0 0
1620086400 0 0 0 0
1620000000 0 0 0 0
1619913600 0 0 0 0
1619827200 0 0 0 0
1619740800 0 0 0 0
1619654400 0 0 0 0
1619568000 0 0 0 0
1619481600 0 0 0 0
1619395200 0 0 0 0
1619308800 0 0 0 0
1619222400 0 0 0 0
1619136000 0 0 0 0
1619049600 0 0 0 0
1618963200 0 0 0 0
1618876800 0 0 0 0
1618790400 0 0 0 0
1618704000 0 0 0 0
1618617600 0 0 0 0
1618531200 0 0 0 0
1618444800 0 0 0 0
1618358400 0 0 0 0
1618272000 0 0 0 0
1618185600 0 0 0 0
1618099200 0 0 0 0
1618012800 0 0 0 0
1617926400 0 0 0 0
1617840000 0 0 0 0
1617753600 0 0 0 0
1617667200 0 0 0 0
1617580800 0 0 0 0
1617494400 0 0 0 0
1617408000 0 0 0 0
1617321600 0 0 0 0
1617235200 0 0 0 0
1617148800 0 0 0 0
1617062400 0 0 0 0
1616976000 0 0 0 0
1616889600 0 0 0 0
1616803200 0 0 0 0
1616716800 0 0 0 0
1616630400 0 0 0 0
1616544000 0 0 0 0
1616457600 0 0 0 0
1616371200 0 0 0 0
1616284800 0 0 0 0
1616198400 0 0 0 0
1616112000 0 0 0 0
1616025600 0 0 0 0
1615939200 0 0 0 0
1615852800 0 0 0 0
1615766400 0 0 0 0
1615680000 0 0 0 0
1615593600 0 0 0 0
1615507200 0 0 0 0
1615420800 0 0 0 0
1615334400 0 0 0 0
1615248000 0 0 0 0
1615161600 0 0 0 0
1615075200 0 0 0 0
1614988800 0 0 0 0
1614902400 0 0 0 0
1614816000 0 0 0 0
1614729600 0 0 0 0
1614643200 0 0 0 0
1614556800 0 0 0 0
1614470400 0 0 0 0
1614384000 0 0 0 0
1614297600 0 0 0 0
1614211200 0 0 0 0
1614124800 0 0 0 0
1614038400 0 0 0 0
1613952000 0 0 0 0
1613865600 0 0 0 0
1613779200 0 0 0 0
1613692800 0 0 0 0
1613606400 0 0 0 0
1613520000 0 0 0 0
1613433600 0 0 0 0
1613347200 0 0 0 0
1613260800 0 0 0 0
1613174400 0 0 0 0
1613088000 0 0 0 0
1613001600 0 0 0 0
1612915200 0 0 0 0
1612828800 0 0 0 0
1612742400 0 0 0 0
1612656000 0 0 0 0
1612569600 0 0 0 0
1612483200 0 0 0 0
1612396800 0 0 0 0
1612310400 0 0 0 0
1612224000 0 0 0 0
1612137600 0 0 0 0
1612051200 0 0 0 0
1611964800 0 0 0 0
1611878400 0 0 0 0
1611792000 0 0 0 0
1611705600 0 0 0 0
1611619200 0 0 0 0
1611532800 0 0 0 0
1611446400 0 0 0 0
1611360000 0 0 0 0
1611273600 0 0 0 0
1611187200 0 0 0 0
1611100800 0 0 0 0
1611014400 0 0 0 0
1610928000 0 0 0 0
1610841600 0 0 0 0
1610755200 0 0 0 0
1610668800 0 0 0 0
1610582400 0 0 0 0
1610496000 0 0 0 0
1610409600 0 0 0 0
1610323200 0 0 0 0
1610236800 0 0 0 0
1610150400 0 0 0 0
1610064000 0 0 0 0
1609977600 0 0 0 0
1609891200 0 0 0 0
1609804800 0 0 0 0
1609718400 0 0 0 0
1609632000 0 0 0 0
1609545600 0 0 0 0
1609459200 0 0 0 0
1609372800 0 0 0 0
1609286400 0 0 0 0
1609200000 0 0 0 0
1609113600 0 0 0 0
1609027200 0 0 0 0
1608940800 0 0 0 0
1608854400 0 0 0 0
1608768000 0 0 0 0
1608681600 0 0 0 0
1608595200 0 0 0 0
1608508800 0 0 0 0
1608422400 0 0 0 0
1608336000 0 0 0 0
1608249600 0 0 0 0
1608163200 0 0 0 0
1608076800 0 0 0 0
1607990400 0 0 0 0
1607904000 0 0 0 0
1607817600 0 0 0 0
1607731200 0 0 0 0
1607644800 0 0 0 0
1607558400 0 0 0 0
1607472000 0 0 0 0
1607385600 0 0 0 0
1607299200 0 0 0 0
1607212800 0 0 0 0
1607126400 0 0 0 0
1607040000 0 0 0 0
1606953600 0 0 0 0
1606867200 0 0 0 0
1606780800 0 0 0 0
1606694400 0 0 0 0
1606608000 0 0 0 0
1606521600 0 0 0 0
1606435200 0 0 0 0
1606348800 0 0 0 0
1606262400 0 0 0 0
1606176000 0 0 0 0
1606089600 0 0 0 0
1606003200 0 0 0 0
1605916800 0 0 0 0
1605830400 0 0 0 0
1605744000 0 0 0 0
1605657600 0 0 0 0
1605571200 0 0 0 0
1605484800 0 0 0 0
1605398400 0 0 0 0
1605312000 0 0 0 0
1605225600 0 0 0 0
1605139200 0 0 0 0
1605052800 0 0 0 0
1604966400 0 0 0 0
1604880000 0 0 0 0
1604793600 0 0 0 0
1604707200 0 0 0 0
1604620800 0 0 0 0
1604534400 0 0 0 0
1604448000 0 0 0 0
1604361600 0 0 0 0
1604275200 0 0 0 0
1604188800 0 0 0 0
1604102400 0 0 0 0
1604016000 0 0 0 0
1603929600 0 0 0 0
1603843200 0 0 0 0
1603756800 0 0 0 0
1603670400 0 0 0 0
1603584000 0 0 0 0
1603497600 0 0 0 0
1603411200 0 0 0 0
1603324800 0 0 0 0
1603238400 0 0 0 0
1603152000 0 0 0 0
1603065600 0 0 0 0
1602979200 0 0 0 0
1602892800 0 0 0 0
1602806400 0 0 0 0
1602720000 0 0 0 0
1602633600 0 0 0 0
1602547200 0 0 0 0
1602460800 0 0 0 0
1602374400 0 0 0 0
1602288000 0 0 0 0
1602201600 0 0 0 0
1602115200 0 0 0 0
1602028800 0 0 0 0
1601942400 0 0 0 0
1601856000 0 0 0 0
1601769600 0 0 0 0
1601683200 0 0 0 0
1601596800 0 0 0 0
1601510400 0 0 0 0
1601424000 0 0 0 0
1601337600 0 0 0 0
1601251200 0 0 0 0
1601164800 0 0 0 0
1601078400 0 0 0 0
1600992000 0 0 0 0
1600905600 0 0 0 0
1600819200 0 0 0 0
1600732800 0 0 0 0
1600646400 0 0 0 0
1600560000 0 0 0 0
1600473600 0 0 0 0
1600387200 0 0 0 0
1600300800 0 0 0 0
1600214400 0 0 0 0
1600128000 0 0 0 0
1600041600 0 0 0 0
1599955200 0 0 0 0
1599868800 0 0 0 0
1599782400 0 0 0 0
1599696000 0 0 0 0
1599609600 0 0 0 0
1599523200 0 0 0 0
1599436800 0 0 0 0
1599350400 0 0 0 0
1599264000 0 0 0 0
1599177600 0 0 0 0
1599091200 0 0 0 0
1599004800 0 0 0 0
1598918400 0 0 0 0
1598832000 0 0 0 0
1598745600 0 0 0 0
1598659200 0 0 0 0
1598572800 0 0 0 0
1598486400 0 0 0 0
1598400000 0 0 0 0
1598313600 0 0 0 0
1598227200 0 0 0 0
1598140800 0 0 0 0
1598054400 0 0 0 0
1597968000 0 0 0 0
1597881600 0 0 0 0
1597795200 0 0 0 0
1597708800 0 0 0 0
1597622400 0 0 0 0
1597536000 0 0 0 0
1597449600 0 0 0 0
1597363200 0 0 0 0
1597276800 0 0 0 0
1597190400 0 0 0 0
1597104000 0 0 0 0
1597017600 0 0 0 0
1596931200 0 0 0 0
1596844800 0 0 0 0
1596758400 0 0 0 0
1596672000 0 0 0 0
1596585600 0 0 0 0
1596499200 0 0 0 0
1596412800 0 0 0 0
1596326400 0 0 0 0
1596240000 0 0 0 0
1596153600 0 0 0 0
1596067200 0 0 0 0
1595980800 0 0 0 0
1595894400 0 0 0 0
1595808000 0 0 0 0
1595721600 0 0 0 0
1595635200 0 0 0 0
1595548800 0 0 0 0
1595462400 0 0 0 0
1595376000 0 0 0 0
1595289600 0 0 0 0
1595203200 0 0 0 0
1595116800 0 0 0 0
1595030400 0 0 0 0
1594944000 0 0 0 0
1594857600 0 0 0 0
1594771200 0 0 0 0
1594684800 0 0 0 0
1594598400 0 0 0 0
1594512000 0 0 0 0
1594425600 0 0 0 0
1594339200 0 0 0 0
1594252800 0 0 0 0
1594166400 0 0 0 0
1594080000 0 0 0 0
1593993600 0 0 0 0
1593907200 0 0 0 0
1593820800 0 0 0 0
1593734400 0 0 0 0
1593648000 0 0 0 0
1593561600 0 0 0 0
1593475200 0 0 0 0
1593388800 0 0 0 0
1593302400 0 0 0 0
1593216000 0 0 0 0
1593129600 0 0 0 0
1593043200 0 0 0 0
1592956800 0 0 0 0
1592870400 0 0 0 0
1592784000 0 0 0 0
1592697600 0 0 0 0
1592611200 0 0 0 0
1592524800 0 0 0 0
1592438400 0 0 0 0
1592352000 0 0 0 0
1592265600 0 0 0 0
1592179200 0 0 0 0
1592092800 0 0 0 0
1592006400 0 0 0 0
1591920000 0 0 0 0
1591833600 0 0 0 0
1591747200 0 0 0 0
1591660800 0 0 0 0
1591574400 0 0 0 0
1591488000 0 0 0 0
1591401600 0 0 0 0
1591315200 0 0 0 0
1591228800 0 0 0 0
1591142400 0 0 0 0
1591056000 0 0 0 0
1590969600 0 0 0 0
1590883200 0 0 0 0
1590796800 0 0 0 0
1590710400 0 0 0 0
1590624000 0 0 0 0
1590537600 0 0 0 0
1590451200 0 0 0 0
1590364800 0 0 0 0
1590278400 0 0 0 0
1590192000 0 0 0 0
1590105600 0 0 0 0
1590019200 0 0 0 0
1589932800 0 0 0 0
1589846400 0 0 0 0
1589760000 0 0 0 0
1589673600 0 0 0 0
1589587200 0 0 0 0
1589500800 0 0 0 0
1589414400 0 0 0 0
1589328000 0 0 0 0
1589241600 0 0 0 0
1589155200 0 0 0 0
1589068800 0 0 0 0
1588982400 0 0 0 0
